[2025-05-24 06:02:46] payments テーブルを再作成しました
[2025-05-24 06:02:47] ヘッダー 'おもて情報.件名' がCSVファイルに見つかりません
[2025-05-24 06:02:47] ヘッダー '明細情報.明細項目' がCSVファイルに見つかりません
[2025-05-24 06:02:47] ヘッダー 'おもて情報.請求元' がCSVファイルに見つかりません
[2025-05-24 06:02:47] ヘッダー 'おもて情報.支払先コード' がCSVファイルに見つかりません
[2025-05-24 06:02:47] ヘッダー '明細情報.金額' がCSVファイルに見つかりません
[2025-05-24 06:02:47] ヘッダー 'おもて情報.自社支払期限' がCSVファイルに見つかりません
[2025-05-24 06:02:47] ヘッダー '状態' がCSVファイルに見つかりません
[2025-05-24 06:02:47] CSVファイルのヘッダーが不正です: 明細情報.明細項目, おもて情報.請求元, 明細情報.金額, おもて情報.自社支払期限
[2025-05-24 06:02:47] 0件のデータをCSVからインポートしました: AccountingApprovalList_20250514.csv
[2025-05-24 06:02:47] 支払いデータの更新が完了しました
[2025-05-24 06:02:47] 費用データの更新が完了しました
[2025-05-24 06:02:47] 費用マスターデータの更新が完了しました
[2025-05-24 06:03:08] 費用マスターデータをC:/Users/watanabe/Downloads/0524.csvにエクスポートしました
[2025-05-24 06:03:21] 費用データのエクスポート中にエラーが発生: 'shift_jis' codec can't encode character '\ufffd' in position 26: illegal multibyte sequence
[2025-05-24 06:03:21] Traceback (most recent call last):
  File "C:\Users\watanabe\Desktop\python\billing_new_app3.0\expense_tab.py", line 967, in export_to_csv
    writer.writerow(row)
    ~~~~~~~~~~~~~~~^^^^^
UnicodeEncodeError: 'shift_jis' codec can't encode character '\ufffd' in position 26: illegal multibyte sequence

[2025-05-24 06:03:39] 費用データのエクスポート中にエラーが発生: 'shift_jis' codec can't encode character '\ufffd' in position 26: illegal multibyte sequence
[2025-05-24 06:03:39] Traceback (most recent call last):
  File "C:\Users\watanabe\Desktop\python\billing_new_app3.0\expense_tab.py", line 967, in export_to_csv
    writer.writerow(row)
    ~~~~~~~~~~~~~~~^^^^^
UnicodeEncodeError: 'shift_jis' codec can't encode character '\ufffd' in position 26: illegal multibyte sequence

