[2025-05-20 20:59:06] payments テーブルを再作成しました
[2025-05-20 20:59:06] ヘッダー '状態' がCSVファイルに見つかりません
[2025-05-20 20:59:06] 86件のデータをCSVからインポートしました: AccountingApprovalList_20250516.csv
[2025-05-20 20:59:06] 支払いデータの更新が完了しました
[2025-05-20 20:59:06] 費用データの更新が完了しました
[2025-05-20 20:59:06] 費用マスターデータの更新が完了しました
[2025-05-20 20:59:16] ヘッダー '状態' がCSVファイルに見つかりません
[2025-05-20 20:59:16] 86件のデータをCSVからインポートしました: AccountingApprovalList_20250516.csv
[2025-05-20 20:59:16] 支払いデータの更新が完了しました
[2025-05-20 20:59:17] ヘッダー '状態' がCSVファイルに見つかりません
[2025-05-20 20:59:17] 86件のデータをCSVからインポートしました: AccountingApprovalList_20250516.csv
[2025-05-20 20:59:17] 支払いデータの更新が完了しました
[2025-05-20 20:59:17] ヘッダー '状態' がCSVファイルに見つかりません
[2025-05-20 20:59:17] 86件のデータをCSVからインポートしました: AccountingApprovalList_20250516.csv
[2025-05-20 20:59:17] 支払いデータの更新が完了しました
[2025-05-20 21:01:34] payments テーブルを再作成しました
[2025-05-20 21:01:34] ヘッダー '状態' がCSVファイルに見つかりません
[2025-05-20 21:01:34] 89件のデータをCSVからインポートしました: AccountingApprovalList_20250520 (1).csv
[2025-05-20 21:01:34] 支払いデータの更新が完了しました
[2025-05-20 21:01:34] 費用データの更新が完了しました
[2025-05-20 21:01:34] 費用マスターデータの更新が完了しました
[2025-05-20 21:01:40] ヘッダー '状態' がCSVファイルに見つかりません
[2025-05-20 21:01:40] 89件のデータをCSVからインポートしました: AccountingApprovalList_20250520 (1).csv
[2025-05-20 21:01:40] 支払いデータの更新が完了しました
[2025-05-20 21:01:43] 照合開始: 費用データ 97件, 支払いデータ 89件
[2025-05-20 21:01:43] 支払いデータ更新: ID=106, 更新行数=1
[2025-05-20 21:01:43] 費用データ更新: ID=658, 更新行数=1
[2025-05-20 21:01:43] 照合成功: 費用ID:658 <-> 支払ID:106
[2025-05-20 21:01:43] 支払いデータ更新: ID=152, 更新行数=1
[2025-05-20 21:01:43] 費用データ更新: ID=659, 更新行数=1
[2025-05-20 21:01:43] 照合成功: 費用ID:659 <-> 支払ID:152
[2025-05-20 21:01:43] 支払いデータ更新: ID=163, 更新行数=1
[2025-05-20 21:01:43] 費用データ更新: ID=660, 更新行数=1
[2025-05-20 21:01:43] 照合成功: 費用ID:660 <-> 支払ID:163
[2025-05-20 21:01:43] 支払いデータ更新: ID=153, 更新行数=1
[2025-05-20 21:01:43] 費用データ更新: ID=661, 更新行数=1
[2025-05-20 21:01:43] 照合成功: 費用ID:661 <-> 支払ID:153
[2025-05-20 21:01:43] 支払いデータ更新: ID=93, 更新行数=1
[2025-05-20 21:01:43] 費用データ更新: ID=662, 更新行数=1
[2025-05-20 21:01:43] 照合成功: 費用ID:662 <-> 支払ID:93
[2025-05-20 21:01:43] 支払いデータ更新: ID=171, 更新行数=1
[2025-05-20 21:01:43] 費用データ更新: ID=663, 更新行数=1
[2025-05-20 21:01:43] 照合成功: 費用ID:663 <-> 支払ID:171
[2025-05-20 21:01:43] 支払いデータ更新: ID=114, 更新行数=1
[2025-05-20 21:01:43] 費用データ更新: ID=664, 更新行数=1
[2025-05-20 21:01:43] 照合成功: 費用ID:664 <-> 支払ID:114
[2025-05-20 21:01:43] 支払いデータ更新: ID=160, 更新行数=1
[2025-05-20 21:01:43] 費用データ更新: ID=665, 更新行数=1
[2025-05-20 21:01:43] 照合成功: 費用ID:665 <-> 支払ID:160
[2025-05-20 21:01:43] 支払いデータ更新: ID=124, 更新行数=1
[2025-05-20 21:01:43] 費用データ更新: ID=666, 更新行数=1
[2025-05-20 21:01:43] 照合成功: 費用ID:666 <-> 支払ID:124
[2025-05-20 21:01:43] 支払いデータ更新: ID=116, 更新行数=1
[2025-05-20 21:01:43] 費用データ更新: ID=667, 更新行数=1
[2025-05-20 21:01:43] 照合成功: 費用ID:667 <-> 支払ID:116
[2025-05-20 21:01:43] 支払いデータ更新: ID=172, 更新行数=1
[2025-05-20 21:01:43] 費用データ更新: ID=668, 更新行数=1
[2025-05-20 21:01:43] 照合成功: 費用ID:668 <-> 支払ID:172
[2025-05-20 21:01:43] 支払いデータ更新: ID=131, 更新行数=1
[2025-05-20 21:01:43] 費用データ更新: ID=669, 更新行数=1
[2025-05-20 21:01:43] 照合成功: 費用ID:669 <-> 支払ID:131
[2025-05-20 21:01:43] 支払いデータ更新: ID=91, 更新行数=1
[2025-05-20 21:01:43] 費用データ更新: ID=670, 更新行数=1
[2025-05-20 21:01:43] 照合成功: 費用ID:670 <-> 支払ID:91
[2025-05-20 21:01:43] 支払いデータ更新: ID=113, 更新行数=1
[2025-05-20 21:01:43] 費用データ更新: ID=671, 更新行数=1
[2025-05-20 21:01:43] 照合成功: 費用ID:671 <-> 支払ID:113
[2025-05-20 21:01:43] 支払いデータ更新: ID=118, 更新行数=1
[2025-05-20 21:01:43] 費用データ更新: ID=672, 更新行数=1
[2025-05-20 21:01:43] 照合成功: 費用ID:672 <-> 支払ID:118
[2025-05-20 21:01:43] 支払いデータ更新: ID=146, 更新行数=1
[2025-05-20 21:01:43] 費用データ更新: ID=673, 更新行数=1
[2025-05-20 21:01:43] 照合成功: 費用ID:673 <-> 支払ID:146
[2025-05-20 21:01:43] 支払いデータ更新: ID=112, 更新行数=1
[2025-05-20 21:01:43] 費用データ更新: ID=674, 更新行数=1
[2025-05-20 21:01:43] 照合成功: 費用ID:674 <-> 支払ID:112
[2025-05-20 21:01:43] 支払いデータ更新: ID=108, 更新行数=1
[2025-05-20 21:01:43] 費用データ更新: ID=675, 更新行数=1
[2025-05-20 21:01:43] 照合成功: 費用ID:675 <-> 支払ID:108
[2025-05-20 21:01:43] 支払いデータ更新: ID=111, 更新行数=1
[2025-05-20 21:01:43] 費用データ更新: ID=676, 更新行数=1
[2025-05-20 21:01:43] 照合成功: 費用ID:676 <-> 支払ID:111
[2025-05-20 21:01:43] 支払いデータ更新: ID=120, 更新行数=1
[2025-05-20 21:01:43] 費用データ更新: ID=677, 更新行数=1
[2025-05-20 21:01:43] 照合成功: 費用ID:677 <-> 支払ID:120
[2025-05-20 21:01:43] 支払いデータ更新: ID=101, 更新行数=1
[2025-05-20 21:01:43] 費用データ更新: ID=678, 更新行数=1
[2025-05-20 21:01:43] 照合成功: 費用ID:678 <-> 支払ID:101
[2025-05-20 21:01:43] 支払いデータ更新: ID=147, 更新行数=1
[2025-05-20 21:01:43] 費用データ更新: ID=679, 更新行数=1
[2025-05-20 21:01:43] 照合成功: 費用ID:679 <-> 支払ID:147
[2025-05-20 21:01:43] 支払いデータ更新: ID=150, 更新行数=1
[2025-05-20 21:01:43] 費用データ更新: ID=680, 更新行数=1
[2025-05-20 21:01:43] 照合成功: 費用ID:680 <-> 支払ID:150
[2025-05-20 21:01:43] 支払いデータ更新: ID=103, 更新行数=1
[2025-05-20 21:01:43] 費用データ更新: ID=681, 更新行数=1
[2025-05-20 21:01:43] 照合成功: 費用ID:681 <-> 支払ID:103
[2025-05-20 21:01:43] 支払いデータ更新: ID=134, 更新行数=1
[2025-05-20 21:01:43] 費用データ更新: ID=682, 更新行数=1
[2025-05-20 21:01:43] 照合成功: 費用ID:682 <-> 支払ID:134
[2025-05-20 21:01:43] 支払いデータ更新: ID=133, 更新行数=1
[2025-05-20 21:01:43] 費用データ更新: ID=683, 更新行数=1
[2025-05-20 21:01:43] 照合成功: 費用ID:683 <-> 支払ID:133
[2025-05-20 21:01:43] 支払いデータ更新: ID=169, 更新行数=1
[2025-05-20 21:01:43] 費用データ更新: ID=684, 更新行数=1
[2025-05-20 21:01:43] 照合成功: 費用ID:684 <-> 支払ID:169
[2025-05-20 21:01:43] 支払いデータ更新: ID=96, 更新行数=1
[2025-05-20 21:01:43] 費用データ更新: ID=685, 更新行数=1
[2025-05-20 21:01:43] 照合成功: 費用ID:685 <-> 支払ID:96
[2025-05-20 21:01:43] 支払いデータ更新: ID=158, 更新行数=1
[2025-05-20 21:01:43] 費用データ更新: ID=686, 更新行数=1
[2025-05-20 21:01:43] 照合成功: 費用ID:686 <-> 支払ID:158
[2025-05-20 21:01:43] 支払いデータ更新: ID=159, 更新行数=1
[2025-05-20 21:01:43] 費用データ更新: ID=687, 更新行数=1
[2025-05-20 21:01:43] 照合成功: 費用ID:687 <-> 支払ID:159
[2025-05-20 21:01:43] 支払いデータ更新: ID=145, 更新行数=1
[2025-05-20 21:01:43] 費用データ更新: ID=688, 更新行数=1
[2025-05-20 21:01:43] 照合成功: 費用ID:688 <-> 支払ID:145
[2025-05-20 21:01:43] 支払いデータ更新: ID=168, 更新行数=1
[2025-05-20 21:01:43] 費用データ更新: ID=689, 更新行数=1
[2025-05-20 21:01:43] 照合成功: 費用ID:689 <-> 支払ID:168
[2025-05-20 21:01:43] 支払いデータ更新: ID=119, 更新行数=1
[2025-05-20 21:01:43] 費用データ更新: ID=690, 更新行数=1
[2025-05-20 21:01:43] 照合成功: 費用ID:690 <-> 支払ID:119
[2025-05-20 21:01:43] 支払いデータ更新: ID=105, 更新行数=1
[2025-05-20 21:01:43] 費用データ更新: ID=691, 更新行数=1
[2025-05-20 21:01:43] 照合成功: 費用ID:691 <-> 支払ID:105
[2025-05-20 21:01:43] 支払いデータ更新: ID=128, 更新行数=1
[2025-05-20 21:01:43] 費用データ更新: ID=692, 更新行数=1
[2025-05-20 21:01:43] 照合成功: 費用ID:692 <-> 支払ID:128
[2025-05-20 21:01:43] 支払いデータ更新: ID=166, 更新行数=1
[2025-05-20 21:01:43] 費用データ更新: ID=693, 更新行数=1
[2025-05-20 21:01:43] 照合成功: 費用ID:693 <-> 支払ID:166
[2025-05-20 21:01:43] 支払いデータ更新: ID=132, 更新行数=1
[2025-05-20 21:01:43] 費用データ更新: ID=694, 更新行数=1
[2025-05-20 21:01:43] 照合成功: 費用ID:694 <-> 支払ID:132
[2025-05-20 21:01:43] 支払いデータ更新: ID=126, 更新行数=1
[2025-05-20 21:01:43] 費用データ更新: ID=695, 更新行数=1
[2025-05-20 21:01:43] 照合成功: 費用ID:695 <-> 支払ID:126
[2025-05-20 21:01:43] 支払いデータ更新: ID=164, 更新行数=1
[2025-05-20 21:01:43] 費用データ更新: ID=696, 更新行数=1
[2025-05-20 21:01:43] 照合成功: 費用ID:696 <-> 支払ID:164
[2025-05-20 21:01:43] 支払いデータ更新: ID=104, 更新行数=1
[2025-05-20 21:01:43] 費用データ更新: ID=697, 更新行数=1
[2025-05-20 21:01:43] 照合成功: 費用ID:697 <-> 支払ID:104
[2025-05-20 21:01:43] 支払いデータ更新: ID=138, 更新行数=1
[2025-05-20 21:01:43] 費用データ更新: ID=698, 更新行数=1
[2025-05-20 21:01:43] 照合成功: 費用ID:698 <-> 支払ID:138
[2025-05-20 21:01:43] 支払いデータ更新: ID=92, 更新行数=1
[2025-05-20 21:01:43] 費用データ更新: ID=699, 更新行数=1
[2025-05-20 21:01:43] 照合成功: 費用ID:699 <-> 支払ID:92
[2025-05-20 21:01:43] 支払いデータ更新: ID=156, 更新行数=1
[2025-05-20 21:01:43] 費用データ更新: ID=700, 更新行数=1
[2025-05-20 21:01:43] 照合成功: 費用ID:700 <-> 支払ID:156
[2025-05-20 21:01:43] 支払いデータ更新: ID=155, 更新行数=1
[2025-05-20 21:01:43] 費用データ更新: ID=701, 更新行数=1
[2025-05-20 21:01:43] 照合成功: 費用ID:701 <-> 支払ID:155
[2025-05-20 21:01:43] 支払いデータ更新: ID=94, 更新行数=1
[2025-05-20 21:01:43] 費用データ更新: ID=702, 更新行数=1
[2025-05-20 21:01:43] 照合成功: 費用ID:702 <-> 支払ID:94
[2025-05-20 21:01:43] 支払いデータ更新: ID=162, 更新行数=1
[2025-05-20 21:01:43] 費用データ更新: ID=703, 更新行数=1
[2025-05-20 21:01:43] 照合成功: 費用ID:703 <-> 支払ID:162
[2025-05-20 21:01:43] 支払いデータ更新: ID=165, 更新行数=1
[2025-05-20 21:01:43] 費用データ更新: ID=704, 更新行数=1
[2025-05-20 21:01:43] 照合成功: 費用ID:704 <-> 支払ID:165
[2025-05-20 21:01:43] 支払いデータ更新: ID=129, 更新行数=1
[2025-05-20 21:01:43] 費用データ更新: ID=706, 更新行数=1
[2025-05-20 21:01:43] 照合成功: 費用ID:706 <-> 支払ID:129
[2025-05-20 21:01:43] 支払いデータ更新: ID=174, 更新行数=1
[2025-05-20 21:01:43] 費用データ更新: ID=707, 更新行数=1
[2025-05-20 21:01:43] 照合成功: 費用ID:707 <-> 支払ID:174
[2025-05-20 21:01:43] 支払いデータ更新: ID=149, 更新行数=1
[2025-05-20 21:01:43] 費用データ更新: ID=708, 更新行数=1
[2025-05-20 21:01:43] 照合成功: 費用ID:708 <-> 支払ID:149
[2025-05-20 21:01:43] 支払いデータ更新: ID=139, 更新行数=1
[2025-05-20 21:01:43] 費用データ更新: ID=709, 更新行数=1
[2025-05-20 21:01:43] 照合成功: 費用ID:709 <-> 支払ID:139
[2025-05-20 21:01:43] 支払いデータ更新: ID=154, 更新行数=1
[2025-05-20 21:01:43] 費用データ更新: ID=710, 更新行数=1
[2025-05-20 21:01:43] 照合成功: 費用ID:710 <-> 支払ID:154
[2025-05-20 21:01:43] 支払いデータ更新: ID=167, 更新行数=1
[2025-05-20 21:01:43] 費用データ更新: ID=711, 更新行数=1
[2025-05-20 21:01:43] 照合成功: 費用ID:711 <-> 支払ID:167
[2025-05-20 21:01:43] 支払いデータ更新: ID=140, 更新行数=1
[2025-05-20 21:01:43] 費用データ更新: ID=712, 更新行数=1
[2025-05-20 21:01:43] 照合成功: 費用ID:712 <-> 支払ID:140
[2025-05-20 21:01:43] 支払いデータ更新: ID=95, 更新行数=1
[2025-05-20 21:01:43] 費用データ更新: ID=713, 更新行数=1
[2025-05-20 21:01:43] 照合成功: 費用ID:713 <-> 支払ID:95
[2025-05-20 21:01:43] 支払いデータ更新: ID=161, 更新行数=1
[2025-05-20 21:01:43] 費用データ更新: ID=714, 更新行数=1
[2025-05-20 21:01:43] 照合成功: 費用ID:714 <-> 支払ID:161
[2025-05-20 21:01:43] 支払いデータ更新: ID=157, 更新行数=1
[2025-05-20 21:01:43] 費用データ更新: ID=715, 更新行数=1
[2025-05-20 21:01:43] 照合成功: 費用ID:715 <-> 支払ID:157
[2025-05-20 21:01:43] 支払いデータ更新: ID=125, 更新行数=1
[2025-05-20 21:01:43] 費用データ更新: ID=716, 更新行数=1
[2025-05-20 21:01:43] 照合成功: 費用ID:716 <-> 支払ID:125
[2025-05-20 21:01:43] 支払いデータ更新: ID=144, 更新行数=1
[2025-05-20 21:01:43] 費用データ更新: ID=717, 更新行数=1
[2025-05-20 21:01:43] 照合成功: 費用ID:717 <-> 支払ID:144
[2025-05-20 21:01:43] 支払いデータ更新: ID=141, 更新行数=1
[2025-05-20 21:01:43] 費用データ更新: ID=718, 更新行数=1
[2025-05-20 21:01:43] 照合成功: 費用ID:718 <-> 支払ID:141
[2025-05-20 21:01:43] 支払いデータ更新: ID=135, 更新行数=1
[2025-05-20 21:01:43] 費用データ更新: ID=719, 更新行数=1
[2025-05-20 21:01:43] 照合成功: 費用ID:719 <-> 支払ID:135
[2025-05-20 21:01:43] 支払いデータ更新: ID=136, 更新行数=1
[2025-05-20 21:01:43] 費用データ更新: ID=720, 更新行数=1
[2025-05-20 21:01:43] 照合成功: 費用ID:720 <-> 支払ID:136
[2025-05-20 21:01:43] 支払いデータ更新: ID=142, 更新行数=1
[2025-05-20 21:01:43] 費用データ更新: ID=721, 更新行数=1
[2025-05-20 21:01:43] 照合成功: 費用ID:721 <-> 支払ID:142
[2025-05-20 21:01:43] 支払いデータ更新: ID=137, 更新行数=1
[2025-05-20 21:01:43] 費用データ更新: ID=722, 更新行数=1
[2025-05-20 21:01:43] 照合成功: 費用ID:722 <-> 支払ID:137
[2025-05-20 21:01:43] 支払いデータ更新: ID=148, 更新行数=1
[2025-05-20 21:01:43] 費用データ更新: ID=723, 更新行数=1
[2025-05-20 21:01:43] 照合成功: 費用ID:723 <-> 支払ID:148
[2025-05-20 21:01:43] 支払いデータ更新: ID=117, 更新行数=1
[2025-05-20 21:01:43] 費用データ更新: ID=724, 更新行数=1
[2025-05-20 21:01:43] 照合成功: 費用ID:724 <-> 支払ID:117
[2025-05-20 21:01:43] 支払いデータ更新: ID=173, 更新行数=1
[2025-05-20 21:01:43] 費用データ更新: ID=725, 更新行数=1
[2025-05-20 21:01:43] 照合成功: 費用ID:725 <-> 支払ID:173
[2025-05-20 21:01:43] 支払いデータ更新: ID=110, 更新行数=1
[2025-05-20 21:01:43] 費用データ更新: ID=726, 更新行数=1
[2025-05-20 21:01:43] 照合成功: 費用ID:726 <-> 支払ID:110
[2025-05-20 21:01:43] 支払いデータ更新: ID=123, 更新行数=1
[2025-05-20 21:01:43] 費用データ更新: ID=727, 更新行数=1
[2025-05-20 21:01:43] 照合成功: 費用ID:727 <-> 支払ID:123
[2025-05-20 21:01:43] 支払いデータ更新: ID=115, 更新行数=1
[2025-05-20 21:01:43] 費用データ更新: ID=728, 更新行数=1
[2025-05-20 21:01:43] 照合成功: 費用ID:728 <-> 支払ID:115
[2025-05-20 21:01:43] 支払いデータ更新: ID=109, 更新行数=1
[2025-05-20 21:01:43] 費用データ更新: ID=729, 更新行数=1
[2025-05-20 21:01:43] 照合成功: 費用ID:729 <-> 支払ID:109
[2025-05-20 21:01:43] 支払いデータ更新: ID=176, 更新行数=1
[2025-05-20 21:01:43] 費用データ更新: ID=734, 更新行数=1
[2025-05-20 21:01:43] 照合成功: 費用ID:734 <-> 支払ID:176
[2025-05-20 21:01:43] 支払いデータ更新: ID=97, 更新行数=1
[2025-05-20 21:01:43] 費用データ更新: ID=735, 更新行数=1
[2025-05-20 21:01:43] 照合成功: 費用ID:735 <-> 支払ID:97
[2025-05-20 21:01:43] 費用データベースの変更をコミットします
[2025-05-20 21:01:43] 支払いデータベースの変更をコミットします
[2025-05-20 21:01:43] 照合完了: 一致=73件, 不一致=20件
[2025-05-20 21:01:43] 費用データの更新が完了しました
[2025-05-20 21:01:43] 支払いデータの更新が完了しました
[2025-05-20 21:01:43] 費用と支払いの照合: 73件一致、20件不一致
[2025-05-20 21:02:00] 照合開始: 費用データ 97件, 支払いデータ 89件
[2025-05-20 21:02:00] 支払いデータ更新: ID=143, 更新行数=1
[2025-05-20 21:02:00] 費用データ更新: ID=682, 更新行数=1
[2025-05-20 21:02:00] 照合成功: 費用ID:682 <-> 支払ID:143
[2025-05-20 21:02:00] 費用データベースの変更をコミットします
[2025-05-20 21:02:00] 支払いデータベースの変更をコミットします
[2025-05-20 21:02:00] 照合完了: 一致=1件, 不一致=20件
[2025-05-20 21:02:00] 支払いデータの更新が完了しました
[2025-05-20 21:02:00] 費用データの更新が完了しました
[2025-05-20 21:02:00] 支払いと費用の照合: 1件一致、20件不一致
[2025-05-20 21:34:56] payments テーブルを再作成しました
[2025-05-20 21:34:56] ヘッダー '状態' がCSVファイルに見つかりません
[2025-05-20 21:34:56] 89件のデータをCSVからインポートしました: AccountingApprovalList_20250520 (1).csv
[2025-05-20 21:34:56] 支払いデータの更新が完了しました
[2025-05-20 21:34:56] 費用データの更新が完了しました
[2025-05-20 21:34:56] 費用マスターデータの更新が完了しました
[2025-05-20 21:37:55] payments テーブルを再作成しました
[2025-05-20 21:37:56] ヘッダー '状態' がCSVファイルに見つかりません
[2025-05-20 21:37:56] 89件のデータをCSVからインポートしました: AccountingApprovalList_20250520 (1).csv
[2025-05-20 21:37:56] 支払いデータの更新が完了しました
[2025-05-20 21:37:56] 費用データの更新が完了しました
[2025-05-20 21:37:56] 費用マスターデータの更新が完了しました
[2025-05-20 21:38:19] payments テーブルを再作成しました
[2025-05-20 21:38:19] ヘッダー '状態' がCSVファイルに見つかりません
[2025-05-20 21:38:19] 89件のデータをCSVからインポートしました: AccountingApprovalList_20250520 (1).csv
[2025-05-20 21:38:19] 支払いデータの更新が完了しました
[2025-05-20 21:38:19] 費用データの更新が完了しました
[2025-05-20 21:38:19] 費用マスターデータの更新が完了しました
[2025-05-20 21:38:27] payments テーブルを再作成しました
[2025-05-20 21:38:28] ヘッダー '状態' がCSVファイルに見つかりません
[2025-05-20 21:38:28] 89件のデータをCSVからインポートしました: AccountingApprovalList_20250520 (1).csv
[2025-05-20 21:38:28] 支払いデータの更新が完了しました
[2025-05-20 21:38:28] 費用データの更新が完了しました
[2025-05-20 21:38:28] 費用マスターデータの更新が完了しました
[2025-05-20 21:38:38] payments テーブルを再作成しました
[2025-05-20 21:38:38] ヘッダー '状態' がCSVファイルに見つかりません
[2025-05-20 21:38:38] 89件のデータをCSVからインポートしました: AccountingApprovalList_20250520 (1).csv
[2025-05-20 21:38:38] 支払いデータの更新が完了しました
[2025-05-20 21:38:38] 費用データの更新が完了しました
[2025-05-20 21:38:38] 費用マスターデータの更新が完了しました
[2025-05-20 21:40:11] payments テーブルを再作成しました
[2025-05-20 21:40:11] ヘッダー '状態' がCSVファイルに見つかりません
[2025-05-20 21:40:11] 89件のデータをCSVからインポートしました: AccountingApprovalList_20250520 (1).csv
[2025-05-20 21:40:11] 支払いデータの更新が完了しました
[2025-05-20 21:40:11] 費用データの更新が完了しました
[2025-05-20 21:40:11] 費用マスターデータの更新が完了しました
[2025-05-20 21:41:02] payments テーブルを再作成しました
[2025-05-20 21:41:03] ヘッダー '状態' がCSVファイルに見つかりません
[2025-05-20 21:41:03] 89件のデータをCSVからインポートしました: AccountingApprovalList_20250520 (1).csv
[2025-05-20 21:41:03] 支払いデータの更新が完了しました
[2025-05-20 21:41:03] 費用データの更新が完了しました
[2025-05-20 21:41:03] 費用マスターデータの更新が完了しました
[2025-05-20 21:42:00] payments テーブルを再作成しました
[2025-05-20 21:42:00] ヘッダー '状態' がCSVファイルに見つかりません
[2025-05-20 21:42:00] 89件のデータをCSVからインポートしました: AccountingApprovalList_20250520 (1).csv
[2025-05-20 21:42:00] 支払いデータの更新が完了しました
[2025-05-20 21:42:00] 費用データの更新が完了しました
[2025-05-20 21:42:00] 費用マスターデータの更新が完了しました
[2025-05-20 21:50:53] payments テーブルを再作成しました
[2025-05-20 21:50:53] ヘッダー '状態' がCSVファイルに見つかりません
[2025-05-20 21:50:53] 89件のデータをCSVからインポートしました: AccountingApprovalList_20250520 (1).csv
[2025-05-20 21:50:53] 支払いデータの更新が完了しました
[2025-05-20 21:50:53] 費用データの更新が完了しました
[2025-05-20 21:50:53] 費用マスターデータの更新が完了しました
[2025-05-20 21:51:02] payments テーブルを再作成しました
[2025-05-20 21:51:02] ヘッダー '状態' がCSVファイルに見つかりません
[2025-05-20 21:51:02] 89件のデータをCSVからインポートしました: AccountingApprovalList_20250520 (1).csv
[2025-05-20 21:51:02] 支払いデータの更新が完了しました
[2025-05-20 21:51:02] 費用データの更新が完了しました
[2025-05-20 21:51:02] 費用マスターデータの更新が完了しました
[2025-05-20 21:51:11] 照合開始: 費用データ 97件, 支払いデータ 89件
[2025-05-20 21:51:11] 支払いデータ更新: ID=17, 更新行数=1
[2025-05-20 21:51:11] 費用データ更新: ID=658, 更新行数=1
[2025-05-20 21:51:11] 照合成功: 費用ID:658 <-> 支払ID:17
[2025-05-20 21:51:11] 支払いデータ更新: ID=63, 更新行数=1
[2025-05-20 21:51:11] 費用データ更新: ID=659, 更新行数=1
[2025-05-20 21:51:11] 照合成功: 費用ID:659 <-> 支払ID:63
[2025-05-20 21:51:11] 支払いデータ更新: ID=74, 更新行数=1
[2025-05-20 21:51:11] 費用データ更新: ID=660, 更新行数=1
[2025-05-20 21:51:11] 照合成功: 費用ID:660 <-> 支払ID:74
[2025-05-20 21:51:11] 支払いデータ更新: ID=64, 更新行数=1
[2025-05-20 21:51:11] 費用データ更新: ID=661, 更新行数=1
[2025-05-20 21:51:11] 照合成功: 費用ID:661 <-> 支払ID:64
[2025-05-20 21:51:11] 支払いデータ更新: ID=4, 更新行数=1
[2025-05-20 21:51:11] 費用データ更新: ID=662, 更新行数=1
[2025-05-20 21:51:11] 照合成功: 費用ID:662 <-> 支払ID:4
[2025-05-20 21:51:11] 支払いデータ更新: ID=82, 更新行数=1
[2025-05-20 21:51:11] 費用データ更新: ID=663, 更新行数=1
[2025-05-20 21:51:11] 照合成功: 費用ID:663 <-> 支払ID:82
[2025-05-20 21:51:11] 支払いデータ更新: ID=25, 更新行数=1
[2025-05-20 21:51:11] 費用データ更新: ID=664, 更新行数=1
[2025-05-20 21:51:11] 照合成功: 費用ID:664 <-> 支払ID:25
[2025-05-20 21:51:11] 支払いデータ更新: ID=71, 更新行数=1
[2025-05-20 21:51:11] 費用データ更新: ID=665, 更新行数=1
[2025-05-20 21:51:11] 照合成功: 費用ID:665 <-> 支払ID:71
[2025-05-20 21:51:11] 支払いデータ更新: ID=35, 更新行数=1
[2025-05-20 21:51:11] 費用データ更新: ID=666, 更新行数=1
[2025-05-20 21:51:11] 照合成功: 費用ID:666 <-> 支払ID:35
[2025-05-20 21:51:11] 支払いデータ更新: ID=27, 更新行数=1
[2025-05-20 21:51:11] 費用データ更新: ID=667, 更新行数=1
[2025-05-20 21:51:11] 照合成功: 費用ID:667 <-> 支払ID:27
[2025-05-20 21:51:11] 支払いデータ更新: ID=83, 更新行数=1
[2025-05-20 21:51:11] 費用データ更新: ID=668, 更新行数=1
[2025-05-20 21:51:11] 照合成功: 費用ID:668 <-> 支払ID:83
[2025-05-20 21:51:11] 支払いデータ更新: ID=42, 更新行数=1
[2025-05-20 21:51:11] 費用データ更新: ID=669, 更新行数=1
[2025-05-20 21:51:11] 照合成功: 費用ID:669 <-> 支払ID:42
[2025-05-20 21:51:11] 支払いデータ更新: ID=2, 更新行数=1
[2025-05-20 21:51:11] 費用データ更新: ID=670, 更新行数=1
[2025-05-20 21:51:11] 照合成功: 費用ID:670 <-> 支払ID:2
[2025-05-20 21:51:11] 支払いデータ更新: ID=24, 更新行数=1
[2025-05-20 21:51:11] 費用データ更新: ID=671, 更新行数=1
[2025-05-20 21:51:11] 照合成功: 費用ID:671 <-> 支払ID:24
[2025-05-20 21:51:11] 支払いデータ更新: ID=29, 更新行数=1
[2025-05-20 21:51:11] 費用データ更新: ID=672, 更新行数=1
[2025-05-20 21:51:11] 照合成功: 費用ID:672 <-> 支払ID:29
[2025-05-20 21:51:11] 支払いデータ更新: ID=57, 更新行数=1
[2025-05-20 21:51:11] 費用データ更新: ID=673, 更新行数=1
[2025-05-20 21:51:11] 照合成功: 費用ID:673 <-> 支払ID:57
[2025-05-20 21:51:11] 支払いデータ更新: ID=23, 更新行数=1
[2025-05-20 21:51:11] 費用データ更新: ID=674, 更新行数=1
[2025-05-20 21:51:11] 照合成功: 費用ID:674 <-> 支払ID:23
[2025-05-20 21:51:11] 支払いデータ更新: ID=19, 更新行数=1
[2025-05-20 21:51:11] 費用データ更新: ID=675, 更新行数=1
[2025-05-20 21:51:11] 照合成功: 費用ID:675 <-> 支払ID:19
[2025-05-20 21:51:11] 支払いデータ更新: ID=22, 更新行数=1
[2025-05-20 21:51:11] 費用データ更新: ID=676, 更新行数=1
[2025-05-20 21:51:11] 照合成功: 費用ID:676 <-> 支払ID:22
[2025-05-20 21:51:11] 支払いデータ更新: ID=31, 更新行数=1
[2025-05-20 21:51:11] 費用データ更新: ID=677, 更新行数=1
[2025-05-20 21:51:11] 照合成功: 費用ID:677 <-> 支払ID:31
[2025-05-20 21:51:11] 支払いデータ更新: ID=12, 更新行数=1
[2025-05-20 21:51:11] 費用データ更新: ID=678, 更新行数=1
[2025-05-20 21:51:11] 照合成功: 費用ID:678 <-> 支払ID:12
[2025-05-20 21:51:11] 支払いデータ更新: ID=58, 更新行数=1
[2025-05-20 21:51:11] 費用データ更新: ID=679, 更新行数=1
[2025-05-20 21:51:11] 照合成功: 費用ID:679 <-> 支払ID:58
[2025-05-20 21:51:11] 支払いデータ更新: ID=61, 更新行数=1
[2025-05-20 21:51:11] 費用データ更新: ID=680, 更新行数=1
[2025-05-20 21:51:11] 照合成功: 費用ID:680 <-> 支払ID:61
[2025-05-20 21:51:11] 支払いデータ更新: ID=14, 更新行数=1
[2025-05-20 21:51:11] 費用データ更新: ID=681, 更新行数=1
[2025-05-20 21:51:11] 照合成功: 費用ID:681 <-> 支払ID:14
[2025-05-20 21:51:11] 支払いデータ更新: ID=45, 更新行数=1
[2025-05-20 21:51:11] 費用データ更新: ID=682, 更新行数=1
[2025-05-20 21:51:11] 照合成功: 費用ID:682 <-> 支払ID:45
[2025-05-20 21:51:11] 支払いデータ更新: ID=44, 更新行数=1
[2025-05-20 21:51:11] 費用データ更新: ID=683, 更新行数=1
[2025-05-20 21:51:11] 照合成功: 費用ID:683 <-> 支払ID:44
[2025-05-20 21:51:11] 支払いデータ更新: ID=80, 更新行数=1
[2025-05-20 21:51:11] 費用データ更新: ID=684, 更新行数=1
[2025-05-20 21:51:11] 照合成功: 費用ID:684 <-> 支払ID:80
[2025-05-20 21:51:11] 支払いデータ更新: ID=7, 更新行数=1
[2025-05-20 21:51:11] 費用データ更新: ID=685, 更新行数=1
[2025-05-20 21:51:11] 照合成功: 費用ID:685 <-> 支払ID:7
[2025-05-20 21:51:11] 支払いデータ更新: ID=69, 更新行数=1
[2025-05-20 21:51:11] 費用データ更新: ID=686, 更新行数=1
[2025-05-20 21:51:11] 照合成功: 費用ID:686 <-> 支払ID:69
[2025-05-20 21:51:11] 支払いデータ更新: ID=70, 更新行数=1
[2025-05-20 21:51:11] 費用データ更新: ID=687, 更新行数=1
[2025-05-20 21:51:11] 照合成功: 費用ID:687 <-> 支払ID:70
[2025-05-20 21:51:11] 支払いデータ更新: ID=56, 更新行数=1
[2025-05-20 21:51:11] 費用データ更新: ID=688, 更新行数=1
[2025-05-20 21:51:11] 照合成功: 費用ID:688 <-> 支払ID:56
[2025-05-20 21:51:11] 支払いデータ更新: ID=79, 更新行数=1
[2025-05-20 21:51:11] 費用データ更新: ID=689, 更新行数=1
[2025-05-20 21:51:11] 照合成功: 費用ID:689 <-> 支払ID:79
[2025-05-20 21:51:11] 支払いデータ更新: ID=30, 更新行数=1
[2025-05-20 21:51:11] 費用データ更新: ID=690, 更新行数=1
[2025-05-20 21:51:11] 照合成功: 費用ID:690 <-> 支払ID:30
[2025-05-20 21:51:11] 支払いデータ更新: ID=16, 更新行数=1
[2025-05-20 21:51:11] 費用データ更新: ID=691, 更新行数=1
[2025-05-20 21:51:11] 照合成功: 費用ID:691 <-> 支払ID:16
[2025-05-20 21:51:11] 支払いデータ更新: ID=39, 更新行数=1
[2025-05-20 21:51:11] 費用データ更新: ID=692, 更新行数=1
[2025-05-20 21:51:11] 照合成功: 費用ID:692 <-> 支払ID:39
[2025-05-20 21:51:11] 支払いデータ更新: ID=77, 更新行数=1
[2025-05-20 21:51:11] 費用データ更新: ID=693, 更新行数=1
[2025-05-20 21:51:11] 照合成功: 費用ID:693 <-> 支払ID:77
[2025-05-20 21:51:11] 支払いデータ更新: ID=43, 更新行数=1
[2025-05-20 21:51:11] 費用データ更新: ID=694, 更新行数=1
[2025-05-20 21:51:11] 照合成功: 費用ID:694 <-> 支払ID:43
[2025-05-20 21:51:11] 支払いデータ更新: ID=37, 更新行数=1
[2025-05-20 21:51:11] 費用データ更新: ID=695, 更新行数=1
[2025-05-20 21:51:11] 照合成功: 費用ID:695 <-> 支払ID:37
[2025-05-20 21:51:11] 支払いデータ更新: ID=75, 更新行数=1
[2025-05-20 21:51:11] 費用データ更新: ID=696, 更新行数=1
[2025-05-20 21:51:11] 照合成功: 費用ID:696 <-> 支払ID:75
[2025-05-20 21:51:11] 支払いデータ更新: ID=15, 更新行数=1
[2025-05-20 21:51:11] 費用データ更新: ID=697, 更新行数=1
[2025-05-20 21:51:11] 照合成功: 費用ID:697 <-> 支払ID:15
[2025-05-20 21:51:11] 支払いデータ更新: ID=49, 更新行数=1
[2025-05-20 21:51:11] 費用データ更新: ID=698, 更新行数=1
[2025-05-20 21:51:11] 照合成功: 費用ID:698 <-> 支払ID:49
[2025-05-20 21:51:11] 支払いデータ更新: ID=3, 更新行数=1
[2025-05-20 21:51:11] 費用データ更新: ID=699, 更新行数=1
[2025-05-20 21:51:11] 照合成功: 費用ID:699 <-> 支払ID:3
[2025-05-20 21:51:11] 支払いデータ更新: ID=67, 更新行数=1
[2025-05-20 21:51:11] 費用データ更新: ID=700, 更新行数=1
[2025-05-20 21:51:11] 照合成功: 費用ID:700 <-> 支払ID:67
[2025-05-20 21:51:11] 支払いデータ更新: ID=66, 更新行数=1
[2025-05-20 21:51:11] 費用データ更新: ID=701, 更新行数=1
[2025-05-20 21:51:11] 照合成功: 費用ID:701 <-> 支払ID:66
[2025-05-20 21:51:11] 支払いデータ更新: ID=5, 更新行数=1
[2025-05-20 21:51:11] 費用データ更新: ID=702, 更新行数=1
[2025-05-20 21:51:11] 照合成功: 費用ID:702 <-> 支払ID:5
[2025-05-20 21:51:11] 支払いデータ更新: ID=73, 更新行数=1
[2025-05-20 21:51:11] 費用データ更新: ID=703, 更新行数=1
[2025-05-20 21:51:11] 照合成功: 費用ID:703 <-> 支払ID:73
[2025-05-20 21:51:11] 支払いデータ更新: ID=76, 更新行数=1
[2025-05-20 21:51:11] 費用データ更新: ID=704, 更新行数=1
[2025-05-20 21:51:11] 照合成功: 費用ID:704 <-> 支払ID:76
[2025-05-20 21:51:11] 支払いデータ更新: ID=40, 更新行数=1
[2025-05-20 21:51:11] 費用データ更新: ID=706, 更新行数=1
[2025-05-20 21:51:11] 照合成功: 費用ID:706 <-> 支払ID:40
[2025-05-20 21:51:11] 支払いデータ更新: ID=85, 更新行数=1
[2025-05-20 21:51:11] 費用データ更新: ID=707, 更新行数=1
[2025-05-20 21:51:11] 照合成功: 費用ID:707 <-> 支払ID:85
[2025-05-20 21:51:11] 支払いデータ更新: ID=60, 更新行数=1
[2025-05-20 21:51:11] 費用データ更新: ID=708, 更新行数=1
[2025-05-20 21:51:11] 照合成功: 費用ID:708 <-> 支払ID:60
[2025-05-20 21:51:11] 支払いデータ更新: ID=50, 更新行数=1
[2025-05-20 21:51:11] 費用データ更新: ID=709, 更新行数=1
[2025-05-20 21:51:11] 照合成功: 費用ID:709 <-> 支払ID:50
[2025-05-20 21:51:11] 支払いデータ更新: ID=65, 更新行数=1
[2025-05-20 21:51:11] 費用データ更新: ID=710, 更新行数=1
[2025-05-20 21:51:11] 照合成功: 費用ID:710 <-> 支払ID:65
[2025-05-20 21:51:11] 支払いデータ更新: ID=78, 更新行数=1
[2025-05-20 21:51:11] 費用データ更新: ID=711, 更新行数=1
[2025-05-20 21:51:11] 照合成功: 費用ID:711 <-> 支払ID:78
[2025-05-20 21:51:11] 支払いデータ更新: ID=51, 更新行数=1
[2025-05-20 21:51:11] 費用データ更新: ID=712, 更新行数=1
[2025-05-20 21:51:11] 照合成功: 費用ID:712 <-> 支払ID:51
[2025-05-20 21:51:11] 支払いデータ更新: ID=6, 更新行数=1
[2025-05-20 21:51:11] 費用データ更新: ID=713, 更新行数=1
[2025-05-20 21:51:11] 照合成功: 費用ID:713 <-> 支払ID:6
[2025-05-20 21:51:11] 支払いデータ更新: ID=72, 更新行数=1
[2025-05-20 21:51:11] 費用データ更新: ID=714, 更新行数=1
[2025-05-20 21:51:11] 照合成功: 費用ID:714 <-> 支払ID:72
[2025-05-20 21:51:11] 支払いデータ更新: ID=68, 更新行数=1
[2025-05-20 21:51:11] 費用データ更新: ID=715, 更新行数=1
[2025-05-20 21:51:11] 照合成功: 費用ID:715 <-> 支払ID:68
[2025-05-20 21:51:11] 支払いデータ更新: ID=36, 更新行数=1
[2025-05-20 21:51:11] 費用データ更新: ID=716, 更新行数=1
[2025-05-20 21:51:11] 照合成功: 費用ID:716 <-> 支払ID:36
[2025-05-20 21:51:11] 支払いデータ更新: ID=55, 更新行数=1
[2025-05-20 21:51:11] 費用データ更新: ID=717, 更新行数=1
[2025-05-20 21:51:11] 照合成功: 費用ID:717 <-> 支払ID:55
[2025-05-20 21:51:11] 支払いデータ更新: ID=52, 更新行数=1
[2025-05-20 21:51:11] 費用データ更新: ID=718, 更新行数=1
[2025-05-20 21:51:11] 照合成功: 費用ID:718 <-> 支払ID:52
[2025-05-20 21:51:11] 支払いデータ更新: ID=46, 更新行数=1
[2025-05-20 21:51:11] 費用データ更新: ID=719, 更新行数=1
[2025-05-20 21:51:11] 照合成功: 費用ID:719 <-> 支払ID:46
[2025-05-20 21:51:11] 支払いデータ更新: ID=47, 更新行数=1
[2025-05-20 21:51:11] 費用データ更新: ID=720, 更新行数=1
[2025-05-20 21:51:11] 照合成功: 費用ID:720 <-> 支払ID:47
[2025-05-20 21:51:11] 支払いデータ更新: ID=53, 更新行数=1
[2025-05-20 21:51:11] 費用データ更新: ID=721, 更新行数=1
[2025-05-20 21:51:11] 照合成功: 費用ID:721 <-> 支払ID:53
[2025-05-20 21:51:11] 支払いデータ更新: ID=48, 更新行数=1
[2025-05-20 21:51:11] 費用データ更新: ID=722, 更新行数=1
[2025-05-20 21:51:11] 照合成功: 費用ID:722 <-> 支払ID:48
[2025-05-20 21:51:11] 支払いデータ更新: ID=59, 更新行数=1
[2025-05-20 21:51:11] 費用データ更新: ID=723, 更新行数=1
[2025-05-20 21:51:11] 照合成功: 費用ID:723 <-> 支払ID:59
[2025-05-20 21:51:11] 支払いデータ更新: ID=28, 更新行数=1
[2025-05-20 21:51:11] 費用データ更新: ID=724, 更新行数=1
[2025-05-20 21:51:11] 照合成功: 費用ID:724 <-> 支払ID:28
[2025-05-20 21:51:11] 支払いデータ更新: ID=84, 更新行数=1
[2025-05-20 21:51:11] 費用データ更新: ID=725, 更新行数=1
[2025-05-20 21:51:11] 照合成功: 費用ID:725 <-> 支払ID:84
[2025-05-20 21:51:11] 支払いデータ更新: ID=21, 更新行数=1
[2025-05-20 21:51:11] 費用データ更新: ID=726, 更新行数=1
[2025-05-20 21:51:11] 照合成功: 費用ID:726 <-> 支払ID:21
[2025-05-20 21:51:11] 支払いデータ更新: ID=34, 更新行数=1
[2025-05-20 21:51:11] 費用データ更新: ID=727, 更新行数=1
[2025-05-20 21:51:11] 照合成功: 費用ID:727 <-> 支払ID:34
[2025-05-20 21:51:11] 支払いデータ更新: ID=26, 更新行数=1
[2025-05-20 21:51:11] 費用データ更新: ID=728, 更新行数=1
[2025-05-20 21:51:11] 照合成功: 費用ID:728 <-> 支払ID:26
[2025-05-20 21:51:11] 支払いデータ更新: ID=20, 更新行数=1
[2025-05-20 21:51:11] 費用データ更新: ID=729, 更新行数=1
[2025-05-20 21:51:11] 照合成功: 費用ID:729 <-> 支払ID:20
[2025-05-20 21:51:11] 支払いデータ更新: ID=87, 更新行数=1
[2025-05-20 21:51:11] 費用データ更新: ID=734, 更新行数=1
[2025-05-20 21:51:11] 照合成功: 費用ID:734 <-> 支払ID:87
[2025-05-20 21:51:11] 支払いデータ更新: ID=8, 更新行数=1
[2025-05-20 21:51:11] 費用データ更新: ID=735, 更新行数=1
[2025-05-20 21:51:11] 照合成功: 費用ID:735 <-> 支払ID:8
[2025-05-20 21:51:11] 費用データベースの変更をコミットします
[2025-05-20 21:51:11] 支払いデータベースの変更をコミットします
[2025-05-20 21:51:11] 照合完了: 一致=73件, 不一致=20件
[2025-05-20 21:51:11] 費用データの更新が完了しました
[2025-05-20 21:51:11] 支払いデータの更新が完了しました
[2025-05-20 21:51:11] 費用と支払いの照合: 73件一致、20件不一致
[2025-05-20 21:51:13] 照合開始: 費用データ 97件, 支払いデータ 89件
[2025-05-20 21:51:13] 支払いデータ更新: ID=54, 更新行数=1
[2025-05-20 21:51:13] 費用データ更新: ID=682, 更新行数=1
[2025-05-20 21:51:13] 照合成功: 費用ID:682 <-> 支払ID:54
[2025-05-20 21:51:13] 費用データベースの変更をコミットします
[2025-05-20 21:51:13] 支払いデータベースの変更をコミットします
[2025-05-20 21:51:13] 照合完了: 一致=1件, 不一致=20件
[2025-05-20 21:51:13] 費用データの更新が完了しました
[2025-05-20 21:51:13] 支払いデータの更新が完了しました
[2025-05-20 21:51:13] 費用と支払いの照合: 1件一致、20件不一致
[2025-05-20 21:51:52] 照合開始: 費用データ 97件, 支払いデータ 89件
[2025-05-20 21:51:52] 費用データベースの変更をコミットします
[2025-05-20 21:51:52] 支払いデータベースの変更をコミットします
[2025-05-20 21:51:52] 照合完了: 一致=0件, 不一致=20件
[2025-05-20 21:51:52] 支払いデータの更新が完了しました
[2025-05-20 21:51:52] 費用データの更新が完了しました
[2025-05-20 21:51:52] 支払いと費用の照合: 0件一致、20件不一致
[2025-05-20 21:51:52] 照合開始: 費用データ 97件, 支払いデータ 89件
[2025-05-20 21:51:52] 費用データベースの変更をコミットします
[2025-05-20 21:51:52] 支払いデータベースの変更をコミットします
[2025-05-20 21:51:52] 照合完了: 一致=0件, 不一致=20件
[2025-05-20 21:51:52] 支払いデータの更新が完了しました
[2025-05-20 21:51:52] 費用データの更新が完了しました
[2025-05-20 21:51:52] 支払いと費用の照合: 0件一致、20件不一致
[2025-05-20 22:01:36] payments テーブルを再作成しました
[2025-05-20 22:04:39] payments テーブルを再作成しました
[2025-05-20 22:10:43] payments テーブルを再作成しました
[2025-05-20 22:10:51] payments テーブルを再作成しました
[2025-05-20 22:13:28] payments テーブルを再作成しました
[2025-05-20 22:19:08] payments テーブルを再作成しました
[2025-05-20 22:20:01] payments テーブルを再作成しました
[2025-05-20 22:20:01] ヘッダー '状態' がCSVファイルに見つかりません
[2025-05-20 22:20:01] 89件のデータをCSVからインポートしました: AccountingApprovalList_20250520 (1).csv
[2025-05-20 22:20:01] 支払いデータの更新が完了しました
[2025-05-20 23:08:35] payments テーブルを再作成しました
[2025-05-20 23:08:36] ヘッダー '状態' がCSVファイルに見つかりません
[2025-05-20 23:08:36] 89件のデータをCSVからインポートしました: AccountingApprovalList_20250520 (1).csv
[2025-05-20 23:08:36] 支払いデータの更新が完了しました
[2025-05-20 23:08:36] 費用データの更新が完了しました
[2025-05-20 23:08:36] 費用マスターデータの更新が完了しました
[2025-05-20 23:09:03] 照合開始: 費用データ 97件, 支払いデータ 89件
[2025-05-20 23:09:03] 支払いデータ更新: ID=17, 更新行数=1
[2025-05-20 23:09:03] 費用データ更新: ID=658, 更新行数=1
[2025-05-20 23:09:03] 照合成功: 費用ID:658 <-> 支払ID:17
[2025-05-20 23:09:03] 支払いデータ更新: ID=63, 更新行数=1
[2025-05-20 23:09:03] 費用データ更新: ID=659, 更新行数=1
[2025-05-20 23:09:03] 照合成功: 費用ID:659 <-> 支払ID:63
[2025-05-20 23:09:03] 支払いデータ更新: ID=74, 更新行数=1
[2025-05-20 23:09:03] 費用データ更新: ID=660, 更新行数=1
[2025-05-20 23:09:03] 照合成功: 費用ID:660 <-> 支払ID:74
[2025-05-20 23:09:03] 支払いデータ更新: ID=64, 更新行数=1
[2025-05-20 23:09:03] 費用データ更新: ID=661, 更新行数=1
[2025-05-20 23:09:03] 照合成功: 費用ID:661 <-> 支払ID:64
[2025-05-20 23:09:03] 支払いデータ更新: ID=4, 更新行数=1
[2025-05-20 23:09:03] 費用データ更新: ID=662, 更新行数=1
[2025-05-20 23:09:03] 照合成功: 費用ID:662 <-> 支払ID:4
[2025-05-20 23:09:03] 支払いデータ更新: ID=82, 更新行数=1
[2025-05-20 23:09:03] 費用データ更新: ID=663, 更新行数=1
[2025-05-20 23:09:03] 照合成功: 費用ID:663 <-> 支払ID:82
[2025-05-20 23:09:03] 支払いデータ更新: ID=25, 更新行数=1
[2025-05-20 23:09:03] 費用データ更新: ID=664, 更新行数=1
[2025-05-20 23:09:03] 照合成功: 費用ID:664 <-> 支払ID:25
[2025-05-20 23:09:03] 支払いデータ更新: ID=71, 更新行数=1
[2025-05-20 23:09:03] 費用データ更新: ID=665, 更新行数=1
[2025-05-20 23:09:03] 照合成功: 費用ID:665 <-> 支払ID:71
[2025-05-20 23:09:03] 支払いデータ更新: ID=35, 更新行数=1
[2025-05-20 23:09:03] 費用データ更新: ID=666, 更新行数=1
[2025-05-20 23:09:03] 照合成功: 費用ID:666 <-> 支払ID:35
[2025-05-20 23:09:03] 支払いデータ更新: ID=27, 更新行数=1
[2025-05-20 23:09:03] 費用データ更新: ID=667, 更新行数=1
[2025-05-20 23:09:03] 照合成功: 費用ID:667 <-> 支払ID:27
[2025-05-20 23:09:03] 支払いデータ更新: ID=83, 更新行数=1
[2025-05-20 23:09:03] 費用データ更新: ID=668, 更新行数=1
[2025-05-20 23:09:03] 照合成功: 費用ID:668 <-> 支払ID:83
[2025-05-20 23:09:03] 支払いデータ更新: ID=42, 更新行数=1
[2025-05-20 23:09:03] 費用データ更新: ID=669, 更新行数=1
[2025-05-20 23:09:03] 照合成功: 費用ID:669 <-> 支払ID:42
[2025-05-20 23:09:03] 支払いデータ更新: ID=2, 更新行数=1
[2025-05-20 23:09:03] 費用データ更新: ID=670, 更新行数=1
[2025-05-20 23:09:03] 照合成功: 費用ID:670 <-> 支払ID:2
[2025-05-20 23:09:03] 支払いデータ更新: ID=24, 更新行数=1
[2025-05-20 23:09:03] 費用データ更新: ID=671, 更新行数=1
[2025-05-20 23:09:03] 照合成功: 費用ID:671 <-> 支払ID:24
[2025-05-20 23:09:03] 支払いデータ更新: ID=29, 更新行数=1
[2025-05-20 23:09:03] 費用データ更新: ID=672, 更新行数=1
[2025-05-20 23:09:03] 照合成功: 費用ID:672 <-> 支払ID:29
[2025-05-20 23:09:03] 支払いデータ更新: ID=57, 更新行数=1
[2025-05-20 23:09:03] 費用データ更新: ID=673, 更新行数=1
[2025-05-20 23:09:03] 照合成功: 費用ID:673 <-> 支払ID:57
[2025-05-20 23:09:03] 支払いデータ更新: ID=23, 更新行数=1
[2025-05-20 23:09:03] 費用データ更新: ID=674, 更新行数=1
[2025-05-20 23:09:03] 照合成功: 費用ID:674 <-> 支払ID:23
[2025-05-20 23:09:03] 支払いデータ更新: ID=19, 更新行数=1
[2025-05-20 23:09:03] 費用データ更新: ID=675, 更新行数=1
[2025-05-20 23:09:03] 照合成功: 費用ID:675 <-> 支払ID:19
[2025-05-20 23:09:03] 支払いデータ更新: ID=22, 更新行数=1
[2025-05-20 23:09:03] 費用データ更新: ID=676, 更新行数=1
[2025-05-20 23:09:03] 照合成功: 費用ID:676 <-> 支払ID:22
[2025-05-20 23:09:03] 支払いデータ更新: ID=31, 更新行数=1
[2025-05-20 23:09:03] 費用データ更新: ID=677, 更新行数=1
[2025-05-20 23:09:03] 照合成功: 費用ID:677 <-> 支払ID:31
[2025-05-20 23:09:03] 支払いデータ更新: ID=12, 更新行数=1
[2025-05-20 23:09:03] 費用データ更新: ID=678, 更新行数=1
[2025-05-20 23:09:03] 照合成功: 費用ID:678 <-> 支払ID:12
[2025-05-20 23:09:03] 支払いデータ更新: ID=58, 更新行数=1
[2025-05-20 23:09:03] 費用データ更新: ID=679, 更新行数=1
[2025-05-20 23:09:03] 照合成功: 費用ID:679 <-> 支払ID:58
[2025-05-20 23:09:03] 支払いデータ更新: ID=61, 更新行数=1
[2025-05-20 23:09:03] 費用データ更新: ID=680, 更新行数=1
[2025-05-20 23:09:03] 照合成功: 費用ID:680 <-> 支払ID:61
[2025-05-20 23:09:03] 支払いデータ更新: ID=14, 更新行数=1
[2025-05-20 23:09:03] 費用データ更新: ID=681, 更新行数=1
[2025-05-20 23:09:03] 照合成功: 費用ID:681 <-> 支払ID:14
[2025-05-20 23:09:03] 支払いデータ更新: ID=45, 更新行数=1
[2025-05-20 23:09:03] 費用データ更新: ID=682, 更新行数=1
[2025-05-20 23:09:03] 照合成功: 費用ID:682 <-> 支払ID:45
[2025-05-20 23:09:03] 支払いデータ更新: ID=44, 更新行数=1
[2025-05-20 23:09:03] 費用データ更新: ID=683, 更新行数=1
[2025-05-20 23:09:03] 照合成功: 費用ID:683 <-> 支払ID:44
[2025-05-20 23:09:03] 支払いデータ更新: ID=80, 更新行数=1
[2025-05-20 23:09:03] 費用データ更新: ID=684, 更新行数=1
[2025-05-20 23:09:03] 照合成功: 費用ID:684 <-> 支払ID:80
[2025-05-20 23:09:03] 支払いデータ更新: ID=7, 更新行数=1
[2025-05-20 23:09:03] 費用データ更新: ID=685, 更新行数=1
[2025-05-20 23:09:03] 照合成功: 費用ID:685 <-> 支払ID:7
[2025-05-20 23:09:03] 支払いデータ更新: ID=69, 更新行数=1
[2025-05-20 23:09:03] 費用データ更新: ID=686, 更新行数=1
[2025-05-20 23:09:03] 照合成功: 費用ID:686 <-> 支払ID:69
[2025-05-20 23:09:03] 支払いデータ更新: ID=70, 更新行数=1
[2025-05-20 23:09:03] 費用データ更新: ID=687, 更新行数=1
[2025-05-20 23:09:03] 照合成功: 費用ID:687 <-> 支払ID:70
[2025-05-20 23:09:03] 支払いデータ更新: ID=56, 更新行数=1
[2025-05-20 23:09:03] 費用データ更新: ID=688, 更新行数=1
[2025-05-20 23:09:03] 照合成功: 費用ID:688 <-> 支払ID:56
[2025-05-20 23:09:03] 支払いデータ更新: ID=79, 更新行数=1
[2025-05-20 23:09:03] 費用データ更新: ID=689, 更新行数=1
[2025-05-20 23:09:03] 照合成功: 費用ID:689 <-> 支払ID:79
[2025-05-20 23:09:03] 支払いデータ更新: ID=30, 更新行数=1
[2025-05-20 23:09:03] 費用データ更新: ID=690, 更新行数=1
[2025-05-20 23:09:03] 照合成功: 費用ID:690 <-> 支払ID:30
[2025-05-20 23:09:03] 支払いデータ更新: ID=16, 更新行数=1
[2025-05-20 23:09:03] 費用データ更新: ID=691, 更新行数=1
[2025-05-20 23:09:03] 照合成功: 費用ID:691 <-> 支払ID:16
[2025-05-20 23:09:03] 支払いデータ更新: ID=39, 更新行数=1
[2025-05-20 23:09:03] 費用データ更新: ID=692, 更新行数=1
[2025-05-20 23:09:03] 照合成功: 費用ID:692 <-> 支払ID:39
[2025-05-20 23:09:03] 支払いデータ更新: ID=77, 更新行数=1
[2025-05-20 23:09:03] 費用データ更新: ID=693, 更新行数=1
[2025-05-20 23:09:03] 照合成功: 費用ID:693 <-> 支払ID:77
[2025-05-20 23:09:03] 支払いデータ更新: ID=43, 更新行数=1
[2025-05-20 23:09:03] 費用データ更新: ID=694, 更新行数=1
[2025-05-20 23:09:03] 照合成功: 費用ID:694 <-> 支払ID:43
[2025-05-20 23:09:03] 支払いデータ更新: ID=37, 更新行数=1
[2025-05-20 23:09:03] 費用データ更新: ID=695, 更新行数=1
[2025-05-20 23:09:03] 照合成功: 費用ID:695 <-> 支払ID:37
[2025-05-20 23:09:03] 支払いデータ更新: ID=75, 更新行数=1
[2025-05-20 23:09:03] 費用データ更新: ID=696, 更新行数=1
[2025-05-20 23:09:03] 照合成功: 費用ID:696 <-> 支払ID:75
[2025-05-20 23:09:03] 支払いデータ更新: ID=15, 更新行数=1
[2025-05-20 23:09:03] 費用データ更新: ID=697, 更新行数=1
[2025-05-20 23:09:03] 照合成功: 費用ID:697 <-> 支払ID:15
[2025-05-20 23:09:03] 支払いデータ更新: ID=49, 更新行数=1
[2025-05-20 23:09:03] 費用データ更新: ID=698, 更新行数=1
[2025-05-20 23:09:03] 照合成功: 費用ID:698 <-> 支払ID:49
[2025-05-20 23:09:03] 支払いデータ更新: ID=3, 更新行数=1
[2025-05-20 23:09:03] 費用データ更新: ID=699, 更新行数=1
[2025-05-20 23:09:03] 照合成功: 費用ID:699 <-> 支払ID:3
[2025-05-20 23:09:03] 支払いデータ更新: ID=67, 更新行数=1
[2025-05-20 23:09:03] 費用データ更新: ID=700, 更新行数=1
[2025-05-20 23:09:03] 照合成功: 費用ID:700 <-> 支払ID:67
[2025-05-20 23:09:03] 支払いデータ更新: ID=66, 更新行数=1
[2025-05-20 23:09:03] 費用データ更新: ID=701, 更新行数=1
[2025-05-20 23:09:03] 照合成功: 費用ID:701 <-> 支払ID:66
[2025-05-20 23:09:03] 支払いデータ更新: ID=5, 更新行数=1
[2025-05-20 23:09:03] 費用データ更新: ID=702, 更新行数=1
[2025-05-20 23:09:03] 照合成功: 費用ID:702 <-> 支払ID:5
[2025-05-20 23:09:03] 支払いデータ更新: ID=73, 更新行数=1
[2025-05-20 23:09:03] 費用データ更新: ID=703, 更新行数=1
[2025-05-20 23:09:03] 照合成功: 費用ID:703 <-> 支払ID:73
[2025-05-20 23:09:03] 支払いデータ更新: ID=76, 更新行数=1
[2025-05-20 23:09:03] 費用データ更新: ID=704, 更新行数=1
[2025-05-20 23:09:03] 照合成功: 費用ID:704 <-> 支払ID:76
[2025-05-20 23:09:03] 支払いデータ更新: ID=40, 更新行数=1
[2025-05-20 23:09:03] 費用データ更新: ID=706, 更新行数=1
[2025-05-20 23:09:03] 照合成功: 費用ID:706 <-> 支払ID:40
[2025-05-20 23:09:03] 支払いデータ更新: ID=85, 更新行数=1
[2025-05-20 23:09:03] 費用データ更新: ID=707, 更新行数=1
[2025-05-20 23:09:03] 照合成功: 費用ID:707 <-> 支払ID:85
[2025-05-20 23:09:03] 支払いデータ更新: ID=60, 更新行数=1
[2025-05-20 23:09:03] 費用データ更新: ID=708, 更新行数=1
[2025-05-20 23:09:03] 照合成功: 費用ID:708 <-> 支払ID:60
[2025-05-20 23:09:03] 支払いデータ更新: ID=50, 更新行数=1
[2025-05-20 23:09:03] 費用データ更新: ID=709, 更新行数=1
[2025-05-20 23:09:03] 照合成功: 費用ID:709 <-> 支払ID:50
[2025-05-20 23:09:03] 支払いデータ更新: ID=65, 更新行数=1
[2025-05-20 23:09:03] 費用データ更新: ID=710, 更新行数=1
[2025-05-20 23:09:03] 照合成功: 費用ID:710 <-> 支払ID:65
[2025-05-20 23:09:03] 支払いデータ更新: ID=78, 更新行数=1
[2025-05-20 23:09:03] 費用データ更新: ID=711, 更新行数=1
[2025-05-20 23:09:03] 照合成功: 費用ID:711 <-> 支払ID:78
[2025-05-20 23:09:03] 支払いデータ更新: ID=51, 更新行数=1
[2025-05-20 23:09:03] 費用データ更新: ID=712, 更新行数=1
[2025-05-20 23:09:03] 照合成功: 費用ID:712 <-> 支払ID:51
[2025-05-20 23:09:03] 支払いデータ更新: ID=6, 更新行数=1
[2025-05-20 23:09:03] 費用データ更新: ID=713, 更新行数=1
[2025-05-20 23:09:03] 照合成功: 費用ID:713 <-> 支払ID:6
[2025-05-20 23:09:03] 支払いデータ更新: ID=72, 更新行数=1
[2025-05-20 23:09:03] 費用データ更新: ID=714, 更新行数=1
[2025-05-20 23:09:03] 照合成功: 費用ID:714 <-> 支払ID:72
[2025-05-20 23:09:03] 支払いデータ更新: ID=68, 更新行数=1
[2025-05-20 23:09:03] 費用データ更新: ID=715, 更新行数=1
[2025-05-20 23:09:03] 照合成功: 費用ID:715 <-> 支払ID:68
[2025-05-20 23:09:03] 支払いデータ更新: ID=36, 更新行数=1
[2025-05-20 23:09:03] 費用データ更新: ID=716, 更新行数=1
[2025-05-20 23:09:03] 照合成功: 費用ID:716 <-> 支払ID:36
[2025-05-20 23:09:03] 支払いデータ更新: ID=55, 更新行数=1
[2025-05-20 23:09:03] 費用データ更新: ID=717, 更新行数=1
[2025-05-20 23:09:03] 照合成功: 費用ID:717 <-> 支払ID:55
[2025-05-20 23:09:03] 支払いデータ更新: ID=52, 更新行数=1
[2025-05-20 23:09:03] 費用データ更新: ID=718, 更新行数=1
[2025-05-20 23:09:03] 照合成功: 費用ID:718 <-> 支払ID:52
[2025-05-20 23:09:03] 支払いデータ更新: ID=46, 更新行数=1
[2025-05-20 23:09:03] 費用データ更新: ID=719, 更新行数=1
[2025-05-20 23:09:03] 照合成功: 費用ID:719 <-> 支払ID:46
[2025-05-20 23:09:03] 支払いデータ更新: ID=47, 更新行数=1
[2025-05-20 23:09:03] 費用データ更新: ID=720, 更新行数=1
[2025-05-20 23:09:03] 照合成功: 費用ID:720 <-> 支払ID:47
[2025-05-20 23:09:03] 支払いデータ更新: ID=53, 更新行数=1
[2025-05-20 23:09:03] 費用データ更新: ID=721, 更新行数=1
[2025-05-20 23:09:03] 照合成功: 費用ID:721 <-> 支払ID:53
[2025-05-20 23:09:03] 支払いデータ更新: ID=48, 更新行数=1
[2025-05-20 23:09:03] 費用データ更新: ID=722, 更新行数=1
[2025-05-20 23:09:03] 照合成功: 費用ID:722 <-> 支払ID:48
[2025-05-20 23:09:03] 支払いデータ更新: ID=59, 更新行数=1
[2025-05-20 23:09:03] 費用データ更新: ID=723, 更新行数=1
[2025-05-20 23:09:03] 照合成功: 費用ID:723 <-> 支払ID:59
[2025-05-20 23:09:03] 支払いデータ更新: ID=28, 更新行数=1
[2025-05-20 23:09:03] 費用データ更新: ID=724, 更新行数=1
[2025-05-20 23:09:03] 照合成功: 費用ID:724 <-> 支払ID:28
[2025-05-20 23:09:03] 支払いデータ更新: ID=84, 更新行数=1
[2025-05-20 23:09:03] 費用データ更新: ID=725, 更新行数=1
[2025-05-20 23:09:03] 照合成功: 費用ID:725 <-> 支払ID:84
[2025-05-20 23:09:03] 支払いデータ更新: ID=21, 更新行数=1
[2025-05-20 23:09:03] 費用データ更新: ID=726, 更新行数=1
[2025-05-20 23:09:03] 照合成功: 費用ID:726 <-> 支払ID:21
[2025-05-20 23:09:03] 支払いデータ更新: ID=34, 更新行数=1
[2025-05-20 23:09:03] 費用データ更新: ID=727, 更新行数=1
[2025-05-20 23:09:03] 照合成功: 費用ID:727 <-> 支払ID:34
[2025-05-20 23:09:03] 支払いデータ更新: ID=26, 更新行数=1
[2025-05-20 23:09:03] 費用データ更新: ID=728, 更新行数=1
[2025-05-20 23:09:03] 照合成功: 費用ID:728 <-> 支払ID:26
[2025-05-20 23:09:03] 支払いデータ更新: ID=20, 更新行数=1
[2025-05-20 23:09:03] 費用データ更新: ID=729, 更新行数=1
[2025-05-20 23:09:03] 照合成功: 費用ID:729 <-> 支払ID:20
[2025-05-20 23:09:03] 支払いデータ更新: ID=87, 更新行数=1
[2025-05-20 23:09:03] 費用データ更新: ID=734, 更新行数=1
[2025-05-20 23:09:03] 照合成功: 費用ID:734 <-> 支払ID:87
[2025-05-20 23:09:03] 支払いデータ更新: ID=8, 更新行数=1
[2025-05-20 23:09:03] 費用データ更新: ID=735, 更新行数=1
[2025-05-20 23:09:03] 照合成功: 費用ID:735 <-> 支払ID:8
[2025-05-20 23:09:03] 費用データベースの変更をコミットします
[2025-05-20 23:09:03] 支払いデータベースの変更をコミットします
[2025-05-20 23:09:03] 照合完了: 一致=73件, 不一致=20件
[2025-05-20 23:09:03] 費用データの更新が完了しました
[2025-05-20 23:09:03] 支払いデータの更新が完了しました
[2025-05-20 23:09:03] 費用と支払いの照合: 73件一致、20件不一致
[2025-05-20 23:09:10] 照合開始: 費用データ 97件, 支払いデータ 89件
[2025-05-20 23:09:10] 支払いデータ更新: ID=54, 更新行数=1
[2025-05-20 23:09:10] 費用データ更新: ID=682, 更新行数=1
[2025-05-20 23:09:10] 照合成功: 費用ID:682 <-> 支払ID:54
[2025-05-20 23:09:10] 費用データベースの変更をコミットします
[2025-05-20 23:09:10] 支払いデータベースの変更をコミットします
[2025-05-20 23:09:10] 照合完了: 一致=1件, 不一致=20件
[2025-05-20 23:09:10] 支払いデータの更新が完了しました
[2025-05-20 23:09:10] 費用データの更新が完了しました
[2025-05-20 23:09:10] 支払いと費用の照合: 1件一致、20件不一致
[2025-05-20 23:09:10] 照合開始: 費用データ 97件, 支払いデータ 89件
[2025-05-20 23:09:10] 費用データベースの変更をコミットします
[2025-05-20 23:09:10] 支払いデータベースの変更をコミットします
[2025-05-20 23:09:10] 照合完了: 一致=0件, 不一致=20件
[2025-05-20 23:09:10] 支払いデータの更新が完了しました
[2025-05-20 23:09:10] 費用データの更新が完了しました
[2025-05-20 23:09:10] 支払いと費用の照合: 0件一致、20件不一致
[2025-05-20 23:09:31] 照合開始: 費用データ 97件, 支払いデータ 89件
[2025-05-20 23:09:31] 費用データベースの変更をコミットします
[2025-05-20 23:09:31] 支払いデータベースの変更をコミットします
[2025-05-20 23:09:31] 照合完了: 一致=0件, 不一致=20件
[2025-05-20 23:09:31] 費用データの更新が完了しました
[2025-05-20 23:09:31] 支払いデータの更新が完了しました
[2025-05-20 23:09:31] 費用と支払いの照合: 0件一致、20件不一致
[2025-05-20 23:09:40] 費用データ ID: 737 を更新しました
[2025-05-20 23:09:40] 費用データの更新が完了しました
[2025-05-20 23:10:14] 費用データ ID: 754 を更新しました
[2025-05-20 23:10:14] 費用データの更新が完了しました
[2025-05-20 23:11:07] payments テーブルを再作成しました
[2025-05-20 23:11:07] ヘッダー '状態' がCSVファイルに見つかりません
[2025-05-20 23:11:07] 89件のデータをCSVからインポートしました: AccountingApprovalList_20250520 (1).csv
[2025-05-20 23:11:07] 支払いデータの更新が完了しました
[2025-05-20 23:11:07] 費用データの更新が完了しました
[2025-05-20 23:11:07] 費用マスターデータの更新が完了しました
