[2025-05-26 20:45:02] payments テーブルを再作成しました
[2025-05-26 20:45:02] ヘッダー 'おもて情報.件名' がCSVファイルに見つかりません
[2025-05-26 20:45:02] ヘッダー '明細情報.明細項目' がCSVファイルに見つかりません
[2025-05-26 20:45:02] ヘッダー 'おもて情報.請求元' がCSVファイルに見つかりません
[2025-05-26 20:45:02] ヘッダー 'おもて情報.支払先コード' がCSVファイルに見つかりません
[2025-05-26 20:45:02] ヘッダー '明細情報.金額' がCSVファイルに見つかりません
[2025-05-26 20:45:02] ヘッダー 'おもて情報.自社支払期限' がCSVファイルに見つかりません
[2025-05-26 20:45:02] ヘッダー '状態' がCSVファイルに見つかりません
[2025-05-26 20:45:02] CSVファイルのヘッダーが不正です: 明細情報.明細項目, おもて情報.請求元, 明細情報.金額, おもて情報.自社支払期限
[2025-05-26 20:45:02] 0件のデータをCSVからインポートしました: AccountingApprovalList_20250514.csv
[2025-05-26 20:45:02] 支払いデータの更新が完了しました
[2025-05-26 20:45:02] 費用データの更新が完了しました
[2025-05-26 20:45:02] 費用マスターデータの更新が完了しました
[2025-05-26 20:46:25] payments テーブルを再作成しました
[2025-05-26 20:46:25] ヘッダー 'おもて情報.件名' がCSVファイルに見つかりません
[2025-05-26 20:46:25] ヘッダー '明細情報.明細項目' がCSVファイルに見つかりません
[2025-05-26 20:46:25] ヘッダー 'おもて情報.請求元' がCSVファイルに見つかりません
[2025-05-26 20:46:25] ヘッダー 'おもて情報.支払先コード' がCSVファイルに見つかりません
[2025-05-26 20:46:25] ヘッダー '明細情報.金額' がCSVファイルに見つかりません
[2025-05-26 20:46:25] ヘッダー 'おもて情報.自社支払期限' がCSVファイルに見つかりません
[2025-05-26 20:46:25] ヘッダー '状態' がCSVファイルに見つかりません
[2025-05-26 20:46:25] CSVファイルのヘッダーが不正です: 明細情報.明細項目, おもて情報.請求元, 明細情報.金額, おもて情報.自社支払期限
[2025-05-26 20:46:25] 0件のデータをCSVからインポートしました: AccountingApprovalList_20250514.csv
[2025-05-26 20:46:25] 支払いデータの更新が完了しました
[2025-05-26 20:46:25] 費用データの更新が完了しました
[2025-05-26 20:46:25] 費用マスターデータの更新が完了しました
[2025-05-26 20:46:49] payments テーブルを再作成しました
[2025-05-26 20:46:50] ヘッダー 'おもて情報.件名' がCSVファイルに見つかりません
[2025-05-26 20:46:50] ヘッダー '明細情報.明細項目' がCSVファイルに見つかりません
[2025-05-26 20:46:50] ヘッダー 'おもて情報.請求元' がCSVファイルに見つかりません
[2025-05-26 20:46:50] ヘッダー 'おもて情報.支払先コード' がCSVファイルに見つかりません
[2025-05-26 20:46:50] ヘッダー '明細情報.金額' がCSVファイルに見つかりません
[2025-05-26 20:46:50] ヘッダー 'おもて情報.自社支払期限' がCSVファイルに見つかりません
[2025-05-26 20:46:50] ヘッダー '状態' がCSVファイルに見つかりません
[2025-05-26 20:46:50] CSVファイルのヘッダーが不正です: 明細情報.明細項目, おもて情報.請求元, 明細情報.金額, おもて情報.自社支払期限
[2025-05-26 20:46:50] 0件のデータをCSVからインポートしました: AccountingApprovalList_20250514.csv
[2025-05-26 20:46:50] 支払いデータの更新が完了しました
[2025-05-26 20:46:50] 費用データの更新が完了しました
[2025-05-26 20:46:50] 費用マスターデータの更新が完了しました
