[2025-08-22 16:42:15] フォントサイズ計算: DPI=192.0, scale=2.10, 結果=18px
[2025-08-22 16:42:15] payments テーブルを再作成しました
[2025-08-22 16:42:15] 支払い先マスターデータベースを初期化しました
[2025-08-22 16:42:15] フィルターオプションの更新を開始
[2025-08-22 16:42:15] フィルターオプション取得結果:
[2025-08-22 16:42:15]   案件進行状況: 0件
[2025-08-22 16:42:15]   支払い状態: 0件
[2025-08-22 16:42:15]   担当部門: 0件
[2025-08-22 16:42:15]   クライアント: 0件
[2025-08-22 16:42:15]   支払い月: 0件 - []
[2025-08-22 16:42:15] 取得したオプション: ['project_status_options', 'payment_status_options', 'department_options', 'client_options', 'payment_month_options']
[2025-08-22 16:42:15] 支払い月オプション: 0件 - []
[2025-08-22 16:42:15] 支払い月のデータが空です。データを確認してください。
[2025-08-22 16:42:15] 案件状況オプション: 0件 - []
[2025-08-22 16:42:15] 案件状況フィルターに0件の選択肢を追加
[2025-08-22 16:42:15] 支払い状態オプション: 0件 - []
[2025-08-22 16:42:15] 支払い状態フィルターに0件の選択肢を追加
[2025-08-22 16:42:15] ヘッダー '状態' がCSVファイルに見つかりません
[2025-08-22 16:42:15] 支払い先マスター更新: 公益財団法人日本道路交通情報センター -> 052003
[2025-08-22 16:42:15] 支払い先マスター更新: 株式会社ウェザーニューズ -> 013002
[2025-08-22 16:42:16] 支払い先マスター更新: 吉本興業株式会社　東京本部 -> 085068
[2025-08-22 16:42:16] 支払い先マスター更新: トップギアインターナショナル合同会社 -> 045124
[2025-08-22 16:42:16] 支払い先マスター更新: ユニバーサル -> 083008
[2025-08-22 16:42:16] 支払い先マスター更新: トップギア -> 045124
[2025-08-22 16:42:16] 支払い先マスター更新: 株式会社FIRST　AGENT -> 012139
[2025-08-22 16:42:16] 支払い先マスター更新: 有限会社ウルトラ -> 013005
[2025-08-22 16:42:16] 支払い先マスター更新: 株式会社ジェイタス -> 032071
[2025-08-22 16:42:16] 支払い先マスター更新: 株式会社浜銀総合研究所 -> 061040
[2025-08-22 16:42:16] 支払い先マスター更新: 有限会社ティーズ・カンパニー -> 044001
[2025-08-22 16:42:16] 支払い先マスター更新: 浜銀総合研究所 -> 061040
[2025-08-22 16:42:16] 支払い先マスター更新: 株式会社レスキューナウ -> 094025
[2025-08-22 16:42:16] 支払い先マスター更新: 合同会社山田本家 -> 073025
[2025-08-22 16:42:16] 支払い先マスター更新: 株式会社エッグパラダイス　本社 -> 014195
[2025-08-22 16:42:16] 支払い先マスター更新: 株式会社圭三プロダクション -> 024001
[2025-08-22 16:42:16] 支払い先マスター更新: 山本　陽介 -> 081077
[2025-08-22 16:42:16] 支払い先マスター更新: 鈴木　まひる -> 033008
[2025-08-22 16:42:16] 支払い先マスター更新: 一般社団法人共同通信社 -> 022004
[2025-08-22 16:42:16] 支払い先マスター更新: 有限会社ボイスワークス -> 065062
[2025-08-22 16:42:16] 支払い先マスター更新: 有限会社さくら -> 031003
[2025-08-22 16:42:16] 支払い先マスター更新: トップギアインターナショナル -> 045124
[2025-08-22 16:42:16] 支払い先マスター更新: 株式会社グレープカンパニー -> 023100
[2025-08-22 16:42:16] 支払い先マスター更新: 藤田観光株式会社　横浜ワシントンホテル -> 063022
[2025-08-22 16:42:16] 支払い先マスター更新: クロスイメージング株式会社 -> 023102
[2025-08-22 16:42:16] 支払い先マスター更新: 有限会社リズミック -> 092011
[2025-08-22 16:42:16] 支払い先マスター更新: 株式会社サウンズネクスト -> 014012
[2025-08-22 16:42:16] 支払い先マスター更新: 株式会社ワタナベエンターテインメント -> 096031
[2025-08-22 16:42:16] 支払い先マスター更新: 有限会社大人計画 -> 015181
[2025-08-22 16:42:16] 支払い先マスター更新: 有限会社チャプター -> 042001
[2025-08-22 16:42:16] 支払い先マスター更新: 株式会社プラスプラス -> 063174
[2025-08-22 16:42:16] 支払い先マスター更新: 株式会社アルスコード -> 014122
[2025-08-22 16:42:16] 支払い先マスター更新: 株式会社ジェー・プラネット -> 032001
[2025-08-22 16:42:16] 支払い先マスター更新: 株式会社ライムライト -> 091016
[2025-08-22 16:42:16] 支払い先マスター更新: 株式会社神奈川新聞社 -> 021027
[2025-08-22 16:42:16] 支払い先マスター更新: 株式会社浅井企画 -> 011044
[2025-08-22 16:42:16] 支払い先マスター更新: 4G -> 032090
[2025-08-22 16:42:16] 支払い先マスター更新: 株式会社アクロスエンタテインメント -> 011053
[2025-08-22 16:42:16] 支払い先マスター更新: 神奈川都市交通株式会社 -> 021003
[2025-08-22 16:42:16] 支払い先マスター更新: 柴田　聡 -> 032051
[2025-08-22 16:42:16] 支払い先マスター更新: 株式会社セント・フォース -> 034024
[2025-08-22 16:42:16] 支払い先マスター更新: 松原　さと子 -> 071005
[2025-08-22 16:42:16] 支払い先マスター更新: 野村　康子 -> 055014
[2025-08-22 16:42:16] 支払い先マスター更新: 株式会社ジョイスタッフ -> 032039
[2025-08-22 16:42:16] 支払い先マスター更新: 平松　政俊 -> 062113
[2025-08-22 16:42:16] 支払い先マスター更新: 龍口健太郎 -> 094019
[2025-08-22 16:42:16] 支払い先マスター更新: 株式会社ミュージックレイン　本社 -> 072102
[2025-08-22 16:42:16] 支払い先マスター更新: G-インパクト株式会社 -> 032047
[2025-08-22 16:42:16] 支払い先マスター更新: 株式会社プランテック -> 063157
[2025-08-22 16:42:16] 支払い先マスター更新: 城山　光正 -> 032179
[2025-08-22 16:42:16] 支払い先マスター更新: 株式会社ホリプロ -> 065005
[2025-08-22 16:42:16] 支払い先マスター更新: 株式会社サンミュージックプロダクション -> 031065
[2025-08-22 16:42:16] 支払い先マスター更新: 宮澤光邦 -> 072057
[2025-08-22 16:42:16] 支払い先マスター更新: 株式会社エス・オー・プロモーション -> 014002
[2025-08-22 16:42:16] 支払い先マスター更新: 山本陽介 -> 081077
[2025-08-22 16:42:16] 支払い先マスター更新: リズミック -> 092011
[2025-08-22 16:42:16] 支払い先マスター更新: 株式会社ワンダーワーカーズ -> 096021
[2025-08-22 16:42:16] 支払い先マスター更新: ＷＵＪエンタテインメント合同会社 -> 072086
[2025-08-22 16:42:16] 支払い先マスター同期完了: 58件
[2025-08-22 16:42:16] 84件のデータをCSVからインポートしました: AccountingApprovalList_20250819.csv
[2025-08-22 16:42:16] 支払いデータの更新が完了しました
[2025-08-22 16:42:16] 支払いデータの更新が完了しました
[2025-08-22 16:42:16] 取得した支払い月: 4件
[2025-08-22 16:42:16] 月フィルタ追加: 2025年08月 -> 2025-08
[2025-08-22 16:42:16] 月フィルタ追加: 2025年07月 -> 2025-07
[2025-08-22 16:42:16] 月フィルタ追加: 2025年06月 -> 2025-06
[2025-08-22 16:42:16] 月フィルタ追加: 2025年05月 -> 2025-05
[2025-08-22 16:42:16] 費用データの更新が完了しました
[2025-08-22 16:42:16] 費用マスターデータの更新が完了しました
[2025-08-22 16:42:16] フォントサイズ計算: DPI=192.0, scale=2.10, 結果=18px
[2025-08-22 16:42:16] payments テーブルを再作成しました
[2025-08-22 16:42:16] 支払い先マスターデータベースを初期化しました
[2025-08-22 16:42:17] フィルターオプションの更新を開始
[2025-08-22 16:42:17] フィルターオプション取得結果:
[2025-08-22 16:42:17]   案件進行状況: 0件
[2025-08-22 16:42:17]   支払い状態: 0件
[2025-08-22 16:42:17]   担当部門: 0件
[2025-08-22 16:42:17]   クライアント: 0件
[2025-08-22 16:42:17]   支払い月: 0件 - []
[2025-08-22 16:42:17] 取得したオプション: ['project_status_options', 'payment_status_options', 'department_options', 'client_options', 'payment_month_options']
[2025-08-22 16:42:17] 支払い月オプション: 0件 - []
[2025-08-22 16:42:17] 支払い月のデータが空です。データを確認してください。
[2025-08-22 16:42:17] 案件状況オプション: 0件 - []
[2025-08-22 16:42:17] 案件状況フィルターに0件の選択肢を追加
[2025-08-22 16:42:17] 支払い状態オプション: 0件 - []
[2025-08-22 16:42:17] 支払い状態フィルターに0件の選択肢を追加
[2025-08-22 16:42:17] ヘッダー '状態' がCSVファイルに見つかりません
[2025-08-22 16:42:17] 支払い先マスター更新: 株式会社エッグパラダイス　本社 -> 014195
[2025-08-22 16:42:17] 支払い先マスター更新: 有限会社ティーズ・カンパニー -> 044001
[2025-08-22 16:42:17] 支払い先マスター更新: トップギア -> 045124
[2025-08-22 16:42:17] 支払い先マスター更新: 一般社団法人共同通信社 -> 022004
[2025-08-22 16:42:17] 支払い先マスター更新: 株式会社プラスプラス -> 063174
[2025-08-22 16:42:17] 支払い先マスター更新: 株式会社ジョイスタッフ -> 032039
[2025-08-22 16:42:17] 支払い先マスター更新: G-インパクト株式会社 -> 032047
[2025-08-22 16:42:17] 支払い先マスター更新: 株式会社エス・オー・プロモーション -> 014002
[2025-08-22 16:42:17] 支払い先マスター更新: 株式会社ワタナベエンターテインメント -> 096031
[2025-08-22 16:42:17] 支払い先マスター更新: 株式会社サウンズネクスト -> 014012
[2025-08-22 16:42:17] 支払い先マスター更新: 神奈川都市交通株式会社 -> 021003
[2025-08-22 16:42:17] 支払い先マスター更新: 株式会社ウェザーニューズ -> 013002
[2025-08-22 16:42:17] 支払い先マスター更新: 藤田観光株式会社　横浜ワシントンホテル -> 063022
[2025-08-22 16:42:17] 支払い先マスター更新: 有限会社リズミック -> 092011
[2025-08-22 16:42:17] 支払い先マスター更新: 有限会社ウルトラ -> 013005
[2025-08-22 16:42:17] 支払い先マスター更新: 株式会社ジェイタス -> 032071
[2025-08-22 16:42:17] 支払い先マスター更新: 龍口健太郎 -> 094019
[2025-08-22 16:42:17] 支払い先マスター更新: 野村　康子 -> 055014
[2025-08-22 16:42:17] 支払い先マスター更新: ユニバーサル -> 083008
[2025-08-22 16:42:17] 支払い先マスター更新: 株式会社サンミュージックプロダクション -> 031065
[2025-08-22 16:42:17] 支払い先マスター更新: 松原　さと子 -> 071005
[2025-08-22 16:42:17] 支払い先マスター更新: 鈴木　まひる -> 033008
[2025-08-22 16:42:17] 支払い先マスター更新: 株式会社プランテック -> 063157
[2025-08-22 16:42:17] 支払い先マスター更新: 株式会社FIRST　AGENT -> 012139
[2025-08-22 16:42:17] 支払い先マスター更新: 有限会社大人計画 -> 015181
[2025-08-22 16:42:17] 支払い先マスター更新: 有限会社さくら -> 031003
[2025-08-22 16:42:17] 支払い先マスター更新: 株式会社レスキューナウ -> 094025
[2025-08-22 16:42:17] 支払い先マスター更新: 株式会社ミュージックレイン　本社 -> 072102
[2025-08-22 16:42:17] 支払い先マスター更新: 株式会社ホリプロ -> 065005
[2025-08-22 16:42:17] 支払い先マスター更新: 株式会社浜銀総合研究所 -> 061040
[2025-08-22 16:42:17] 支払い先マスター更新: 城山　光正 -> 032179
[2025-08-22 16:42:17] 支払い先マスター更新: 4G -> 032090
[2025-08-22 16:42:17] 支払い先マスター更新: 有限会社ボイスワークス -> 065062
[2025-08-22 16:42:17] 支払い先マスター更新: 柴田　聡 -> 032051
[2025-08-22 16:42:17] 支払い先マスター更新: 吉本興業株式会社　東京本部 -> 085068
[2025-08-22 16:42:17] 支払い先マスター更新: 株式会社ジェー・プラネット -> 032001
[2025-08-22 16:42:17] 支払い先マスター更新: 株式会社アクロスエンタテインメント -> 011053
[2025-08-22 16:42:17] 支払い先マスター更新: 株式会社ワンダーワーカーズ -> 096021
[2025-08-22 16:42:17] 支払い先マスター更新: 有限会社チャプター -> 042001
[2025-08-22 16:42:17] 支払い先マスター更新: 平松　政俊 -> 062113
[2025-08-22 16:42:17] 支払い先マスター更新: クロスイメージング株式会社 -> 023102
[2025-08-22 16:42:17] 支払い先マスター更新: トップギアインターナショナル合同会社 -> 045124
[2025-08-22 16:42:17] 支払い先マスター更新: 株式会社グレープカンパニー -> 023100
[2025-08-22 16:42:17] 支払い先マスター更新: 株式会社神奈川新聞社 -> 021027
[2025-08-22 16:42:17] 支払い先マスター更新: 浜銀総合研究所 -> 061040
[2025-08-22 16:42:17] 支払い先マスター更新: 合同会社山田本家 -> 073025
[2025-08-22 16:42:17] 支払い先マスター更新: 山本　陽介 -> 081077
[2025-08-22 16:42:17] 支払い先マスター更新: 公益財団法人日本道路交通情報センター -> 052003
[2025-08-22 16:42:17] 支払い先マスター更新: ＷＵＪエンタテインメント合同会社 -> 072086
[2025-08-22 16:42:17] 支払い先マスター更新: 株式会社アルスコード -> 014122
[2025-08-22 16:42:17] 支払い先マスター更新: 株式会社セント・フォース -> 034024
[2025-08-22 16:42:17] 支払い先マスター更新: 株式会社圭三プロダクション -> 024001
[2025-08-22 16:42:17] 支払い先マスター更新: 株式会社ライムライト -> 091016
[2025-08-22 16:42:17] 支払い先マスター更新: 山本陽介 -> 081077
[2025-08-22 16:42:17] 支払い先マスター更新: 宮澤光邦 -> 072057
[2025-08-22 16:42:17] 支払い先マスター更新: 株式会社浅井企画 -> 011044
[2025-08-22 16:42:17] 支払い先マスター更新: リズミック -> 092011
[2025-08-22 16:42:17] 支払い先マスター更新: トップギアインターナショナル -> 045124
[2025-08-22 16:42:17] 支払い先マスター同期完了: 58件
[2025-08-22 16:42:17] 84件のデータをCSVからインポートしました: AccountingApprovalList_20250819.csv
[2025-08-22 16:42:17] 支払いデータの更新が完了しました
[2025-08-22 16:42:17] 支払いデータの更新が完了しました
[2025-08-22 16:42:17] 取得した支払い月: 4件
[2025-08-22 16:42:17] 月フィルタ追加: 2025年08月 -> 2025-08
[2025-08-22 16:42:17] 月フィルタ追加: 2025年07月 -> 2025-07
[2025-08-22 16:42:17] 月フィルタ追加: 2025年06月 -> 2025-06
[2025-08-22 16:42:17] 月フィルタ追加: 2025年05月 -> 2025-05
[2025-08-22 16:42:17] 費用データの更新が完了しました
[2025-08-22 16:42:18] 費用マスターデータの更新が完了しました
[2025-08-22 16:42:23] ヘッダー '状態' がCSVファイルに見つかりません
[2025-08-22 16:42:23] 支払い先マスター更新: 公益財団法人日本道路交通情報センター -> 052003
[2025-08-22 16:42:23] 支払い先マスター更新: 株式会社ウェザーニューズ -> 013002
[2025-08-22 16:42:23] 支払い先マスター更新: 吉本興業株式会社　東京本部 -> 085068
[2025-08-22 16:42:23] 支払い先マスター更新: トップギアインターナショナル合同会社 -> 045124
[2025-08-22 16:42:23] 支払い先マスター更新: ユニバーサル -> 083008
[2025-08-22 16:42:23] 支払い先マスター更新: トップギア -> 045124
[2025-08-22 16:42:23] 支払い先マスター更新: 株式会社FIRST　AGENT -> 012139
[2025-08-22 16:42:23] 支払い先マスター更新: 有限会社ウルトラ -> 013005
[2025-08-22 16:42:23] 支払い先マスター更新: 株式会社ジェイタス -> 032071
[2025-08-22 16:42:23] 支払い先マスター更新: 株式会社浜銀総合研究所 -> 061040
[2025-08-22 16:42:23] 支払い先マスター更新: 有限会社ティーズ・カンパニー -> 044001
[2025-08-22 16:42:23] 支払い先マスター更新: 浜銀総合研究所 -> 061040
[2025-08-22 16:42:23] 支払い先マスター更新: 株式会社レスキューナウ -> 094025
[2025-08-22 16:42:23] 支払い先マスター更新: 合同会社山田本家 -> 073025
[2025-08-22 16:42:23] 支払い先マスター更新: 株式会社エッグパラダイス　本社 -> 014195
[2025-08-22 16:42:23] 支払い先マスター更新: 株式会社圭三プロダクション -> 024001
[2025-08-22 16:42:23] 支払い先マスター更新: 山本　陽介 -> 081077
[2025-08-22 16:42:23] 支払い先マスター更新: 鈴木　まひる -> 033008
[2025-08-22 16:42:23] 支払い先マスター更新: 一般社団法人共同通信社 -> 022004
[2025-08-22 16:42:23] 支払い先マスター更新: 有限会社ボイスワークス -> 065062
[2025-08-22 16:42:23] 支払い先マスター更新: 有限会社さくら -> 031003
[2025-08-22 16:42:23] 支払い先マスター更新: トップギアインターナショナル -> 045124
[2025-08-22 16:42:23] 支払い先マスター更新: 株式会社グレープカンパニー -> 023100
[2025-08-22 16:42:23] 支払い先マスター更新: 藤田観光株式会社　横浜ワシントンホテル -> 063022
[2025-08-22 16:42:23] 支払い先マスター更新: クロスイメージング株式会社 -> 023102
[2025-08-22 16:42:23] 支払い先マスター更新: 有限会社リズミック -> 092011
[2025-08-22 16:42:23] 支払い先マスター更新: 株式会社サウンズネクスト -> 014012
[2025-08-22 16:42:23] 支払い先マスター更新: 株式会社ワタナベエンターテインメント -> 096031
[2025-08-22 16:42:23] 支払い先マスター更新: 有限会社大人計画 -> 015181
[2025-08-22 16:42:23] 支払い先マスター更新: 有限会社チャプター -> 042001
[2025-08-22 16:42:23] 支払い先マスター更新: 株式会社プラスプラス -> 063174
[2025-08-22 16:42:23] 支払い先マスター更新: 株式会社アルスコード -> 014122
[2025-08-22 16:42:23] 支払い先マスター更新: 株式会社ジェー・プラネット -> 032001
[2025-08-22 16:42:23] 支払い先マスター更新: 株式会社ライムライト -> 091016
[2025-08-22 16:42:23] 支払い先マスター更新: 株式会社神奈川新聞社 -> 021027
[2025-08-22 16:42:23] 支払い先マスター更新: 株式会社浅井企画 -> 011044
[2025-08-22 16:42:23] 支払い先マスター更新: 4G -> 032090
[2025-08-22 16:42:23] 支払い先マスター更新: 株式会社アクロスエンタテインメント -> 011053
[2025-08-22 16:42:23] 支払い先マスター更新: 神奈川都市交通株式会社 -> 021003
[2025-08-22 16:42:23] 支払い先マスター更新: 柴田　聡 -> 032051
[2025-08-22 16:42:23] 支払い先マスター更新: 株式会社セント・フォース -> 034024
[2025-08-22 16:42:23] 支払い先マスター更新: 松原　さと子 -> 071005
[2025-08-22 16:42:23] 支払い先マスター更新: 野村　康子 -> 055014
[2025-08-22 16:42:23] 支払い先マスター更新: 株式会社ジョイスタッフ -> 032039
[2025-08-22 16:42:23] 支払い先マスター更新: 平松　政俊 -> 062113
[2025-08-22 16:42:23] 支払い先マスター更新: 龍口健太郎 -> 094019
[2025-08-22 16:42:23] 支払い先マスター更新: 株式会社ミュージックレイン　本社 -> 072102
[2025-08-22 16:42:23] 支払い先マスター更新: G-インパクト株式会社 -> 032047
[2025-08-22 16:42:23] 支払い先マスター更新: 株式会社プランテック -> 063157
[2025-08-22 16:42:23] 支払い先マスター更新: 城山　光正 -> 032179
[2025-08-22 16:42:23] 支払い先マスター更新: 株式会社ホリプロ -> 065005
[2025-08-22 16:42:23] 支払い先マスター更新: 株式会社サンミュージックプロダクション -> 031065
[2025-08-22 16:42:23] 支払い先マスター更新: 宮澤光邦 -> 072057
[2025-08-22 16:42:23] 支払い先マスター更新: 株式会社エス・オー・プロモーション -> 014002
[2025-08-22 16:42:23] 支払い先マスター更新: 山本陽介 -> 081077
[2025-08-22 16:42:23] 支払い先マスター更新: リズミック -> 092011
[2025-08-22 16:42:23] 支払い先マスター更新: 株式会社ワンダーワーカーズ -> 096021
[2025-08-22 16:42:23] 支払い先マスター更新: ＷＵＪエンタテインメント合同会社 -> 072086
[2025-08-22 16:42:23] 支払い先マスター同期完了: 58件
[2025-08-22 16:42:23] 84件のデータをCSVからインポートしました: AccountingApprovalList_20250819.csv
[2025-08-22 16:42:23] 支払いデータの更新が完了しました
[2025-08-22 16:42:24] ヘッダー '状態' がCSVファイルに見つかりません
[2025-08-22 16:42:24] 支払い先マスター更新: 公益財団法人日本道路交通情報センター -> 052003
[2025-08-22 16:42:24] 支払い先マスター更新: 株式会社ウェザーニューズ -> 013002
[2025-08-22 16:42:24] 支払い先マスター更新: 吉本興業株式会社　東京本部 -> 085068
[2025-08-22 16:42:24] 支払い先マスター更新: トップギアインターナショナル合同会社 -> 045124
[2025-08-22 16:42:24] 支払い先マスター更新: ユニバーサル -> 083008
[2025-08-22 16:42:24] 支払い先マスター更新: トップギア -> 045124
[2025-08-22 16:42:24] 支払い先マスター更新: 株式会社FIRST　AGENT -> 012139
[2025-08-22 16:42:24] 支払い先マスター更新: 有限会社ウルトラ -> 013005
[2025-08-22 16:42:24] 支払い先マスター更新: 株式会社ジェイタス -> 032071
[2025-08-22 16:42:24] 支払い先マスター更新: 株式会社浜銀総合研究所 -> 061040
[2025-08-22 16:42:24] 支払い先マスター更新: 有限会社ティーズ・カンパニー -> 044001
[2025-08-22 16:42:24] 支払い先マスター更新: 浜銀総合研究所 -> 061040
[2025-08-22 16:42:24] 支払い先マスター更新: 株式会社レスキューナウ -> 094025
[2025-08-22 16:42:24] 支払い先マスター更新: 合同会社山田本家 -> 073025
[2025-08-22 16:42:24] 支払い先マスター更新: 株式会社エッグパラダイス　本社 -> 014195
[2025-08-22 16:42:24] 支払い先マスター更新: 株式会社圭三プロダクション -> 024001
[2025-08-22 16:42:24] 支払い先マスター更新: 山本　陽介 -> 081077
[2025-08-22 16:42:24] 支払い先マスター更新: 鈴木　まひる -> 033008
[2025-08-22 16:42:24] 支払い先マスター更新: 一般社団法人共同通信社 -> 022004
[2025-08-22 16:42:24] 支払い先マスター更新: 有限会社ボイスワークス -> 065062
[2025-08-22 16:42:24] 支払い先マスター更新: 有限会社さくら -> 031003
[2025-08-22 16:42:24] 支払い先マスター更新: トップギアインターナショナル -> 045124
[2025-08-22 16:42:24] 支払い先マスター更新: 株式会社グレープカンパニー -> 023100
[2025-08-22 16:42:24] 支払い先マスター更新: 藤田観光株式会社　横浜ワシントンホテル -> 063022
[2025-08-22 16:42:24] 支払い先マスター更新: クロスイメージング株式会社 -> 023102
[2025-08-22 16:42:24] 支払い先マスター更新: 有限会社リズミック -> 092011
[2025-08-22 16:42:24] 支払い先マスター更新: 株式会社サウンズネクスト -> 014012
[2025-08-22 16:42:24] 支払い先マスター更新: 株式会社ワタナベエンターテインメント -> 096031
[2025-08-22 16:42:24] 支払い先マスター更新: 有限会社大人計画 -> 015181
[2025-08-22 16:42:24] 支払い先マスター更新: 有限会社チャプター -> 042001
[2025-08-22 16:42:24] 支払い先マスター更新: 株式会社プラスプラス -> 063174
[2025-08-22 16:42:24] 支払い先マスター更新: 株式会社アルスコード -> 014122
[2025-08-22 16:42:24] 支払い先マスター更新: 株式会社ジェー・プラネット -> 032001
[2025-08-22 16:42:24] 支払い先マスター更新: 株式会社ライムライト -> 091016
[2025-08-22 16:42:24] 支払い先マスター更新: 株式会社神奈川新聞社 -> 021027
[2025-08-22 16:42:24] 支払い先マスター更新: 株式会社浅井企画 -> 011044
[2025-08-22 16:42:24] 支払い先マスター更新: 4G -> 032090
[2025-08-22 16:42:24] 支払い先マスター更新: 株式会社アクロスエンタテインメント -> 011053
[2025-08-22 16:42:24] 支払い先マスター更新: 神奈川都市交通株式会社 -> 021003
[2025-08-22 16:42:24] 支払い先マスター更新: 柴田　聡 -> 032051
[2025-08-22 16:42:24] 支払い先マスター更新: 株式会社セント・フォース -> 034024
[2025-08-22 16:42:24] 支払い先マスター更新: 松原　さと子 -> 071005
[2025-08-22 16:42:24] 支払い先マスター更新: 野村　康子 -> 055014
[2025-08-22 16:42:24] 支払い先マスター更新: 株式会社ジョイスタッフ -> 032039
[2025-08-22 16:42:24] 支払い先マスター更新: 平松　政俊 -> 062113
[2025-08-22 16:42:24] 支払い先マスター更新: 龍口健太郎 -> 094019
[2025-08-22 16:42:24] 支払い先マスター更新: 株式会社ミュージックレイン　本社 -> 072102
[2025-08-22 16:42:24] 支払い先マスター更新: G-インパクト株式会社 -> 032047
[2025-08-22 16:42:24] 支払い先マスター更新: 株式会社プランテック -> 063157
[2025-08-22 16:42:24] 支払い先マスター更新: 城山　光正 -> 032179
[2025-08-22 16:42:24] 支払い先マスター更新: 株式会社ホリプロ -> 065005
[2025-08-22 16:42:24] 支払い先マスター更新: 株式会社サンミュージックプロダクション -> 031065
[2025-08-22 16:42:24] 支払い先マスター更新: 宮澤光邦 -> 072057
[2025-08-22 16:42:24] 支払い先マスター更新: 株式会社エス・オー・プロモーション -> 014002
[2025-08-22 16:42:24] 支払い先マスター更新: 山本陽介 -> 081077
[2025-08-22 16:42:24] 支払い先マスター更新: リズミック -> 092011
[2025-08-22 16:42:24] 支払い先マスター更新: 株式会社ワンダーワーカーズ -> 096021
[2025-08-22 16:42:24] 支払い先マスター更新: ＷＵＪエンタテインメント合同会社 -> 072086
[2025-08-22 16:42:24] 支払い先マスター同期完了: 58件
[2025-08-22 16:42:24] 84件のデータをCSVからインポートしました: AccountingApprovalList_20250819.csv
[2025-08-22 16:42:24] 支払いデータの更新が完了しました
[2025-08-22 16:42:27] 照合処理開始: 費用データ 12件、支払いデータ 84件
[2025-08-22 16:42:27] 照合チェック - 費用ID:674, 支払ID:223
[2025-08-22 16:42:27]   コード: 092011 vs 092011 -> True
[2025-08-22 16:42:27]   金額: 190000.0 vs 1000000.0 -> False
[2025-08-22 16:42:27]   月: 2025-05 vs 2025-08 (翌月期待値) -> False
[2025-08-22 16:42:27] 照合チェック - 費用ID:674, 支払ID:224
[2025-08-22 16:42:27]   コード: 092011 vs 092011 -> True
[2025-08-22 16:42:27]   金額: 190000.0 vs 80000.0 -> False
[2025-08-22 16:42:27]   月: 2025-05 vs 2025-08 (翌月期待値) -> False
[2025-08-22 16:42:27] 照合チェック - 費用ID:674, 支払ID:225
[2025-08-22 16:42:27]   コード: 092011 vs 092011 -> True
[2025-08-22 16:42:27]   金額: 190000.0 vs 50000.0 -> False
[2025-08-22 16:42:27]   月: 2025-05 vs 2025-08 (翌月期待値) -> False
[2025-08-22 16:42:27] 照合チェック - 費用ID:674, 支払ID:231
[2025-08-22 16:42:27]   コード: 092011 vs 092011 -> True
[2025-08-22 16:42:27]   金額: 190000.0 vs 1125000.0 -> False
[2025-08-22 16:42:27]   月: 2025-05 vs 2025-08 (翌月期待値) -> False
[2025-08-22 16:42:27] 照合チェック - 費用ID:674, 支払ID:233
[2025-08-22 16:42:27]   コード: 092011 vs 092011 -> True
[2025-08-22 16:42:27]   金額: 190000.0 vs 150000.0 -> False
[2025-08-22 16:42:27]   月: 2025-05 vs 2025-08 (翌月期待値) -> False
[2025-08-22 16:42:27] 照合チェック - 費用ID:674, 支払ID:237
[2025-08-22 16:42:27]   コード: 092011 vs 032051 -> False
[2025-08-22 16:42:27]   金額: 190000.0 vs 190000.0 -> True
[2025-08-22 16:42:27]   月: 2025-05 vs 2025-08 (翌月期待値) -> False
[2025-08-22 16:42:27] 照合チェック - 費用ID:676, 支払ID:180
[2025-08-22 16:42:27]   コード: 092011 vs 015181 -> False
[2025-08-22 16:42:27]   金額: 10000.0 vs 10000.0 -> True
[2025-08-22 16:42:27]   月: 2025-05 vs 2025-08 (翌月期待値) -> False
[2025-08-22 16:42:27] 照合チェック - 費用ID:676, 支払ID:194
[2025-08-22 16:42:27]   コード: 092011 vs 022004 -> False
[2025-08-22 16:42:27]   金額: 10000.0 vs 10000.0 -> True
[2025-08-22 16:42:27]   月: 2025-05 vs 2025-08 (翌月期待値) -> False
[2025-08-22 16:42:27] 照合チェック - 費用ID:676, 支払ID:223
[2025-08-22 16:42:27]   コード: 092011 vs 092011 -> True
[2025-08-22 16:42:27]   金額: 10000.0 vs 1000000.0 -> False
[2025-08-22 16:42:27]   月: 2025-05 vs 2025-08 (翌月期待値) -> False
[2025-08-22 16:42:27] 照合チェック - 費用ID:676, 支払ID:224
[2025-08-22 16:42:27]   コード: 092011 vs 092011 -> True
[2025-08-22 16:42:27]   金額: 10000.0 vs 80000.0 -> False
[2025-08-22 16:42:27]   月: 2025-05 vs 2025-08 (翌月期待値) -> False
[2025-08-22 16:42:27] 照合チェック - 費用ID:676, 支払ID:225
[2025-08-22 16:42:27]   コード: 092011 vs 092011 -> True
[2025-08-22 16:42:27]   金額: 10000.0 vs 50000.0 -> False
[2025-08-22 16:42:27]   月: 2025-05 vs 2025-08 (翌月期待値) -> False
[2025-08-22 16:42:27] 照合チェック - 費用ID:676, 支払ID:231
[2025-08-22 16:42:27]   コード: 092011 vs 092011 -> True
[2025-08-22 16:42:27]   金額: 10000.0 vs 1125000.0 -> False
[2025-08-22 16:42:27]   月: 2025-05 vs 2025-08 (翌月期待値) -> False
[2025-08-22 16:42:27] 照合チェック - 費用ID:676, 支払ID:233
[2025-08-22 16:42:27]   コード: 092011 vs 092011 -> True
[2025-08-22 16:42:27]   金額: 10000.0 vs 150000.0 -> False
[2025-08-22 16:42:27]   月: 2025-05 vs 2025-08 (翌月期待値) -> False
[2025-08-22 16:42:27] 照合チェック - 費用ID:690, 支払ID:208
[2025-08-22 16:42:27]   コード: 024001 vs 024001 -> True
[2025-08-22 16:42:27]   金額: 1236000.0 vs 17000.0 -> False
[2025-08-22 16:42:27]   月: 2025-05 vs 2025-08 (翌月期待値) -> False
[2025-08-22 16:42:27] 照合チェック - 費用ID:690, 支払ID:209
[2025-08-22 16:42:27]   コード: 024001 vs 024001 -> True
[2025-08-22 16:42:27]   金額: 1236000.0 vs 1130000.0 -> False
[2025-08-22 16:42:27]   月: 2025-05 vs 2025-08 (翌月期待値) -> False
[2025-08-22 16:42:27] 照合チェック - 費用ID:706, 支払ID:188
[2025-08-22 16:42:27]   コード: 063174 vs 063174 -> True
[2025-08-22 16:42:27]   金額: 15000.0 vs 160000.0 -> False
[2025-08-22 16:42:27]   月: 2025-05 vs 2025-08 (翌月期待値) -> False
[2025-08-22 16:42:27] 照合チェック - 費用ID:706, 支払ID:206
[2025-08-22 16:42:27]   コード: 063174 vs 014012 -> False
[2025-08-22 16:42:27]   金額: 15000.0 vs 15000.0 -> True
[2025-08-22 16:42:27]   月: 2025-05 vs 2025-08 (翌月期待値) -> False
[2025-08-22 16:42:27] 照合チェック - 費用ID:729, 支払ID:174
[2025-08-22 16:42:27]   コード: 092011 vs 023100 -> False
[2025-08-22 16:42:27]   金額: 40000.0 vs 40000.0 -> True
[2025-08-22 16:42:27]   月: 2025-05 vs 2025-08 (翌月期待値) -> False
[2025-08-22 16:42:27] 照合チェック - 費用ID:729, 支払ID:181
[2025-08-22 16:42:27]   コード: 092011 vs 014195 -> False
[2025-08-22 16:42:27]   金額: 40000.0 vs 40000.0 -> True
[2025-08-22 16:42:27]   月: 2025-05 vs 2025-08 (翌月期待値) -> False
[2025-08-22 16:42:27] 照合チェック - 費用ID:729, 支払ID:222
[2025-08-22 16:42:27]   コード: 092011 vs 013005 -> False
[2025-08-22 16:42:27]   金額: 40000.0 vs 40000.0 -> True
[2025-08-22 16:42:27]   月: 2025-05 vs 2025-08 (翌月期待値) -> False
[2025-08-22 16:42:27] 照合チェック - 費用ID:729, 支払ID:223
[2025-08-22 16:42:27]   コード: 092011 vs 092011 -> True
[2025-08-22 16:42:27]   金額: 40000.0 vs 1000000.0 -> False
[2025-08-22 16:42:27]   月: 2025-05 vs 2025-08 (翌月期待値) -> False
[2025-08-22 16:42:27] 照合チェック - 費用ID:729, 支払ID:224
[2025-08-22 16:42:27]   コード: 092011 vs 092011 -> True
[2025-08-22 16:42:27]   金額: 40000.0 vs 80000.0 -> False
[2025-08-22 16:42:27]   月: 2025-05 vs 2025-08 (翌月期待値) -> False
[2025-08-22 16:42:27] 照合チェック - 費用ID:729, 支払ID:225
[2025-08-22 16:42:27]   コード: 092011 vs 092011 -> True
[2025-08-22 16:42:27]   金額: 40000.0 vs 50000.0 -> False
[2025-08-22 16:42:27]   月: 2025-05 vs 2025-08 (翌月期待値) -> False
[2025-08-22 16:42:27] 照合チェック - 費用ID:729, 支払ID:229
[2025-08-22 16:42:27]   コード: 092011 vs 011053 -> False
[2025-08-22 16:42:27]   金額: 40000.0 vs 40000.0 -> True
[2025-08-22 16:42:27]   月: 2025-05 vs 2025-08 (翌月期待値) -> False
[2025-08-22 16:42:27] 照合チェック - 費用ID:729, 支払ID:230
[2025-08-22 16:42:27]   コード: 092011 vs 072086 -> False
[2025-08-22 16:42:27]   金額: 40000.0 vs 40000.0 -> True
[2025-08-22 16:42:27]   月: 2025-05 vs 2025-08 (翌月期待値) -> False
[2025-08-22 16:42:27] 照合チェック - 費用ID:729, 支払ID:231
[2025-08-22 16:42:27]   コード: 092011 vs 092011 -> True
[2025-08-22 16:42:27]   金額: 40000.0 vs 1125000.0 -> False
[2025-08-22 16:42:27]   月: 2025-05 vs 2025-08 (翌月期待値) -> False
[2025-08-22 16:42:27] 照合チェック - 費用ID:729, 支払ID:233
[2025-08-22 16:42:27]   コード: 092011 vs 092011 -> True
[2025-08-22 16:42:27]   金額: 40000.0 vs 150000.0 -> False
[2025-08-22 16:42:27]   月: 2025-05 vs 2025-08 (翌月期待値) -> False
[2025-08-22 16:42:27] 照合チェック - 費用ID:747, 支払ID:174
[2025-08-22 16:42:27]   コード: 094019 vs 023100 -> False
[2025-08-22 16:42:27]   金額: 40000.0 vs 40000.0 -> True
[2025-08-22 16:42:27]   月: 2025-06 vs 2025-08 (翌月期待値) -> False
[2025-08-22 16:42:27] 照合チェック - 費用ID:747, 支払ID:181
[2025-08-22 16:42:27]   コード: 094019 vs 014195 -> False
[2025-08-22 16:42:27]   金額: 40000.0 vs 40000.0 -> True
[2025-08-22 16:42:27]   月: 2025-06 vs 2025-08 (翌月期待値) -> False
[2025-08-22 16:42:27] 照合チェック - 費用ID:747, 支払ID:222
[2025-08-22 16:42:27]   コード: 094019 vs 013005 -> False
[2025-08-22 16:42:27]   金額: 40000.0 vs 40000.0 -> True
[2025-08-22 16:42:27]   月: 2025-06 vs 2025-08 (翌月期待値) -> False
[2025-08-22 16:42:27] 照合チェック - 費用ID:747, 支払ID:229
[2025-08-22 16:42:27]   コード: 094019 vs 011053 -> False
[2025-08-22 16:42:27]   金額: 40000.0 vs 40000.0 -> True
[2025-08-22 16:42:27]   月: 2025-06 vs 2025-08 (翌月期待値) -> False
[2025-08-22 16:42:27] 照合チェック - 費用ID:747, 支払ID:230
[2025-08-22 16:42:27]   コード: 094019 vs 072086 -> False
[2025-08-22 16:42:27]   金額: 40000.0 vs 40000.0 -> True
[2025-08-22 16:42:27]   月: 2025-06 vs 2025-08 (翌月期待値) -> False
[2025-08-22 16:42:27] 照合チェック - 費用ID:912, 支払ID:180
[2025-08-22 16:42:27]   コード: 073025 vs 015181 -> False
[2025-08-22 16:42:27]   金額: 10000.0 vs 10000.0 -> True
[2025-08-22 16:42:27]   月: 2025-08 vs 2025-08 (翌月期待値) -> False
[2025-08-22 16:42:27] 照合チェック - 費用ID:912, 支払ID:194
[2025-08-22 16:42:27]   コード: 073025 vs 022004 -> False
[2025-08-22 16:42:27]   金額: 10000.0 vs 10000.0 -> True
[2025-08-22 16:42:27]   月: 2025-08 vs 2025-08 (翌月期待値) -> False
[2025-08-22 16:42:27] 照合チェック - 費用ID:920, 支払ID:173
[2025-08-22 16:42:27]   コード: 031065 vs 023100 -> False
[2025-08-22 16:42:27]   金額: 30000.0 vs 30000.0 -> True
[2025-08-22 16:42:27]   月: 2025-08 vs 2025-08 (翌月期待値) -> False
[2025-08-22 16:42:27] 照合チェック - 費用ID:920, 支払ID:186
[2025-08-22 16:42:27]   コード: 031065 vs 055014 -> False
[2025-08-22 16:42:27]   金額: 30000.0 vs 30000.0 -> True
[2025-08-22 16:42:27]   月: 2025-08 vs 2025-08 (翌月期待値) -> False
[2025-08-22 16:42:27] 照合チェック - 費用ID:920, 支払ID:195
[2025-08-22 16:42:27]   コード: 031065 vs 022004 -> False
[2025-08-22 16:42:27]   金額: 30000.0 vs 30000.0 -> True
[2025-08-22 16:42:27]   月: 2025-08 vs 2025-08 (翌月期待値) -> False
[2025-08-22 16:42:27] 照合チェック - 費用ID:920, 支払ID:244
[2025-08-22 16:42:27]   コード: 031065 vs 032047 -> False
[2025-08-22 16:42:27]   金額: 30000.0 vs 30000.0 -> True
[2025-08-22 16:42:27]   月: 2025-08 vs 2025-08 (翌月期待値) -> False
[2025-08-22 16:42:27] 照合チェック - 費用ID:956, 支払ID:188
[2025-08-22 16:42:27]   コード: 063174 vs 063174 -> True
[2025-08-22 16:42:27]   金額: 15000.0 vs 160000.0 -> False
[2025-08-22 16:42:27]   月: 2025-08 vs 2025-08 (翌月期待値) -> False
[2025-08-22 16:42:27] 照合チェック - 費用ID:956, 支払ID:206
[2025-08-22 16:42:27]   コード: 063174 vs 014012 -> False
[2025-08-22 16:42:27]   金額: 15000.0 vs 15000.0 -> True
[2025-08-22 16:42:27]   月: 2025-08 vs 2025-08 (翌月期待値) -> False
[2025-08-22 16:42:27] 照合チェック - 費用ID:979, 支払ID:212
[2025-08-22 16:42:27]   コード: 045124 vs 045124 -> True
[2025-08-22 16:42:27]   金額: 0 vs 20000.0 -> False
[2025-08-22 16:42:27]   月: 2025-08 vs 2025-08 (翌月期待値) -> False
[2025-08-22 16:42:27] ==================================================
[2025-08-22 16:42:27] 照合処理統計結果:
[2025-08-22 16:42:27]   対象費用データ: 12件
[2025-08-22 16:42:27]   対象支払いデータ: 84件
[2025-08-22 16:42:27]   照合成功: 0件
[2025-08-22 16:42:27]     - 完全一致: 0件
[2025-08-22 16:42:27]     - 部分一致: 0件
[2025-08-22 16:42:27]   照合失敗: 12件
[2025-08-22 16:42:27]   照合率: 0.0%
[2025-08-22 16:42:27] ==================================================
[2025-08-22 16:42:27] フィルター状態保存: 検索='', 状態='すべて', 月='すべて表示'
[2025-08-22 16:42:27] 取得した支払い月: 4件
[2025-08-22 16:42:27] 月フィルタ追加: 2025年08月 -> 2025-08
[2025-08-22 16:42:27] 月フィルタ追加: 2025年07月 -> 2025-07
[2025-08-22 16:42:27] 月フィルタ追加: 2025年06月 -> 2025-06
[2025-08-22 16:42:27] 月フィルタ追加: 2025年05月 -> 2025-05
[2025-08-22 16:42:27] 費用データの更新が完了しました
[2025-08-22 16:42:27] フィルター状態の復元が完了しました
[2025-08-22 16:42:27] 支払いデータの更新が完了しました
[2025-08-22 16:42:27] 取得した支払い月: 4件
[2025-08-22 16:42:27] 月フィルタ追加: 2025年08月 -> 2025-08
[2025-08-22 16:42:27] 月フィルタ追加: 2025年07月 -> 2025-07
[2025-08-22 16:42:27] 月フィルタ追加: 2025年06月 -> 2025-06
[2025-08-22 16:42:27] 月フィルタ追加: 2025年05月 -> 2025-05
[2025-08-22 16:42:27] 費用データの更新が完了しました
[2025-08-22 16:42:27] 費用と支払いの照合: 0件一致、12件不一致
[2025-08-22 16:42:30] 月フィルタ実行: 選択テキスト='2025年08月'
[2025-08-22 16:42:30] 月フィルタ: インデックス=1, データ='2025-08'
[2025-08-22 16:42:30] フィルタリング実行: 対象月='2025-08'
[2025-08-22 16:42:30] フィルタリング結果: 74件
[2025-08-22 16:42:30] 月フィルタ完了: 2025年08月 - 74件表示
[2025-08-22 16:42:32] 照合処理開始: 費用データ 12件、支払いデータ 84件
[2025-08-22 16:42:32] 照合チェック - 費用ID:674, 支払ID:223
[2025-08-22 16:42:32]   コード: 092011 vs 092011 -> True
[2025-08-22 16:42:32]   金額: 190000.0 vs 1000000.0 -> False
[2025-08-22 16:42:32]   月: 2025-05 vs 2025-08 (翌月期待値) -> False
[2025-08-22 16:42:32] 照合チェック - 費用ID:674, 支払ID:224
[2025-08-22 16:42:32]   コード: 092011 vs 092011 -> True
[2025-08-22 16:42:32]   金額: 190000.0 vs 80000.0 -> False
[2025-08-22 16:42:32]   月: 2025-05 vs 2025-08 (翌月期待値) -> False
[2025-08-22 16:42:32] 照合チェック - 費用ID:674, 支払ID:225
[2025-08-22 16:42:32]   コード: 092011 vs 092011 -> True
[2025-08-22 16:42:32]   金額: 190000.0 vs 50000.0 -> False
[2025-08-22 16:42:32]   月: 2025-05 vs 2025-08 (翌月期待値) -> False
[2025-08-22 16:42:32] 照合チェック - 費用ID:674, 支払ID:231
[2025-08-22 16:42:32]   コード: 092011 vs 092011 -> True
[2025-08-22 16:42:32]   金額: 190000.0 vs 1125000.0 -> False
[2025-08-22 16:42:32]   月: 2025-05 vs 2025-08 (翌月期待値) -> False
[2025-08-22 16:42:32] 照合チェック - 費用ID:674, 支払ID:233
[2025-08-22 16:42:32]   コード: 092011 vs 092011 -> True
[2025-08-22 16:42:32]   金額: 190000.0 vs 150000.0 -> False
[2025-08-22 16:42:32]   月: 2025-05 vs 2025-08 (翌月期待値) -> False
[2025-08-22 16:42:32] 照合チェック - 費用ID:674, 支払ID:237
[2025-08-22 16:42:32]   コード: 092011 vs 032051 -> False
[2025-08-22 16:42:32]   金額: 190000.0 vs 190000.0 -> True
[2025-08-22 16:42:32]   月: 2025-05 vs 2025-08 (翌月期待値) -> False
[2025-08-22 16:42:32] 照合チェック - 費用ID:676, 支払ID:180
[2025-08-22 16:42:32]   コード: 092011 vs 015181 -> False
[2025-08-22 16:42:32]   金額: 10000.0 vs 10000.0 -> True
[2025-08-22 16:42:32]   月: 2025-05 vs 2025-08 (翌月期待値) -> False
[2025-08-22 16:42:32] 照合チェック - 費用ID:676, 支払ID:194
[2025-08-22 16:42:32]   コード: 092011 vs 022004 -> False
[2025-08-22 16:42:32]   金額: 10000.0 vs 10000.0 -> True
[2025-08-22 16:42:32]   月: 2025-05 vs 2025-08 (翌月期待値) -> False
[2025-08-22 16:42:32] 照合チェック - 費用ID:676, 支払ID:223
[2025-08-22 16:42:32]   コード: 092011 vs 092011 -> True
[2025-08-22 16:42:32]   金額: 10000.0 vs 1000000.0 -> False
[2025-08-22 16:42:32]   月: 2025-05 vs 2025-08 (翌月期待値) -> False
[2025-08-22 16:42:32] 照合チェック - 費用ID:676, 支払ID:224
[2025-08-22 16:42:32]   コード: 092011 vs 092011 -> True
[2025-08-22 16:42:32]   金額: 10000.0 vs 80000.0 -> False
[2025-08-22 16:42:32]   月: 2025-05 vs 2025-08 (翌月期待値) -> False
[2025-08-22 16:42:32] 照合チェック - 費用ID:676, 支払ID:225
[2025-08-22 16:42:32]   コード: 092011 vs 092011 -> True
[2025-08-22 16:42:32]   金額: 10000.0 vs 50000.0 -> False
[2025-08-22 16:42:32]   月: 2025-05 vs 2025-08 (翌月期待値) -> False
[2025-08-22 16:42:32] 照合チェック - 費用ID:676, 支払ID:231
[2025-08-22 16:42:32]   コード: 092011 vs 092011 -> True
[2025-08-22 16:42:32]   金額: 10000.0 vs 1125000.0 -> False
[2025-08-22 16:42:32]   月: 2025-05 vs 2025-08 (翌月期待値) -> False
[2025-08-22 16:42:32] 照合チェック - 費用ID:676, 支払ID:233
[2025-08-22 16:42:32]   コード: 092011 vs 092011 -> True
[2025-08-22 16:42:32]   金額: 10000.0 vs 150000.0 -> False
[2025-08-22 16:42:32]   月: 2025-05 vs 2025-08 (翌月期待値) -> False
[2025-08-22 16:42:32] 照合チェック - 費用ID:690, 支払ID:208
[2025-08-22 16:42:32]   コード: 024001 vs 024001 -> True
[2025-08-22 16:42:32]   金額: 1236000.0 vs 17000.0 -> False
[2025-08-22 16:42:32]   月: 2025-05 vs 2025-08 (翌月期待値) -> False
[2025-08-22 16:42:32] 照合チェック - 費用ID:690, 支払ID:209
[2025-08-22 16:42:32]   コード: 024001 vs 024001 -> True
[2025-08-22 16:42:32]   金額: 1236000.0 vs 1130000.0 -> False
[2025-08-22 16:42:32]   月: 2025-05 vs 2025-08 (翌月期待値) -> False
[2025-08-22 16:42:32] 照合チェック - 費用ID:706, 支払ID:188
[2025-08-22 16:42:32]   コード: 063174 vs 063174 -> True
[2025-08-22 16:42:32]   金額: 15000.0 vs 160000.0 -> False
[2025-08-22 16:42:32]   月: 2025-05 vs 2025-08 (翌月期待値) -> False
[2025-08-22 16:42:32] 照合チェック - 費用ID:706, 支払ID:206
[2025-08-22 16:42:32]   コード: 063174 vs 014012 -> False
[2025-08-22 16:42:32]   金額: 15000.0 vs 15000.0 -> True
[2025-08-22 16:42:32]   月: 2025-05 vs 2025-08 (翌月期待値) -> False
[2025-08-22 16:42:32] 照合チェック - 費用ID:729, 支払ID:174
[2025-08-22 16:42:32]   コード: 092011 vs 023100 -> False
[2025-08-22 16:42:32]   金額: 40000.0 vs 40000.0 -> True
[2025-08-22 16:42:32]   月: 2025-05 vs 2025-08 (翌月期待値) -> False
[2025-08-22 16:42:32] 照合チェック - 費用ID:729, 支払ID:181
[2025-08-22 16:42:32]   コード: 092011 vs 014195 -> False
[2025-08-22 16:42:32]   金額: 40000.0 vs 40000.0 -> True
[2025-08-22 16:42:32]   月: 2025-05 vs 2025-08 (翌月期待値) -> False
[2025-08-22 16:42:32] 照合チェック - 費用ID:729, 支払ID:222
[2025-08-22 16:42:32]   コード: 092011 vs 013005 -> False
[2025-08-22 16:42:32]   金額: 40000.0 vs 40000.0 -> True
[2025-08-22 16:42:32]   月: 2025-05 vs 2025-08 (翌月期待値) -> False
[2025-08-22 16:42:32] 照合チェック - 費用ID:729, 支払ID:223
[2025-08-22 16:42:32]   コード: 092011 vs 092011 -> True
[2025-08-22 16:42:32]   金額: 40000.0 vs 1000000.0 -> False
[2025-08-22 16:42:32]   月: 2025-05 vs 2025-08 (翌月期待値) -> False
[2025-08-22 16:42:32] 照合チェック - 費用ID:729, 支払ID:224
[2025-08-22 16:42:32]   コード: 092011 vs 092011 -> True
[2025-08-22 16:42:32]   金額: 40000.0 vs 80000.0 -> False
[2025-08-22 16:42:32]   月: 2025-05 vs 2025-08 (翌月期待値) -> False
[2025-08-22 16:42:32] 照合チェック - 費用ID:729, 支払ID:225
[2025-08-22 16:42:32]   コード: 092011 vs 092011 -> True
[2025-08-22 16:42:32]   金額: 40000.0 vs 50000.0 -> False
[2025-08-22 16:42:32]   月: 2025-05 vs 2025-08 (翌月期待値) -> False
[2025-08-22 16:42:32] 照合チェック - 費用ID:729, 支払ID:229
[2025-08-22 16:42:32]   コード: 092011 vs 011053 -> False
[2025-08-22 16:42:32]   金額: 40000.0 vs 40000.0 -> True
[2025-08-22 16:42:32]   月: 2025-05 vs 2025-08 (翌月期待値) -> False
[2025-08-22 16:42:32] 照合チェック - 費用ID:729, 支払ID:230
[2025-08-22 16:42:32]   コード: 092011 vs 072086 -> False
[2025-08-22 16:42:32]   金額: 40000.0 vs 40000.0 -> True
[2025-08-22 16:42:32]   月: 2025-05 vs 2025-08 (翌月期待値) -> False
[2025-08-22 16:42:32] 照合チェック - 費用ID:729, 支払ID:231
[2025-08-22 16:42:32]   コード: 092011 vs 092011 -> True
[2025-08-22 16:42:32]   金額: 40000.0 vs 1125000.0 -> False
[2025-08-22 16:42:32]   月: 2025-05 vs 2025-08 (翌月期待値) -> False
[2025-08-22 16:42:32] 照合チェック - 費用ID:729, 支払ID:233
[2025-08-22 16:42:32]   コード: 092011 vs 092011 -> True
[2025-08-22 16:42:32]   金額: 40000.0 vs 150000.0 -> False
[2025-08-22 16:42:32]   月: 2025-05 vs 2025-08 (翌月期待値) -> False
[2025-08-22 16:42:32] 照合チェック - 費用ID:747, 支払ID:174
[2025-08-22 16:42:32]   コード: 094019 vs 023100 -> False
[2025-08-22 16:42:32]   金額: 40000.0 vs 40000.0 -> True
[2025-08-22 16:42:32]   月: 2025-06 vs 2025-08 (翌月期待値) -> False
[2025-08-22 16:42:32] 照合チェック - 費用ID:747, 支払ID:181
[2025-08-22 16:42:32]   コード: 094019 vs 014195 -> False
[2025-08-22 16:42:32]   金額: 40000.0 vs 40000.0 -> True
[2025-08-22 16:42:32]   月: 2025-06 vs 2025-08 (翌月期待値) -> False
[2025-08-22 16:42:32] 照合チェック - 費用ID:747, 支払ID:222
[2025-08-22 16:42:32]   コード: 094019 vs 013005 -> False
[2025-08-22 16:42:32]   金額: 40000.0 vs 40000.0 -> True
[2025-08-22 16:42:32]   月: 2025-06 vs 2025-08 (翌月期待値) -> False
[2025-08-22 16:42:32] 照合チェック - 費用ID:747, 支払ID:229
[2025-08-22 16:42:32]   コード: 094019 vs 011053 -> False
[2025-08-22 16:42:32]   金額: 40000.0 vs 40000.0 -> True
[2025-08-22 16:42:32]   月: 2025-06 vs 2025-08 (翌月期待値) -> False
[2025-08-22 16:42:32] 照合チェック - 費用ID:747, 支払ID:230
[2025-08-22 16:42:32]   コード: 094019 vs 072086 -> False
[2025-08-22 16:42:32]   金額: 40000.0 vs 40000.0 -> True
[2025-08-22 16:42:32]   月: 2025-06 vs 2025-08 (翌月期待値) -> False
[2025-08-22 16:42:32] 照合チェック - 費用ID:912, 支払ID:180
[2025-08-22 16:42:32]   コード: 073025 vs 015181 -> False
[2025-08-22 16:42:32]   金額: 10000.0 vs 10000.0 -> True
[2025-08-22 16:42:32]   月: 2025-08 vs 2025-08 (翌月期待値) -> False
[2025-08-22 16:42:32] 照合チェック - 費用ID:912, 支払ID:194
[2025-08-22 16:42:32]   コード: 073025 vs 022004 -> False
[2025-08-22 16:42:32]   金額: 10000.0 vs 10000.0 -> True
[2025-08-22 16:42:32]   月: 2025-08 vs 2025-08 (翌月期待値) -> False
[2025-08-22 16:42:32] 照合チェック - 費用ID:920, 支払ID:173
[2025-08-22 16:42:32]   コード: 031065 vs 023100 -> False
[2025-08-22 16:42:32]   金額: 30000.0 vs 30000.0 -> True
[2025-08-22 16:42:32]   月: 2025-08 vs 2025-08 (翌月期待値) -> False
[2025-08-22 16:42:32] 照合チェック - 費用ID:920, 支払ID:186
[2025-08-22 16:42:32]   コード: 031065 vs 055014 -> False
[2025-08-22 16:42:32]   金額: 30000.0 vs 30000.0 -> True
[2025-08-22 16:42:32]   月: 2025-08 vs 2025-08 (翌月期待値) -> False
[2025-08-22 16:42:32] 照合チェック - 費用ID:920, 支払ID:195
[2025-08-22 16:42:32]   コード: 031065 vs 022004 -> False
[2025-08-22 16:42:32]   金額: 30000.0 vs 30000.0 -> True
[2025-08-22 16:42:32]   月: 2025-08 vs 2025-08 (翌月期待値) -> False
[2025-08-22 16:42:32] 照合チェック - 費用ID:920, 支払ID:244
[2025-08-22 16:42:32]   コード: 031065 vs 032047 -> False
[2025-08-22 16:42:32]   金額: 30000.0 vs 30000.0 -> True
[2025-08-22 16:42:32]   月: 2025-08 vs 2025-08 (翌月期待値) -> False
[2025-08-22 16:42:32] 照合チェック - 費用ID:956, 支払ID:188
[2025-08-22 16:42:32]   コード: 063174 vs 063174 -> True
[2025-08-22 16:42:32]   金額: 15000.0 vs 160000.0 -> False
[2025-08-22 16:42:32]   月: 2025-08 vs 2025-08 (翌月期待値) -> False
[2025-08-22 16:42:32] 照合チェック - 費用ID:956, 支払ID:206
[2025-08-22 16:42:32]   コード: 063174 vs 014012 -> False
[2025-08-22 16:42:32]   金額: 15000.0 vs 15000.0 -> True
[2025-08-22 16:42:32]   月: 2025-08 vs 2025-08 (翌月期待値) -> False
[2025-08-22 16:42:32] 照合チェック - 費用ID:979, 支払ID:212
[2025-08-22 16:42:32]   コード: 045124 vs 045124 -> True
[2025-08-22 16:42:32]   金額: 0 vs 20000.0 -> False
[2025-08-22 16:42:32]   月: 2025-08 vs 2025-08 (翌月期待値) -> False
[2025-08-22 16:42:32] ==================================================
[2025-08-22 16:42:32] 照合処理統計結果:
[2025-08-22 16:42:32]   対象費用データ: 12件
[2025-08-22 16:42:32]   対象支払いデータ: 84件
[2025-08-22 16:42:32]   照合成功: 0件
[2025-08-22 16:42:32]     - 完全一致: 0件
[2025-08-22 16:42:32]     - 部分一致: 0件
[2025-08-22 16:42:32]   照合失敗: 12件
[2025-08-22 16:42:32]   照合率: 0.0%
[2025-08-22 16:42:32] ==================================================
[2025-08-22 16:42:32] フィルター状態保存: 検索='', 状態='未処理', 月='2025年08月'
[2025-08-22 16:42:32] 取得した支払い月: 4件
[2025-08-22 16:42:32] 月フィルタ追加: 2025年08月 -> 2025-08
[2025-08-22 16:42:32] 月フィルタ追加: 2025年07月 -> 2025-07
[2025-08-22 16:42:32] 月フィルタ追加: 2025年06月 -> 2025-06
[2025-08-22 16:42:32] 月フィルタ追加: 2025年05月 -> 2025-05
[2025-08-22 16:42:32] 費用データの更新が完了しました
[2025-08-22 16:42:32] 月フィルター復元: 2025年08月
[2025-08-22 16:42:32] 月フィルタ実行: 選択テキスト='2025年08月'
[2025-08-22 16:42:32] 月フィルタ: インデックス=1, データ='2025-08'
[2025-08-22 16:42:32] フィルタリング実行: 対象月='2025-08'
[2025-08-22 16:42:32] フィルタリング結果: 74件
[2025-08-22 16:42:32] 月フィルタ完了: 2025年08月 - 74件表示
[2025-08-22 16:42:32] フィルター状態の復元が完了しました
[2025-08-22 16:42:32] 支払いデータの更新が完了しました
[2025-08-22 16:42:32] 取得した支払い月: 4件
[2025-08-22 16:42:32] 月フィルタ追加: 2025年08月 -> 2025-08
[2025-08-22 16:42:32] 月フィルタ追加: 2025年07月 -> 2025-07
[2025-08-22 16:42:32] 月フィルタ追加: 2025年06月 -> 2025-06
[2025-08-22 16:42:32] 月フィルタ追加: 2025年05月 -> 2025-05
[2025-08-22 16:42:32] 費用データの更新が完了しました
[2025-08-22 16:42:32] フィルタリング実行: 対象月='2025-08'
[2025-08-22 16:42:32] フィルタリング結果: 74件
[2025-08-22 16:42:32] 月フィルタ完了: 2025年08月 - 74件表示
[2025-08-22 16:42:32] 費用と支払いの照合: 0件一致、12件不一致
[2025-08-22 16:42:32] 照合処理開始: 費用データ 12件、支払いデータ 84件
[2025-08-22 16:42:32] 照合チェック - 費用ID:674, 支払ID:223
[2025-08-22 16:42:32]   コード: 092011 vs 092011 -> True
[2025-08-22 16:42:32]   金額: 190000.0 vs 1000000.0 -> False
[2025-08-22 16:42:32]   月: 2025-05 vs 2025-08 (翌月期待値) -> False
[2025-08-22 16:42:32] 照合チェック - 費用ID:674, 支払ID:224
[2025-08-22 16:42:32]   コード: 092011 vs 092011 -> True
[2025-08-22 16:42:32]   金額: 190000.0 vs 80000.0 -> False
[2025-08-22 16:42:32]   月: 2025-05 vs 2025-08 (翌月期待値) -> False
[2025-08-22 16:42:32] 照合チェック - 費用ID:674, 支払ID:225
[2025-08-22 16:42:32]   コード: 092011 vs 092011 -> True
[2025-08-22 16:42:32]   金額: 190000.0 vs 50000.0 -> False
[2025-08-22 16:42:32]   月: 2025-05 vs 2025-08 (翌月期待値) -> False
[2025-08-22 16:42:32] 照合チェック - 費用ID:674, 支払ID:231
[2025-08-22 16:42:32]   コード: 092011 vs 092011 -> True
[2025-08-22 16:42:32]   金額: 190000.0 vs 1125000.0 -> False
[2025-08-22 16:42:32]   月: 2025-05 vs 2025-08 (翌月期待値) -> False
[2025-08-22 16:42:32] 照合チェック - 費用ID:674, 支払ID:233
[2025-08-22 16:42:32]   コード: 092011 vs 092011 -> True
[2025-08-22 16:42:32]   金額: 190000.0 vs 150000.0 -> False
[2025-08-22 16:42:32]   月: 2025-05 vs 2025-08 (翌月期待値) -> False
[2025-08-22 16:42:32] 照合チェック - 費用ID:674, 支払ID:237
[2025-08-22 16:42:32]   コード: 092011 vs 032051 -> False
[2025-08-22 16:42:32]   金額: 190000.0 vs 190000.0 -> True
[2025-08-22 16:42:32]   月: 2025-05 vs 2025-08 (翌月期待値) -> False
[2025-08-22 16:42:32] 照合チェック - 費用ID:676, 支払ID:180
[2025-08-22 16:42:32]   コード: 092011 vs 015181 -> False
[2025-08-22 16:42:32]   金額: 10000.0 vs 10000.0 -> True
[2025-08-22 16:42:32]   月: 2025-05 vs 2025-08 (翌月期待値) -> False
[2025-08-22 16:42:32] 照合チェック - 費用ID:676, 支払ID:194
[2025-08-22 16:42:32]   コード: 092011 vs 022004 -> False
[2025-08-22 16:42:32]   金額: 10000.0 vs 10000.0 -> True
[2025-08-22 16:42:32]   月: 2025-05 vs 2025-08 (翌月期待値) -> False
[2025-08-22 16:42:32] 照合チェック - 費用ID:676, 支払ID:223
[2025-08-22 16:42:32]   コード: 092011 vs 092011 -> True
[2025-08-22 16:42:32]   金額: 10000.0 vs 1000000.0 -> False
[2025-08-22 16:42:32]   月: 2025-05 vs 2025-08 (翌月期待値) -> False
[2025-08-22 16:42:32] 照合チェック - 費用ID:676, 支払ID:224
[2025-08-22 16:42:32]   コード: 092011 vs 092011 -> True
[2025-08-22 16:42:32]   金額: 10000.0 vs 80000.0 -> False
[2025-08-22 16:42:32]   月: 2025-05 vs 2025-08 (翌月期待値) -> False
[2025-08-22 16:42:32] 照合チェック - 費用ID:676, 支払ID:225
[2025-08-22 16:42:32]   コード: 092011 vs 092011 -> True
[2025-08-22 16:42:32]   金額: 10000.0 vs 50000.0 -> False
[2025-08-22 16:42:32]   月: 2025-05 vs 2025-08 (翌月期待値) -> False
[2025-08-22 16:42:32] 照合チェック - 費用ID:676, 支払ID:231
[2025-08-22 16:42:32]   コード: 092011 vs 092011 -> True
[2025-08-22 16:42:32]   金額: 10000.0 vs 1125000.0 -> False
[2025-08-22 16:42:32]   月: 2025-05 vs 2025-08 (翌月期待値) -> False
[2025-08-22 16:42:32] 照合チェック - 費用ID:676, 支払ID:233
[2025-08-22 16:42:32]   コード: 092011 vs 092011 -> True
[2025-08-22 16:42:32]   金額: 10000.0 vs 150000.0 -> False
[2025-08-22 16:42:32]   月: 2025-05 vs 2025-08 (翌月期待値) -> False
[2025-08-22 16:42:32] 照合チェック - 費用ID:690, 支払ID:208
[2025-08-22 16:42:32]   コード: 024001 vs 024001 -> True
[2025-08-22 16:42:32]   金額: 1236000.0 vs 17000.0 -> False
[2025-08-22 16:42:32]   月: 2025-05 vs 2025-08 (翌月期待値) -> False
[2025-08-22 16:42:32] 照合チェック - 費用ID:690, 支払ID:209
[2025-08-22 16:42:32]   コード: 024001 vs 024001 -> True
[2025-08-22 16:42:32]   金額: 1236000.0 vs 1130000.0 -> False
[2025-08-22 16:42:32]   月: 2025-05 vs 2025-08 (翌月期待値) -> False
[2025-08-22 16:42:32] 照合チェック - 費用ID:706, 支払ID:188
[2025-08-22 16:42:32]   コード: 063174 vs 063174 -> True
[2025-08-22 16:42:32]   金額: 15000.0 vs 160000.0 -> False
[2025-08-22 16:42:32]   月: 2025-05 vs 2025-08 (翌月期待値) -> False
[2025-08-22 16:42:32] 照合チェック - 費用ID:706, 支払ID:206
[2025-08-22 16:42:32]   コード: 063174 vs 014012 -> False
[2025-08-22 16:42:32]   金額: 15000.0 vs 15000.0 -> True
[2025-08-22 16:42:32]   月: 2025-05 vs 2025-08 (翌月期待値) -> False
[2025-08-22 16:42:32] 照合チェック - 費用ID:729, 支払ID:174
[2025-08-22 16:42:32]   コード: 092011 vs 023100 -> False
[2025-08-22 16:42:32]   金額: 40000.0 vs 40000.0 -> True
[2025-08-22 16:42:32]   月: 2025-05 vs 2025-08 (翌月期待値) -> False
[2025-08-22 16:42:32] 照合チェック - 費用ID:729, 支払ID:181
[2025-08-22 16:42:32]   コード: 092011 vs 014195 -> False
[2025-08-22 16:42:32]   金額: 40000.0 vs 40000.0 -> True
[2025-08-22 16:42:32]   月: 2025-05 vs 2025-08 (翌月期待値) -> False
[2025-08-22 16:42:32] 照合チェック - 費用ID:729, 支払ID:222
[2025-08-22 16:42:32]   コード: 092011 vs 013005 -> False
[2025-08-22 16:42:32]   金額: 40000.0 vs 40000.0 -> True
[2025-08-22 16:42:32]   月: 2025-05 vs 2025-08 (翌月期待値) -> False
[2025-08-22 16:42:32] 照合チェック - 費用ID:729, 支払ID:223
[2025-08-22 16:42:32]   コード: 092011 vs 092011 -> True
[2025-08-22 16:42:32]   金額: 40000.0 vs 1000000.0 -> False
[2025-08-22 16:42:32]   月: 2025-05 vs 2025-08 (翌月期待値) -> False
[2025-08-22 16:42:32] 照合チェック - 費用ID:729, 支払ID:224
[2025-08-22 16:42:32]   コード: 092011 vs 092011 -> True
[2025-08-22 16:42:32]   金額: 40000.0 vs 80000.0 -> False
[2025-08-22 16:42:32]   月: 2025-05 vs 2025-08 (翌月期待値) -> False
[2025-08-22 16:42:32] 照合チェック - 費用ID:729, 支払ID:225
[2025-08-22 16:42:32]   コード: 092011 vs 092011 -> True
[2025-08-22 16:42:32]   金額: 40000.0 vs 50000.0 -> False
[2025-08-22 16:42:32]   月: 2025-05 vs 2025-08 (翌月期待値) -> False
[2025-08-22 16:42:32] 照合チェック - 費用ID:729, 支払ID:229
[2025-08-22 16:42:32]   コード: 092011 vs 011053 -> False
[2025-08-22 16:42:32]   金額: 40000.0 vs 40000.0 -> True
[2025-08-22 16:42:32]   月: 2025-05 vs 2025-08 (翌月期待値) -> False
[2025-08-22 16:42:32] 照合チェック - 費用ID:729, 支払ID:230
[2025-08-22 16:42:32]   コード: 092011 vs 072086 -> False
[2025-08-22 16:42:32]   金額: 40000.0 vs 40000.0 -> True
[2025-08-22 16:42:32]   月: 2025-05 vs 2025-08 (翌月期待値) -> False
[2025-08-22 16:42:32] 照合チェック - 費用ID:729, 支払ID:231
[2025-08-22 16:42:32]   コード: 092011 vs 092011 -> True
[2025-08-22 16:42:32]   金額: 40000.0 vs 1125000.0 -> False
[2025-08-22 16:42:32]   月: 2025-05 vs 2025-08 (翌月期待値) -> False
[2025-08-22 16:42:32] 照合チェック - 費用ID:729, 支払ID:233
[2025-08-22 16:42:32]   コード: 092011 vs 092011 -> True
[2025-08-22 16:42:32]   金額: 40000.0 vs 150000.0 -> False
[2025-08-22 16:42:32]   月: 2025-05 vs 2025-08 (翌月期待値) -> False
[2025-08-22 16:42:32] 照合チェック - 費用ID:747, 支払ID:174
[2025-08-22 16:42:32]   コード: 094019 vs 023100 -> False
[2025-08-22 16:42:32]   金額: 40000.0 vs 40000.0 -> True
[2025-08-22 16:42:32]   月: 2025-06 vs 2025-08 (翌月期待値) -> False
[2025-08-22 16:42:32] 照合チェック - 費用ID:747, 支払ID:181
[2025-08-22 16:42:32]   コード: 094019 vs 014195 -> False
[2025-08-22 16:42:32]   金額: 40000.0 vs 40000.0 -> True
[2025-08-22 16:42:32]   月: 2025-06 vs 2025-08 (翌月期待値) -> False
[2025-08-22 16:42:32] 照合チェック - 費用ID:747, 支払ID:222
[2025-08-22 16:42:32]   コード: 094019 vs 013005 -> False
[2025-08-22 16:42:32]   金額: 40000.0 vs 40000.0 -> True
[2025-08-22 16:42:32]   月: 2025-06 vs 2025-08 (翌月期待値) -> False
[2025-08-22 16:42:32] 照合チェック - 費用ID:747, 支払ID:229
[2025-08-22 16:42:32]   コード: 094019 vs 011053 -> False
[2025-08-22 16:42:32]   金額: 40000.0 vs 40000.0 -> True
[2025-08-22 16:42:32]   月: 2025-06 vs 2025-08 (翌月期待値) -> False
[2025-08-22 16:42:32] 照合チェック - 費用ID:747, 支払ID:230
[2025-08-22 16:42:32]   コード: 094019 vs 072086 -> False
[2025-08-22 16:42:32]   金額: 40000.0 vs 40000.0 -> True
[2025-08-22 16:42:32]   月: 2025-06 vs 2025-08 (翌月期待値) -> False
[2025-08-22 16:42:32] 照合チェック - 費用ID:912, 支払ID:180
[2025-08-22 16:42:32]   コード: 073025 vs 015181 -> False
[2025-08-22 16:42:32]   金額: 10000.0 vs 10000.0 -> True
[2025-08-22 16:42:32]   月: 2025-08 vs 2025-08 (翌月期待値) -> False
[2025-08-22 16:42:32] 照合チェック - 費用ID:912, 支払ID:194
[2025-08-22 16:42:32]   コード: 073025 vs 022004 -> False
[2025-08-22 16:42:32]   金額: 10000.0 vs 10000.0 -> True
[2025-08-22 16:42:32]   月: 2025-08 vs 2025-08 (翌月期待値) -> False
[2025-08-22 16:42:32] 照合チェック - 費用ID:920, 支払ID:173
[2025-08-22 16:42:32]   コード: 031065 vs 023100 -> False
[2025-08-22 16:42:32]   金額: 30000.0 vs 30000.0 -> True
[2025-08-22 16:42:32]   月: 2025-08 vs 2025-08 (翌月期待値) -> False
[2025-08-22 16:42:32] 照合チェック - 費用ID:920, 支払ID:186
[2025-08-22 16:42:32]   コード: 031065 vs 055014 -> False
[2025-08-22 16:42:32]   金額: 30000.0 vs 30000.0 -> True
[2025-08-22 16:42:32]   月: 2025-08 vs 2025-08 (翌月期待値) -> False
[2025-08-22 16:42:32] 照合チェック - 費用ID:920, 支払ID:195
[2025-08-22 16:42:32]   コード: 031065 vs 022004 -> False
[2025-08-22 16:42:32]   金額: 30000.0 vs 30000.0 -> True
[2025-08-22 16:42:32]   月: 2025-08 vs 2025-08 (翌月期待値) -> False
[2025-08-22 16:42:32] 照合チェック - 費用ID:920, 支払ID:244
[2025-08-22 16:42:32]   コード: 031065 vs 032047 -> False
[2025-08-22 16:42:32]   金額: 30000.0 vs 30000.0 -> True
[2025-08-22 16:42:32]   月: 2025-08 vs 2025-08 (翌月期待値) -> False
[2025-08-22 16:42:32] 照合チェック - 費用ID:956, 支払ID:188
[2025-08-22 16:42:32]   コード: 063174 vs 063174 -> True
[2025-08-22 16:42:32]   金額: 15000.0 vs 160000.0 -> False
[2025-08-22 16:42:32]   月: 2025-08 vs 2025-08 (翌月期待値) -> False
[2025-08-22 16:42:32] 照合チェック - 費用ID:956, 支払ID:206
[2025-08-22 16:42:32]   コード: 063174 vs 014012 -> False
[2025-08-22 16:42:32]   金額: 15000.0 vs 15000.0 -> True
[2025-08-22 16:42:32]   月: 2025-08 vs 2025-08 (翌月期待値) -> False
[2025-08-22 16:42:32] 照合チェック - 費用ID:979, 支払ID:212
[2025-08-22 16:42:32]   コード: 045124 vs 045124 -> True
[2025-08-22 16:42:32]   金額: 0 vs 20000.0 -> False
[2025-08-22 16:42:32]   月: 2025-08 vs 2025-08 (翌月期待値) -> False
[2025-08-22 16:42:32] ==================================================
[2025-08-22 16:42:32] 照合処理統計結果:
[2025-08-22 16:42:32]   対象費用データ: 12件
[2025-08-22 16:42:32]   対象支払いデータ: 84件
[2025-08-22 16:42:32]   照合成功: 0件
[2025-08-22 16:42:32]     - 完全一致: 0件
[2025-08-22 16:42:32]     - 部分一致: 0件
[2025-08-22 16:42:32]   照合失敗: 12件
[2025-08-22 16:42:32]   照合率: 0.0%
[2025-08-22 16:42:32] ==================================================
[2025-08-22 16:42:32] フィルター状態保存: 検索='', 状態='未処理', 月='2025年08月'
[2025-08-22 16:42:32] 取得した支払い月: 4件
[2025-08-22 16:42:32] 月フィルタ追加: 2025年08月 -> 2025-08
[2025-08-22 16:42:32] 月フィルタ追加: 2025年07月 -> 2025-07
[2025-08-22 16:42:32] 月フィルタ追加: 2025年06月 -> 2025-06
[2025-08-22 16:42:32] 月フィルタ追加: 2025年05月 -> 2025-05
[2025-08-22 16:42:32] 費用データの更新が完了しました
[2025-08-22 16:42:32] 月フィルター復元: 2025年08月
[2025-08-22 16:42:32] 月フィルタ実行: 選択テキスト='2025年08月'
[2025-08-22 16:42:32] 月フィルタ: インデックス=1, データ='2025-08'
[2025-08-22 16:42:32] フィルタリング実行: 対象月='2025-08'
[2025-08-22 16:42:32] フィルタリング結果: 74件
[2025-08-22 16:42:32] 月フィルタ完了: 2025年08月 - 74件表示
[2025-08-22 16:42:32] フィルター状態の復元が完了しました
[2025-08-22 16:42:32] 支払いデータの更新が完了しました
[2025-08-22 16:42:32] 取得した支払い月: 4件
[2025-08-22 16:42:32] 月フィルタ追加: 2025年08月 -> 2025-08
[2025-08-22 16:42:32] 月フィルタ追加: 2025年07月 -> 2025-07
[2025-08-22 16:42:32] 月フィルタ追加: 2025年06月 -> 2025-06
[2025-08-22 16:42:32] 月フィルタ追加: 2025年05月 -> 2025-05
[2025-08-22 16:42:32] 費用データの更新が完了しました
[2025-08-22 16:42:32] フィルタリング実行: 対象月='2025-08'
[2025-08-22 16:42:32] フィルタリング結果: 74件
[2025-08-22 16:42:32] 月フィルタ完了: 2025年08月 - 74件表示
[2025-08-22 16:42:32] 費用と支払いの照合: 0件一致、12件不一致
[2025-08-22 16:42:56] 支払い先マスター更新: トップギア -> 045124
[2025-08-22 16:42:56] 費用データ保存完了: ID=979
[2025-08-22 16:42:56] 費用データ ID: 979 を更新しました
[2025-08-22 16:42:56] フィルター状態保存: 検索='', 状態='未処理', 月='2025年08月'
[2025-08-22 16:42:57] 取得した支払い月: 5件
[2025-08-22 16:42:57] 月フィルタ追加: 2025年08月 -> 2025-08
[2025-08-22 16:42:57] 月フィルタ追加: 2025年07月 -> 2025-07
[2025-08-22 16:42:57] 月フィルタ追加: 2025年06月 -> 2025-06
[2025-08-22 16:42:57] 月フィルタ追加: 2025年05月 -> 2025-05
[2025-08-22 16:42:57] 月フィルタ追加: 2023年08月 -> 2023-08
[2025-08-22 16:42:57] 費用データの更新が完了しました
[2025-08-22 16:42:57] 月フィルター復元: 2025年08月
[2025-08-22 16:42:57] 月フィルタ実行: 選択テキスト='2025年08月'
[2025-08-22 16:42:57] 月フィルタ: インデックス=1, データ='2025-08'
[2025-08-22 16:42:57] フィルタリング実行: 対象月='2025-08'
[2025-08-22 16:42:57] フィルタリング結果: 73件
[2025-08-22 16:42:57] 月フィルタ完了: 2025年08月 - 73件表示
[2025-08-22 16:42:57] フィルター状態の復元が完了しました
[2025-08-22 16:46:48] ヘッダー '状態' がCSVファイルに見つかりません
[2025-08-22 16:46:48] 支払い先マスター更新: 公益財団法人日本道路交通情報センター -> 052003
[2025-08-22 16:46:48] 支払い先マスター更新: 株式会社ウェザーニューズ -> 013002
[2025-08-22 16:46:48] 支払い先マスター更新: 吉本興業株式会社　東京本部 -> 085068
[2025-08-22 16:46:48] 支払い先マスター更新: トップギアインターナショナル合同会社 -> 045124
[2025-08-22 16:46:48] 支払い先マスター更新: ユニバーサル -> 083008
[2025-08-22 16:46:48] 支払い先マスター更新: トップギア -> 045124
[2025-08-22 16:46:48] 支払い先マスター更新: 株式会社FIRST　AGENT -> 012139
[2025-08-22 16:46:48] 支払い先マスター更新: 有限会社ウルトラ -> 013005
[2025-08-22 16:46:48] 支払い先マスター更新: 株式会社ジェイタス -> 032071
[2025-08-22 16:46:48] 支払い先マスター更新: 株式会社浜銀総合研究所 -> 061040
[2025-08-22 16:46:48] 支払い先マスター更新: 有限会社ティーズ・カンパニー -> 044001
[2025-08-22 16:46:49] 支払い先マスター更新: 浜銀総合研究所 -> 061040
[2025-08-22 16:46:49] 支払い先マスター更新: 株式会社レスキューナウ -> 094025
[2025-08-22 16:46:49] 支払い先マスター更新: 合同会社山田本家 -> 073025
[2025-08-22 16:46:49] 支払い先マスター更新: 株式会社エッグパラダイス　本社 -> 014195
[2025-08-22 16:46:49] 支払い先マスター更新: 株式会社圭三プロダクション -> 024001
[2025-08-22 16:46:49] 支払い先マスター更新: 山本　陽介 -> 081077
[2025-08-22 16:46:49] 支払い先マスター更新: 鈴木　まひる -> 033008
[2025-08-22 16:46:49] 支払い先マスター更新: 一般社団法人共同通信社 -> 022004
[2025-08-22 16:46:49] 支払い先マスター更新: 有限会社ボイスワークス -> 065062
[2025-08-22 16:46:49] 支払い先マスター更新: 有限会社さくら -> 031003
[2025-08-22 16:46:49] 支払い先マスター更新: トップギアインターナショナル -> 045124
[2025-08-22 16:46:49] 支払い先マスター更新: 株式会社グレープカンパニー -> 023100
[2025-08-22 16:46:49] 支払い先マスター更新: 藤田観光株式会社　横浜ワシントンホテル -> 063022
[2025-08-22 16:46:49] 支払い先マスター更新: クロスイメージング株式会社 -> 023102
[2025-08-22 16:46:49] 支払い先マスター更新: 宮澤　光邦 -> 072057
[2025-08-22 16:46:49] 支払い先マスター更新: 有限会社リズミック -> 092011
[2025-08-22 16:46:49] 支払い先マスター更新: 株式会社サウンズネクスト -> 014012
[2025-08-22 16:46:49] 支払い先マスター更新: 株式会社ワタナベエンターテインメント -> 096031
[2025-08-22 16:46:49] 支払い先マスター更新: 有限会社大人計画 -> 015181
[2025-08-22 16:46:49] 支払い先マスター更新: 有限会社チャプター -> 042001
[2025-08-22 16:46:49] 支払い先マスター更新: 株式会社プラスプラス -> 063174
[2025-08-22 16:46:49] 支払い先マスター更新: 株式会社アルスコード -> 014122
[2025-08-22 16:46:49] 支払い先マスター更新: 株式会社ジェー・プラネット -> 032001
[2025-08-22 16:46:49] 支払い先マスター更新: 株式会社ライムライト -> 091016
[2025-08-22 16:46:49] 支払い先マスター更新: 株式会社神奈川新聞社 -> 021027
[2025-08-22 16:46:49] 支払い先マスター更新: 株式会社浅井企画 -> 011044
[2025-08-22 16:46:49] 支払い先マスター更新: 4G -> 032090
[2025-08-22 16:46:49] 支払い先マスター更新: 株式会社アクロスエンタテインメント -> 011053
[2025-08-22 16:46:49] 支払い先マスター更新: 神奈川都市交通株式会社 -> 021003
[2025-08-22 16:46:49] 支払い先マスター更新: 柴田　聡 -> 032051
[2025-08-22 16:46:49] 支払い先マスター更新: 株式会社セント・フォース -> 034024
[2025-08-22 16:46:49] 支払い先マスター更新: 松原　さと子 -> 071005
[2025-08-22 16:46:49] 支払い先マスター更新: 野村　康子 -> 055014
[2025-08-22 16:46:49] 支払い先マスター更新: 株式会社ジョイスタッフ -> 032039
[2025-08-22 16:46:49] 支払い先マスター更新: 平松　政俊 -> 062113
[2025-08-22 16:46:49] 支払い先マスター更新: 龍口健太郎 -> 094019
[2025-08-22 16:46:49] 支払い先マスター更新: 株式会社ミュージックレイン　本社 -> 072102
[2025-08-22 16:46:49] 支払い先マスター更新: G-インパクト株式会社 -> 032047
[2025-08-22 16:46:49] 支払い先マスター更新: 株式会社プランテック -> 063157
[2025-08-22 16:46:49] 支払い先マスター更新: 城山　光正 -> 032179
[2025-08-22 16:46:49] 支払い先マスター更新: 株式会社ホリプロ -> 065005
[2025-08-22 16:46:49] 支払い先マスター更新: 株式会社サンミュージックプロダクション -> 031065
[2025-08-22 16:46:49] 支払い先マスター更新: 宮澤光邦 -> 072057
[2025-08-22 16:46:49] 支払い先マスター更新: 株式会社エス・オー・プロモーション -> 014002
[2025-08-22 16:46:49] 支払い先マスター更新: 山本陽介 -> 081077
[2025-08-22 16:46:49] 支払い先マスター更新: リズミック -> 092011
[2025-08-22 16:46:49] 支払い先マスター更新: 株式会社ワンダーワーカーズ -> 096021
[2025-08-22 16:46:49] 支払い先マスター更新: ＷＵＪエンタテインメント合同会社 -> 072086
[2025-08-22 16:46:49] 支払い先マスター同期完了: 59件
[2025-08-22 16:46:49] 85件のデータをCSVからインポートしました: AccountingApprovalList_20250822.csv
[2025-08-22 16:46:49] 支払いデータの更新が完了しました
[2025-08-22 16:46:52] 照合処理開始: 費用データ 12件、支払いデータ 85件
[2025-08-22 16:46:52] 照合チェック - 費用ID:674, 支払ID:308
[2025-08-22 16:46:52]   コード: 092011 vs 092011 -> True
[2025-08-22 16:46:52]   金額: 190000.0 vs 1000000.0 -> False
[2025-08-22 16:46:52]   月: 2025-05 vs 2025-08 (翌月期待値) -> False
[2025-08-22 16:46:52] 照合チェック - 費用ID:674, 支払ID:309
[2025-08-22 16:46:52]   コード: 092011 vs 092011 -> True
[2025-08-22 16:46:52]   金額: 190000.0 vs 80000.0 -> False
[2025-08-22 16:46:52]   月: 2025-05 vs 2025-08 (翌月期待値) -> False
[2025-08-22 16:46:52] 照合チェック - 費用ID:674, 支払ID:310
[2025-08-22 16:46:52]   コード: 092011 vs 092011 -> True
[2025-08-22 16:46:52]   金額: 190000.0 vs 50000.0 -> False
[2025-08-22 16:46:52]   月: 2025-05 vs 2025-08 (翌月期待値) -> False
[2025-08-22 16:46:52] 照合チェック - 費用ID:674, 支払ID:316
[2025-08-22 16:46:52]   コード: 092011 vs 092011 -> True
[2025-08-22 16:46:52]   金額: 190000.0 vs 1125000.0 -> False
[2025-08-22 16:46:52]   月: 2025-05 vs 2025-08 (翌月期待値) -> False
[2025-08-22 16:46:52] 照合チェック - 費用ID:674, 支払ID:318
[2025-08-22 16:46:52]   コード: 092011 vs 092011 -> True
[2025-08-22 16:46:52]   金額: 190000.0 vs 150000.0 -> False
[2025-08-22 16:46:52]   月: 2025-05 vs 2025-08 (翌月期待値) -> False
[2025-08-22 16:46:52] 照合チェック - 費用ID:674, 支払ID:322
[2025-08-22 16:46:52]   コード: 092011 vs 032051 -> False
[2025-08-22 16:46:52]   金額: 190000.0 vs 190000.0 -> True
[2025-08-22 16:46:52]   月: 2025-05 vs 2025-08 (翌月期待値) -> False
[2025-08-22 16:46:52] 照合チェック - 費用ID:676, 支払ID:265
[2025-08-22 16:46:52]   コード: 092011 vs 015181 -> False
[2025-08-22 16:46:52]   金額: 10000.0 vs 10000.0 -> True
[2025-08-22 16:46:52]   月: 2025-05 vs 2025-08 (翌月期待値) -> False
[2025-08-22 16:46:52] 照合チェック - 費用ID:676, 支払ID:279
[2025-08-22 16:46:52]   コード: 092011 vs 022004 -> False
[2025-08-22 16:46:52]   金額: 10000.0 vs 10000.0 -> True
[2025-08-22 16:46:52]   月: 2025-05 vs 2025-08 (翌月期待値) -> False
[2025-08-22 16:46:52] 照合チェック - 費用ID:676, 支払ID:308
[2025-08-22 16:46:52]   コード: 092011 vs 092011 -> True
[2025-08-22 16:46:52]   金額: 10000.0 vs 1000000.0 -> False
[2025-08-22 16:46:52]   月: 2025-05 vs 2025-08 (翌月期待値) -> False
[2025-08-22 16:46:52] 照合チェック - 費用ID:676, 支払ID:309
[2025-08-22 16:46:52]   コード: 092011 vs 092011 -> True
[2025-08-22 16:46:52]   金額: 10000.0 vs 80000.0 -> False
[2025-08-22 16:46:52]   月: 2025-05 vs 2025-08 (翌月期待値) -> False
[2025-08-22 16:46:52] 照合チェック - 費用ID:676, 支払ID:310
[2025-08-22 16:46:52]   コード: 092011 vs 092011 -> True
[2025-08-22 16:46:52]   金額: 10000.0 vs 50000.0 -> False
[2025-08-22 16:46:52]   月: 2025-05 vs 2025-08 (翌月期待値) -> False
[2025-08-22 16:46:52] 照合チェック - 費用ID:676, 支払ID:316
[2025-08-22 16:46:52]   コード: 092011 vs 092011 -> True
[2025-08-22 16:46:52]   金額: 10000.0 vs 1125000.0 -> False
[2025-08-22 16:46:52]   月: 2025-05 vs 2025-08 (翌月期待値) -> False
[2025-08-22 16:46:52] 照合チェック - 費用ID:676, 支払ID:318
[2025-08-22 16:46:52]   コード: 092011 vs 092011 -> True
[2025-08-22 16:46:52]   金額: 10000.0 vs 150000.0 -> False
[2025-08-22 16:46:52]   月: 2025-05 vs 2025-08 (翌月期待値) -> False
[2025-08-22 16:46:52] 照合チェック - 費用ID:690, 支払ID:293
[2025-08-22 16:46:52]   コード: 024001 vs 024001 -> True
[2025-08-22 16:46:52]   金額: 1236000.0 vs 17000.0 -> False
[2025-08-22 16:46:52]   月: 2025-05 vs 2025-08 (翌月期待値) -> False
[2025-08-22 16:46:52] 照合チェック - 費用ID:690, 支払ID:294
[2025-08-22 16:46:52]   コード: 024001 vs 024001 -> True
[2025-08-22 16:46:52]   金額: 1236000.0 vs 1130000.0 -> False
[2025-08-22 16:46:52]   月: 2025-05 vs 2025-08 (翌月期待値) -> False
[2025-08-22 16:46:52] 照合チェック - 費用ID:706, 支払ID:273
[2025-08-22 16:46:52]   コード: 063174 vs 063174 -> True
[2025-08-22 16:46:52]   金額: 15000.0 vs 160000.0 -> False
[2025-08-22 16:46:52]   月: 2025-05 vs 2025-08 (翌月期待値) -> False
[2025-08-22 16:46:52] 照合チェック - 費用ID:706, 支払ID:291
[2025-08-22 16:46:52]   コード: 063174 vs 014012 -> False
[2025-08-22 16:46:52]   金額: 15000.0 vs 15000.0 -> True
[2025-08-22 16:46:52]   月: 2025-05 vs 2025-08 (翌月期待値) -> False
[2025-08-22 16:46:52] 照合チェック - 費用ID:729, 支払ID:255
[2025-08-22 16:46:52]   コード: 092011 vs 023100 -> False
[2025-08-22 16:46:52]   金額: 40000.0 vs 40000.0 -> True
[2025-08-22 16:46:52]   月: 2025-05 vs 2025-08 (翌月期待値) -> False
[2025-08-22 16:46:52] 照合チェック - 費用ID:729, 支払ID:266
[2025-08-22 16:46:52]   コード: 092011 vs 014195 -> False
[2025-08-22 16:46:52]   金額: 40000.0 vs 40000.0 -> True
[2025-08-22 16:46:52]   月: 2025-05 vs 2025-08 (翌月期待値) -> False
[2025-08-22 16:46:52] 照合チェック - 費用ID:729, 支払ID:307
[2025-08-22 16:46:52]   コード: 092011 vs 013005 -> False
[2025-08-22 16:46:52]   金額: 40000.0 vs 40000.0 -> True
[2025-08-22 16:46:52]   月: 2025-05 vs 2025-08 (翌月期待値) -> False
[2025-08-22 16:46:52] 照合チェック - 費用ID:729, 支払ID:308
[2025-08-22 16:46:52]   コード: 092011 vs 092011 -> True
[2025-08-22 16:46:52]   金額: 40000.0 vs 1000000.0 -> False
[2025-08-22 16:46:52]   月: 2025-05 vs 2025-08 (翌月期待値) -> False
[2025-08-22 16:46:52] 照合チェック - 費用ID:729, 支払ID:309
[2025-08-22 16:46:52]   コード: 092011 vs 092011 -> True
[2025-08-22 16:46:52]   金額: 40000.0 vs 80000.0 -> False
[2025-08-22 16:46:52]   月: 2025-05 vs 2025-08 (翌月期待値) -> False
[2025-08-22 16:46:52] 照合チェック - 費用ID:729, 支払ID:310
[2025-08-22 16:46:52]   コード: 092011 vs 092011 -> True
[2025-08-22 16:46:52]   金額: 40000.0 vs 50000.0 -> False
[2025-08-22 16:46:52]   月: 2025-05 vs 2025-08 (翌月期待値) -> False
[2025-08-22 16:46:52] 照合チェック - 費用ID:729, 支払ID:314
[2025-08-22 16:46:52]   コード: 092011 vs 011053 -> False
[2025-08-22 16:46:52]   金額: 40000.0 vs 40000.0 -> True
[2025-08-22 16:46:52]   月: 2025-05 vs 2025-08 (翌月期待値) -> False
[2025-08-22 16:46:52] 照合チェック - 費用ID:729, 支払ID:315
[2025-08-22 16:46:52]   コード: 092011 vs 072086 -> False
[2025-08-22 16:46:52]   金額: 40000.0 vs 40000.0 -> True
[2025-08-22 16:46:52]   月: 2025-05 vs 2025-08 (翌月期待値) -> False
[2025-08-22 16:46:52] 照合チェック - 費用ID:729, 支払ID:316
[2025-08-22 16:46:52]   コード: 092011 vs 092011 -> True
[2025-08-22 16:46:52]   金額: 40000.0 vs 1125000.0 -> False
[2025-08-22 16:46:52]   月: 2025-05 vs 2025-08 (翌月期待値) -> False
[2025-08-22 16:46:52] 照合チェック - 費用ID:729, 支払ID:318
[2025-08-22 16:46:52]   コード: 092011 vs 092011 -> True
[2025-08-22 16:46:52]   金額: 40000.0 vs 150000.0 -> False
[2025-08-22 16:46:52]   月: 2025-05 vs 2025-08 (翌月期待値) -> False
[2025-08-22 16:46:52] 照合チェック - 費用ID:747, 支払ID:255
[2025-08-22 16:46:52]   コード: 094019 vs 023100 -> False
[2025-08-22 16:46:52]   金額: 40000.0 vs 40000.0 -> True
[2025-08-22 16:46:52]   月: 2025-06 vs 2025-08 (翌月期待値) -> False
[2025-08-22 16:46:52] 照合チェック - 費用ID:747, 支払ID:266
[2025-08-22 16:46:52]   コード: 094019 vs 014195 -> False
[2025-08-22 16:46:52]   金額: 40000.0 vs 40000.0 -> True
[2025-08-22 16:46:52]   月: 2025-06 vs 2025-08 (翌月期待値) -> False
[2025-08-22 16:46:52] 照合チェック - 費用ID:747, 支払ID:307
[2025-08-22 16:46:52]   コード: 094019 vs 013005 -> False
[2025-08-22 16:46:52]   金額: 40000.0 vs 40000.0 -> True
[2025-08-22 16:46:52]   月: 2025-06 vs 2025-08 (翌月期待値) -> False
[2025-08-22 16:46:52] 照合チェック - 費用ID:747, 支払ID:314
[2025-08-22 16:46:52]   コード: 094019 vs 011053 -> False
[2025-08-22 16:46:52]   金額: 40000.0 vs 40000.0 -> True
[2025-08-22 16:46:52]   月: 2025-06 vs 2025-08 (翌月期待値) -> False
[2025-08-22 16:46:52] 照合チェック - 費用ID:747, 支払ID:315
[2025-08-22 16:46:52]   コード: 094019 vs 072086 -> False
[2025-08-22 16:46:52]   金額: 40000.0 vs 40000.0 -> True
[2025-08-22 16:46:52]   月: 2025-06 vs 2025-08 (翌月期待値) -> False
[2025-08-22 16:46:52] 照合チェック - 費用ID:912, 支払ID:265
[2025-08-22 16:46:52]   コード: 073025 vs 015181 -> False
[2025-08-22 16:46:52]   金額: 10000.0 vs 10000.0 -> True
[2025-08-22 16:46:52]   月: 2025-08 vs 2025-08 (翌月期待値) -> False
[2025-08-22 16:46:52] 照合チェック - 費用ID:912, 支払ID:279
[2025-08-22 16:46:52]   コード: 073025 vs 022004 -> False
[2025-08-22 16:46:52]   金額: 10000.0 vs 10000.0 -> True
[2025-08-22 16:46:52]   月: 2025-08 vs 2025-08 (翌月期待値) -> False
[2025-08-22 16:46:52] 照合チェック - 費用ID:920, 支払ID:256
[2025-08-22 16:46:52]   コード: 031065 vs 023100 -> False
[2025-08-22 16:46:52]   金額: 30000.0 vs 30000.0 -> True
[2025-08-22 16:46:52]   月: 2025-08 vs 2025-08 (翌月期待値) -> False
[2025-08-22 16:46:52] 照合チェック - 費用ID:920, 支払ID:271
[2025-08-22 16:46:52]   コード: 031065 vs 055014 -> False
[2025-08-22 16:46:52]   金額: 30000.0 vs 30000.0 -> True
[2025-08-22 16:46:52]   月: 2025-08 vs 2025-08 (翌月期待値) -> False
[2025-08-22 16:46:52] 照合チェック - 費用ID:920, 支払ID:280
[2025-08-22 16:46:52]   コード: 031065 vs 022004 -> False
[2025-08-22 16:46:52]   金額: 30000.0 vs 30000.0 -> True
[2025-08-22 16:46:52]   月: 2025-08 vs 2025-08 (翌月期待値) -> False
[2025-08-22 16:46:52] 照合チェック - 費用ID:920, 支払ID:329
[2025-08-22 16:46:52]   コード: 031065 vs 032047 -> False
[2025-08-22 16:46:52]   金額: 30000.0 vs 30000.0 -> True
[2025-08-22 16:46:52]   月: 2025-08 vs 2025-08 (翌月期待値) -> False
[2025-08-22 16:46:52] 照合チェック - 費用ID:956, 支払ID:273
[2025-08-22 16:46:52]   コード: 063174 vs 063174 -> True
[2025-08-22 16:46:52]   金額: 15000.0 vs 160000.0 -> False
[2025-08-22 16:46:52]   月: 2025-08 vs 2025-08 (翌月期待値) -> False
[2025-08-22 16:46:52] 照合チェック - 費用ID:956, 支払ID:291
[2025-08-22 16:46:52]   コード: 063174 vs 014012 -> False
[2025-08-22 16:46:52]   金額: 15000.0 vs 15000.0 -> True
[2025-08-22 16:46:52]   月: 2025-08 vs 2025-08 (翌月期待値) -> False
[2025-08-22 16:46:52] 照合チェック - 費用ID:979, 支払ID:297
[2025-08-22 16:46:52]   コード: 045124 vs 045124 -> True
[2025-08-22 16:46:52]   金額: 20000.0 vs 20000.0 -> True
[2025-08-22 16:46:52]   月: 2023-08 vs 2025-08 (翌月期待値) -> False
[2025-08-22 16:46:52] 部分一致マッチング: 費用ID:979 <-> 支払ID:297 (月不一致)
[2025-08-22 16:46:52] 照合チェック - 費用ID:979, 支払ID:299
[2025-08-22 16:46:52]   コード: 045124 vs 013005 -> False
[2025-08-22 16:46:52]   金額: 20000.0 vs 20000.0 -> True
[2025-08-22 16:46:52]   月: 2023-08 vs 2025-08 (翌月期待値) -> False
[2025-08-22 16:46:52] 照合チェック - 費用ID:979, 支払ID:321
[2025-08-22 16:46:52]   コード: 045124 vs 032047 -> False
[2025-08-22 16:46:52]   金額: 20000.0 vs 20000.0 -> True
[2025-08-22 16:46:52]   月: 2023-08 vs 2025-08 (翌月期待値) -> False
[2025-08-22 16:46:52] 照合チェック - 費用ID:979, 支払ID:325
[2025-08-22 16:46:52]   コード: 045124 vs 032047 -> False
[2025-08-22 16:46:52]   金額: 20000.0 vs 20000.0 -> True
[2025-08-22 16:46:52]   月: 2023-08 vs 2025-08 (翌月期待値) -> False
[2025-08-22 16:46:52] 照合チェック - 費用ID:979, 支払ID:328
[2025-08-22 16:46:52]   コード: 045124 vs 032047 -> False
[2025-08-22 16:46:52]   金額: 20000.0 vs 20000.0 -> True
[2025-08-22 16:46:52]   月: 2023-08 vs 2025-08 (翌月期待値) -> False
[2025-08-22 16:46:52] 照合チェック - 費用ID:979, 支払ID:333
[2025-08-22 16:46:52]   コード: 045124 vs 032047 -> False
[2025-08-22 16:46:52]   金額: 20000.0 vs 20000.0 -> True
[2025-08-22 16:46:52]   月: 2023-08 vs 2025-08 (翌月期待値) -> False
[2025-08-22 16:46:52] 照合成功 (部分一致): 費用ID:979 <-> 支払ID:297
[2025-08-22 16:46:52] 照合チェック - 費用ID:980, 支払ID:253
[2025-08-22 16:46:52]   コード: 072057 vs 072057 -> True
[2025-08-22 16:46:52]   金額: 950000.0 vs 950000.0 -> True
[2025-08-22 16:46:52]   月: 2025-08 vs 2025-08 (翌月期待値) -> False
[2025-08-22 16:46:52] 部分一致マッチング: 費用ID:980 <-> 支払ID:253 (月不一致)
[2025-08-22 16:46:52] 照合成功 (部分一致): 費用ID:980 <-> 支払ID:253
[2025-08-22 16:46:52] ==================================================
[2025-08-22 16:46:52] 照合処理統計結果:
[2025-08-22 16:46:52]   対象費用データ: 12件
[2025-08-22 16:46:52]   対象支払いデータ: 85件
[2025-08-22 16:46:52]   照合成功: 2件
[2025-08-22 16:46:52]     - 完全一致: 0件
[2025-08-22 16:46:52]     - 部分一致: 2件
[2025-08-22 16:46:52]   照合失敗: 10件
[2025-08-22 16:46:52]   照合率: 16.7%
[2025-08-22 16:46:52] ==================================================
[2025-08-22 16:46:52] フィルター状態保存: 検索='', 状態='未処理', 月='2025年08月'
[2025-08-22 16:46:52] 取得した支払い月: 5件
[2025-08-22 16:46:52] 月フィルタ追加: 2025年08月 -> 2025-08
[2025-08-22 16:46:52] 月フィルタ追加: 2025年07月 -> 2025-07
[2025-08-22 16:46:52] 月フィルタ追加: 2025年06月 -> 2025-06
[2025-08-22 16:46:52] 月フィルタ追加: 2025年05月 -> 2025-05
[2025-08-22 16:46:52] 月フィルタ追加: 2023年08月 -> 2023-08
[2025-08-22 16:46:52] 費用データの更新が完了しました
[2025-08-22 16:46:52] 月フィルター復元: 2025年08月
[2025-08-22 16:46:52] 月フィルタ実行: 選択テキスト='2025年08月'
[2025-08-22 16:46:52] 月フィルタ: インデックス=1, データ='2025-08'
[2025-08-22 16:46:52] フィルタリング実行: 対象月='2025-08'
[2025-08-22 16:46:52] フィルタリング結果: 73件
[2025-08-22 16:46:52] 月フィルタ完了: 2025年08月 - 73件表示
[2025-08-22 16:46:52] フィルター状態の復元が完了しました
[2025-08-22 16:46:52] 支払いデータの更新が完了しました
[2025-08-22 16:46:52] 取得した支払い月: 5件
[2025-08-22 16:46:52] 月フィルタ追加: 2025年08月 -> 2025-08
[2025-08-22 16:46:52] 月フィルタ追加: 2025年07月 -> 2025-07
[2025-08-22 16:46:52] 月フィルタ追加: 2025年06月 -> 2025-06
[2025-08-22 16:46:52] 月フィルタ追加: 2025年05月 -> 2025-05
[2025-08-22 16:46:52] 月フィルタ追加: 2023年08月 -> 2023-08
[2025-08-22 16:46:52] 費用データの更新が完了しました
[2025-08-22 16:46:52] フィルタリング実行: 対象月='2025-08'
[2025-08-22 16:46:52] フィルタリング結果: 73件
[2025-08-22 16:46:52] 月フィルタ完了: 2025年08月 - 73件表示
[2025-08-22 16:46:52] 費用と支払いの照合: 2件一致、10件不一致
[2025-08-22 17:13:27] 照合処理開始: 費用データ 10件、支払いデータ 83件
[2025-08-22 17:13:27] 照合チェック - 費用ID:674, 支払ID:308
[2025-08-22 17:13:27]   コード: 092011 vs 092011 -> True
[2025-08-22 17:13:27]   金額: 190000.0 vs 1000000.0 -> False
[2025-08-22 17:13:27]   月: 2025-05 vs 2025-08 (翌月期待値) -> False
[2025-08-22 17:13:27] 照合チェック - 費用ID:674, 支払ID:309
[2025-08-22 17:13:27]   コード: 092011 vs 092011 -> True
[2025-08-22 17:13:27]   金額: 190000.0 vs 80000.0 -> False
[2025-08-22 17:13:27]   月: 2025-05 vs 2025-08 (翌月期待値) -> False
[2025-08-22 17:13:27] 照合チェック - 費用ID:674, 支払ID:310
[2025-08-22 17:13:27]   コード: 092011 vs 092011 -> True
[2025-08-22 17:13:27]   金額: 190000.0 vs 50000.0 -> False
[2025-08-22 17:13:27]   月: 2025-05 vs 2025-08 (翌月期待値) -> False
[2025-08-22 17:13:27] 照合チェック - 費用ID:674, 支払ID:316
[2025-08-22 17:13:27]   コード: 092011 vs 092011 -> True
[2025-08-22 17:13:27]   金額: 190000.0 vs 1125000.0 -> False
[2025-08-22 17:13:27]   月: 2025-05 vs 2025-08 (翌月期待値) -> False
[2025-08-22 17:13:27] 照合チェック - 費用ID:674, 支払ID:318
[2025-08-22 17:13:27]   コード: 092011 vs 092011 -> True
[2025-08-22 17:13:27]   金額: 190000.0 vs 150000.0 -> False
[2025-08-22 17:13:27]   月: 2025-05 vs 2025-08 (翌月期待値) -> False
[2025-08-22 17:13:27] 照合チェック - 費用ID:674, 支払ID:322
[2025-08-22 17:13:27]   コード: 092011 vs 032051 -> False
[2025-08-22 17:13:27]   金額: 190000.0 vs 190000.0 -> True
[2025-08-22 17:13:27]   月: 2025-05 vs 2025-08 (翌月期待値) -> False
[2025-08-22 17:13:27] 照合チェック - 費用ID:676, 支払ID:265
[2025-08-22 17:13:27]   コード: 092011 vs 015181 -> False
[2025-08-22 17:13:27]   金額: 10000.0 vs 10000.0 -> True
[2025-08-22 17:13:27]   月: 2025-05 vs 2025-08 (翌月期待値) -> False
[2025-08-22 17:13:27] 照合チェック - 費用ID:676, 支払ID:279
[2025-08-22 17:13:27]   コード: 092011 vs 022004 -> False
[2025-08-22 17:13:27]   金額: 10000.0 vs 10000.0 -> True
[2025-08-22 17:13:27]   月: 2025-05 vs 2025-08 (翌月期待値) -> False
[2025-08-22 17:13:27] 照合チェック - 費用ID:676, 支払ID:308
[2025-08-22 17:13:27]   コード: 092011 vs 092011 -> True
[2025-08-22 17:13:27]   金額: 10000.0 vs 1000000.0 -> False
[2025-08-22 17:13:27]   月: 2025-05 vs 2025-08 (翌月期待値) -> False
[2025-08-22 17:13:27] 照合チェック - 費用ID:676, 支払ID:309
[2025-08-22 17:13:27]   コード: 092011 vs 092011 -> True
[2025-08-22 17:13:27]   金額: 10000.0 vs 80000.0 -> False
[2025-08-22 17:13:27]   月: 2025-05 vs 2025-08 (翌月期待値) -> False
[2025-08-22 17:13:27] 照合チェック - 費用ID:676, 支払ID:310
[2025-08-22 17:13:27]   コード: 092011 vs 092011 -> True
[2025-08-22 17:13:27]   金額: 10000.0 vs 50000.0 -> False
[2025-08-22 17:13:27]   月: 2025-05 vs 2025-08 (翌月期待値) -> False
[2025-08-22 17:13:27] 照合チェック - 費用ID:676, 支払ID:316
[2025-08-22 17:13:27]   コード: 092011 vs 092011 -> True
[2025-08-22 17:13:27]   金額: 10000.0 vs 1125000.0 -> False
[2025-08-22 17:13:27]   月: 2025-05 vs 2025-08 (翌月期待値) -> False
[2025-08-22 17:13:27] 照合チェック - 費用ID:676, 支払ID:318
[2025-08-22 17:13:27]   コード: 092011 vs 092011 -> True
[2025-08-22 17:13:27]   金額: 10000.0 vs 150000.0 -> False
[2025-08-22 17:13:27]   月: 2025-05 vs 2025-08 (翌月期待値) -> False
[2025-08-22 17:13:27] 照合チェック - 費用ID:690, 支払ID:293
[2025-08-22 17:13:27]   コード: 024001 vs 024001 -> True
[2025-08-22 17:13:27]   金額: 1236000.0 vs 17000.0 -> False
[2025-08-22 17:13:27]   月: 2025-05 vs 2025-08 (翌月期待値) -> False
[2025-08-22 17:13:27] 照合チェック - 費用ID:690, 支払ID:294
[2025-08-22 17:13:27]   コード: 024001 vs 024001 -> True
[2025-08-22 17:13:27]   金額: 1236000.0 vs 1130000.0 -> False
[2025-08-22 17:13:27]   月: 2025-05 vs 2025-08 (翌月期待値) -> False
[2025-08-22 17:13:27] 照合チェック - 費用ID:706, 支払ID:273
[2025-08-22 17:13:27]   コード: 063174 vs 063174 -> True
[2025-08-22 17:13:27]   金額: 15000.0 vs 160000.0 -> False
[2025-08-22 17:13:27]   月: 2025-05 vs 2025-08 (翌月期待値) -> False
[2025-08-22 17:13:27] 照合チェック - 費用ID:706, 支払ID:291
[2025-08-22 17:13:27]   コード: 063174 vs 014012 -> False
[2025-08-22 17:13:27]   金額: 15000.0 vs 15000.0 -> True
[2025-08-22 17:13:27]   月: 2025-05 vs 2025-08 (翌月期待値) -> False
[2025-08-22 17:13:27] 照合チェック - 費用ID:729, 支払ID:255
[2025-08-22 17:13:27]   コード: 092011 vs 023100 -> False
[2025-08-22 17:13:27]   金額: 40000.0 vs 40000.0 -> True
[2025-08-22 17:13:27]   月: 2025-05 vs 2025-08 (翌月期待値) -> False
[2025-08-22 17:13:27] 照合チェック - 費用ID:729, 支払ID:266
[2025-08-22 17:13:27]   コード: 092011 vs 014195 -> False
[2025-08-22 17:13:27]   金額: 40000.0 vs 40000.0 -> True
[2025-08-22 17:13:27]   月: 2025-05 vs 2025-08 (翌月期待値) -> False
[2025-08-22 17:13:27] 照合チェック - 費用ID:729, 支払ID:307
[2025-08-22 17:13:27]   コード: 092011 vs 013005 -> False
[2025-08-22 17:13:27]   金額: 40000.0 vs 40000.0 -> True
[2025-08-22 17:13:27]   月: 2025-05 vs 2025-08 (翌月期待値) -> False
[2025-08-22 17:13:27] 照合チェック - 費用ID:729, 支払ID:308
[2025-08-22 17:13:27]   コード: 092011 vs 092011 -> True
[2025-08-22 17:13:27]   金額: 40000.0 vs 1000000.0 -> False
[2025-08-22 17:13:27]   月: 2025-05 vs 2025-08 (翌月期待値) -> False
[2025-08-22 17:13:27] 照合チェック - 費用ID:729, 支払ID:309
[2025-08-22 17:13:27]   コード: 092011 vs 092011 -> True
[2025-08-22 17:13:27]   金額: 40000.0 vs 80000.0 -> False
[2025-08-22 17:13:27]   月: 2025-05 vs 2025-08 (翌月期待値) -> False
[2025-08-22 17:13:27] 照合チェック - 費用ID:729, 支払ID:310
[2025-08-22 17:13:27]   コード: 092011 vs 092011 -> True
[2025-08-22 17:13:27]   金額: 40000.0 vs 50000.0 -> False
[2025-08-22 17:13:27]   月: 2025-05 vs 2025-08 (翌月期待値) -> False
[2025-08-22 17:13:27] 照合チェック - 費用ID:729, 支払ID:314
[2025-08-22 17:13:27]   コード: 092011 vs 011053 -> False
[2025-08-22 17:13:27]   金額: 40000.0 vs 40000.0 -> True
[2025-08-22 17:13:27]   月: 2025-05 vs 2025-08 (翌月期待値) -> False
[2025-08-22 17:13:27] 照合チェック - 費用ID:729, 支払ID:315
[2025-08-22 17:13:27]   コード: 092011 vs 072086 -> False
[2025-08-22 17:13:27]   金額: 40000.0 vs 40000.0 -> True
[2025-08-22 17:13:27]   月: 2025-05 vs 2025-08 (翌月期待値) -> False
[2025-08-22 17:13:27] 照合チェック - 費用ID:729, 支払ID:316
[2025-08-22 17:13:27]   コード: 092011 vs 092011 -> True
[2025-08-22 17:13:27]   金額: 40000.0 vs 1125000.0 -> False
[2025-08-22 17:13:27]   月: 2025-05 vs 2025-08 (翌月期待値) -> False
[2025-08-22 17:13:27] 照合チェック - 費用ID:729, 支払ID:318
[2025-08-22 17:13:27]   コード: 092011 vs 092011 -> True
[2025-08-22 17:13:27]   金額: 40000.0 vs 150000.0 -> False
[2025-08-22 17:13:27]   月: 2025-05 vs 2025-08 (翌月期待値) -> False
[2025-08-22 17:13:27] 照合チェック - 費用ID:747, 支払ID:255
[2025-08-22 17:13:27]   コード: 094019 vs 023100 -> False
[2025-08-22 17:13:27]   金額: 40000.0 vs 40000.0 -> True
[2025-08-22 17:13:27]   月: 2025-06 vs 2025-08 (翌月期待値) -> False
[2025-08-22 17:13:27] 照合チェック - 費用ID:747, 支払ID:266
[2025-08-22 17:13:27]   コード: 094019 vs 014195 -> False
[2025-08-22 17:13:27]   金額: 40000.0 vs 40000.0 -> True
[2025-08-22 17:13:27]   月: 2025-06 vs 2025-08 (翌月期待値) -> False
[2025-08-22 17:13:27] 照合チェック - 費用ID:747, 支払ID:307
[2025-08-22 17:13:27]   コード: 094019 vs 013005 -> False
[2025-08-22 17:13:27]   金額: 40000.0 vs 40000.0 -> True
[2025-08-22 17:13:27]   月: 2025-06 vs 2025-08 (翌月期待値) -> False
[2025-08-22 17:13:27] 照合チェック - 費用ID:747, 支払ID:314
[2025-08-22 17:13:27]   コード: 094019 vs 011053 -> False
[2025-08-22 17:13:27]   金額: 40000.0 vs 40000.0 -> True
[2025-08-22 17:13:27]   月: 2025-06 vs 2025-08 (翌月期待値) -> False
[2025-08-22 17:13:27] 照合チェック - 費用ID:747, 支払ID:315
[2025-08-22 17:13:27]   コード: 094019 vs 072086 -> False
[2025-08-22 17:13:27]   金額: 40000.0 vs 40000.0 -> True
[2025-08-22 17:13:27]   月: 2025-06 vs 2025-08 (翌月期待値) -> False
[2025-08-22 17:13:27] 照合チェック - 費用ID:912, 支払ID:265
[2025-08-22 17:13:27]   コード: 073025 vs 015181 -> False
[2025-08-22 17:13:27]   金額: 10000.0 vs 10000.0 -> True
[2025-08-22 17:13:27]   月: 2025-08 vs 2025-08 (翌月期待値) -> False
[2025-08-22 17:13:27] 照合チェック - 費用ID:912, 支払ID:279
[2025-08-22 17:13:27]   コード: 073025 vs 022004 -> False
[2025-08-22 17:13:27]   金額: 10000.0 vs 10000.0 -> True
[2025-08-22 17:13:27]   月: 2025-08 vs 2025-08 (翌月期待値) -> False
[2025-08-22 17:13:27] 照合チェック - 費用ID:920, 支払ID:256
[2025-08-22 17:13:27]   コード: 031065 vs 023100 -> False
[2025-08-22 17:13:27]   金額: 30000.0 vs 30000.0 -> True
[2025-08-22 17:13:27]   月: 2025-08 vs 2025-08 (翌月期待値) -> False
[2025-08-22 17:13:27] 照合チェック - 費用ID:920, 支払ID:271
[2025-08-22 17:13:27]   コード: 031065 vs 055014 -> False
[2025-08-22 17:13:27]   金額: 30000.0 vs 30000.0 -> True
[2025-08-22 17:13:27]   月: 2025-08 vs 2025-08 (翌月期待値) -> False
[2025-08-22 17:13:27] 照合チェック - 費用ID:920, 支払ID:280
[2025-08-22 17:13:27]   コード: 031065 vs 022004 -> False
[2025-08-22 17:13:27]   金額: 30000.0 vs 30000.0 -> True
[2025-08-22 17:13:27]   月: 2025-08 vs 2025-08 (翌月期待値) -> False
[2025-08-22 17:13:27] 照合チェック - 費用ID:920, 支払ID:329
[2025-08-22 17:13:27]   コード: 031065 vs 032047 -> False
[2025-08-22 17:13:27]   金額: 30000.0 vs 30000.0 -> True
[2025-08-22 17:13:27]   月: 2025-08 vs 2025-08 (翌月期待値) -> False
[2025-08-22 17:13:27] 照合チェック - 費用ID:956, 支払ID:273
[2025-08-22 17:13:27]   コード: 063174 vs 063174 -> True
[2025-08-22 17:13:27]   金額: 15000.0 vs 160000.0 -> False
[2025-08-22 17:13:27]   月: 2025-08 vs 2025-08 (翌月期待値) -> False
[2025-08-22 17:13:27] 照合チェック - 費用ID:956, 支払ID:291
[2025-08-22 17:13:27]   コード: 063174 vs 014012 -> False
[2025-08-22 17:13:27]   金額: 15000.0 vs 15000.0 -> True
[2025-08-22 17:13:27]   月: 2025-08 vs 2025-08 (翌月期待値) -> False
[2025-08-22 17:13:27] ==================================================
[2025-08-22 17:13:27] 照合処理統計結果:
[2025-08-22 17:13:27]   対象費用データ: 10件
[2025-08-22 17:13:27]   対象支払いデータ: 83件
[2025-08-22 17:13:27]   照合成功: 0件
[2025-08-22 17:13:27]     - 完全一致: 0件
[2025-08-22 17:13:27]     - 部分一致: 0件
[2025-08-22 17:13:27]   照合失敗: 10件
[2025-08-22 17:13:27]   照合率: 0.0%
[2025-08-22 17:13:27] ==================================================
[2025-08-22 17:13:27] フィルター状態保存: 検索='', 状態='未処理', 月='2025年08月'
[2025-08-22 17:13:27] 取得した支払い月: 5件
[2025-08-22 17:13:27] 月フィルタ追加: 2025年08月 -> 2025-08
[2025-08-22 17:13:27] 月フィルタ追加: 2025年07月 -> 2025-07
[2025-08-22 17:13:27] 月フィルタ追加: 2025年06月 -> 2025-06
[2025-08-22 17:13:27] 月フィルタ追加: 2025年05月 -> 2025-05
[2025-08-22 17:13:27] 月フィルタ追加: 2023年08月 -> 2023-08
[2025-08-22 17:13:27] 費用データの更新が完了しました
[2025-08-22 17:13:27] 月フィルター復元: 2025年08月
[2025-08-22 17:13:27] 月フィルタ実行: 選択テキスト='2025年08月'
[2025-08-22 17:13:27] 月フィルタ: インデックス=1, データ='2025-08'
[2025-08-22 17:13:27] フィルタリング実行: 対象月='2025-08'
[2025-08-22 17:13:27] フィルタリング結果: 73件
[2025-08-22 17:13:27] 月フィルタ完了: 2025年08月 - 73件表示
[2025-08-22 17:13:27] フィルター状態の復元が完了しました
[2025-08-22 17:13:27] 支払いデータの更新が完了しました
[2025-08-22 17:13:27] 取得した支払い月: 5件
[2025-08-22 17:13:27] 月フィルタ追加: 2025年08月 -> 2025-08
[2025-08-22 17:13:27] 月フィルタ追加: 2025年07月 -> 2025-07
[2025-08-22 17:13:27] 月フィルタ追加: 2025年06月 -> 2025-06
[2025-08-22 17:13:27] 月フィルタ追加: 2025年05月 -> 2025-05
[2025-08-22 17:13:27] 月フィルタ追加: 2023年08月 -> 2023-08
[2025-08-22 17:13:27] 費用データの更新が完了しました
[2025-08-22 17:13:27] フィルタリング実行: 対象月='2025-08'
[2025-08-22 17:13:27] フィルタリング結果: 73件
[2025-08-22 17:13:27] 月フィルタ完了: 2025年08月 - 73件表示
[2025-08-22 17:13:27] 費用と支払いの照合: 0件一致、10件不一致
[2025-08-22 17:32:07] 取得した支払い月: 5件
[2025-08-22 17:32:07] 月フィルタ追加: 2025年08月 -> 2025-08
[2025-08-22 17:32:07] 月フィルタ追加: 2025年07月 -> 2025-07
[2025-08-22 17:32:07] 月フィルタ追加: 2025年06月 -> 2025-06
[2025-08-22 17:32:07] 月フィルタ追加: 2025年05月 -> 2025-05
[2025-08-22 17:32:07] 月フィルタ追加: 2023年08月 -> 2023-08
[2025-08-22 17:32:07] 費用データの更新が完了しました
[2025-08-22 17:32:09] 月フィルタ実行: 選択テキスト='すべて表示'
[2025-08-22 17:32:09] すべて表示が選択されました
[2025-08-22 17:32:09] 取得した支払い月: 5件
[2025-08-22 17:32:09] 月フィルタ追加: 2025年08月 -> 2025-08
[2025-08-22 17:32:09] 月フィルタ追加: 2025年07月 -> 2025-07
[2025-08-22 17:32:09] 月フィルタ追加: 2025年06月 -> 2025-06
[2025-08-22 17:32:09] 月フィルタ追加: 2025年05月 -> 2025-05
[2025-08-22 17:32:09] 月フィルタ追加: 2023年08月 -> 2023-08
[2025-08-22 17:32:09] 費用データの更新が完了しました
[2025-08-22 17:32:54] 支払い先マスター更新: 有限会社さくら -> 031003
[2025-08-22 17:32:54] 費用データ保存完了: ID=949
[2025-08-22 17:32:54] 費用データ ID: 949 を更新しました
[2025-08-22 17:32:54] フィルター状態保存: 検索='さくら', 状態='すべて', 月='すべて表示'
[2025-08-22 17:32:54] 取得した支払い月: 5件
[2025-08-22 17:32:54] 月フィルタ追加: 2025年08月 -> 2025-08
[2025-08-22 17:32:54] 月フィルタ追加: 2025年07月 -> 2025-07
[2025-08-22 17:32:54] 月フィルタ追加: 2025年06月 -> 2025-06
[2025-08-22 17:32:54] 月フィルタ追加: 2025年05月 -> 2025-05
[2025-08-22 17:32:54] 月フィルタ追加: 2023年08月 -> 2023-08
[2025-08-22 17:32:54] 費用データの更新が完了しました
[2025-08-22 17:32:54] フィルター状態の復元が完了しました
[2025-08-22 17:32:59] 照合処理開始: 費用データ 10件、支払いデータ 83件
[2025-08-22 17:32:59] 照合チェック - 費用ID:674, 支払ID:308
[2025-08-22 17:32:59]   コード: 092011 vs 092011 -> True
[2025-08-22 17:32:59]   金額: 190000.0 vs 1000000.0 -> False
[2025-08-22 17:32:59]   月: 2025-05 vs 2025-08 (翌月期待値) -> False
[2025-08-22 17:32:59] 照合チェック - 費用ID:674, 支払ID:309
[2025-08-22 17:32:59]   コード: 092011 vs 092011 -> True
[2025-08-22 17:32:59]   金額: 190000.0 vs 80000.0 -> False
[2025-08-22 17:32:59]   月: 2025-05 vs 2025-08 (翌月期待値) -> False
[2025-08-22 17:32:59] 照合チェック - 費用ID:674, 支払ID:310
[2025-08-22 17:32:59]   コード: 092011 vs 092011 -> True
[2025-08-22 17:32:59]   金額: 190000.0 vs 50000.0 -> False
[2025-08-22 17:32:59]   月: 2025-05 vs 2025-08 (翌月期待値) -> False
[2025-08-22 17:32:59] 照合チェック - 費用ID:674, 支払ID:316
[2025-08-22 17:32:59]   コード: 092011 vs 092011 -> True
[2025-08-22 17:32:59]   金額: 190000.0 vs 1125000.0 -> False
[2025-08-22 17:32:59]   月: 2025-05 vs 2025-08 (翌月期待値) -> False
[2025-08-22 17:32:59] 照合チェック - 費用ID:674, 支払ID:318
[2025-08-22 17:32:59]   コード: 092011 vs 092011 -> True
[2025-08-22 17:32:59]   金額: 190000.0 vs 150000.0 -> False
[2025-08-22 17:32:59]   月: 2025-05 vs 2025-08 (翌月期待値) -> False
[2025-08-22 17:32:59] 照合チェック - 費用ID:674, 支払ID:322
[2025-08-22 17:32:59]   コード: 092011 vs 032051 -> False
[2025-08-22 17:32:59]   金額: 190000.0 vs 190000.0 -> True
[2025-08-22 17:32:59]   月: 2025-05 vs 2025-08 (翌月期待値) -> False
[2025-08-22 17:32:59] 照合チェック - 費用ID:676, 支払ID:265
[2025-08-22 17:32:59]   コード: 092011 vs 015181 -> False
[2025-08-22 17:32:59]   金額: 10000.0 vs 10000.0 -> True
[2025-08-22 17:32:59]   月: 2025-05 vs 2025-08 (翌月期待値) -> False
[2025-08-22 17:32:59] 照合チェック - 費用ID:676, 支払ID:279
[2025-08-22 17:32:59]   コード: 092011 vs 022004 -> False
[2025-08-22 17:32:59]   金額: 10000.0 vs 10000.0 -> True
[2025-08-22 17:32:59]   月: 2025-05 vs 2025-08 (翌月期待値) -> False
[2025-08-22 17:32:59] 照合チェック - 費用ID:676, 支払ID:308
[2025-08-22 17:32:59]   コード: 092011 vs 092011 -> True
[2025-08-22 17:32:59]   金額: 10000.0 vs 1000000.0 -> False
[2025-08-22 17:32:59]   月: 2025-05 vs 2025-08 (翌月期待値) -> False
[2025-08-22 17:32:59] 照合チェック - 費用ID:676, 支払ID:309
[2025-08-22 17:32:59]   コード: 092011 vs 092011 -> True
[2025-08-22 17:32:59]   金額: 10000.0 vs 80000.0 -> False
[2025-08-22 17:32:59]   月: 2025-05 vs 2025-08 (翌月期待値) -> False
[2025-08-22 17:32:59] 照合チェック - 費用ID:676, 支払ID:310
[2025-08-22 17:32:59]   コード: 092011 vs 092011 -> True
[2025-08-22 17:32:59]   金額: 10000.0 vs 50000.0 -> False
[2025-08-22 17:32:59]   月: 2025-05 vs 2025-08 (翌月期待値) -> False
[2025-08-22 17:32:59] 照合チェック - 費用ID:676, 支払ID:316
[2025-08-22 17:32:59]   コード: 092011 vs 092011 -> True
[2025-08-22 17:32:59]   金額: 10000.0 vs 1125000.0 -> False
[2025-08-22 17:32:59]   月: 2025-05 vs 2025-08 (翌月期待値) -> False
[2025-08-22 17:32:59] 照合チェック - 費用ID:676, 支払ID:318
[2025-08-22 17:32:59]   コード: 092011 vs 092011 -> True
[2025-08-22 17:32:59]   金額: 10000.0 vs 150000.0 -> False
[2025-08-22 17:32:59]   月: 2025-05 vs 2025-08 (翌月期待値) -> False
[2025-08-22 17:32:59] 照合チェック - 費用ID:690, 支払ID:293
[2025-08-22 17:32:59]   コード: 024001 vs 024001 -> True
[2025-08-22 17:32:59]   金額: 1236000.0 vs 17000.0 -> False
[2025-08-22 17:32:59]   月: 2025-05 vs 2025-08 (翌月期待値) -> False
[2025-08-22 17:32:59] 照合チェック - 費用ID:690, 支払ID:294
[2025-08-22 17:32:59]   コード: 024001 vs 024001 -> True
[2025-08-22 17:32:59]   金額: 1236000.0 vs 1130000.0 -> False
[2025-08-22 17:32:59]   月: 2025-05 vs 2025-08 (翌月期待値) -> False
[2025-08-22 17:32:59] 照合チェック - 費用ID:706, 支払ID:273
[2025-08-22 17:32:59]   コード: 063174 vs 063174 -> True
[2025-08-22 17:32:59]   金額: 15000.0 vs 160000.0 -> False
[2025-08-22 17:32:59]   月: 2025-05 vs 2025-08 (翌月期待値) -> False
[2025-08-22 17:32:59] 照合チェック - 費用ID:706, 支払ID:291
[2025-08-22 17:32:59]   コード: 063174 vs 014012 -> False
[2025-08-22 17:32:59]   金額: 15000.0 vs 15000.0 -> True
[2025-08-22 17:32:59]   月: 2025-05 vs 2025-08 (翌月期待値) -> False
[2025-08-22 17:32:59] 照合チェック - 費用ID:729, 支払ID:255
[2025-08-22 17:32:59]   コード: 092011 vs 023100 -> False
[2025-08-22 17:32:59]   金額: 40000.0 vs 40000.0 -> True
[2025-08-22 17:32:59]   月: 2025-05 vs 2025-08 (翌月期待値) -> False
[2025-08-22 17:32:59] 照合チェック - 費用ID:729, 支払ID:266
[2025-08-22 17:32:59]   コード: 092011 vs 014195 -> False
[2025-08-22 17:32:59]   金額: 40000.0 vs 40000.0 -> True
[2025-08-22 17:32:59]   月: 2025-05 vs 2025-08 (翌月期待値) -> False
[2025-08-22 17:32:59] 照合チェック - 費用ID:729, 支払ID:307
[2025-08-22 17:32:59]   コード: 092011 vs 013005 -> False
[2025-08-22 17:32:59]   金額: 40000.0 vs 40000.0 -> True
[2025-08-22 17:32:59]   月: 2025-05 vs 2025-08 (翌月期待値) -> False
[2025-08-22 17:32:59] 照合チェック - 費用ID:729, 支払ID:308
[2025-08-22 17:32:59]   コード: 092011 vs 092011 -> True
[2025-08-22 17:32:59]   金額: 40000.0 vs 1000000.0 -> False
[2025-08-22 17:32:59]   月: 2025-05 vs 2025-08 (翌月期待値) -> False
[2025-08-22 17:32:59] 照合チェック - 費用ID:729, 支払ID:309
[2025-08-22 17:32:59]   コード: 092011 vs 092011 -> True
[2025-08-22 17:32:59]   金額: 40000.0 vs 80000.0 -> False
[2025-08-22 17:32:59]   月: 2025-05 vs 2025-08 (翌月期待値) -> False
[2025-08-22 17:32:59] 照合チェック - 費用ID:729, 支払ID:310
[2025-08-22 17:32:59]   コード: 092011 vs 092011 -> True
[2025-08-22 17:32:59]   金額: 40000.0 vs 50000.0 -> False
[2025-08-22 17:32:59]   月: 2025-05 vs 2025-08 (翌月期待値) -> False
[2025-08-22 17:32:59] 照合チェック - 費用ID:729, 支払ID:314
[2025-08-22 17:32:59]   コード: 092011 vs 011053 -> False
[2025-08-22 17:32:59]   金額: 40000.0 vs 40000.0 -> True
[2025-08-22 17:32:59]   月: 2025-05 vs 2025-08 (翌月期待値) -> False
[2025-08-22 17:32:59] 照合チェック - 費用ID:729, 支払ID:315
[2025-08-22 17:32:59]   コード: 092011 vs 072086 -> False
[2025-08-22 17:32:59]   金額: 40000.0 vs 40000.0 -> True
[2025-08-22 17:32:59]   月: 2025-05 vs 2025-08 (翌月期待値) -> False
[2025-08-22 17:32:59] 照合チェック - 費用ID:729, 支払ID:316
[2025-08-22 17:32:59]   コード: 092011 vs 092011 -> True
[2025-08-22 17:32:59]   金額: 40000.0 vs 1125000.0 -> False
[2025-08-22 17:32:59]   月: 2025-05 vs 2025-08 (翌月期待値) -> False
[2025-08-22 17:32:59] 照合チェック - 費用ID:729, 支払ID:318
[2025-08-22 17:32:59]   コード: 092011 vs 092011 -> True
[2025-08-22 17:32:59]   金額: 40000.0 vs 150000.0 -> False
[2025-08-22 17:32:59]   月: 2025-05 vs 2025-08 (翌月期待値) -> False
[2025-08-22 17:32:59] 照合チェック - 費用ID:747, 支払ID:255
[2025-08-22 17:32:59]   コード: 094019 vs 023100 -> False
[2025-08-22 17:32:59]   金額: 40000.0 vs 40000.0 -> True
[2025-08-22 17:32:59]   月: 2025-06 vs 2025-08 (翌月期待値) -> False
[2025-08-22 17:32:59] 照合チェック - 費用ID:747, 支払ID:266
[2025-08-22 17:32:59]   コード: 094019 vs 014195 -> False
[2025-08-22 17:32:59]   金額: 40000.0 vs 40000.0 -> True
[2025-08-22 17:32:59]   月: 2025-06 vs 2025-08 (翌月期待値) -> False
[2025-08-22 17:32:59] 照合チェック - 費用ID:747, 支払ID:307
[2025-08-22 17:32:59]   コード: 094019 vs 013005 -> False
[2025-08-22 17:32:59]   金額: 40000.0 vs 40000.0 -> True
[2025-08-22 17:32:59]   月: 2025-06 vs 2025-08 (翌月期待値) -> False
[2025-08-22 17:32:59] 照合チェック - 費用ID:747, 支払ID:314
[2025-08-22 17:32:59]   コード: 094019 vs 011053 -> False
[2025-08-22 17:32:59]   金額: 40000.0 vs 40000.0 -> True
[2025-08-22 17:32:59]   月: 2025-06 vs 2025-08 (翌月期待値) -> False
[2025-08-22 17:32:59] 照合チェック - 費用ID:747, 支払ID:315
[2025-08-22 17:32:59]   コード: 094019 vs 072086 -> False
[2025-08-22 17:32:59]   金額: 40000.0 vs 40000.0 -> True
[2025-08-22 17:32:59]   月: 2025-06 vs 2025-08 (翌月期待値) -> False
[2025-08-22 17:32:59] 照合チェック - 費用ID:912, 支払ID:265
[2025-08-22 17:32:59]   コード: 073025 vs 015181 -> False
[2025-08-22 17:32:59]   金額: 10000.0 vs 10000.0 -> True
[2025-08-22 17:32:59]   月: 2025-08 vs 2025-08 (翌月期待値) -> False
[2025-08-22 17:32:59] 照合チェック - 費用ID:912, 支払ID:279
[2025-08-22 17:32:59]   コード: 073025 vs 022004 -> False
[2025-08-22 17:32:59]   金額: 10000.0 vs 10000.0 -> True
[2025-08-22 17:32:59]   月: 2025-08 vs 2025-08 (翌月期待値) -> False
[2025-08-22 17:32:59] 照合チェック - 費用ID:920, 支払ID:256
[2025-08-22 17:32:59]   コード: 031065 vs 023100 -> False
[2025-08-22 17:32:59]   金額: 30000.0 vs 30000.0 -> True
[2025-08-22 17:32:59]   月: 2025-08 vs 2025-08 (翌月期待値) -> False
[2025-08-22 17:32:59] 照合チェック - 費用ID:920, 支払ID:271
[2025-08-22 17:32:59]   コード: 031065 vs 055014 -> False
[2025-08-22 17:32:59]   金額: 30000.0 vs 30000.0 -> True
[2025-08-22 17:32:59]   月: 2025-08 vs 2025-08 (翌月期待値) -> False
[2025-08-22 17:32:59] 照合チェック - 費用ID:920, 支払ID:280
[2025-08-22 17:32:59]   コード: 031065 vs 022004 -> False
[2025-08-22 17:32:59]   金額: 30000.0 vs 30000.0 -> True
[2025-08-22 17:32:59]   月: 2025-08 vs 2025-08 (翌月期待値) -> False
[2025-08-22 17:32:59] 照合チェック - 費用ID:920, 支払ID:329
[2025-08-22 17:32:59]   コード: 031065 vs 032047 -> False
[2025-08-22 17:32:59]   金額: 30000.0 vs 30000.0 -> True
[2025-08-22 17:32:59]   月: 2025-08 vs 2025-08 (翌月期待値) -> False
[2025-08-22 17:32:59] 照合チェック - 費用ID:956, 支払ID:273
[2025-08-22 17:32:59]   コード: 063174 vs 063174 -> True
[2025-08-22 17:32:59]   金額: 15000.0 vs 160000.0 -> False
[2025-08-22 17:32:59]   月: 2025-08 vs 2025-08 (翌月期待値) -> False
[2025-08-22 17:32:59] 照合チェック - 費用ID:956, 支払ID:291
[2025-08-22 17:32:59]   コード: 063174 vs 014012 -> False
[2025-08-22 17:32:59]   金額: 15000.0 vs 15000.0 -> True
[2025-08-22 17:32:59]   月: 2025-08 vs 2025-08 (翌月期待値) -> False
[2025-08-22 17:32:59] ==================================================
[2025-08-22 17:32:59] 照合処理統計結果:
[2025-08-22 17:32:59]   対象費用データ: 10件
[2025-08-22 17:32:59]   対象支払いデータ: 83件
[2025-08-22 17:32:59]   照合成功: 0件
[2025-08-22 17:32:59]     - 完全一致: 0件
[2025-08-22 17:32:59]     - 部分一致: 0件
[2025-08-22 17:32:59]   照合失敗: 10件
[2025-08-22 17:32:59]   照合率: 0.0%
[2025-08-22 17:32:59] ==================================================
[2025-08-22 17:32:59] フィルター状態保存: 検索='さくら', 状態='すべて', 月='すべて表示'
[2025-08-22 17:32:59] 取得した支払い月: 5件
[2025-08-22 17:32:59] 月フィルタ追加: 2025年08月 -> 2025-08
[2025-08-22 17:32:59] 月フィルタ追加: 2025年07月 -> 2025-07
[2025-08-22 17:32:59] 月フィルタ追加: 2025年06月 -> 2025-06
[2025-08-22 17:32:59] 月フィルタ追加: 2025年05月 -> 2025-05
[2025-08-22 17:32:59] 月フィルタ追加: 2023年08月 -> 2023-08
[2025-08-22 17:32:59] 費用データの更新が完了しました
[2025-08-22 17:32:59] フィルター状態の復元が完了しました
[2025-08-22 17:32:59] 支払いデータの更新が完了しました
[2025-08-22 17:32:59] 取得した支払い月: 5件
[2025-08-22 17:32:59] 月フィルタ追加: 2025年08月 -> 2025-08
[2025-08-22 17:32:59] 月フィルタ追加: 2025年07月 -> 2025-07
[2025-08-22 17:32:59] 月フィルタ追加: 2025年06月 -> 2025-06
[2025-08-22 17:32:59] 月フィルタ追加: 2025年05月 -> 2025-05
[2025-08-22 17:32:59] 月フィルタ追加: 2023年08月 -> 2023-08
[2025-08-22 17:32:59] 費用データの更新が完了しました
[2025-08-22 17:32:59] 費用と支払いの照合: 0件一致、10件不一致
