[2025-05-31 10:11:07] payments テーブルを再作成しました
[2025-05-31 10:11:08] ヘッダー '状態' がCSVファイルに見つかりません
[2025-05-31 10:11:08] 金額の変換エラー: 
[2025-05-31 10:11:08] 98件のデータをCSVからインポートしました: AccountingApprovalList_20250531.csv
[2025-05-31 10:11:08] 支払いデータの更新が完了しました
[2025-05-31 10:11:08] 費用データの更新が完了しました
[2025-05-31 10:11:08] 費用マスターデータの更新が完了しました
[2025-05-31 10:11:15] 照合開始: 費用データ 97件, 支払いデータ 98件
[2025-05-31 10:11:15] 支払いデータ更新: ID=27, 更新行数=1
[2025-05-31 10:11:15] 費用データ更新: ID=658, 更新行数=1
[2025-05-31 10:11:15] 照合成功: 費用ID:658 <-> 支払ID:27
[2025-05-31 10:11:15] 支払いデータ更新: ID=73, 更新行数=1
[2025-05-31 10:11:15] 費用データ更新: ID=659, 更新行数=1
[2025-05-31 10:11:15] 照合成功: 費用ID:659 <-> 支払ID:73
[2025-05-31 10:11:15] 支払いデータ更新: ID=84, 更新行数=1
[2025-05-31 10:11:15] 費用データ更新: ID=660, 更新行数=1
[2025-05-31 10:11:15] 照合成功: 費用ID:660 <-> 支払ID:84
[2025-05-31 10:11:15] 支払いデータ更新: ID=74, 更新行数=1
[2025-05-31 10:11:15] 費用データ更新: ID=661, 更新行数=1
[2025-05-31 10:11:15] 照合成功: 費用ID:661 <-> 支払ID:74
[2025-05-31 10:11:15] 支払いデータ更新: ID=14, 更新行数=1
[2025-05-31 10:11:15] 費用データ更新: ID=662, 更新行数=1
[2025-05-31 10:11:15] 照合成功: 費用ID:662 <-> 支払ID:14
[2025-05-31 10:11:15] 支払いデータ更新: ID=92, 更新行数=1
[2025-05-31 10:11:15] 費用データ更新: ID=663, 更新行数=1
[2025-05-31 10:11:15] 照合成功: 費用ID:663 <-> 支払ID:92
[2025-05-31 10:11:15] 支払いデータ更新: ID=35, 更新行数=1
[2025-05-31 10:11:15] 費用データ更新: ID=664, 更新行数=1
[2025-05-31 10:11:15] 照合成功: 費用ID:664 <-> 支払ID:35
[2025-05-31 10:11:15] 支払いデータ更新: ID=81, 更新行数=1
[2025-05-31 10:11:15] 費用データ更新: ID=665, 更新行数=1
[2025-05-31 10:11:15] 照合成功: 費用ID:665 <-> 支払ID:81
[2025-05-31 10:11:15] 支払いデータ更新: ID=45, 更新行数=1
[2025-05-31 10:11:15] 費用データ更新: ID=666, 更新行数=1
[2025-05-31 10:11:15] 照合成功: 費用ID:666 <-> 支払ID:45
[2025-05-31 10:11:15] 支払いデータ更新: ID=37, 更新行数=1
[2025-05-31 10:11:15] 費用データ更新: ID=667, 更新行数=1
[2025-05-31 10:11:15] 照合成功: 費用ID:667 <-> 支払ID:37
[2025-05-31 10:11:15] 支払いデータ更新: ID=93, 更新行数=1
[2025-05-31 10:11:15] 費用データ更新: ID=668, 更新行数=1
[2025-05-31 10:11:15] 照合成功: 費用ID:668 <-> 支払ID:93
[2025-05-31 10:11:15] 支払いデータ更新: ID=52, 更新行数=1
[2025-05-31 10:11:15] 費用データ更新: ID=669, 更新行数=1
[2025-05-31 10:11:15] 照合成功: 費用ID:669 <-> 支払ID:52
[2025-05-31 10:11:15] 支払いデータ更新: ID=13, 更新行数=1
[2025-05-31 10:11:15] 費用データ更新: ID=670, 更新行数=1
[2025-05-31 10:11:15] 照合成功: 費用ID:670 <-> 支払ID:13
[2025-05-31 10:11:15] 支払いデータ更新: ID=34, 更新行数=1
[2025-05-31 10:11:15] 費用データ更新: ID=671, 更新行数=1
[2025-05-31 10:11:15] 照合成功: 費用ID:671 <-> 支払ID:34
[2025-05-31 10:11:15] 支払いデータ更新: ID=39, 更新行数=1
[2025-05-31 10:11:15] 費用データ更新: ID=672, 更新行数=1
[2025-05-31 10:11:15] 照合成功: 費用ID:672 <-> 支払ID:39
[2025-05-31 10:11:15] 支払いデータ更新: ID=67, 更新行数=1
[2025-05-31 10:11:15] 費用データ更新: ID=673, 更新行数=1
[2025-05-31 10:11:15] 照合成功: 費用ID:673 <-> 支払ID:67
[2025-05-31 10:11:15] 支払いデータ更新: ID=33, 更新行数=1
[2025-05-31 10:11:15] 費用データ更新: ID=674, 更新行数=1
[2025-05-31 10:11:15] 照合成功: 費用ID:674 <-> 支払ID:33
[2025-05-31 10:11:15] 支払いデータ更新: ID=29, 更新行数=1
[2025-05-31 10:11:15] 費用データ更新: ID=675, 更新行数=1
[2025-05-31 10:11:15] 照合成功: 費用ID:675 <-> 支払ID:29
[2025-05-31 10:11:15] 支払いデータ更新: ID=32, 更新行数=1
[2025-05-31 10:11:15] 費用データ更新: ID=676, 更新行数=1
[2025-05-31 10:11:15] 照合成功: 費用ID:676 <-> 支払ID:32
[2025-05-31 10:11:15] 支払いデータ更新: ID=41, 更新行数=1
[2025-05-31 10:11:15] 費用データ更新: ID=677, 更新行数=1
[2025-05-31 10:11:15] 照合成功: 費用ID:677 <-> 支払ID:41
[2025-05-31 10:11:15] 支払いデータ更新: ID=22, 更新行数=1
[2025-05-31 10:11:15] 費用データ更新: ID=678, 更新行数=1
[2025-05-31 10:11:15] 照合成功: 費用ID:678 <-> 支払ID:22
[2025-05-31 10:11:15] 支払いデータ更新: ID=68, 更新行数=1
[2025-05-31 10:11:15] 費用データ更新: ID=679, 更新行数=1
[2025-05-31 10:11:15] 照合成功: 費用ID:679 <-> 支払ID:68
[2025-05-31 10:11:15] 支払いデータ更新: ID=71, 更新行数=1
[2025-05-31 10:11:15] 費用データ更新: ID=680, 更新行数=1
[2025-05-31 10:11:15] 照合成功: 費用ID:680 <-> 支払ID:71
[2025-05-31 10:11:15] 支払いデータ更新: ID=24, 更新行数=1
[2025-05-31 10:11:15] 費用データ更新: ID=681, 更新行数=1
[2025-05-31 10:11:15] 照合成功: 費用ID:681 <-> 支払ID:24
[2025-05-31 10:11:15] 支払いデータ更新: ID=55, 更新行数=1
[2025-05-31 10:11:15] 費用データ更新: ID=682, 更新行数=1
[2025-05-31 10:11:15] 照合成功: 費用ID:682 <-> 支払ID:55
[2025-05-31 10:11:15] 支払いデータ更新: ID=54, 更新行数=1
[2025-05-31 10:11:15] 費用データ更新: ID=683, 更新行数=1
[2025-05-31 10:11:15] 照合成功: 費用ID:683 <-> 支払ID:54
[2025-05-31 10:11:15] 支払いデータ更新: ID=90, 更新行数=1
[2025-05-31 10:11:15] 費用データ更新: ID=684, 更新行数=1
[2025-05-31 10:11:15] 照合成功: 費用ID:684 <-> 支払ID:90
[2025-05-31 10:11:15] 支払いデータ更新: ID=17, 更新行数=1
[2025-05-31 10:11:15] 費用データ更新: ID=685, 更新行数=1
[2025-05-31 10:11:15] 照合成功: 費用ID:685 <-> 支払ID:17
[2025-05-31 10:11:15] 支払いデータ更新: ID=79, 更新行数=1
[2025-05-31 10:11:15] 費用データ更新: ID=686, 更新行数=1
[2025-05-31 10:11:15] 照合成功: 費用ID:686 <-> 支払ID:79
[2025-05-31 10:11:15] 支払いデータ更新: ID=80, 更新行数=1
[2025-05-31 10:11:15] 費用データ更新: ID=687, 更新行数=1
[2025-05-31 10:11:15] 照合成功: 費用ID:687 <-> 支払ID:80
[2025-05-31 10:11:15] 支払いデータ更新: ID=66, 更新行数=1
[2025-05-31 10:11:15] 費用データ更新: ID=688, 更新行数=1
[2025-05-31 10:11:15] 照合成功: 費用ID:688 <-> 支払ID:66
[2025-05-31 10:11:15] 支払いデータ更新: ID=89, 更新行数=1
[2025-05-31 10:11:15] 費用データ更新: ID=689, 更新行数=1
[2025-05-31 10:11:15] 照合成功: 費用ID:689 <-> 支払ID:89
[2025-05-31 10:11:15] 支払いデータ更新: ID=40, 更新行数=1
[2025-05-31 10:11:15] 費用データ更新: ID=690, 更新行数=1
[2025-05-31 10:11:15] 照合成功: 費用ID:690 <-> 支払ID:40
[2025-05-31 10:11:15] 支払いデータ更新: ID=26, 更新行数=1
[2025-05-31 10:11:15] 費用データ更新: ID=691, 更新行数=1
[2025-05-31 10:11:15] 照合成功: 費用ID:691 <-> 支払ID:26
[2025-05-31 10:11:15] 支払いデータ更新: ID=49, 更新行数=1
[2025-05-31 10:11:15] 費用データ更新: ID=692, 更新行数=1
[2025-05-31 10:11:15] 照合成功: 費用ID:692 <-> 支払ID:49
[2025-05-31 10:11:15] 支払いデータ更新: ID=87, 更新行数=1
[2025-05-31 10:11:15] 費用データ更新: ID=693, 更新行数=1
[2025-05-31 10:11:15] 照合成功: 費用ID:693 <-> 支払ID:87
[2025-05-31 10:11:15] 支払いデータ更新: ID=53, 更新行数=1
[2025-05-31 10:11:15] 費用データ更新: ID=694, 更新行数=1
[2025-05-31 10:11:15] 照合成功: 費用ID:694 <-> 支払ID:53
[2025-05-31 10:11:15] 支払いデータ更新: ID=47, 更新行数=1
[2025-05-31 10:11:15] 費用データ更新: ID=695, 更新行数=1
[2025-05-31 10:11:15] 照合成功: 費用ID:695 <-> 支払ID:47
[2025-05-31 10:11:15] 支払いデータ更新: ID=85, 更新行数=1
[2025-05-31 10:11:15] 費用データ更新: ID=696, 更新行数=1
[2025-05-31 10:11:15] 照合成功: 費用ID:696 <-> 支払ID:85
[2025-05-31 10:11:15] 支払いデータ更新: ID=25, 更新行数=1
[2025-05-31 10:11:15] 費用データ更新: ID=697, 更新行数=1
[2025-05-31 10:11:15] 照合成功: 費用ID:697 <-> 支払ID:25
[2025-05-31 10:11:15] 支払いデータ更新: ID=59, 更新行数=1
[2025-05-31 10:11:15] 費用データ更新: ID=698, 更新行数=1
[2025-05-31 10:11:15] 照合成功: 費用ID:698 <-> 支払ID:59
[2025-05-31 10:11:15] 支払いデータ更新: ID=12, 更新行数=1
[2025-05-31 10:11:15] 費用データ更新: ID=699, 更新行数=1
[2025-05-31 10:11:15] 照合成功: 費用ID:699 <-> 支払ID:12
[2025-05-31 10:11:15] 支払いデータ更新: ID=77, 更新行数=1
[2025-05-31 10:11:15] 費用データ更新: ID=700, 更新行数=1
[2025-05-31 10:11:15] 照合成功: 費用ID:700 <-> 支払ID:77
[2025-05-31 10:11:15] 支払いデータ更新: ID=76, 更新行数=1
[2025-05-31 10:11:15] 費用データ更新: ID=701, 更新行数=1
[2025-05-31 10:11:15] 照合成功: 費用ID:701 <-> 支払ID:76
[2025-05-31 10:11:15] 支払いデータ更新: ID=15, 更新行数=1
[2025-05-31 10:11:15] 費用データ更新: ID=702, 更新行数=1
[2025-05-31 10:11:15] 照合成功: 費用ID:702 <-> 支払ID:15
[2025-05-31 10:11:15] 支払いデータ更新: ID=83, 更新行数=1
[2025-05-31 10:11:15] 費用データ更新: ID=703, 更新行数=1
[2025-05-31 10:11:15] 照合成功: 費用ID:703 <-> 支払ID:83
[2025-05-31 10:11:15] 支払いデータ更新: ID=86, 更新行数=1
[2025-05-31 10:11:15] 費用データ更新: ID=704, 更新行数=1
[2025-05-31 10:11:15] 照合成功: 費用ID:704 <-> 支払ID:86
[2025-05-31 10:11:15] 支払いデータ更新: ID=11, 更新行数=1
[2025-05-31 10:11:15] 費用データ更新: ID=705, 更新行数=1
[2025-05-31 10:11:15] 照合成功: 費用ID:705 <-> 支払ID:11
[2025-05-31 10:11:15] 支払いデータ更新: ID=50, 更新行数=1
[2025-05-31 10:11:15] 費用データ更新: ID=706, 更新行数=1
[2025-05-31 10:11:15] 照合成功: 費用ID:706 <-> 支払ID:50
[2025-05-31 10:11:15] 支払いデータ更新: ID=95, 更新行数=1
[2025-05-31 10:11:15] 費用データ更新: ID=707, 更新行数=1
[2025-05-31 10:11:15] 照合成功: 費用ID:707 <-> 支払ID:95
[2025-05-31 10:11:15] 支払いデータ更新: ID=70, 更新行数=1
[2025-05-31 10:11:15] 費用データ更新: ID=708, 更新行数=1
[2025-05-31 10:11:15] 照合成功: 費用ID:708 <-> 支払ID:70
[2025-05-31 10:11:15] 支払いデータ更新: ID=60, 更新行数=1
[2025-05-31 10:11:15] 費用データ更新: ID=709, 更新行数=1
[2025-05-31 10:11:15] 照合成功: 費用ID:709 <-> 支払ID:60
[2025-05-31 10:11:15] 支払いデータ更新: ID=75, 更新行数=1
[2025-05-31 10:11:15] 費用データ更新: ID=710, 更新行数=1
[2025-05-31 10:11:15] 照合成功: 費用ID:710 <-> 支払ID:75
[2025-05-31 10:11:15] 支払いデータ更新: ID=88, 更新行数=1
[2025-05-31 10:11:15] 費用データ更新: ID=711, 更新行数=1
[2025-05-31 10:11:15] 照合成功: 費用ID:711 <-> 支払ID:88
[2025-05-31 10:11:15] 支払いデータ更新: ID=61, 更新行数=1
[2025-05-31 10:11:15] 費用データ更新: ID=712, 更新行数=1
[2025-05-31 10:11:15] 照合成功: 費用ID:712 <-> 支払ID:61
[2025-05-31 10:11:15] 支払いデータ更新: ID=16, 更新行数=1
[2025-05-31 10:11:15] 費用データ更新: ID=713, 更新行数=1
[2025-05-31 10:11:15] 照合成功: 費用ID:713 <-> 支払ID:16
[2025-05-31 10:11:15] 支払いデータ更新: ID=82, 更新行数=1
[2025-05-31 10:11:15] 費用データ更新: ID=714, 更新行数=1
[2025-05-31 10:11:15] 照合成功: 費用ID:714 <-> 支払ID:82
[2025-05-31 10:11:15] 支払いデータ更新: ID=78, 更新行数=1
[2025-05-31 10:11:15] 費用データ更新: ID=715, 更新行数=1
[2025-05-31 10:11:15] 照合成功: 費用ID:715 <-> 支払ID:78
[2025-05-31 10:11:15] 支払いデータ更新: ID=46, 更新行数=1
[2025-05-31 10:11:15] 費用データ更新: ID=716, 更新行数=1
[2025-05-31 10:11:15] 照合成功: 費用ID:716 <-> 支払ID:46
[2025-05-31 10:11:15] 支払いデータ更新: ID=65, 更新行数=1
[2025-05-31 10:11:15] 費用データ更新: ID=717, 更新行数=1
[2025-05-31 10:11:15] 照合成功: 費用ID:717 <-> 支払ID:65
[2025-05-31 10:11:15] 支払いデータ更新: ID=62, 更新行数=1
[2025-05-31 10:11:15] 費用データ更新: ID=718, 更新行数=1
[2025-05-31 10:11:15] 照合成功: 費用ID:718 <-> 支払ID:62
[2025-05-31 10:11:15] 支払いデータ更新: ID=56, 更新行数=1
[2025-05-31 10:11:15] 費用データ更新: ID=719, 更新行数=1
[2025-05-31 10:11:15] 照合成功: 費用ID:719 <-> 支払ID:56
[2025-05-31 10:11:15] 支払いデータ更新: ID=57, 更新行数=1
[2025-05-31 10:11:15] 費用データ更新: ID=720, 更新行数=1
[2025-05-31 10:11:15] 照合成功: 費用ID:720 <-> 支払ID:57
[2025-05-31 10:11:15] 支払いデータ更新: ID=63, 更新行数=1
[2025-05-31 10:11:15] 費用データ更新: ID=721, 更新行数=1
[2025-05-31 10:11:15] 照合成功: 費用ID:721 <-> 支払ID:63
[2025-05-31 10:11:15] 支払いデータ更新: ID=58, 更新行数=1
[2025-05-31 10:11:15] 費用データ更新: ID=722, 更新行数=1
[2025-05-31 10:11:15] 照合成功: 費用ID:722 <-> 支払ID:58
[2025-05-31 10:11:15] 支払いデータ更新: ID=69, 更新行数=1
[2025-05-31 10:11:15] 費用データ更新: ID=723, 更新行数=1
[2025-05-31 10:11:15] 照合成功: 費用ID:723 <-> 支払ID:69
[2025-05-31 10:11:15] 支払いデータ更新: ID=38, 更新行数=1
[2025-05-31 10:11:15] 費用データ更新: ID=724, 更新行数=1
[2025-05-31 10:11:15] 照合成功: 費用ID:724 <-> 支払ID:38
[2025-05-31 10:11:15] 支払いデータ更新: ID=94, 更新行数=1
[2025-05-31 10:11:15] 費用データ更新: ID=725, 更新行数=1
[2025-05-31 10:11:15] 照合成功: 費用ID:725 <-> 支払ID:94
[2025-05-31 10:11:15] 支払いデータ更新: ID=31, 更新行数=1
[2025-05-31 10:11:15] 費用データ更新: ID=726, 更新行数=1
[2025-05-31 10:11:15] 照合成功: 費用ID:726 <-> 支払ID:31
[2025-05-31 10:11:15] 支払いデータ更新: ID=44, 更新行数=1
[2025-05-31 10:11:15] 費用データ更新: ID=727, 更新行数=1
[2025-05-31 10:11:15] 照合成功: 費用ID:727 <-> 支払ID:44
[2025-05-31 10:11:15] 支払いデータ更新: ID=36, 更新行数=1
[2025-05-31 10:11:15] 費用データ更新: ID=728, 更新行数=1
[2025-05-31 10:11:15] 照合成功: 費用ID:728 <-> 支払ID:36
[2025-05-31 10:11:15] 支払いデータ更新: ID=30, 更新行数=1
[2025-05-31 10:11:15] 費用データ更新: ID=729, 更新行数=1
[2025-05-31 10:11:15] 照合成功: 費用ID:729 <-> 支払ID:30
[2025-05-31 10:11:15] 支払いデータ更新: ID=97, 更新行数=1
[2025-05-31 10:11:15] 費用データ更新: ID=734, 更新行数=1
[2025-05-31 10:11:15] 照合成功: 費用ID:734 <-> 支払ID:97
[2025-05-31 10:11:15] 支払いデータ更新: ID=18, 更新行数=1
[2025-05-31 10:11:15] 費用データ更新: ID=735, 更新行数=1
[2025-05-31 10:11:15] 照合成功: 費用ID:735 <-> 支払ID:18
[2025-05-31 10:11:15] 支払いデータ更新: ID=9, 更新行数=1
[2025-05-31 10:11:15] 費用データ更新: ID=756, 更新行数=1
[2025-05-31 10:11:15] 照合成功: 費用ID:756 <-> 支払ID:9
[2025-05-31 10:11:15] 費用データベースの変更をコミットします
[2025-05-31 10:11:15] 支払いデータベースの変更をコミットします
[2025-05-31 10:11:15] 照合完了: 一致=75件, 不一致=18件
[2025-05-31 10:11:15] 費用データの更新が完了しました
[2025-05-31 10:11:15] 支払いデータの更新が完了しました
[2025-05-31 10:11:15] 費用と支払いの照合: 75件一致、18件不一致
[2025-05-31 10:12:43] payments テーブルを再作成しました
[2025-05-31 10:12:43] ヘッダー '状態' がCSVファイルに見つかりません
[2025-05-31 10:12:43] 金額の変換エラー: 
[2025-05-31 10:12:43] 98件のデータをCSVからインポートしました: AccountingApprovalList_20250531.csv
[2025-05-31 10:12:43] 支払いデータの更新が完了しました
[2025-05-31 10:12:43] 費用データの更新が完了しました
[2025-05-31 10:12:43] 費用マスターデータの更新が完了しました
[2025-05-31 10:12:52] 照合開始: 費用データ 97件, 支払いデータ 98件
[2025-05-31 10:12:52] 支払いデータ更新: ID=27, 更新行数=1
[2025-05-31 10:12:52] 費用データ更新: ID=658, 更新行数=1
[2025-05-31 10:12:52] 照合成功: 費用ID:658 <-> 支払ID:27
[2025-05-31 10:12:52] 支払いデータ更新: ID=73, 更新行数=1
[2025-05-31 10:12:53] 費用データ更新: ID=659, 更新行数=1
[2025-05-31 10:12:53] 照合成功: 費用ID:659 <-> 支払ID:73
[2025-05-31 10:12:53] 支払いデータ更新: ID=84, 更新行数=1
[2025-05-31 10:12:53] 費用データ更新: ID=660, 更新行数=1
[2025-05-31 10:12:53] 照合成功: 費用ID:660 <-> 支払ID:84
[2025-05-31 10:12:53] 支払いデータ更新: ID=74, 更新行数=1
[2025-05-31 10:12:53] 費用データ更新: ID=661, 更新行数=1
[2025-05-31 10:12:53] 照合成功: 費用ID:661 <-> 支払ID:74
[2025-05-31 10:12:53] 支払いデータ更新: ID=14, 更新行数=1
[2025-05-31 10:12:53] 費用データ更新: ID=662, 更新行数=1
[2025-05-31 10:12:53] 照合成功: 費用ID:662 <-> 支払ID:14
[2025-05-31 10:12:53] 支払いデータ更新: ID=92, 更新行数=1
[2025-05-31 10:12:53] 費用データ更新: ID=663, 更新行数=1
[2025-05-31 10:12:53] 照合成功: 費用ID:663 <-> 支払ID:92
[2025-05-31 10:12:53] 支払いデータ更新: ID=35, 更新行数=1
[2025-05-31 10:12:53] 費用データ更新: ID=664, 更新行数=1
[2025-05-31 10:12:53] 照合成功: 費用ID:664 <-> 支払ID:35
[2025-05-31 10:12:53] 支払いデータ更新: ID=81, 更新行数=1
[2025-05-31 10:12:53] 費用データ更新: ID=665, 更新行数=1
[2025-05-31 10:12:53] 照合成功: 費用ID:665 <-> 支払ID:81
[2025-05-31 10:12:53] 支払いデータ更新: ID=45, 更新行数=1
[2025-05-31 10:12:53] 費用データ更新: ID=666, 更新行数=1
[2025-05-31 10:12:53] 照合成功: 費用ID:666 <-> 支払ID:45
[2025-05-31 10:12:53] 支払いデータ更新: ID=37, 更新行数=1
[2025-05-31 10:12:53] 費用データ更新: ID=667, 更新行数=1
[2025-05-31 10:12:53] 照合成功: 費用ID:667 <-> 支払ID:37
[2025-05-31 10:12:53] 支払いデータ更新: ID=93, 更新行数=1
[2025-05-31 10:12:53] 費用データ更新: ID=668, 更新行数=1
[2025-05-31 10:12:53] 照合成功: 費用ID:668 <-> 支払ID:93
[2025-05-31 10:12:53] 支払いデータ更新: ID=52, 更新行数=1
[2025-05-31 10:12:53] 費用データ更新: ID=669, 更新行数=1
[2025-05-31 10:12:53] 照合成功: 費用ID:669 <-> 支払ID:52
[2025-05-31 10:12:53] 支払いデータ更新: ID=13, 更新行数=1
[2025-05-31 10:12:53] 費用データ更新: ID=670, 更新行数=1
[2025-05-31 10:12:53] 照合成功: 費用ID:670 <-> 支払ID:13
[2025-05-31 10:12:53] 支払いデータ更新: ID=34, 更新行数=1
[2025-05-31 10:12:53] 費用データ更新: ID=671, 更新行数=1
[2025-05-31 10:12:53] 照合成功: 費用ID:671 <-> 支払ID:34
[2025-05-31 10:12:53] 支払いデータ更新: ID=39, 更新行数=1
[2025-05-31 10:12:53] 費用データ更新: ID=672, 更新行数=1
[2025-05-31 10:12:53] 照合成功: 費用ID:672 <-> 支払ID:39
[2025-05-31 10:12:53] 支払いデータ更新: ID=67, 更新行数=1
[2025-05-31 10:12:53] 費用データ更新: ID=673, 更新行数=1
[2025-05-31 10:12:53] 照合成功: 費用ID:673 <-> 支払ID:67
[2025-05-31 10:12:53] 支払いデータ更新: ID=33, 更新行数=1
[2025-05-31 10:12:53] 費用データ更新: ID=674, 更新行数=1
[2025-05-31 10:12:53] 照合成功: 費用ID:674 <-> 支払ID:33
[2025-05-31 10:12:53] 支払いデータ更新: ID=29, 更新行数=1
[2025-05-31 10:12:53] 費用データ更新: ID=675, 更新行数=1
[2025-05-31 10:12:53] 照合成功: 費用ID:675 <-> 支払ID:29
[2025-05-31 10:12:53] 支払いデータ更新: ID=32, 更新行数=1
[2025-05-31 10:12:53] 費用データ更新: ID=676, 更新行数=1
[2025-05-31 10:12:53] 照合成功: 費用ID:676 <-> 支払ID:32
[2025-05-31 10:12:53] 支払いデータ更新: ID=41, 更新行数=1
[2025-05-31 10:12:53] 費用データ更新: ID=677, 更新行数=1
[2025-05-31 10:12:53] 照合成功: 費用ID:677 <-> 支払ID:41
[2025-05-31 10:12:53] 支払いデータ更新: ID=22, 更新行数=1
[2025-05-31 10:12:53] 費用データ更新: ID=678, 更新行数=1
[2025-05-31 10:12:53] 照合成功: 費用ID:678 <-> 支払ID:22
[2025-05-31 10:12:53] 支払いデータ更新: ID=68, 更新行数=1
[2025-05-31 10:12:53] 費用データ更新: ID=679, 更新行数=1
[2025-05-31 10:12:53] 照合成功: 費用ID:679 <-> 支払ID:68
[2025-05-31 10:12:53] 支払いデータ更新: ID=71, 更新行数=1
[2025-05-31 10:12:53] 費用データ更新: ID=680, 更新行数=1
[2025-05-31 10:12:53] 照合成功: 費用ID:680 <-> 支払ID:71
[2025-05-31 10:12:53] 支払いデータ更新: ID=24, 更新行数=1
[2025-05-31 10:12:53] 費用データ更新: ID=681, 更新行数=1
[2025-05-31 10:12:53] 照合成功: 費用ID:681 <-> 支払ID:24
[2025-05-31 10:12:53] 支払いデータ更新: ID=55, 更新行数=1
[2025-05-31 10:12:53] 費用データ更新: ID=682, 更新行数=1
[2025-05-31 10:12:53] 照合成功: 費用ID:682 <-> 支払ID:55
[2025-05-31 10:12:53] 支払いデータ更新: ID=54, 更新行数=1
[2025-05-31 10:12:53] 費用データ更新: ID=683, 更新行数=1
[2025-05-31 10:12:53] 照合成功: 費用ID:683 <-> 支払ID:54
[2025-05-31 10:12:53] 支払いデータ更新: ID=90, 更新行数=1
[2025-05-31 10:12:53] 費用データ更新: ID=684, 更新行数=1
[2025-05-31 10:12:53] 照合成功: 費用ID:684 <-> 支払ID:90
[2025-05-31 10:12:53] 支払いデータ更新: ID=17, 更新行数=1
[2025-05-31 10:12:53] 費用データ更新: ID=685, 更新行数=1
[2025-05-31 10:12:53] 照合成功: 費用ID:685 <-> 支払ID:17
[2025-05-31 10:12:53] 支払いデータ更新: ID=79, 更新行数=1
[2025-05-31 10:12:53] 費用データ更新: ID=686, 更新行数=1
[2025-05-31 10:12:53] 照合成功: 費用ID:686 <-> 支払ID:79
[2025-05-31 10:12:53] 支払いデータ更新: ID=80, 更新行数=1
[2025-05-31 10:12:53] 費用データ更新: ID=687, 更新行数=1
[2025-05-31 10:12:53] 照合成功: 費用ID:687 <-> 支払ID:80
[2025-05-31 10:12:53] 支払いデータ更新: ID=66, 更新行数=1
[2025-05-31 10:12:53] 費用データ更新: ID=688, 更新行数=1
[2025-05-31 10:12:53] 照合成功: 費用ID:688 <-> 支払ID:66
[2025-05-31 10:12:53] 支払いデータ更新: ID=89, 更新行数=1
[2025-05-31 10:12:53] 費用データ更新: ID=689, 更新行数=1
[2025-05-31 10:12:53] 照合成功: 費用ID:689 <-> 支払ID:89
[2025-05-31 10:12:53] 支払いデータ更新: ID=40, 更新行数=1
[2025-05-31 10:12:53] 費用データ更新: ID=690, 更新行数=1
[2025-05-31 10:12:53] 照合成功: 費用ID:690 <-> 支払ID:40
[2025-05-31 10:12:53] 支払いデータ更新: ID=26, 更新行数=1
[2025-05-31 10:12:53] 費用データ更新: ID=691, 更新行数=1
[2025-05-31 10:12:53] 照合成功: 費用ID:691 <-> 支払ID:26
[2025-05-31 10:12:53] 支払いデータ更新: ID=49, 更新行数=1
[2025-05-31 10:12:53] 費用データ更新: ID=692, 更新行数=1
[2025-05-31 10:12:53] 照合成功: 費用ID:692 <-> 支払ID:49
[2025-05-31 10:12:53] 支払いデータ更新: ID=87, 更新行数=1
[2025-05-31 10:12:53] 費用データ更新: ID=693, 更新行数=1
[2025-05-31 10:12:53] 照合成功: 費用ID:693 <-> 支払ID:87
[2025-05-31 10:12:53] 支払いデータ更新: ID=53, 更新行数=1
[2025-05-31 10:12:53] 費用データ更新: ID=694, 更新行数=1
[2025-05-31 10:12:53] 照合成功: 費用ID:694 <-> 支払ID:53
[2025-05-31 10:12:53] 支払いデータ更新: ID=47, 更新行数=1
[2025-05-31 10:12:53] 費用データ更新: ID=695, 更新行数=1
[2025-05-31 10:12:53] 照合成功: 費用ID:695 <-> 支払ID:47
[2025-05-31 10:12:53] 支払いデータ更新: ID=85, 更新行数=1
[2025-05-31 10:12:53] 費用データ更新: ID=696, 更新行数=1
[2025-05-31 10:12:53] 照合成功: 費用ID:696 <-> 支払ID:85
[2025-05-31 10:12:53] 支払いデータ更新: ID=25, 更新行数=1
[2025-05-31 10:12:53] 費用データ更新: ID=697, 更新行数=1
[2025-05-31 10:12:53] 照合成功: 費用ID:697 <-> 支払ID:25
[2025-05-31 10:12:53] 支払いデータ更新: ID=59, 更新行数=1
[2025-05-31 10:12:53] 費用データ更新: ID=698, 更新行数=1
[2025-05-31 10:12:53] 照合成功: 費用ID:698 <-> 支払ID:59
[2025-05-31 10:12:53] 支払いデータ更新: ID=12, 更新行数=1
[2025-05-31 10:12:53] 費用データ更新: ID=699, 更新行数=1
[2025-05-31 10:12:53] 照合成功: 費用ID:699 <-> 支払ID:12
[2025-05-31 10:12:53] 支払いデータ更新: ID=77, 更新行数=1
[2025-05-31 10:12:53] 費用データ更新: ID=700, 更新行数=1
[2025-05-31 10:12:53] 照合成功: 費用ID:700 <-> 支払ID:77
[2025-05-31 10:12:53] 支払いデータ更新: ID=76, 更新行数=1
[2025-05-31 10:12:53] 費用データ更新: ID=701, 更新行数=1
[2025-05-31 10:12:53] 照合成功: 費用ID:701 <-> 支払ID:76
[2025-05-31 10:12:53] 支払いデータ更新: ID=15, 更新行数=1
[2025-05-31 10:12:53] 費用データ更新: ID=702, 更新行数=1
[2025-05-31 10:12:53] 照合成功: 費用ID:702 <-> 支払ID:15
[2025-05-31 10:12:53] 支払いデータ更新: ID=83, 更新行数=1
[2025-05-31 10:12:53] 費用データ更新: ID=703, 更新行数=1
[2025-05-31 10:12:53] 照合成功: 費用ID:703 <-> 支払ID:83
[2025-05-31 10:12:53] 支払いデータ更新: ID=86, 更新行数=1
[2025-05-31 10:12:53] 費用データ更新: ID=704, 更新行数=1
[2025-05-31 10:12:53] 照合成功: 費用ID:704 <-> 支払ID:86
[2025-05-31 10:12:53] 支払いデータ更新: ID=11, 更新行数=1
[2025-05-31 10:12:53] 費用データ更新: ID=705, 更新行数=1
[2025-05-31 10:12:53] 照合成功: 費用ID:705 <-> 支払ID:11
[2025-05-31 10:12:53] 支払いデータ更新: ID=50, 更新行数=1
[2025-05-31 10:12:53] 費用データ更新: ID=706, 更新行数=1
[2025-05-31 10:12:53] 照合成功: 費用ID:706 <-> 支払ID:50
[2025-05-31 10:12:53] 支払いデータ更新: ID=95, 更新行数=1
[2025-05-31 10:12:53] 費用データ更新: ID=707, 更新行数=1
[2025-05-31 10:12:53] 照合成功: 費用ID:707 <-> 支払ID:95
[2025-05-31 10:12:53] 支払いデータ更新: ID=70, 更新行数=1
[2025-05-31 10:12:53] 費用データ更新: ID=708, 更新行数=1
[2025-05-31 10:12:53] 照合成功: 費用ID:708 <-> 支払ID:70
[2025-05-31 10:12:53] 支払いデータ更新: ID=60, 更新行数=1
[2025-05-31 10:12:53] 費用データ更新: ID=709, 更新行数=1
[2025-05-31 10:12:53] 照合成功: 費用ID:709 <-> 支払ID:60
[2025-05-31 10:12:53] 支払いデータ更新: ID=75, 更新行数=1
[2025-05-31 10:12:53] 費用データ更新: ID=710, 更新行数=1
[2025-05-31 10:12:53] 照合成功: 費用ID:710 <-> 支払ID:75
[2025-05-31 10:12:53] 支払いデータ更新: ID=88, 更新行数=1
[2025-05-31 10:12:53] 費用データ更新: ID=711, 更新行数=1
[2025-05-31 10:12:53] 照合成功: 費用ID:711 <-> 支払ID:88
[2025-05-31 10:12:53] 支払いデータ更新: ID=61, 更新行数=1
[2025-05-31 10:12:53] 費用データ更新: ID=712, 更新行数=1
[2025-05-31 10:12:53] 照合成功: 費用ID:712 <-> 支払ID:61
[2025-05-31 10:12:53] 支払いデータ更新: ID=16, 更新行数=1
[2025-05-31 10:12:53] 費用データ更新: ID=713, 更新行数=1
[2025-05-31 10:12:53] 照合成功: 費用ID:713 <-> 支払ID:16
[2025-05-31 10:12:53] 支払いデータ更新: ID=82, 更新行数=1
[2025-05-31 10:12:53] 費用データ更新: ID=714, 更新行数=1
[2025-05-31 10:12:53] 照合成功: 費用ID:714 <-> 支払ID:82
[2025-05-31 10:12:53] 支払いデータ更新: ID=78, 更新行数=1
[2025-05-31 10:12:53] 費用データ更新: ID=715, 更新行数=1
[2025-05-31 10:12:53] 照合成功: 費用ID:715 <-> 支払ID:78
[2025-05-31 10:12:53] 支払いデータ更新: ID=46, 更新行数=1
[2025-05-31 10:12:53] 費用データ更新: ID=716, 更新行数=1
[2025-05-31 10:12:53] 照合成功: 費用ID:716 <-> 支払ID:46
[2025-05-31 10:12:53] 支払いデータ更新: ID=65, 更新行数=1
[2025-05-31 10:12:53] 費用データ更新: ID=717, 更新行数=1
[2025-05-31 10:12:53] 照合成功: 費用ID:717 <-> 支払ID:65
[2025-05-31 10:12:53] 支払いデータ更新: ID=62, 更新行数=1
[2025-05-31 10:12:53] 費用データ更新: ID=718, 更新行数=1
[2025-05-31 10:12:53] 照合成功: 費用ID:718 <-> 支払ID:62
[2025-05-31 10:12:53] 支払いデータ更新: ID=56, 更新行数=1
[2025-05-31 10:12:53] 費用データ更新: ID=719, 更新行数=1
[2025-05-31 10:12:53] 照合成功: 費用ID:719 <-> 支払ID:56
[2025-05-31 10:12:53] 支払いデータ更新: ID=57, 更新行数=1
[2025-05-31 10:12:53] 費用データ更新: ID=720, 更新行数=1
[2025-05-31 10:12:53] 照合成功: 費用ID:720 <-> 支払ID:57
[2025-05-31 10:12:53] 支払いデータ更新: ID=63, 更新行数=1
[2025-05-31 10:12:53] 費用データ更新: ID=721, 更新行数=1
[2025-05-31 10:12:53] 照合成功: 費用ID:721 <-> 支払ID:63
[2025-05-31 10:12:53] 支払いデータ更新: ID=58, 更新行数=1
[2025-05-31 10:12:53] 費用データ更新: ID=722, 更新行数=1
[2025-05-31 10:12:53] 照合成功: 費用ID:722 <-> 支払ID:58
[2025-05-31 10:12:53] 支払いデータ更新: ID=69, 更新行数=1
[2025-05-31 10:12:53] 費用データ更新: ID=723, 更新行数=1
[2025-05-31 10:12:53] 照合成功: 費用ID:723 <-> 支払ID:69
[2025-05-31 10:12:53] 支払いデータ更新: ID=38, 更新行数=1
[2025-05-31 10:12:53] 費用データ更新: ID=724, 更新行数=1
[2025-05-31 10:12:53] 照合成功: 費用ID:724 <-> 支払ID:38
[2025-05-31 10:12:53] 支払いデータ更新: ID=94, 更新行数=1
[2025-05-31 10:12:53] 費用データ更新: ID=725, 更新行数=1
[2025-05-31 10:12:53] 照合成功: 費用ID:725 <-> 支払ID:94
[2025-05-31 10:12:53] 支払いデータ更新: ID=31, 更新行数=1
[2025-05-31 10:12:53] 費用データ更新: ID=726, 更新行数=1
[2025-05-31 10:12:53] 照合成功: 費用ID:726 <-> 支払ID:31
[2025-05-31 10:12:53] 支払いデータ更新: ID=44, 更新行数=1
[2025-05-31 10:12:53] 費用データ更新: ID=727, 更新行数=1
[2025-05-31 10:12:53] 照合成功: 費用ID:727 <-> 支払ID:44
[2025-05-31 10:12:53] 支払いデータ更新: ID=36, 更新行数=1
[2025-05-31 10:12:53] 費用データ更新: ID=728, 更新行数=1
[2025-05-31 10:12:53] 照合成功: 費用ID:728 <-> 支払ID:36
[2025-05-31 10:12:53] 支払いデータ更新: ID=30, 更新行数=1
[2025-05-31 10:12:53] 費用データ更新: ID=729, 更新行数=1
[2025-05-31 10:12:53] 照合成功: 費用ID:729 <-> 支払ID:30
[2025-05-31 10:12:53] 支払いデータ更新: ID=97, 更新行数=1
[2025-05-31 10:12:53] 費用データ更新: ID=734, 更新行数=1
[2025-05-31 10:12:53] 照合成功: 費用ID:734 <-> 支払ID:97
[2025-05-31 10:12:53] 支払いデータ更新: ID=18, 更新行数=1
[2025-05-31 10:12:53] 費用データ更新: ID=735, 更新行数=1
[2025-05-31 10:12:53] 照合成功: 費用ID:735 <-> 支払ID:18
[2025-05-31 10:12:53] 支払いデータ更新: ID=9, 更新行数=1
[2025-05-31 10:12:53] 費用データ更新: ID=756, 更新行数=1
[2025-05-31 10:12:53] 照合成功: 費用ID:756 <-> 支払ID:9
[2025-05-31 10:12:53] 費用データベースの変更をコミットします
[2025-05-31 10:12:53] 支払いデータベースの変更をコミットします
[2025-05-31 10:12:53] 照合完了: 一致=75件, 不一致=18件
[2025-05-31 10:12:53] 費用データの更新が完了しました
[2025-05-31 10:12:53] 支払いデータの更新が完了しました
[2025-05-31 10:12:53] 費用と支払いの照合: 75件一致、18件不一致
[2025-05-31 10:13:11] 費用データ ID: 750 を更新しました
[2025-05-31 10:13:11] 費用データの更新が完了しました
[2025-05-31 10:13:20] 費用データ ID: 748 を更新しました
[2025-05-31 10:13:20] 費用データの更新が完了しました
[2025-05-31 10:13:35] 費用データの更新が完了しました
[2025-05-31 10:13:59] 費用データの更新が完了しました
[2025-05-31 10:14:06] 費用データ ID: 748 を更新しました
[2025-05-31 10:14:06] 費用データの更新が完了しました
