[2025-06-03 07:19:48] payments テーブルを再作成しました
[2025-06-03 07:19:49] ヘッダー '状態' がCSVファイルに見つかりません
[2025-06-03 07:19:49] 金額の変換エラー: 
[2025-06-03 07:19:49] 98件のデータをCSVからインポートしました: AccountingApprovalList_20250531.csv
[2025-06-03 07:19:49] 支払いデータの更新が完了しました
[2025-06-03 07:19:49] 費用データの更新が完了しました
[2025-06-03 07:19:49] 費用マスターデータの更新が完了しました
[2025-06-03 12:53:23] payments テーブルを再作成しました
[2025-06-03 12:53:24] ヘッダー '状態' がCSVファイルに見つかりません
[2025-06-03 12:53:24] 金額の変換エラー: 
[2025-06-03 12:53:24] 98件のデータをCSVからインポートしました: AccountingApprovalList_20250531.csv
[2025-06-03 12:53:24] 支払いデータの更新が完了しました
[2025-06-03 12:53:24] 費用データの更新が完了しました
[2025-06-03 12:53:24] 費用マスターデータの更新が完了しました
[2025-06-03 12:56:20] payments テーブルを再作成しました
[2025-06-03 12:56:21] ヘッダー '状態' がCSVファイルに見つかりません
[2025-06-03 12:56:21] 金額の変換エラー: 
[2025-06-03 12:56:21] 98件のデータをCSVからインポートしました: AccountingApprovalList_20250531.csv
[2025-06-03 12:56:21] 支払いデータの更新が完了しました
[2025-06-03 12:56:21] 費用データの更新が完了しました
[2025-06-03 12:56:21] 費用マスターデータの更新が完了しました
[2025-06-03 17:37:27] payments テーブルを再作成しました
[2025-06-03 17:37:28] ヘッダー '状態' がCSVファイルに見つかりません
[2025-06-03 17:37:28] 金額の変換エラー: 
[2025-06-03 17:37:28] 98件のデータをCSVからインポートしました: AccountingApprovalList_20250531.csv
[2025-06-03 17:37:28] 支払いデータの更新が完了しました
[2025-06-03 17:37:28] 費用データの更新が完了しました
[2025-06-03 17:37:28] 費用マスターデータの更新が完了しました
