[2025-07-31 15:21:41] フォントサイズ計算: DPI=72.0, scale=0.75, 結果=10px
[2025-07-31 15:21:41] payments テーブルを再作成しました
[2025-07-31 15:21:41] 支払い先マスターデータベースを初期化しました
[2025-07-31 15:21:41] フィルターオプションの更新を開始
[2025-07-31 15:21:41] フィルターオプション取得結果:
[2025-07-31 15:21:41]   進行状況: 0件
[2025-07-31 15:21:41]   担当部門: 0件
[2025-07-31 15:21:41]   クライアント: 0件
[2025-07-31 15:21:41]   支払い月: 0件 - []
[2025-07-31 15:21:41] 取得したオプション: ['status_options', 'department_options', 'client_options', 'payment_month_options']
[2025-07-31 15:21:41] 支払い月オプション: 0件 - []
[2025-07-31 15:21:41] 支払い月のデータが空です。データを確認してください。
[2025-07-31 15:21:41] ヘッダー '状態' がCSVファイルに見つかりません
[2025-07-31 15:21:41] 金額の変換エラー: 
[2025-07-31 15:21:41] 支払い先マスター更新: 株式会社サウンズネクスト -> 014012
[2025-07-31 15:21:41] 支払い先マスター更新: 株式会社アクロスエンタテインメント -> 011053
[2025-07-31 15:21:41] 支払い先マスター更新: 株式会社プラスプラス -> 063174
[2025-07-31 15:21:41] 支払い先マスター更新: 株式会社浜銀総合研究所 -> 061040
[2025-07-31 15:21:41] 支払い先マスター更新: 株式会社エス・オー・プロモーション -> 014002
[2025-07-31 15:21:41] 支払い先マスター更新: トップギアインターナショナル -> 045124
[2025-07-31 15:21:41] 支払い先マスター更新: 株式会社ワンダーワーカーズ -> 096021
[2025-07-31 15:21:41] 支払い先マスター更新: 藤田観光株式会社　横浜ワシントンホテル -> 063022
[2025-07-31 15:21:41] 支払い先マスター更新: 平松　政俊 -> 062113
[2025-07-31 15:21:41] 支払い先マスター更新: 山本陽介 -> 081077
[2025-07-31 15:21:41] 支払い先マスター更新: G-インパクト株式会社 -> 032047
[2025-07-31 15:21:41] 支払い先マスター更新: 株式会社プランテック -> 063157
[2025-07-31 15:21:41] 支払い先マスター更新: 宮澤　光邦 -> 072057
[2025-07-31 15:21:41] 支払い先マスター更新: 株式会社ウェザーニューズ -> 013002
[2025-07-31 15:21:41] 支払い先マスター更新: 有限会社さくら -> 031003
[2025-07-31 15:21:41] 支払い先マスター更新: 株式会社圭三プロダクション -> 024001
[2025-07-31 15:21:41] 支払い先マスター更新: 4G -> 032090
[2025-07-31 15:21:41] 支払い先マスター更新: 株式会社ジェー・プラネット -> 032001
[2025-07-31 15:21:41] 支払い先マスター更新: 株式会社FIRST　AGENT -> 012139
[2025-07-31 15:21:41] 支払い先マスター更新: ユニバーサル -> 083008
[2025-07-31 15:21:41] 支払い先マスター更新: 株式会社エッグパラダイス　本社 -> 014195
[2025-07-31 15:21:41] 支払い先マスター更新: 株式会社ジェイタス -> 032071
[2025-07-31 15:21:41] 支払い先マスター更新: 有限会社チャプター -> 042001
[2025-07-31 15:21:41] 支払い先マスター更新: 合同会社山田本家 -> 073025
[2025-07-31 15:21:41] 支払い先マスター更新: トップギア -> 045124
[2025-07-31 15:21:41] 支払い先マスター更新: 宮澤光邦 -> 072057
[2025-07-31 15:21:41] 支払い先マスター更新: 株式会社ホリプロ -> 065005
[2025-07-31 15:21:41] 支払い先マスター更新: ＷＵＪエンタテインメント合同会社 -> 072086
[2025-07-31 15:21:41] 支払い先マスター更新: 山本　陽介 -> 081077
[2025-07-31 15:21:41] 支払い先マスター更新: 株式会社ワタナベエンターテインメント -> 096031
[2025-07-31 15:21:41] 支払い先マスター更新: 柴田　聡 -> 032051
[2025-07-31 15:21:41] 支払い先マスター更新: 野村　康子 -> 055014
[2025-07-31 15:21:41] 支払い先マスター更新: 浜銀総合研究所 -> 061040
[2025-07-31 15:21:41] 支払い先マスター更新: 株式会社浅井企画 -> 011044
[2025-07-31 15:21:41] 支払い先マスター更新: 株式会社サンミュージックプロダクション -> 031065
[2025-07-31 15:21:41] 支払い先マスター更新: 鈴木　まひる -> 033008
[2025-07-31 15:21:41] 支払い先マスター更新: 株式会社FM　BIRD -> 014006
[2025-07-31 15:21:41] 支払い先マスター更新: 公益財団法人日本道路交通情報センター -> 052003
[2025-07-31 15:21:41] 支払い先マスター更新: 有限会社ティーズ・カンパニー -> 044001
[2025-07-31 15:21:41] 支払い先マスター更新: 有限会社ボイスワークス -> 065062
[2025-07-31 15:21:41] 支払い先マスター更新: 一般社団法人共同通信社 -> 022004
[2025-07-31 15:21:41] 支払い先マスター更新: 株式会社アルスコード -> 014122
[2025-07-31 15:21:41] 支払い先マスター更新: 株式会社セント・フォース -> 034024
[2025-07-31 15:21:41] 支払い先マスター更新: 神奈川都市交通株式会社 -> 021003
[2025-07-31 15:21:41] 支払い先マスター更新: 株式会社ジョイスタッフ -> 032039
[2025-07-31 15:21:41] 支払い先マスター更新: 株式会社ヴォルテージ・アンリミテッド -> 013069
[2025-07-31 15:21:41] 支払い先マスター更新: 西出　晴香 -> 052107
[2025-07-31 15:21:41] 支払い先マスター更新: 松原　さと子 -> 071005
[2025-07-31 15:21:41] 支払い先マスター更新: 城山　光正 -> 032179
[2025-07-31 15:21:41] 支払い先マスター更新: 株式会社神奈川新聞社 -> 021027
[2025-07-31 15:21:41] 支払い先マスター更新: 株式会社Ｂ　ＺＯＮＥ　本社 -> 062115
[2025-07-31 15:21:41] 支払い先マスター更新: クロスイメージング株式会社 -> 023102
[2025-07-31 15:21:41] 支払い先マスター更新: 龍口健太郎 -> 094019
[2025-07-31 15:21:41] 支払い先マスター更新: 株式会社グレープカンパニー -> 023100
[2025-07-31 15:21:41] 支払い先マスター更新: 有限会社ウルトラ -> 013005
[2025-07-31 15:21:41] 支払い先マスター更新: 吉本興業株式会社　東京本部 -> 085068
[2025-07-31 15:21:41] 支払い先マスター更新: リズミック -> 092011
[2025-07-31 15:21:41] 支払い先マスター更新: 株式会社ライムライト -> 091016
[2025-07-31 15:21:41] 支払い先マスター更新: 株式会社レスキューナウ -> 094025
[2025-07-31 15:21:41] 支払い先マスター更新: 有限会社リズミック -> 092011
[2025-07-31 15:21:41] 支払い先マスター更新: 株式会社スターミュージック・エンタテインメント -> 033109
[2025-07-31 15:21:41] 支払い先マスター同期完了: 61件
[2025-07-31 15:21:41] 88件のデータをCSVからインポートしました: AccountingApprovalList_20250725.csv
[2025-07-31 15:21:41] 支払いデータの更新が完了しました
[2025-07-31 15:21:41] 取得した支払い月: 5件
[2025-07-31 15:21:41] 不正な月フォーマット: 2025/6/
[2025-07-31 15:21:41] 月フィルタ追加: 2025年08月 -> 2025-08
[2025-07-31 15:21:41] 月フィルタ追加: 2025年07月 -> 2025-07
[2025-07-31 15:21:41] 月フィルタ追加: 2025年06月 -> 2025-06
[2025-07-31 15:21:41] 月フィルタ追加: 2025年05月 -> 2025-05
[2025-07-31 15:21:41] 費用データの更新が完了しました
[2025-07-31 15:21:41] 費用マスターデータの更新が完了しました
[2025-07-31 15:21:47] 月フィルタ実行: 選択テキスト='2025年08月'
[2025-07-31 15:21:47] 月フィルタ: インデックス=1, データ='2025-08'
[2025-07-31 15:21:47] フィルタリング実行: 対象月='2025-08'
[2025-07-31 15:21:47] フィルタリング結果: 3件
[2025-07-31 15:21:47] 月フィルタ完了: 2025年08月 - 3件表示
[2025-07-31 15:21:51] 取得した支払い月: 5件
[2025-07-31 15:21:51] 不正な月フォーマット: 2025/6/
[2025-07-31 15:21:51] 月フィルタ追加: 2025年08月 -> 2025-08
[2025-07-31 15:21:51] 月フィルタ追加: 2025年07月 -> 2025-07
[2025-07-31 15:21:51] 月フィルタ追加: 2025年06月 -> 2025-06
[2025-07-31 15:21:51] 月フィルタ追加: 2025年05月 -> 2025-05
[2025-07-31 15:21:51] 費用データの更新が完了しました
[2025-07-31 15:21:59] 取得した支払い月: 5件
[2025-07-31 15:21:59] 不正な月フォーマット: 2025/6/
[2025-07-31 15:21:59] 月フィルタ追加: 2025年08月 -> 2025-08
[2025-07-31 15:21:59] 月フィルタ追加: 2025年07月 -> 2025-07
[2025-07-31 15:21:59] 月フィルタ追加: 2025年06月 -> 2025-06
[2025-07-31 15:21:59] 月フィルタ追加: 2025年05月 -> 2025-05
[2025-07-31 15:21:59] 費用データの更新が完了しました
[2025-07-31 15:21:59] フィルタリング実行: 対象月='2025-08'
[2025-07-31 15:21:59] フィルタリング結果: 3件
[2025-07-31 15:21:59] 月フィルタ完了: 2025年08月 - 3件表示
[2025-07-31 15:22:01] 取得した支払い月: 5件
[2025-07-31 15:22:01] 不正な月フォーマット: 2025/6/
[2025-07-31 15:22:01] 月フィルタ追加: 2025年08月 -> 2025-08
[2025-07-31 15:22:01] 月フィルタ追加: 2025年07月 -> 2025-07
[2025-07-31 15:22:01] 月フィルタ追加: 2025年06月 -> 2025-06
[2025-07-31 15:22:01] 月フィルタ追加: 2025年05月 -> 2025-05
[2025-07-31 15:22:01] 費用データの更新が完了しました
[2025-07-31 15:22:18] 取得した支払い月: 5件
[2025-07-31 15:22:18] 不正な月フォーマット: 2025/6/
[2025-07-31 15:22:18] 月フィルタ追加: 2025年08月 -> 2025-08
[2025-07-31 15:22:18] 月フィルタ追加: 2025年07月 -> 2025-07
[2025-07-31 15:22:18] 月フィルタ追加: 2025年06月 -> 2025-06
[2025-07-31 15:22:18] 月フィルタ追加: 2025年05月 -> 2025-05
[2025-07-31 15:22:18] 費用データの更新が完了しました
[2025-07-31 15:22:19] 取得した支払い月: 5件
[2025-07-31 15:22:19] 不正な月フォーマット: 2025/6/
[2025-07-31 15:22:19] 月フィルタ追加: 2025年08月 -> 2025-08
[2025-07-31 15:22:19] 月フィルタ追加: 2025年07月 -> 2025-07
[2025-07-31 15:22:19] 月フィルタ追加: 2025年06月 -> 2025-06
[2025-07-31 15:22:19] 月フィルタ追加: 2025年05月 -> 2025-05
[2025-07-31 15:22:19] 費用データの更新が完了しました
[2025-07-31 15:22:19] 検索とフィルタをリセットしました
[2025-07-31 15:22:21] 月フィルタ実行: 選択テキスト='2025年08月'
[2025-07-31 15:22:21] 月フィルタ: インデックス=1, データ='2025-08'
[2025-07-31 15:22:21] フィルタリング実行: 対象月='2025-08'
[2025-07-31 15:22:21] フィルタリング結果: 3件
[2025-07-31 15:22:21] 月フィルタ完了: 2025年08月 - 3件表示
[2025-07-31 15:22:25] 取得した支払い月: 5件
[2025-07-31 15:22:25] 不正な月フォーマット: 2025/6/
[2025-07-31 15:22:25] 月フィルタ追加: 2025年08月 -> 2025-08
[2025-07-31 15:22:25] 月フィルタ追加: 2025年07月 -> 2025-07
[2025-07-31 15:22:25] 月フィルタ追加: 2025年06月 -> 2025-06
[2025-07-31 15:22:25] 月フィルタ追加: 2025年05月 -> 2025-05
[2025-07-31 15:22:25] 費用データの更新が完了しました
[2025-07-31 15:26:55] フォントサイズ計算: DPI=72.0, scale=0.75, 結果=10px
[2025-07-31 15:26:55] payments テーブルを再作成しました
[2025-07-31 15:26:55] 支払い先マスターデータベースを初期化しました
[2025-07-31 15:26:55] フィルターオプションの更新を開始
[2025-07-31 15:26:55] フィルターオプション取得結果:
[2025-07-31 15:26:55]   案件進行状況: 0件
[2025-07-31 15:26:55]   支払い状態: 0件
[2025-07-31 15:26:55]   担当部門: 0件
[2025-07-31 15:26:55]   クライアント: 0件
[2025-07-31 15:26:55]   支払い月: 0件 - []
[2025-07-31 15:26:55] 取得したオプション: ['project_status_options', 'payment_status_options', 'department_options', 'client_options', 'payment_month_options']
[2025-07-31 15:26:55] 支払い月オプション: 0件 - []
[2025-07-31 15:26:55] 支払い月のデータが空です。データを確認してください。
[2025-07-31 15:26:55] 案件状況オプション: 0件 - []
[2025-07-31 15:26:55] 案件状況フィルターに0件の選択肢を追加
[2025-07-31 15:26:55] 支払い状態オプション: 0件 - []
[2025-07-31 15:26:55] 支払い状態フィルターに0件の選択肢を追加
[2025-07-31 15:26:55] ヘッダー '状態' がCSVファイルに見つかりません
[2025-07-31 15:26:55] 金額の変換エラー: 
[2025-07-31 15:26:55] 支払い先マスター更新: 有限会社リズミック -> 092011
[2025-07-31 15:26:55] 支払い先マスター更新: 宮澤　光邦 -> 072057
[2025-07-31 15:26:55] 支払い先マスター更新: ＷＵＪエンタテインメント合同会社 -> 072086
[2025-07-31 15:26:55] 支払い先マスター更新: 株式会社浅井企画 -> 011044
[2025-07-31 15:26:55] 支払い先マスター更新: 有限会社ボイスワークス -> 065062
[2025-07-31 15:26:55] 支払い先マスター更新: 株式会社レスキューナウ -> 094025
[2025-07-31 15:26:55] 支払い先マスター更新: 株式会社ワンダーワーカーズ -> 096021
[2025-07-31 15:26:55] 支払い先マスター更新: 株式会社エス・オー・プロモーション -> 014002
[2025-07-31 15:26:55] 支払い先マスター更新: 吉本興業株式会社　東京本部 -> 085068
[2025-07-31 15:26:55] 支払い先マスター更新: 株式会社ホリプロ -> 065005
[2025-07-31 15:26:55] 支払い先マスター更新: 株式会社ジェイタス -> 032071
[2025-07-31 15:26:55] 支払い先マスター更新: 株式会社ウェザーニューズ -> 013002
[2025-07-31 15:26:55] 支払い先マスター更新: 平松　政俊 -> 062113
[2025-07-31 15:26:56] 支払い先マスター更新: 株式会社サウンズネクスト -> 014012
[2025-07-31 15:26:56] 支払い先マスター更新: 株式会社ライムライト -> 091016
[2025-07-31 15:26:56] 支払い先マスター更新: トップギア -> 045124
[2025-07-31 15:26:56] 支払い先マスター更新: 株式会社セント・フォース -> 034024
[2025-07-31 15:26:56] 支払い先マスター更新: 株式会社Ｂ　ＺＯＮＥ　本社 -> 062115
[2025-07-31 15:26:56] 支払い先マスター更新: 龍口健太郎 -> 094019
[2025-07-31 15:26:56] 支払い先マスター更新: 西出　晴香 -> 052107
[2025-07-31 15:26:56] 支払い先マスター更新: 株式会社スターミュージック・エンタテインメント -> 033109
[2025-07-31 15:26:56] 支払い先マスター更新: 株式会社圭三プロダクション -> 024001
[2025-07-31 15:26:56] 支払い先マスター更新: 宮澤光邦 -> 072057
[2025-07-31 15:26:56] 支払い先マスター更新: 藤田観光株式会社　横浜ワシントンホテル -> 063022
[2025-07-31 15:26:56] 支払い先マスター更新: 城山　光正 -> 032179
[2025-07-31 15:26:56] 支払い先マスター更新: 神奈川都市交通株式会社 -> 021003
[2025-07-31 15:26:56] 支払い先マスター更新: トップギアインターナショナル -> 045124
[2025-07-31 15:26:56] 支払い先マスター更新: 山本　陽介 -> 081077
[2025-07-31 15:26:56] 支払い先マスター更新: 株式会社ヴォルテージ・アンリミテッド -> 013069
[2025-07-31 15:26:56] 支払い先マスター更新: 有限会社ウルトラ -> 013005
[2025-07-31 15:26:56] 支払い先マスター更新: 有限会社さくら -> 031003
[2025-07-31 15:26:56] 支払い先マスター更新: 公益財団法人日本道路交通情報センター -> 052003
[2025-07-31 15:26:56] 支払い先マスター更新: G-インパクト株式会社 -> 032047
[2025-07-31 15:26:56] 支払い先マスター更新: 株式会社エッグパラダイス　本社 -> 014195
[2025-07-31 15:26:56] 支払い先マスター更新: 柴田　聡 -> 032051
[2025-07-31 15:26:56] 支払い先マスター更新: 山本陽介 -> 081077
[2025-07-31 15:26:56] 支払い先マスター更新: 株式会社FM　BIRD -> 014006
[2025-07-31 15:26:56] 支払い先マスター更新: 合同会社山田本家 -> 073025
[2025-07-31 15:26:56] 支払い先マスター更新: 4G -> 032090
[2025-07-31 15:26:56] 支払い先マスター更新: 株式会社神奈川新聞社 -> 021027
[2025-07-31 15:26:56] 支払い先マスター更新: 有限会社ティーズ・カンパニー -> 044001
[2025-07-31 15:26:56] 支払い先マスター更新: 株式会社アルスコード -> 014122
[2025-07-31 15:26:56] 支払い先マスター更新: 株式会社サンミュージックプロダクション -> 031065
[2025-07-31 15:26:56] 支払い先マスター更新: 株式会社ジョイスタッフ -> 032039
[2025-07-31 15:26:56] 支払い先マスター更新: 野村　康子 -> 055014
[2025-07-31 15:26:56] 支払い先マスター更新: 株式会社プラスプラス -> 063174
[2025-07-31 15:26:56] 支払い先マスター更新: 株式会社アクロスエンタテインメント -> 011053
[2025-07-31 15:26:56] 支払い先マスター更新: 株式会社FIRST　AGENT -> 012139
[2025-07-31 15:26:56] 支払い先マスター更新: 株式会社プランテック -> 063157
[2025-07-31 15:26:56] 支払い先マスター更新: 浜銀総合研究所 -> 061040
[2025-07-31 15:26:56] 支払い先マスター更新: 鈴木　まひる -> 033008
[2025-07-31 15:26:56] 支払い先マスター更新: 株式会社ワタナベエンターテインメント -> 096031
[2025-07-31 15:26:56] 支払い先マスター更新: 株式会社ジェー・プラネット -> 032001
[2025-07-31 15:26:56] 支払い先マスター更新: リズミック -> 092011
[2025-07-31 15:26:56] 支払い先マスター更新: 株式会社浜銀総合研究所 -> 061040
[2025-07-31 15:26:56] 支払い先マスター更新: ユニバーサル -> 083008
[2025-07-31 15:26:56] 支払い先マスター更新: 一般社団法人共同通信社 -> 022004
[2025-07-31 15:26:56] 支払い先マスター更新: 株式会社グレープカンパニー -> 023100
[2025-07-31 15:26:56] 支払い先マスター更新: クロスイメージング株式会社 -> 023102
[2025-07-31 15:26:56] 支払い先マスター更新: 松原　さと子 -> 071005
[2025-07-31 15:26:56] 支払い先マスター更新: 有限会社チャプター -> 042001
[2025-07-31 15:26:56] 支払い先マスター同期完了: 61件
[2025-07-31 15:26:56] 88件のデータをCSVからインポートしました: AccountingApprovalList_20250725.csv
[2025-07-31 15:26:56] 支払いデータの更新が完了しました
[2025-07-31 15:26:56] 取得した支払い月: 5件
[2025-07-31 15:26:56] 不正な月フォーマット: 2025/6/
[2025-07-31 15:26:56] 月フィルタ追加: 2025年08月 -> 2025-08
[2025-07-31 15:26:56] 月フィルタ追加: 2025年07月 -> 2025-07
[2025-07-31 15:26:56] 月フィルタ追加: 2025年06月 -> 2025-06
[2025-07-31 15:26:56] 月フィルタ追加: 2025年05月 -> 2025-05
[2025-07-31 15:26:56] 費用データの更新が完了しました
[2025-07-31 15:26:56] 費用マスターデータの更新が完了しました
[2025-07-31 15:27:00] 月フィルタ実行: 選択テキスト='2025年08月'
[2025-07-31 15:27:00] 月フィルタ: インデックス=1, データ='2025-08'
[2025-07-31 15:27:00] フィルタリング実行: 対象月='2025-08'
[2025-07-31 15:27:00] フィルタリング結果: 3件
[2025-07-31 15:27:00] 月フィルタ完了: 2025年08月 - 3件表示
[2025-07-31 15:27:03] 取得した支払い月: 5件
[2025-07-31 15:27:03] 不正な月フォーマット: 2025/6/
[2025-07-31 15:27:03] 月フィルタ追加: 2025年08月 -> 2025-08
[2025-07-31 15:27:03] 月フィルタ追加: 2025年07月 -> 2025-07
[2025-07-31 15:27:03] 月フィルタ追加: 2025年06月 -> 2025-06
[2025-07-31 15:27:03] 月フィルタ追加: 2025年05月 -> 2025-05
[2025-07-31 15:27:03] 費用データの更新が完了しました
[2025-07-31 15:27:05] 取得した支払い月: 5件
[2025-07-31 15:27:05] 不正な月フォーマット: 2025/6/
[2025-07-31 15:27:05] 月フィルタ追加: 2025年08月 -> 2025-08
[2025-07-31 15:27:05] 月フィルタ追加: 2025年07月 -> 2025-07
[2025-07-31 15:27:05] 月フィルタ追加: 2025年06月 -> 2025-06
[2025-07-31 15:27:05] 月フィルタ追加: 2025年05月 -> 2025-05
[2025-07-31 15:27:05] 費用データの更新が完了しました
[2025-07-31 15:27:13] 取得した支払い月: 5件
[2025-07-31 15:27:13] 不正な月フォーマット: 2025/6/
[2025-07-31 15:27:13] 月フィルタ追加: 2025年08月 -> 2025-08
[2025-07-31 15:27:13] 月フィルタ追加: 2025年07月 -> 2025-07
[2025-07-31 15:27:13] 月フィルタ追加: 2025年06月 -> 2025-06
[2025-07-31 15:27:13] 月フィルタ追加: 2025年05月 -> 2025-05
[2025-07-31 15:27:13] 費用データの更新が完了しました
[2025-07-31 15:27:15] 取得した支払い月: 5件
[2025-07-31 15:27:15] 不正な月フォーマット: 2025/6/
[2025-07-31 15:27:15] 月フィルタ追加: 2025年08月 -> 2025-08
[2025-07-31 15:27:15] 月フィルタ追加: 2025年07月 -> 2025-07
[2025-07-31 15:27:15] 月フィルタ追加: 2025年06月 -> 2025-06
[2025-07-31 15:27:15] 月フィルタ追加: 2025年05月 -> 2025-05
[2025-07-31 15:27:15] 費用データの更新が完了しました
[2025-07-31 15:27:18] 取得した支払い月: 5件
[2025-07-31 15:27:18] 不正な月フォーマット: 2025/6/
[2025-07-31 15:27:18] 月フィルタ追加: 2025年08月 -> 2025-08
[2025-07-31 15:27:18] 月フィルタ追加: 2025年07月 -> 2025-07
[2025-07-31 15:27:18] 月フィルタ追加: 2025年06月 -> 2025-06
[2025-07-31 15:27:18] 月フィルタ追加: 2025年05月 -> 2025-05
[2025-07-31 15:27:18] 費用データの更新が完了しました
[2025-07-31 15:27:40] ヘッダー '状態' がCSVファイルに見つかりません
[2025-07-31 15:27:40] 金額の変換エラー: 
[2025-07-31 15:27:40] 支払い先マスター更新: 有限会社リズミック -> 092011
[2025-07-31 15:27:40] 支払い先マスター更新: 宮澤　光邦 -> 072057
[2025-07-31 15:27:40] 支払い先マスター更新: ＷＵＪエンタテインメント合同会社 -> 072086
[2025-07-31 15:27:40] 支払い先マスター更新: 株式会社浅井企画 -> 011044
[2025-07-31 15:27:40] 支払い先マスター更新: 有限会社ボイスワークス -> 065062
[2025-07-31 15:27:40] 支払い先マスター更新: 株式会社レスキューナウ -> 094025
[2025-07-31 15:27:40] 支払い先マスター更新: 株式会社ワンダーワーカーズ -> 096021
[2025-07-31 15:27:40] 支払い先マスター更新: 株式会社エス・オー・プロモーション -> 014002
[2025-07-31 15:27:40] 支払い先マスター更新: 吉本興業株式会社　東京本部 -> 085068
[2025-07-31 15:27:40] 支払い先マスター更新: 株式会社ホリプロ -> 065005
[2025-07-31 15:27:40] 支払い先マスター更新: 株式会社ジェイタス -> 032071
[2025-07-31 15:27:40] 支払い先マスター更新: 株式会社ウェザーニューズ -> 013002
[2025-07-31 15:27:40] 支払い先マスター更新: 平松　政俊 -> 062113
[2025-07-31 15:27:40] 支払い先マスター更新: 株式会社サウンズネクスト -> 014012
[2025-07-31 15:27:40] 支払い先マスター更新: 株式会社ライムライト -> 091016
[2025-07-31 15:27:40] 支払い先マスター更新: トップギア -> 045124
[2025-07-31 15:27:40] 支払い先マスター更新: 株式会社セント・フォース -> 034024
[2025-07-31 15:27:40] 支払い先マスター更新: 株式会社Ｂ　ＺＯＮＥ　本社 -> 062115
[2025-07-31 15:27:40] 支払い先マスター更新: 龍口健太郎 -> 094019
[2025-07-31 15:27:40] 支払い先マスター更新: 西出　晴香 -> 052107
[2025-07-31 15:27:40] 支払い先マスター更新: 株式会社スターミュージック・エンタテインメント -> 033109
[2025-07-31 15:27:40] 支払い先マスター更新: 株式会社圭三プロダクション -> 024001
[2025-07-31 15:27:40] 支払い先マスター更新: 宮澤光邦 -> 072057
[2025-07-31 15:27:40] 支払い先マスター更新: 藤田観光株式会社　横浜ワシントンホテル -> 063022
[2025-07-31 15:27:40] 支払い先マスター更新: 城山　光正 -> 032179
[2025-07-31 15:27:40] 支払い先マスター更新: 神奈川都市交通株式会社 -> 021003
[2025-07-31 15:27:40] 支払い先マスター更新: トップギアインターナショナル -> 045124
[2025-07-31 15:27:40] 支払い先マスター更新: 山本　陽介 -> 081077
[2025-07-31 15:27:40] 支払い先マスター更新: 株式会社ヴォルテージ・アンリミテッド -> 013069
[2025-07-31 15:27:40] 支払い先マスター更新: 有限会社ウルトラ -> 013005
[2025-07-31 15:27:40] 支払い先マスター更新: 有限会社さくら -> 031003
[2025-07-31 15:27:40] 支払い先マスター更新: 公益財団法人日本道路交通情報センター -> 052003
[2025-07-31 15:27:40] 支払い先マスター更新: G-インパクト株式会社 -> 032047
[2025-07-31 15:27:40] 支払い先マスター更新: 株式会社エッグパラダイス　本社 -> 014195
[2025-07-31 15:27:40] 支払い先マスター更新: 柴田　聡 -> 032051
[2025-07-31 15:27:40] 支払い先マスター更新: 山本陽介 -> 081077
[2025-07-31 15:27:40] 支払い先マスター更新: 株式会社FM　BIRD -> 014006
[2025-07-31 15:27:40] 支払い先マスター更新: 合同会社山田本家 -> 073025
[2025-07-31 15:27:40] 支払い先マスター更新: 4G -> 032090
[2025-07-31 15:27:40] 支払い先マスター更新: 株式会社神奈川新聞社 -> 021027
[2025-07-31 15:27:40] 支払い先マスター更新: 有限会社ティーズ・カンパニー -> 044001
[2025-07-31 15:27:40] 支払い先マスター更新: 株式会社アルスコード -> 014122
[2025-07-31 15:27:40] 支払い先マスター更新: 株式会社サンミュージックプロダクション -> 031065
[2025-07-31 15:27:40] 支払い先マスター更新: 株式会社ジョイスタッフ -> 032039
[2025-07-31 15:27:40] 支払い先マスター更新: 野村　康子 -> 055014
[2025-07-31 15:27:40] 支払い先マスター更新: 株式会社プラスプラス -> 063174
[2025-07-31 15:27:40] 支払い先マスター更新: 株式会社アクロスエンタテインメント -> 011053
[2025-07-31 15:27:40] 支払い先マスター更新: 株式会社FIRST　AGENT -> 012139
[2025-07-31 15:27:40] 支払い先マスター更新: 株式会社プランテック -> 063157
[2025-07-31 15:27:40] 支払い先マスター更新: 浜銀総合研究所 -> 061040
[2025-07-31 15:27:40] 支払い先マスター更新: 鈴木　まひる -> 033008
[2025-07-31 15:27:40] 支払い先マスター更新: 株式会社ワタナベエンターテインメント -> 096031
[2025-07-31 15:27:40] 支払い先マスター更新: 株式会社ジェー・プラネット -> 032001
[2025-07-31 15:27:40] 支払い先マスター更新: リズミック -> 092011
[2025-07-31 15:27:40] 支払い先マスター更新: 株式会社浜銀総合研究所 -> 061040
[2025-07-31 15:27:40] 支払い先マスター更新: ユニバーサル -> 083008
[2025-07-31 15:27:40] 支払い先マスター更新: 一般社団法人共同通信社 -> 022004
[2025-07-31 15:27:40] 支払い先マスター更新: 株式会社グレープカンパニー -> 023100
[2025-07-31 15:27:40] 支払い先マスター更新: クロスイメージング株式会社 -> 023102
[2025-07-31 15:27:40] 支払い先マスター更新: 松原　さと子 -> 071005
[2025-07-31 15:27:40] 支払い先マスター更新: 有限会社チャプター -> 042001
[2025-07-31 15:27:40] 支払い先マスター同期完了: 61件
[2025-07-31 15:27:40] 88件のデータをCSVからインポートしました: AccountingApprovalList_20250725.csv
[2025-07-31 15:27:40] 支払いデータの更新が完了しました
