[2025-06-23 19:12:02] payments テーブルを再作成しました
[2025-06-23 19:12:02] 支払い先マスターデータベースを初期化しました
[2025-06-23 19:12:04] ヘッダー '状態' がCSVファイルに見つかりません
[2025-06-23 19:12:04] 金額の変換エラー: 
[2025-06-23 19:12:04] 支払い先マスター更新: DI-BOX -> 044108
[2025-06-23 19:12:04] 支払い先マスター更新: 山本陽介 -> 081077
[2025-06-23 19:12:04] 支払い先マスター更新: 宮澤　光邦 -> 072057
[2025-06-23 19:12:04] 支払い先マスター更新: 株式会社FIRST　AGENT -> 012139
[2025-06-23 19:12:04] 支払い先マスター更新: 株式会社浅井企画 -> 011044
[2025-06-23 19:12:04] 支払い先マスター更新: 柴田　聡 -> 032051
[2025-06-23 19:12:04] 支払い先マスター更新: 株式会社ワンダーワーカーズ -> 096021
[2025-06-23 19:12:04] 支払い先マスター更新: 株式会社セント・フォース -> 034024
[2025-06-23 19:12:04] 支払い先マスター更新: 株式会社アクロスエンタテインメント -> 011053
[2025-06-23 19:12:04] 支払い先マスター更新: 鈴木　宗孝 -> 033114
[2025-06-23 19:12:04] 支払い先マスター更新: 株式会社浜銀総合研究所 -> 061040
[2025-06-23 19:12:04] 支払い先マスター更新: 有限会社リズミック -> 092011
[2025-06-23 19:12:04] 支払い先マスター更新: 吉本興業株式会社　東京本部 -> 085068
[2025-06-23 19:12:04] 支払い先マスター更新: クロスイメージング株式会社 -> 023102
[2025-06-23 19:12:04] 支払い先マスター更新: 株式会社神奈川新聞社 -> 021027
[2025-06-23 19:12:04] 支払い先マスター更新: リズミック -> 092011
[2025-06-23 19:12:04] 支払い先マスター更新: 株式会社サウンズネクスト -> 014012
[2025-06-23 19:12:04] 支払い先マスター更新: 有限会社チャプター -> 042001
[2025-06-23 19:12:04] 支払い先マスター更新: 合同会社山田本家 -> 073025
[2025-06-23 19:12:04] 支払い先マスター更新: 株式会社ジェイタス -> 032071
[2025-06-23 19:12:04] 支払い先マスター更新: 平松　政俊 -> 062113
[2025-06-23 19:12:04] 支払い先マスター更新: 株式会社ウェザーニューズ -> 013002
[2025-06-23 19:12:04] 支払い先マスター更新: 有限会社日曜日 -> 065061
[2025-06-23 19:12:04] 支払い先マスター更新: 株式会社プラスプラス -> 063174
[2025-06-23 19:12:04] 支払い先マスター更新: 株式会社プランテック -> 063157
[2025-06-23 19:12:04] 支払い先マスター更新: 森本　啓介 -> 075032
[2025-06-23 19:12:04] 支払い先マスター更新: 城山　光正 -> 032179
[2025-06-23 19:12:04] 支払い先マスター更新: 浜銀総合研究所 -> 061040
[2025-06-23 19:12:04] 支払い先マスター更新: 株式会社エス・オー・プロモーション -> 014002
[2025-06-23 19:12:04] 支払い先マスター更新: 株式会社ワタナベエンターテインメント -> 096031
[2025-06-23 19:12:04] 支払い先マスター更新: 山本　陽介 -> 081077
[2025-06-23 19:12:04] 支払い先マスター更新: ＷＵＪエンタテインメント合同会社 -> 072086
[2025-06-23 19:12:04] 支払い先マスター更新: 塚越　竣 -> 043022
[2025-06-23 19:12:04] 支払い先マスター更新: G-インパクト株式会社 -> 032047
[2025-06-23 19:12:04] 支払い先マスター更新: 株式会社圭三プロダクション -> 024001
[2025-06-23 19:12:04] 支払い先マスター更新: 一般社団法人共同通信社 -> 022004
[2025-06-23 19:12:04] 支払い先マスター更新: トップギア -> 045124
[2025-06-23 19:12:04] 支払い先マスター更新: 株式会社スタジオリム -> 033049
[2025-06-23 19:12:04] 支払い先マスター更新: 株式会社ライムライト -> 091016
[2025-06-23 19:12:04] 支払い先マスター更新: 4G -> 032090
[2025-06-23 19:12:04] 支払い先マスター更新: トップギアインターナショナル合同会社 -> 045124
[2025-06-23 19:12:04] 支払い先マスター更新: ユニバーサルミュージック合同会社 -> 083008
[2025-06-23 19:12:04] 支払い先マスター更新: ユニバーサル -> 083008
[2025-06-23 19:12:04] 支払い先マスター更新: 平井　光誠 -> 062096
[2025-06-23 19:12:04] 支払い先マスター更新: 株式会社レスキューナウ -> 094025
[2025-06-23 19:12:04] 支払い先マスター更新: かせきさいだぁ／加藤丈文 -> 021163
[2025-06-23 19:12:04] 支払い先マスター更新: 株式会社エッグパラダイス　本社 -> 014195
[2025-06-23 19:12:04] 支払い先マスター更新: アソビシステム株式会社　本社 -> 011161
[2025-06-23 19:12:04] 支払い先マスター更新: 有限会社ウルトラ -> 013005
[2025-06-23 19:12:04] 支払い先マスター更新: 株式会社ジョイスタッフ -> 032039
[2025-06-23 19:12:04] 支払い先マスター更新: 高田　由基 -> 041157
[2025-06-23 19:12:04] 支払い先マスター更新: 株式会社ホリプロ -> 065005
[2025-06-23 19:12:04] 支払い先マスター更新: 公益財団法人日本道路交通情報センター -> 052003
[2025-06-23 19:12:04] 支払い先マスター更新: 野村　康子 -> 055014
[2025-06-23 19:12:04] 支払い先マスター更新: 神奈川都市交通株式会社 -> 021003
[2025-06-23 19:12:04] 支払い先マスター更新: 株式会社サンミュージックプロダクション -> 031065
[2025-06-23 19:12:04] 支払い先マスター更新: 株式会社アルスコード -> 014122
[2025-06-23 19:12:04] 支払い先マスター更新: 有限会社ボイスワークス -> 065062
[2025-06-23 19:12:04] 支払い先マスター更新: 松原　さと子 -> 071005
[2025-06-23 19:12:04] 支払い先マスター更新: 株式会社グレープカンパニー -> 023100
[2025-06-23 19:12:04] 支払い先マスター更新: 株式会社ジェー・プラネット -> 032001
[2025-06-23 19:12:04] 支払い先マスター更新: 株式会社LDH　JAPAN -> 014082
[2025-06-23 19:12:04] 支払い先マスター更新: トップギアインターナショナル -> 045124
[2025-06-23 19:12:04] 支払い先マスター更新: 有限会社さくら -> 031003
[2025-06-23 19:12:04] 支払い先マスター更新: 宮澤光邦 -> 072057
[2025-06-23 19:12:04] 支払い先マスター更新: 龍口健太郎 -> 094019
[2025-06-23 19:12:04] 支払い先マスター更新: 藤田観光株式会社　横浜ワシントンホテル -> 063022
[2025-06-23 19:12:04] 支払い先マスター同期完了: 67件
[2025-06-23 19:12:04] 181件のデータをCSVからインポートしました: AccountingApprovalList_20250621.csv
[2025-06-23 19:12:04] 支払いデータの更新が完了しました
[2025-06-23 19:12:04] 取得した支払い月: 4件
[2025-06-23 19:12:04] 不正な月フォーマット: 2025/6/
[2025-06-23 19:12:04] 月フィルタ追加: 2025年07月 -> 2025-07
[2025-06-23 19:12:04] 月フィルタ追加: 2025年06月 -> 2025-06
[2025-06-23 19:12:04] 月フィルタ追加: 2025年05月 -> 2025-05
[2025-06-23 19:12:04] 費用データの更新が完了しました
[2025-06-23 19:12:04] 費用マスターデータの更新が完了しました
