[2025-06-05 08:06:47] payments テーブルを再作成しました
[2025-06-05 08:06:47] 支払い先マスターデータベースを初期化しました
[2025-06-05 08:06:48] ヘッダー '状態' がCSVファイルに見つかりません
[2025-06-05 08:06:48] 支払い先マスター更新: 山本陽介 -> 081077
[2025-06-05 08:06:48] 支払い先マスター更新: ＷＵＪエンタテインメント合同会社 -> 072086
[2025-06-05 08:06:48] 支払い先マスター更新: 宮澤光邦 -> 072057
[2025-06-05 08:06:48] 支払い先マスター更新: 山本　陽介 -> 081077
[2025-06-05 08:06:48] 支払い先マスター更新: 神奈川都市交通株式会社 -> 021003
[2025-06-05 08:06:48] 支払い先マスター更新: 有限会社ボイスワークス -> 065062
[2025-06-05 08:06:48] 支払い先マスター更新: 株式会社浅井企画 -> 011044
[2025-06-05 08:06:48] 支払い先マスター更新: 合同会社山田本家 -> 073025
[2025-06-05 08:06:48] 支払い先マスター更新: 株式会社ウェザーニューズ -> 013002
[2025-06-05 08:06:48] 支払い先マスター更新: 株式会社グレープカンパニー -> 023100
[2025-06-05 08:06:48] 支払い先マスター更新: 柴田　聡 -> 032051
[2025-06-05 08:06:48] 支払い先マスター更新: 公益財団法人日本道路交通情報センター -> 052003
[2025-06-05 08:06:48] 支払い先マスター更新: 吉本興業株式会社　東京本部 -> 085068
[2025-06-05 08:06:48] 支払い先マスター更新: 株式会社サンミュージックプロダクション -> 031065
[2025-06-05 08:06:48] 支払い先マスター更新: 有限会社ウルトラ -> 013005
[2025-06-05 08:06:48] 支払い先マスター更新: 有限会社さくら -> 031003
[2025-06-05 08:06:48] 支払い先マスター更新: 株式会社ジョイスタッフ -> 032039
[2025-06-05 08:06:48] 支払い先マスター更新: 藤田観光株式会社　横浜ワシントンホテル -> 063022
[2025-06-05 08:06:48] 支払い先マスター更新: 株式会社圭三プロダクション -> 024001
[2025-06-05 08:06:48] 支払い先マスター更新: 野村　康子 -> 055014
[2025-06-05 08:06:48] 支払い先マスター更新: 株式会社ワタナベエンターテインメント -> 096031
[2025-06-05 08:06:48] 支払い先マスター更新: 株式会社プランテック -> 063157
[2025-06-05 08:06:48] 支払い先マスター更新: 株式会社プラスプラス -> 063174
[2025-06-05 08:06:48] 支払い先マスター更新: 4G -> 032090
[2025-06-05 08:06:48] 支払い先マスター更新: ユニバーサルミュージック合同会社 -> 083008
[2025-06-05 08:06:48] 支払い先マスター更新: トップギアインターナショナル合同会社 -> 045124
[2025-06-05 08:06:48] 支払い先マスター更新: リズミック -> 092011
[2025-06-05 08:06:48] 支払い先マスター更新: トップギアインターナショナル -> 045124
[2025-06-05 08:06:48] 支払い先マスター更新: 株式会社エス・オー・プロモーション -> 014002
[2025-06-05 08:06:48] 支払い先マスター更新: 株式会社エッグパラダイス　本社 -> 014195
[2025-06-05 08:06:48] 支払い先マスター更新: 松原　さと子 -> 071005
[2025-06-05 08:06:48] 支払い先マスター更新: トップギア -> 045124
[2025-06-05 08:06:48] 支払い先マスター更新: 株式会社ワンダーワーカーズ -> 096021
[2025-06-05 08:06:48] 支払い先マスター更新: 株式会社レスキューナウ -> 094025
[2025-06-05 08:06:48] 支払い先マスター更新: アソビシステム株式会社　本社 -> 011161
[2025-06-05 08:06:48] 支払い先マスター更新: 宮澤　光邦 -> 072057
[2025-06-05 08:06:48] 支払い先マスター更新: 一般社団法人共同通信社 -> 022004
[2025-06-05 08:06:48] 支払い先マスター更新: 株式会社FIRST　AGENT -> 012139
[2025-06-05 08:06:48] 支払い先マスター更新: 有限会社リズミック -> 092011
[2025-06-05 08:06:48] 支払い先マスター更新: 平松　政俊 -> 062113
[2025-06-05 08:06:48] 支払い先マスター更新: 株式会社ジェー・プラネット -> 032001
[2025-06-05 08:06:48] 支払い先マスター更新: 株式会社ライムライト -> 091016
[2025-06-05 08:06:48] 支払い先マスター更新: 株式会社浜銀総合研究所 -> 061040
[2025-06-05 08:06:48] 支払い先マスター更新: 株式会社セント・フォース -> 034024
[2025-06-05 08:06:48] 支払い先マスター更新: 株式会社神奈川新聞社 -> 021027
[2025-06-05 08:06:48] 支払い先マスター更新: 株式会社ジェイタス -> 032071
[2025-06-05 08:06:48] 支払い先マスター更新: 株式会社アクロスエンタテインメント -> 011053
[2025-06-05 08:06:48] 支払い先マスター更新: DI-BOX -> 044108
[2025-06-05 08:06:48] 支払い先マスター更新: 株式会社サウンズネクスト -> 014012
[2025-06-05 08:06:48] 支払い先マスター更新: 城山　光正 -> 032179
[2025-06-05 08:06:48] 支払い先マスター更新: 有限会社チャプター -> 042001
[2025-06-05 08:06:48] 支払い先マスター更新: 高田　由基 -> 041157
[2025-06-05 08:06:48] 支払い先マスター更新: 浜銀総合研究所 -> 061040
[2025-06-05 08:06:48] 支払い先マスター更新: クロスイメージング株式会社 -> 023102
[2025-06-05 08:06:48] 支払い先マスター更新: G-インパクト株式会社 -> 032047
[2025-06-05 08:06:48] 支払い先マスター更新: 株式会社ホリプロ -> 065005
[2025-06-05 08:06:48] 支払い先マスター更新: 株式会社アルスコード -> 014122
[2025-06-05 08:06:48] 支払い先マスター同期完了: 57件
[2025-06-05 08:06:48] 83件のデータをCSVからインポートしました: AccountingApprovalList_20250604.csv
[2025-06-05 08:06:48] 支払いデータの更新が完了しました
[2025-06-05 08:06:48] 費用データの更新が完了しました
[2025-06-05 08:06:48] 費用マスターデータの更新が完了しました
[2025-06-05 08:06:53] 照合処理中にエラーが発生: 'DatabaseManager' object has no attribute 'match_expenses_with_payments'
[2025-06-05 08:06:53] Traceback (most recent call last):
  File "c:\Users\watanabe\Desktop\python\billing_new_app4.0\expense_tab.py", line 1269, in match_with_payments
    self.db_manager.match_expenses_with_payments()
    ^^^^^^^^^^^^^^^^^^^^^^^^^^^^^^^^^^^^^^^^^^^^
AttributeError: 'DatabaseManager' object has no attribute 'match_expenses_with_payments'

[2025-06-05 08:06:58] 照合処理中にエラーが発生: 'DatabaseManager' object has no attribute 'match_expenses_with_payments'
[2025-06-05 08:06:58] Traceback (most recent call last):
  File "c:\Users\watanabe\Desktop\python\billing_new_app4.0\expense_tab.py", line 1269, in match_with_payments
    self.db_manager.match_expenses_with_payments()
    ^^^^^^^^^^^^^^^^^^^^^^^^^^^^^^^^^^^^^^^^^^^^
AttributeError: 'DatabaseManager' object has no attribute 'match_expenses_with_payments'

[2025-06-05 08:07:03] 照合処理中にエラーが発生: 'DatabaseManager' object has no attribute 'match_expenses_with_payments'
[2025-06-05 08:07:03] Traceback (most recent call last):
  File "c:\Users\watanabe\Desktop\python\billing_new_app4.0\expense_tab.py", line 1269, in match_with_payments
    self.db_manager.match_expenses_with_payments()
    ^^^^^^^^^^^^^^^^^^^^^^^^^^^^^^^^^^^^^^^^^^^^
AttributeError: 'DatabaseManager' object has no attribute 'match_expenses_with_payments'

[2025-06-05 08:20:15] payments テーブルを再作成しました
[2025-06-05 08:20:15] 支払い先マスターデータベースを初期化しました
[2025-06-05 08:20:16] ヘッダー '状態' がCSVファイルに見つかりません
[2025-06-05 08:20:16] 支払い先マスター更新: 柴田　聡 -> 032051
[2025-06-05 08:20:16] 支払い先マスター更新: 株式会社圭三プロダクション -> 024001
[2025-06-05 08:20:16] 支払い先マスター更新: 宮澤光邦 -> 072057
[2025-06-05 08:20:16] 支払い先マスター更新: トップギア -> 045124
[2025-06-05 08:20:16] 支払い先マスター更新: トップギアインターナショナル合同会社 -> 045124
[2025-06-05 08:20:16] 支払い先マスター更新: ユニバーサルミュージック合同会社 -> 083008
[2025-06-05 08:20:16] 支払い先マスター更新: 公益財団法人日本道路交通情報センター -> 052003
[2025-06-05 08:20:16] 支払い先マスター更新: 株式会社アクロスエンタテインメント -> 011053
[2025-06-05 08:20:16] 支払い先マスター更新: 城山　光正 -> 032179
[2025-06-05 08:20:16] 支払い先マスター更新: アソビシステム株式会社　本社 -> 011161
[2025-06-05 08:20:16] 支払い先マスター更新: 株式会社ジェイタス -> 032071
[2025-06-05 08:20:16] 支払い先マスター更新: 有限会社ウルトラ -> 013005
[2025-06-05 08:20:16] 支払い先マスター更新: 株式会社グレープカンパニー -> 023100
[2025-06-05 08:20:16] 支払い先マスター更新: 有限会社さくら -> 031003
[2025-06-05 08:20:16] 支払い先マスター更新: 株式会社レスキューナウ -> 094025
[2025-06-05 08:20:16] 支払い先マスター更新: 吉本興業株式会社　東京本部 -> 085068
[2025-06-05 08:20:16] 支払い先マスター更新: 株式会社サンミュージックプロダクション -> 031065
[2025-06-05 08:20:16] 支払い先マスター更新: 山本　陽介 -> 081077
[2025-06-05 08:20:16] 支払い先マスター更新: 株式会社エス・オー・プロモーション -> 014002
[2025-06-05 08:20:16] 支払い先マスター更新: 山本陽介 -> 081077
[2025-06-05 08:20:16] 支払い先マスター更新: クロスイメージング株式会社 -> 023102
[2025-06-05 08:20:16] 支払い先マスター更新: 4G -> 032090
[2025-06-05 08:20:16] 支払い先マスター更新: 合同会社山田本家 -> 073025
[2025-06-05 08:20:16] 支払い先マスター更新: トップギアインターナショナル -> 045124
[2025-06-05 08:20:16] 支払い先マスター更新: 浜銀総合研究所 -> 061040
[2025-06-05 08:20:16] 支払い先マスター更新: 株式会社神奈川新聞社 -> 021027
[2025-06-05 08:20:16] 支払い先マスター更新: 株式会社ジョイスタッフ -> 032039
[2025-06-05 08:20:16] 支払い先マスター更新: 神奈川都市交通株式会社 -> 021003
[2025-06-05 08:20:16] 支払い先マスター更新: 宮澤　光邦 -> 072057
[2025-06-05 08:20:16] 支払い先マスター更新: 株式会社ジェー・プラネット -> 032001
[2025-06-05 08:20:16] 支払い先マスター更新: 株式会社エッグパラダイス　本社 -> 014195
[2025-06-05 08:20:16] 支払い先マスター更新: 有限会社リズミック -> 092011
[2025-06-05 08:20:16] 支払い先マスター更新: DI-BOX -> 044108
[2025-06-05 08:20:16] 支払い先マスター更新: ＷＵＪエンタテインメント合同会社 -> 072086
[2025-06-05 08:20:16] 支払い先マスター更新: 株式会社ワンダーワーカーズ -> 096021
[2025-06-05 08:20:16] 支払い先マスター更新: G-インパクト株式会社 -> 032047
[2025-06-05 08:20:16] 支払い先マスター更新: 株式会社プランテック -> 063157
[2025-06-05 08:20:16] 支払い先マスター更新: 株式会社浅井企画 -> 011044
[2025-06-05 08:20:16] 支払い先マスター更新: 株式会社プラスプラス -> 063174
[2025-06-05 08:20:16] 支払い先マスター更新: 株式会社ホリプロ -> 065005
[2025-06-05 08:20:16] 支払い先マスター更新: 株式会社FIRST　AGENT -> 012139
[2025-06-05 08:20:16] 支払い先マスター更新: 高田　由基 -> 041157
[2025-06-05 08:20:16] 支払い先マスター更新: 株式会社ワタナベエンターテインメント -> 096031
[2025-06-05 08:20:16] 支払い先マスター更新: 野村　康子 -> 055014
[2025-06-05 08:20:16] 支払い先マスター更新: 株式会社アルスコード -> 014122
[2025-06-05 08:20:16] 支払い先マスター更新: 松原　さと子 -> 071005
[2025-06-05 08:20:16] 支払い先マスター更新: 平松　政俊 -> 062113
[2025-06-05 08:20:16] 支払い先マスター更新: 株式会社セント・フォース -> 034024
[2025-06-05 08:20:16] 支払い先マスター更新: 有限会社ボイスワークス -> 065062
[2025-06-05 08:20:16] 支払い先マスター更新: 株式会社ウェザーニューズ -> 013002
[2025-06-05 08:20:16] 支払い先マスター更新: 株式会社サウンズネクスト -> 014012
[2025-06-05 08:20:16] 支払い先マスター更新: 有限会社チャプター -> 042001
[2025-06-05 08:20:16] 支払い先マスター更新: 株式会社ライムライト -> 091016
[2025-06-05 08:20:16] 支払い先マスター更新: 株式会社浜銀総合研究所 -> 061040
[2025-06-05 08:20:16] 支払い先マスター更新: リズミック -> 092011
[2025-06-05 08:20:16] 支払い先マスター更新: 藤田観光株式会社　横浜ワシントンホテル -> 063022
[2025-06-05 08:20:16] 支払い先マスター更新: 一般社団法人共同通信社 -> 022004
[2025-06-05 08:20:16] 支払い先マスター同期完了: 57件
[2025-06-05 08:20:16] 83件のデータをCSVからインポートしました: AccountingApprovalList_20250604.csv
[2025-06-05 08:20:16] 支払いデータの更新が完了しました
[2025-06-05 08:20:16] 費用データの更新が完了しました
[2025-06-05 08:20:16] 費用マスターデータの更新が完了しました
[2025-06-05 08:24:16] payments テーブルを再作成しました
[2025-06-05 08:24:16] 支払い先マスターデータベースを初期化しました
[2025-06-05 08:24:17] ヘッダー '状態' がCSVファイルに見つかりません
[2025-06-05 08:24:17] 支払い先マスター更新: 城山　光正 -> 032179
[2025-06-05 08:24:17] 支払い先マスター更新: 株式会社神奈川新聞社 -> 021027
[2025-06-05 08:24:17] 支払い先マスター更新: 株式会社ホリプロ -> 065005
[2025-06-05 08:24:17] 支払い先マスター更新: G-インパクト株式会社 -> 032047
[2025-06-05 08:24:17] 支払い先マスター更新: 高田　由基 -> 041157
[2025-06-05 08:24:17] 支払い先マスター更新: 株式会社ライムライト -> 091016
[2025-06-05 08:24:17] 支払い先マスター更新: トップギアインターナショナル -> 045124
[2025-06-05 08:24:17] 支払い先マスター更新: 松原　さと子 -> 071005
[2025-06-05 08:24:17] 支払い先マスター更新: 株式会社レスキューナウ -> 094025
[2025-06-05 08:24:17] 支払い先マスター更新: 株式会社エッグパラダイス　本社 -> 014195
[2025-06-05 08:24:17] 支払い先マスター更新: 株式会社FIRST　AGENT -> 012139
[2025-06-05 08:24:17] 支払い先マスター更新: クロスイメージング株式会社 -> 023102
[2025-06-05 08:24:17] 支払い先マスター更新: 株式会社ワタナベエンターテインメント -> 096031
[2025-06-05 08:24:17] 支払い先マスター更新: 柴田　聡 -> 032051
[2025-06-05 08:24:17] 支払い先マスター更新: トップギアインターナショナル合同会社 -> 045124
[2025-06-05 08:24:17] 支払い先マスター更新: 株式会社ジェイタス -> 032071
[2025-06-05 08:24:17] 支払い先マスター更新: 浜銀総合研究所 -> 061040
[2025-06-05 08:24:17] 支払い先マスター更新: 株式会社アルスコード -> 014122
[2025-06-05 08:24:17] 支払い先マスター更新: 株式会社ジョイスタッフ -> 032039
[2025-06-05 08:24:17] 支払い先マスター更新: 有限会社さくら -> 031003
[2025-06-05 08:24:17] 支払い先マスター更新: 神奈川都市交通株式会社 -> 021003
[2025-06-05 08:24:17] 支払い先マスター更新: 山本陽介 -> 081077
[2025-06-05 08:24:17] 支払い先マスター更新: 株式会社ワンダーワーカーズ -> 096021
[2025-06-05 08:24:17] 支払い先マスター更新: 宮澤　光邦 -> 072057
[2025-06-05 08:24:17] 支払い先マスター更新: 吉本興業株式会社　東京本部 -> 085068
[2025-06-05 08:24:17] 支払い先マスター更新: 株式会社ウェザーニューズ -> 013002
[2025-06-05 08:24:17] 支払い先マスター更新: DI-BOX -> 044108
[2025-06-05 08:24:17] 支払い先マスター更新: 株式会社サウンズネクスト -> 014012
[2025-06-05 08:24:17] 支払い先マスター更新: 有限会社ボイスワークス -> 065062
[2025-06-05 08:24:17] 支払い先マスター更新: 合同会社山田本家 -> 073025
[2025-06-05 08:24:17] 支払い先マスター更新: 株式会社セント・フォース -> 034024
[2025-06-05 08:24:17] 支払い先マスター更新: 山本　陽介 -> 081077
[2025-06-05 08:24:17] 支払い先マスター更新: アソビシステム株式会社　本社 -> 011161
[2025-06-05 08:24:17] 支払い先マスター更新: ユニバーサルミュージック合同会社 -> 083008
[2025-06-05 08:24:17] 支払い先マスター更新: 有限会社チャプター -> 042001
[2025-06-05 08:24:17] 支払い先マスター更新: 有限会社ウルトラ -> 013005
[2025-06-05 08:24:17] 支払い先マスター更新: 株式会社浅井企画 -> 011044
[2025-06-05 08:24:17] 支払い先マスター更新: トップギア -> 045124
[2025-06-05 08:24:17] 支払い先マスター更新: 一般社団法人共同通信社 -> 022004
[2025-06-05 08:24:17] 支払い先マスター更新: 野村　康子 -> 055014
[2025-06-05 08:24:17] 支払い先マスター更新: 有限会社リズミック -> 092011
[2025-06-05 08:24:17] 支払い先マスター更新: 株式会社サンミュージックプロダクション -> 031065
[2025-06-05 08:24:17] 支払い先マスター更新: リズミック -> 092011
[2025-06-05 08:24:17] 支払い先マスター更新: 宮澤光邦 -> 072057
[2025-06-05 08:24:17] 支払い先マスター更新: 株式会社圭三プロダクション -> 024001
[2025-06-05 08:24:17] 支払い先マスター更新: 株式会社アクロスエンタテインメント -> 011053
[2025-06-05 08:24:17] 支払い先マスター更新: 4G -> 032090
[2025-06-05 08:24:17] 支払い先マスター更新: 藤田観光株式会社　横浜ワシントンホテル -> 063022
[2025-06-05 08:24:17] 支払い先マスター更新: 株式会社プラスプラス -> 063174
[2025-06-05 08:24:17] 支払い先マスター更新: 株式会社エス・オー・プロモーション -> 014002
[2025-06-05 08:24:17] 支払い先マスター更新: 株式会社プランテック -> 063157
[2025-06-05 08:24:17] 支払い先マスター更新: 株式会社グレープカンパニー -> 023100
[2025-06-05 08:24:17] 支払い先マスター更新: 株式会社浜銀総合研究所 -> 061040
[2025-06-05 08:24:17] 支払い先マスター更新: 株式会社ジェー・プラネット -> 032001
[2025-06-05 08:24:17] 支払い先マスター更新: 公益財団法人日本道路交通情報センター -> 052003
[2025-06-05 08:24:17] 支払い先マスター更新: ＷＵＪエンタテインメント合同会社 -> 072086
[2025-06-05 08:24:17] 支払い先マスター更新: 平松　政俊 -> 062113
[2025-06-05 08:24:17] 支払い先マスター同期完了: 57件
[2025-06-05 08:24:17] 83件のデータをCSVからインポートしました: AccountingApprovalList_20250604.csv
[2025-06-05 08:24:17] 支払いデータの更新が完了しました
[2025-06-05 08:24:17] 費用データの更新が完了しました
[2025-06-05 08:24:17] 費用マスターデータの更新が完了しました
[2025-06-05 08:24:21] 照合処理中にエラーが発生: 'DatabaseManager' object has no attribute 'match_expenses_with_payments'
[2025-06-05 08:24:21] Traceback (most recent call last):
  File "c:\Users\watanabe\Desktop\python\billing_new_app4.0\expense_tab.py", line 1269, in match_with_payments
    self.db_manager.match_expenses_with_payments()
    ^^^^^^^^^^^^^^^^^^^^^^^^^^^^^^^^^^^^^^^^^^^^
AttributeError: 'DatabaseManager' object has no attribute 'match_expenses_with_payments'

[2025-06-05 08:24:26] 照合処理中にエラーが発生: 'DatabaseManager' object has no attribute 'match_expenses_with_payments'
[2025-06-05 08:24:26] Traceback (most recent call last):
  File "c:\Users\watanabe\Desktop\python\billing_new_app4.0\expense_tab.py", line 1269, in match_with_payments
    self.db_manager.match_expenses_with_payments()
    ^^^^^^^^^^^^^^^^^^^^^^^^^^^^^^^^^^^^^^^^^^^^
AttributeError: 'DatabaseManager' object has no attribute 'match_expenses_with_payments'

[2025-06-05 08:24:39] payments テーブルを再作成しました
[2025-06-05 08:24:39] 支払い先マスターデータベースを初期化しました
[2025-06-05 08:24:40] ヘッダー '状態' がCSVファイルに見つかりません
[2025-06-05 08:24:40] 支払い先マスター更新: 株式会社グレープカンパニー -> 023100
[2025-06-05 08:24:40] 支払い先マスター更新: 野村　康子 -> 055014
[2025-06-05 08:24:40] 支払い先マスター更新: 株式会社ジェー・プラネット -> 032001
[2025-06-05 08:24:40] 支払い先マスター更新: 株式会社エッグパラダイス　本社 -> 014195
[2025-06-05 08:24:40] 支払い先マスター更新: 4G -> 032090
[2025-06-05 08:24:40] 支払い先マスター更新: 株式会社ジェイタス -> 032071
[2025-06-05 08:24:40] 支払い先マスター更新: 有限会社チャプター -> 042001
[2025-06-05 08:24:40] 支払い先マスター更新: 宮澤　光邦 -> 072057
[2025-06-05 08:24:40] 支払い先マスター更新: トップギアインターナショナル -> 045124
[2025-06-05 08:24:40] 支払い先マスター更新: 株式会社プランテック -> 063157
[2025-06-05 08:24:40] 支払い先マスター更新: 株式会社ホリプロ -> 065005
[2025-06-05 08:24:40] 支払い先マスター更新: 合同会社山田本家 -> 073025
[2025-06-05 08:24:40] 支払い先マスター更新: 株式会社神奈川新聞社 -> 021027
[2025-06-05 08:24:40] 支払い先マスター更新: トップギアインターナショナル合同会社 -> 045124
[2025-06-05 08:24:40] 支払い先マスター更新: 株式会社アクロスエンタテインメント -> 011053
[2025-06-05 08:24:40] 支払い先マスター更新: 山本陽介 -> 081077
[2025-06-05 08:24:40] 支払い先マスター更新: 株式会社浜銀総合研究所 -> 061040
[2025-06-05 08:24:40] 支払い先マスター更新: 一般社団法人共同通信社 -> 022004
[2025-06-05 08:24:40] 支払い先マスター更新: 松原　さと子 -> 071005
[2025-06-05 08:24:40] 支払い先マスター更新: 株式会社ワンダーワーカーズ -> 096021
[2025-06-05 08:24:40] 支払い先マスター更新: アソビシステム株式会社　本社 -> 011161
[2025-06-05 08:24:40] 支払い先マスター更新: 藤田観光株式会社　横浜ワシントンホテル -> 063022
[2025-06-05 08:24:40] 支払い先マスター更新: G-インパクト株式会社 -> 032047
[2025-06-05 08:24:40] 支払い先マスター更新: 株式会社ライムライト -> 091016
[2025-06-05 08:24:40] 支払い先マスター更新: クロスイメージング株式会社 -> 023102
[2025-06-05 08:24:40] 支払い先マスター更新: 公益財団法人日本道路交通情報センター -> 052003
[2025-06-05 08:24:40] 支払い先マスター更新: 有限会社リズミック -> 092011
[2025-06-05 08:24:40] 支払い先マスター更新: 株式会社FIRST　AGENT -> 012139
[2025-06-05 08:24:40] 支払い先マスター更新: 有限会社さくら -> 031003
[2025-06-05 08:24:40] 支払い先マスター更新: 株式会社ワタナベエンターテインメント -> 096031
[2025-06-05 08:24:40] 支払い先マスター更新: 株式会社プラスプラス -> 063174
[2025-06-05 08:24:40] 支払い先マスター更新: 平松　政俊 -> 062113
[2025-06-05 08:24:40] 支払い先マスター更新: 株式会社圭三プロダクション -> 024001
[2025-06-05 08:24:40] 支払い先マスター更新: 宮澤光邦 -> 072057
[2025-06-05 08:24:40] 支払い先マスター更新: 神奈川都市交通株式会社 -> 021003
[2025-06-05 08:24:40] 支払い先マスター更新: 山本　陽介 -> 081077
[2025-06-05 08:24:40] 支払い先マスター更新: DI-BOX -> 044108
[2025-06-05 08:24:40] 支払い先マスター更新: リズミック -> 092011
[2025-06-05 08:24:40] 支払い先マスター更新: ユニバーサルミュージック合同会社 -> 083008
[2025-06-05 08:24:40] 支払い先マスター更新: 株式会社レスキューナウ -> 094025
[2025-06-05 08:24:40] 支払い先マスター更新: 有限会社ボイスワークス -> 065062
[2025-06-05 08:24:40] 支払い先マスター更新: 株式会社エス・オー・プロモーション -> 014002
[2025-06-05 08:24:40] 支払い先マスター更新: 株式会社ウェザーニューズ -> 013002
[2025-06-05 08:24:40] 支払い先マスター更新: 株式会社サウンズネクスト -> 014012
[2025-06-05 08:24:40] 支払い先マスター更新: 城山　光正 -> 032179
[2025-06-05 08:24:40] 支払い先マスター更新: 株式会社セント・フォース -> 034024
[2025-06-05 08:24:40] 支払い先マスター更新: 浜銀総合研究所 -> 061040
[2025-06-05 08:24:40] 支払い先マスター更新: 株式会社ジョイスタッフ -> 032039
[2025-06-05 08:24:40] 支払い先マスター更新: トップギア -> 045124
[2025-06-05 08:24:40] 支払い先マスター更新: 株式会社浅井企画 -> 011044
[2025-06-05 08:24:40] 支払い先マスター更新: 柴田　聡 -> 032051
[2025-06-05 08:24:40] 支払い先マスター更新: 有限会社ウルトラ -> 013005
[2025-06-05 08:24:40] 支払い先マスター更新: 高田　由基 -> 041157
[2025-06-05 08:24:40] 支払い先マスター更新: 吉本興業株式会社　東京本部 -> 085068
[2025-06-05 08:24:40] 支払い先マスター更新: 株式会社アルスコード -> 014122
[2025-06-05 08:24:40] 支払い先マスター更新: 株式会社サンミュージックプロダクション -> 031065
[2025-06-05 08:24:40] 支払い先マスター更新: ＷＵＪエンタテインメント合同会社 -> 072086
[2025-06-05 08:24:40] 支払い先マスター同期完了: 57件
[2025-06-05 08:24:40] 83件のデータをCSVからインポートしました: AccountingApprovalList_20250604.csv
[2025-06-05 08:24:40] 支払いデータの更新が完了しました
[2025-06-05 08:24:40] 費用データの更新が完了しました
[2025-06-05 08:24:40] 費用マスターデータの更新が完了しました
[2025-06-05 08:24:44] 照合処理開始: 費用データ 28件、支払いデータ 83件
[2025-06-05 08:24:44] 照合成功: 費用ID:819 <-> 支払ID:76
[2025-06-05 08:24:44] 照合処理完了: 成功 1件、失敗 27件
[2025-06-05 08:24:44] 費用データの更新が完了しました
[2025-06-05 08:24:44] 支払いデータの更新が完了しました
[2025-06-05 08:24:45] 費用と支払いの照合: 1件一致、27件不一致
[2025-06-05 08:25:13] 支払いデータの更新が完了しました
[2025-06-05 08:25:23] 支払いデータの更新が完了しました
[2025-06-05 08:25:24] 支払いデータの更新が完了しました
[2025-06-05 08:25:54] ヘッダー '状態' がCSVファイルに見つかりません
[2025-06-05 08:25:54] 支払い先マスター更新: 株式会社グレープカンパニー -> 023100
[2025-06-05 08:25:54] 支払い先マスター更新: 野村　康子 -> 055014
[2025-06-05 08:25:54] 支払い先マスター更新: 株式会社ジェー・プラネット -> 032001
[2025-06-05 08:25:54] 支払い先マスター更新: 株式会社エッグパラダイス　本社 -> 014195
[2025-06-05 08:25:54] 支払い先マスター更新: 4G -> 032090
[2025-06-05 08:25:54] 支払い先マスター更新: 株式会社ジェイタス -> 032071
[2025-06-05 08:25:54] 支払い先マスター更新: 有限会社チャプター -> 042001
[2025-06-05 08:25:54] 支払い先マスター更新: 宮澤　光邦 -> 072057
[2025-06-05 08:25:54] 支払い先マスター更新: トップギアインターナショナル -> 045124
[2025-06-05 08:25:54] 支払い先マスター更新: 株式会社プランテック -> 063157
[2025-06-05 08:25:54] 支払い先マスター更新: 株式会社ホリプロ -> 065005
[2025-06-05 08:25:54] 支払い先マスター更新: 合同会社山田本家 -> 073025
[2025-06-05 08:25:54] 支払い先マスター更新: 株式会社神奈川新聞社 -> 021027
[2025-06-05 08:25:54] 支払い先マスター更新: トップギアインターナショナル合同会社 -> 045124
[2025-06-05 08:25:54] 支払い先マスター更新: 株式会社アクロスエンタテインメント -> 011053
[2025-06-05 08:25:54] 支払い先マスター更新: 山本陽介 -> 081077
[2025-06-05 08:25:54] 支払い先マスター更新: 株式会社浜銀総合研究所 -> 061040
[2025-06-05 08:25:54] 支払い先マスター更新: 一般社団法人共同通信社 -> 022004
[2025-06-05 08:25:54] 支払い先マスター更新: 松原　さと子 -> 071005
[2025-06-05 08:25:54] 支払い先マスター更新: 株式会社ワンダーワーカーズ -> 096021
[2025-06-05 08:25:54] 支払い先マスター更新: アソビシステム株式会社　本社 -> 011161
[2025-06-05 08:25:54] 支払い先マスター更新: 藤田観光株式会社　横浜ワシントンホテル -> 063022
[2025-06-05 08:25:54] 支払い先マスター更新: G-インパクト株式会社 -> 032047
[2025-06-05 08:25:54] 支払い先マスター更新: 株式会社ライムライト -> 091016
[2025-06-05 08:25:54] 支払い先マスター更新: クロスイメージング株式会社 -> 023102
[2025-06-05 08:25:54] 支払い先マスター更新: 公益財団法人日本道路交通情報センター -> 052003
[2025-06-05 08:25:54] 支払い先マスター更新: 有限会社リズミック -> 092011
[2025-06-05 08:25:54] 支払い先マスター更新: 株式会社FIRST　AGENT -> 012139
[2025-06-05 08:25:54] 支払い先マスター更新: 有限会社さくら -> 031003
[2025-06-05 08:25:54] 支払い先マスター更新: 株式会社ワタナベエンターテインメント -> 096031
[2025-06-05 08:25:54] 支払い先マスター更新: 株式会社プラスプラス -> 063174
[2025-06-05 08:25:54] 支払い先マスター更新: 平松　政俊 -> 062113
[2025-06-05 08:25:54] 支払い先マスター更新: 株式会社圭三プロダクション -> 024001
[2025-06-05 08:25:54] 支払い先マスター更新: 宮澤光邦 -> 072057
[2025-06-05 08:25:54] 支払い先マスター更新: 神奈川都市交通株式会社 -> 021003
[2025-06-05 08:25:54] 支払い先マスター更新: 山本　陽介 -> 081077
[2025-06-05 08:25:54] 支払い先マスター更新: DI-BOX -> 044108
[2025-06-05 08:25:54] 支払い先マスター更新: リズミック -> 092011
[2025-06-05 08:25:54] 支払い先マスター更新: ユニバーサルミュージック合同会社 -> 083008
[2025-06-05 08:25:54] 支払い先マスター更新: 株式会社レスキューナウ -> 094025
[2025-06-05 08:25:54] 支払い先マスター更新: 有限会社ボイスワークス -> 065062
[2025-06-05 08:25:54] 支払い先マスター更新: 株式会社エス・オー・プロモーション -> 014002
[2025-06-05 08:25:54] 支払い先マスター更新: 株式会社ウェザーニューズ -> 013002
[2025-06-05 08:25:54] 支払い先マスター更新: 株式会社サウンズネクスト -> 014012
[2025-06-05 08:25:54] 支払い先マスター更新: 城山　光正 -> 032179
[2025-06-05 08:25:54] 支払い先マスター更新: 株式会社セント・フォース -> 034024
[2025-06-05 08:25:54] 支払い先マスター更新: 浜銀総合研究所 -> 061040
[2025-06-05 08:25:54] 支払い先マスター更新: 株式会社ジョイスタッフ -> 032039
[2025-06-05 08:25:54] 支払い先マスター更新: トップギア -> 045124
[2025-06-05 08:25:54] 支払い先マスター更新: 株式会社浅井企画 -> 011044
[2025-06-05 08:25:54] 支払い先マスター更新: 柴田　聡 -> 032051
[2025-06-05 08:25:54] 支払い先マスター更新: 有限会社ウルトラ -> 013005
[2025-06-05 08:25:54] 支払い先マスター更新: 高田　由基 -> 041157
[2025-06-05 08:25:54] 支払い先マスター更新: 吉本興業株式会社　東京本部 -> 085068
[2025-06-05 08:25:54] 支払い先マスター更新: 株式会社アルスコード -> 014122
[2025-06-05 08:25:54] 支払い先マスター更新: 株式会社サンミュージックプロダクション -> 031065
[2025-06-05 08:25:54] 支払い先マスター更新: ＷＵＪエンタテインメント合同会社 -> 072086
[2025-06-05 08:25:54] 支払い先マスター同期完了: 57件
[2025-06-05 08:25:54] 83件のデータをCSVからインポートしました: AccountingApprovalList_20250604.csv
[2025-06-05 08:25:54] 支払いデータの更新が完了しました
[2025-06-05 08:25:58] 照合処理開始: 費用データ 27件、支払いデータ 83件
[2025-06-05 08:25:58] 照合成功: 費用ID:821 <-> 支払ID:159
[2025-06-05 08:25:58] 照合処理完了: 成功 1件、失敗 26件
[2025-06-05 08:25:58] 支払いデータの更新が完了しました
[2025-06-05 08:25:58] 費用データの更新が完了しました
[2025-06-05 08:26:00] 支払いと費用の照合: 1件一致、26件不一致
[2025-06-05 08:26:05] 支払いデータの更新が完了しました
[2025-06-05 08:26:27] 照合処理開始: 費用データ 26件、支払いデータ 82件
[2025-06-05 08:26:27] 照合処理完了: 成功 0件、失敗 26件
[2025-06-05 08:26:27] 費用データの更新が完了しました
[2025-06-05 08:26:27] 支払いデータの更新が完了しました
[2025-06-05 08:26:28] 費用と支払いの照合: 0件一致、26件不一致
[2025-06-05 08:27:06] 費用データの更新が完了しました
[2025-06-05 08:27:13] 費用データの更新が完了しました
[2025-06-05 08:45:02] payments テーブルを再作成しました
[2025-06-05 08:45:02] 支払い先マスターデータベースを初期化しました
[2025-06-05 08:45:03] ヘッダー '状態' がCSVファイルに見つかりません
[2025-06-05 08:45:03] 支払い先マスター更新: 株式会社神奈川新聞社 -> 021027
[2025-06-05 08:45:03] 支払い先マスター更新: クロスイメージング株式会社 -> 023102
[2025-06-05 08:45:03] 支払い先マスター更新: 株式会社浅井企画 -> 011044
[2025-06-05 08:45:03] 支払い先マスター更新: 藤田観光株式会社　横浜ワシントンホテル -> 063022
[2025-06-05 08:45:03] 支払い先マスター更新: 有限会社リズミック -> 092011
[2025-06-05 08:45:03] 支払い先マスター更新: 株式会社サンミュージックプロダクション -> 031065
[2025-06-05 08:45:03] 支払い先マスター更新: 株式会社グレープカンパニー -> 023100
[2025-06-05 08:45:03] 支払い先マスター更新: 株式会社圭三プロダクション -> 024001
[2025-06-05 08:45:03] 支払い先マスター更新: 株式会社レスキューナウ -> 094025
[2025-06-05 08:45:03] 支払い先マスター更新: 株式会社ワンダーワーカーズ -> 096021
[2025-06-05 08:45:03] 支払い先マスター更新: 浜銀総合研究所 -> 061040
[2025-06-05 08:45:03] 支払い先マスター更新: トップギアインターナショナル合同会社 -> 045124
[2025-06-05 08:45:03] 支払い先マスター更新: 株式会社アルスコード -> 014122
[2025-06-05 08:45:03] 支払い先マスター更新: 株式会社ライムライト -> 091016
[2025-06-05 08:45:03] 支払い先マスター更新: 有限会社さくら -> 031003
[2025-06-05 08:45:03] 支払い先マスター更新: リズミック -> 092011
[2025-06-05 08:45:03] 支払い先マスター更新: 株式会社ジェイタス -> 032071
[2025-06-05 08:45:03] 支払い先マスター更新: DI-BOX -> 044108
[2025-06-05 08:45:03] 支払い先マスター更新: 株式会社ワタナベエンターテインメント -> 096031
[2025-06-05 08:45:03] 支払い先マスター更新: 株式会社FIRST　AGENT -> 012139
[2025-06-05 08:45:03] 支払い先マスター更新: 株式会社ジェー・プラネット -> 032001
[2025-06-05 08:45:03] 支払い先マスター更新: 株式会社プラスプラス -> 063174
[2025-06-05 08:45:03] 支払い先マスター更新: 有限会社チャプター -> 042001
[2025-06-05 08:45:03] 支払い先マスター更新: 高田　由基 -> 041157
[2025-06-05 08:45:03] 支払い先マスター更新: 有限会社ウルトラ -> 013005
[2025-06-05 08:45:03] 支払い先マスター更新: トップギア -> 045124
[2025-06-05 08:45:03] 支払い先マスター更新: 有限会社ボイスワークス -> 065062
[2025-06-05 08:45:03] 支払い先マスター更新: 松原　さと子 -> 071005
[2025-06-05 08:45:03] 支払い先マスター更新: ＷＵＪエンタテインメント合同会社 -> 072086
[2025-06-05 08:45:03] 支払い先マスター更新: 野村　康子 -> 055014
[2025-06-05 08:45:03] 支払い先マスター更新: 宮澤　光邦 -> 072057
[2025-06-05 08:45:03] 支払い先マスター更新: 山本　陽介 -> 081077
[2025-06-05 08:45:03] 支払い先マスター更新: 柴田　聡 -> 032051
[2025-06-05 08:45:03] 支払い先マスター更新: アソビシステム株式会社　本社 -> 011161
[2025-06-05 08:45:03] 支払い先マスター更新: 株式会社ホリプロ -> 065005
[2025-06-05 08:45:03] 支払い先マスター更新: 株式会社アクロスエンタテインメント -> 011053
[2025-06-05 08:45:03] 支払い先マスター更新: 4G -> 032090
[2025-06-05 08:45:03] 支払い先マスター更新: 平松　政俊 -> 062113
[2025-06-05 08:45:03] 支払い先マスター更新: 公益財団法人日本道路交通情報センター -> 052003
[2025-06-05 08:45:03] 支払い先マスター更新: 株式会社エス・オー・プロモーション -> 014002
[2025-06-05 08:45:03] 支払い先マスター更新: ユニバーサルミュージック合同会社 -> 083008
[2025-06-05 08:45:03] 支払い先マスター更新: 一般社団法人共同通信社 -> 022004
[2025-06-05 08:45:03] 支払い先マスター更新: 合同会社山田本家 -> 073025
[2025-06-05 08:45:03] 支払い先マスター更新: 株式会社ジョイスタッフ -> 032039
[2025-06-05 08:45:03] 支払い先マスター更新: 吉本興業株式会社　東京本部 -> 085068
[2025-06-05 08:45:03] 支払い先マスター更新: 山本陽介 -> 081077
[2025-06-05 08:45:03] 支払い先マスター更新: 宮澤光邦 -> 072057
[2025-06-05 08:45:03] 支払い先マスター更新: 株式会社エッグパラダイス　本社 -> 014195
[2025-06-05 08:45:03] 支払い先マスター更新: 株式会社ウェザーニューズ -> 013002
[2025-06-05 08:45:03] 支払い先マスター更新: 城山　光正 -> 032179
[2025-06-05 08:45:03] 支払い先マスター更新: 株式会社サウンズネクスト -> 014012
[2025-06-05 08:45:03] 支払い先マスター更新: 神奈川都市交通株式会社 -> 021003
[2025-06-05 08:45:03] 支払い先マスター更新: トップギアインターナショナル -> 045124
[2025-06-05 08:45:03] 支払い先マスター更新: 株式会社セント・フォース -> 034024
[2025-06-05 08:45:03] 支払い先マスター更新: 株式会社プランテック -> 063157
[2025-06-05 08:45:03] 支払い先マスター更新: 株式会社浜銀総合研究所 -> 061040
[2025-06-05 08:45:03] 支払い先マスター更新: G-インパクト株式会社 -> 032047
[2025-06-05 08:45:03] 支払い先マスター同期完了: 57件
[2025-06-05 08:45:03] 83件のデータをCSVからインポートしました: AccountingApprovalList_20250604.csv
[2025-06-05 08:45:03] 支払いデータの更新が完了しました
[2025-06-05 08:45:03] 取得した支払い月: 3件
[2025-06-05 08:45:03] 不正な月フォーマット: 2025/6/
[2025-06-05 08:45:03] 月フィルタ追加: 2025年06月 -> 2025-06
[2025-06-05 08:45:03] 月フィルタ追加: 2025年05月 -> 2025-05
[2025-06-05 08:45:03] 費用データの更新が完了しました
[2025-06-05 08:45:03] 費用マスターデータの更新が完了しました
[2025-06-05 08:45:07] 月フィルタ実行: 選択テキスト='2025年06月'
[2025-06-05 08:45:07] 月フィルタ: インデックス=1, データ='2025-06'
[2025-06-05 08:45:07] フィルタリング実行: 対象月='2025-06'
[2025-06-05 08:45:07] フィルタリング結果: 89件
[2025-06-05 08:45:07] 月フィルタ完了: 2025年06月 - 89件表示
[2025-06-05 08:45:15] 照合処理開始: 費用データ 26件、支払いデータ 83件
[2025-06-05 08:45:15] 照合処理完了: 成功 0件、失敗 26件
[2025-06-05 08:45:15] 取得した支払い月: 3件
[2025-06-05 08:45:15] 不正な月フォーマット: 2025/6/
[2025-06-05 08:45:15] 月フィルタ追加: 2025年06月 -> 2025-06
[2025-06-05 08:45:15] 月フィルタ追加: 2025年05月 -> 2025-05
[2025-06-05 08:45:15] 費用データの更新が完了しました
[2025-06-05 08:45:15] 支払いデータの更新が完了しました
[2025-06-05 08:45:16] 費用と支払いの照合: 0件一致、26件不一致
[2025-06-05 08:45:33] 照合処理開始: 費用データ 26件、支払いデータ 83件
[2025-06-05 08:45:33] 照合処理完了: 成功 0件、失敗 26件
[2025-06-05 08:45:33] 支払いデータの更新が完了しました
[2025-06-05 08:45:33] 取得した支払い月: 3件
[2025-06-05 08:45:33] 不正な月フォーマット: 2025/6/
[2025-06-05 08:45:33] 月フィルタ追加: 2025年06月 -> 2025-06
[2025-06-05 08:45:33] 月フィルタ追加: 2025年05月 -> 2025-05
[2025-06-05 08:45:33] 費用データの更新が完了しました
[2025-06-05 08:45:35] 支払いと費用の照合: 0件一致、26件不一致
[2025-06-05 08:45:40] 支払いデータの更新が完了しました
[2025-06-05 08:45:53] 取得した支払い月: 3件
[2025-06-05 08:45:53] 不正な月フォーマット: 2025/6/
[2025-06-05 08:45:53] 月フィルタ追加: 2025年06月 -> 2025-06
[2025-06-05 08:45:53] 月フィルタ追加: 2025年05月 -> 2025-05
[2025-06-05 08:45:53] 費用データの更新が完了しました
[2025-06-05 08:45:59] 月フィルタ実行: 選択テキスト='2025年05月'
[2025-06-05 08:45:59] 月フィルタ: インデックス=2, データ='2025-05'
[2025-06-05 08:45:59] フィルタリング実行: 対象月='2025-05'
[2025-06-05 08:45:59] フィルタリング結果: 79件
[2025-06-05 08:45:59] 月フィルタ完了: 2025年05月 - 79件表示
[2025-06-05 08:46:02] 月フィルタ実行: 選択テキスト='2025年06月'
[2025-06-05 08:46:02] 月フィルタ: インデックス=1, データ='2025-06'
[2025-06-05 08:46:02] フィルタリング実行: 対象月='2025-06'
[2025-06-05 08:46:02] フィルタリング結果: 89件
[2025-06-05 08:46:02] 月フィルタ完了: 2025年06月 - 89件表示
