[2025-06-27 06:24:15] フォントサイズ計算: DPI=72.0, scale=0.75, 結果=8px
[2025-06-27 06:24:15] payments テーブルを再作成しました
[2025-06-27 06:24:15] 支払い先マスターデータベースを初期化しました
[2025-06-27 06:24:15] ヘッダー '状態' がCSVファイルに見つかりません
[2025-06-27 06:24:15] 支払い先マスター更新: 株式会社ジェイタス -> 032071
[2025-06-27 06:24:15] 支払い先マスター更新: 有限会社日曜日 -> 065061
[2025-06-27 06:24:15] 支払い先マスター更新: 城山　光正 -> 032179
[2025-06-27 06:24:15] 支払い先マスター更新: 株式会社ジェー・プラネット -> 032001
[2025-06-27 06:24:15] 支払い先マスター更新: 株式会社エッグパラダイス　本社 -> 014195
[2025-06-27 06:24:15] 支払い先マスター更新: 平松　政俊 -> 062113
[2025-06-27 06:24:15] 支払い先マスター更新: ＷＵＪエンタテインメント合同会社 -> 072086
[2025-06-27 06:24:15] 支払い先マスター更新: 株式会社プランテック -> 063157
[2025-06-27 06:24:15] 支払い先マスター更新: 4G -> 032090
[2025-06-27 06:24:15] 支払い先マスター更新: リズミック -> 092011
[2025-06-27 06:24:15] 支払い先マスター更新: 株式会社圭三プロダクション -> 024001
[2025-06-27 06:24:15] 支払い先マスター更新: 野村　康子 -> 055014
[2025-06-27 06:24:15] 支払い先マスター更新: 柴田　聡 -> 032051
[2025-06-27 06:24:15] 支払い先マスター更新: 山本　陽介 -> 081077
[2025-06-27 06:24:15] 支払い先マスター更新: 有限会社リズミック -> 092011
[2025-06-27 06:24:15] 支払い先マスター更新: 株式会社浅井企画 -> 011044
[2025-06-27 06:24:15] 支払い先マスター更新: 株式会社レスキューナウ -> 094025
[2025-06-27 06:24:15] 支払い先マスター更新: アソビシステム株式会社　本社 -> 011161
[2025-06-27 06:24:15] 支払い先マスター更新: 株式会社エス・オー・プロモーション -> 014002
[2025-06-27 06:24:15] 支払い先マスター更新: 株式会社アクロスエンタテインメント -> 011053
[2025-06-27 06:24:15] 支払い先マスター更新: 有限会社さくら -> 031003
[2025-06-27 06:24:15] 支払い先マスター更新: 高田　由基 -> 041157
[2025-06-27 06:24:15] 支払い先マスター更新: 株式会社FIRST　AGENT -> 012139
[2025-06-27 06:24:15] 支払い先マスター更新: 有限会社ウルトラ -> 013005
[2025-06-27 06:24:15] 支払い先マスター更新: 株式会社セント・フォース -> 034024
[2025-06-27 06:24:15] 支払い先マスター更新: G-インパクト株式会社 -> 032047
[2025-06-27 06:24:15] 支払い先マスター更新: トップギア -> 045124
[2025-06-27 06:24:15] 支払い先マスター更新: トップギアインターナショナル -> 045124
[2025-06-27 06:24:15] 支払い先マスター更新: 森本　啓介 -> 075032
[2025-06-27 06:24:15] 支払い先マスター更新: かせきさいだぁ／加藤丈文 -> 021163
[2025-06-27 06:24:15] 支払い先マスター更新: クロスイメージング株式会社 -> 023102
[2025-06-27 06:24:15] 支払い先マスター更新: ユニバーサル -> 083008
[2025-06-27 06:24:15] 支払い先マスター更新: 藤田観光株式会社　横浜ワシントンホテル -> 063022
[2025-06-27 06:24:15] 支払い先マスター更新: 塚越　竣 -> 043022
[2025-06-27 06:24:15] 支払い先マスター更新: 松原　さと子 -> 071005
[2025-06-27 06:24:15] 支払い先マスター更新: DI-BOX -> 044108
[2025-06-27 06:24:15] 支払い先マスター更新: 株式会社サウンズネクスト -> 014012
[2025-06-27 06:24:15] 支払い先マスター更新: 公益財団法人日本道路交通情報センター -> 052003
[2025-06-27 06:24:15] 支払い先マスター更新: 合同会社山田本家 -> 073025
[2025-06-27 06:24:15] 支払い先マスター更新: 株式会社プラスプラス -> 063174
[2025-06-27 06:24:15] 支払い先マスター更新: 株式会社サンミュージックプロダクション -> 031065
[2025-06-27 06:24:15] 支払い先マスター更新: 有限会社ボイスワークス -> 065062
[2025-06-27 06:24:15] 支払い先マスター更新: 浜銀総合研究所 -> 061040
[2025-06-27 06:24:15] 支払い先マスター更新: 株式会社ライムライト -> 091016
[2025-06-27 06:24:15] 支払い先マスター更新: 株式会社スタジオリム -> 033049
[2025-06-27 06:24:15] 支払い先マスター更新: 龍口健太郎 -> 094019
[2025-06-27 06:24:15] 支払い先マスター更新: 宮澤光邦 -> 072057
[2025-06-27 06:24:15] 支払い先マスター更新: 神奈川都市交通株式会社 -> 021003
[2025-06-27 06:24:15] 支払い先マスター更新: トップギアインターナショナル合同会社 -> 045124
[2025-06-27 06:24:15] 支払い先マスター更新: 鈴木　宗孝 -> 033114
[2025-06-27 06:24:15] 支払い先マスター更新: 株式会社ホリプロ -> 065005
[2025-06-27 06:24:15] 支払い先マスター更新: 宮澤　光邦 -> 072057
[2025-06-27 06:24:15] 支払い先マスター更新: 株式会社ワンダーワーカーズ -> 096021
[2025-06-27 06:24:15] 支払い先マスター更新: 一般社団法人共同通信社 -> 022004
[2025-06-27 06:24:15] 支払い先マスター更新: 株式会社ウェザーニューズ -> 013002
[2025-06-27 06:24:15] 支払い先マスター更新: 株式会社グレープカンパニー -> 023100
[2025-06-27 06:24:15] 支払い先マスター更新: 株式会社浜銀総合研究所 -> 061040
[2025-06-27 06:24:15] 支払い先マスター更新: ユニバーサルミュージック合同会社 -> 083008
[2025-06-27 06:24:15] 支払い先マスター更新: 株式会社神奈川新聞社 -> 021027
[2025-06-27 06:24:15] 支払い先マスター更新: 株式会社ジョイスタッフ -> 032039
[2025-06-27 06:24:15] 支払い先マスター更新: 山本陽介 -> 081077
[2025-06-27 06:24:15] 支払い先マスター更新: 株式会社アルスコード -> 014122
[2025-06-27 06:24:15] 支払い先マスター更新: 株式会社ワタナベエンターテインメント -> 096031
[2025-06-27 06:24:15] 支払い先マスター更新: 吉本興業株式会社　東京本部 -> 085068
[2025-06-27 06:24:15] 支払い先マスター更新: 有限会社チャプター -> 042001
[2025-06-27 06:24:15] 支払い先マスター更新: 株式会社LDH　JAPAN -> 014082
[2025-06-27 06:24:15] 支払い先マスター同期完了: 66件
[2025-06-27 06:24:15] 117件のデータをCSVからインポートしました: AccountingApprovalList_20250618.csv
[2025-06-27 06:24:15] 支払いデータの更新が完了しました
[2025-06-27 06:24:15] 取得した支払い月: 4件
[2025-06-27 06:24:15] 不正な月フォーマット: 2025/6/
[2025-06-27 06:24:15] 月フィルタ追加: 2025年07月 -> 2025-07
[2025-06-27 06:24:15] 月フィルタ追加: 2025年06月 -> 2025-06
[2025-06-27 06:24:15] 月フィルタ追加: 2025年05月 -> 2025-05
[2025-06-27 06:24:15] 費用データの更新が完了しました
[2025-06-27 06:24:15] 費用マスターデータの更新が完了しました
[2025-06-27 06:31:50] フォントサイズ計算: DPI=72.0, scale=0.75, 結果=10px
[2025-06-27 06:31:50] payments テーブルを再作成しました
[2025-06-27 06:31:50] 支払い先マスターデータベースを初期化しました
[2025-06-27 06:31:50] ヘッダー '状態' がCSVファイルに見つかりません
[2025-06-27 06:31:50] 支払い先マスター更新: 神奈川都市交通株式会社 -> 021003
[2025-06-27 06:31:50] 支払い先マスター更新: アソビシステム株式会社　本社 -> 011161
[2025-06-27 06:31:50] 支払い先マスター更新: DI-BOX -> 044108
[2025-06-27 06:31:50] 支払い先マスター更新: 宮澤　光邦 -> 072057
[2025-06-27 06:31:50] 支払い先マスター更新: 有限会社チャプター -> 042001
[2025-06-27 06:31:50] 支払い先マスター更新: 株式会社ワンダーワーカーズ -> 096021
[2025-06-27 06:31:50] 支払い先マスター更新: クロスイメージング株式会社 -> 023102
[2025-06-27 06:31:50] 支払い先マスター更新: 鈴木　宗孝 -> 033114
[2025-06-27 06:31:50] 支払い先マスター更新: 柴田　聡 -> 032051
[2025-06-27 06:31:50] 支払い先マスター更新: 株式会社LDH　JAPAN -> 014082
[2025-06-27 06:31:50] 支払い先マスター更新: 株式会社サウンズネクスト -> 014012
[2025-06-27 06:31:50] 支払い先マスター更新: 山本　陽介 -> 081077
[2025-06-27 06:31:50] 支払い先マスター更新: リズミック -> 092011
[2025-06-27 06:31:50] 支払い先マスター更新: 株式会社スタジオリム -> 033049
[2025-06-27 06:31:50] 支払い先マスター更新: 塚越　竣 -> 043022
[2025-06-27 06:31:50] 支払い先マスター更新: 株式会社プラスプラス -> 063174
[2025-06-27 06:31:50] 支払い先マスター更新: 株式会社浅井企画 -> 011044
[2025-06-27 06:31:50] 支払い先マスター更新: 有限会社ウルトラ -> 013005
[2025-06-27 06:31:50] 支払い先マスター更新: 吉本興業株式会社　東京本部 -> 085068
[2025-06-27 06:31:50] 支払い先マスター更新: ＷＵＪエンタテインメント合同会社 -> 072086
[2025-06-27 06:31:50] 支払い先マスター更新: 高田　由基 -> 041157
[2025-06-27 06:31:50] 支払い先マスター更新: 株式会社アルスコード -> 014122
[2025-06-27 06:31:50] 支払い先マスター更新: ユニバーサルミュージック合同会社 -> 083008
[2025-06-27 06:31:50] 支払い先マスター更新: トップギアインターナショナル -> 045124
[2025-06-27 06:31:50] 支払い先マスター更新: 有限会社リズミック -> 092011
[2025-06-27 06:31:50] 支払い先マスター更新: 藤田観光株式会社　横浜ワシントンホテル -> 063022
[2025-06-27 06:31:50] 支払い先マスター更新: 株式会社セント・フォース -> 034024
[2025-06-27 06:31:50] 支払い先マスター更新: 株式会社サンミュージックプロダクション -> 031065
[2025-06-27 06:31:50] 支払い先マスター更新: 平松　政俊 -> 062113
[2025-06-27 06:31:50] 支払い先マスター更新: 株式会社エッグパラダイス　本社 -> 014195
[2025-06-27 06:31:50] 支払い先マスター更新: トップギアインターナショナル合同会社 -> 045124
[2025-06-27 06:31:50] 支払い先マスター更新: 株式会社浜銀総合研究所 -> 061040
[2025-06-27 06:31:50] 支払い先マスター更新: 有限会社ボイスワークス -> 065062
[2025-06-27 06:31:50] 支払い先マスター更新: かせきさいだぁ／加藤丈文 -> 021163
[2025-06-27 06:31:50] 支払い先マスター更新: 株式会社圭三プロダクション -> 024001
[2025-06-27 06:31:50] 支払い先マスター更新: 株式会社レスキューナウ -> 094025
[2025-06-27 06:31:50] 支払い先マスター更新: 有限会社さくら -> 031003
[2025-06-27 06:31:50] 支払い先マスター更新: 株式会社エス・オー・プロモーション -> 014002
[2025-06-27 06:31:50] 支払い先マスター更新: 森本　啓介 -> 075032
[2025-06-27 06:31:50] 支払い先マスター更新: ユニバーサル -> 083008
[2025-06-27 06:31:50] 支払い先マスター更新: 一般社団法人共同通信社 -> 022004
[2025-06-27 06:31:50] 支払い先マスター更新: 株式会社ジェー・プラネット -> 032001
[2025-06-27 06:31:50] 支払い先マスター更新: 株式会社FIRST　AGENT -> 012139
[2025-06-27 06:31:50] 支払い先マスター更新: 4G -> 032090
[2025-06-27 06:31:50] 支払い先マスター更新: 宮澤光邦 -> 072057
[2025-06-27 06:31:50] 支払い先マスター更新: 城山　光正 -> 032179
[2025-06-27 06:31:50] 支払い先マスター更新: 龍口健太郎 -> 094019
[2025-06-27 06:31:50] 支払い先マスター更新: 浜銀総合研究所 -> 061040
[2025-06-27 06:31:50] 支払い先マスター更新: 株式会社アクロスエンタテインメント -> 011053
[2025-06-27 06:31:50] 支払い先マスター更新: 公益財団法人日本道路交通情報センター -> 052003
[2025-06-27 06:31:50] 支払い先マスター更新: 株式会社グレープカンパニー -> 023100
[2025-06-27 06:31:50] 支払い先マスター更新: トップギア -> 045124
[2025-06-27 06:31:50] 支払い先マスター更新: 株式会社ジェイタス -> 032071
[2025-06-27 06:31:50] 支払い先マスター更新: 野村　康子 -> 055014
[2025-06-27 06:31:50] 支払い先マスター更新: 株式会社ジョイスタッフ -> 032039
[2025-06-27 06:31:50] 支払い先マスター更新: 山本陽介 -> 081077
[2025-06-27 06:31:50] 支払い先マスター更新: 株式会社ウェザーニューズ -> 013002
[2025-06-27 06:31:50] 支払い先マスター更新: 株式会社ライムライト -> 091016
[2025-06-27 06:31:50] 支払い先マスター更新: 株式会社プランテック -> 063157
[2025-06-27 06:31:50] 支払い先マスター更新: 有限会社日曜日 -> 065061
[2025-06-27 06:31:50] 支払い先マスター更新: 松原　さと子 -> 071005
[2025-06-27 06:31:50] 支払い先マスター更新: 株式会社ホリプロ -> 065005
[2025-06-27 06:31:50] 支払い先マスター更新: 株式会社ワタナベエンターテインメント -> 096031
[2025-06-27 06:31:50] 支払い先マスター更新: 株式会社神奈川新聞社 -> 021027
[2025-06-27 06:31:50] 支払い先マスター更新: G-インパクト株式会社 -> 032047
[2025-06-27 06:31:50] 支払い先マスター更新: 合同会社山田本家 -> 073025
[2025-06-27 06:31:50] 支払い先マスター同期完了: 66件
[2025-06-27 06:31:50] 117件のデータをCSVからインポートしました: AccountingApprovalList_20250618.csv
[2025-06-27 06:31:50] 支払いデータの更新が完了しました
[2025-06-27 06:31:50] 取得した支払い月: 4件
[2025-06-27 06:31:50] 不正な月フォーマット: 2025/6/
[2025-06-27 06:31:50] 月フィルタ追加: 2025年07月 -> 2025-07
[2025-06-27 06:31:50] 月フィルタ追加: 2025年06月 -> 2025-06
[2025-06-27 06:31:50] 月フィルタ追加: 2025年05月 -> 2025-05
[2025-06-27 06:31:50] 費用データの更新が完了しました
[2025-06-27 06:31:50] 費用マスターデータの更新が完了しました
[2025-06-27 06:48:30] フォントサイズ計算: DPI=72.0, scale=0.75, 結果=10px
[2025-06-27 06:48:30] payments テーブルを再作成しました
[2025-06-27 06:48:30] expenses テーブルに client_name カラムを追加しました
[2025-06-27 06:48:30] expenses テーブルに department カラムを追加しました
[2025-06-27 06:48:30] expenses テーブルに project_status カラムを追加しました
[2025-06-27 06:48:30] expenses テーブルに project_start_date カラムを追加しました
[2025-06-27 06:48:30] expenses テーブルに project_end_date カラムを追加しました
[2025-06-27 06:48:30] expenses テーブルに budget カラムを追加しました
[2025-06-27 06:48:30] expenses テーブルに approver カラムを追加しました
[2025-06-27 06:48:30] expenses テーブルに urgency_level カラムを追加しました
[2025-06-27 06:48:30] expense_master テーブルに client_name カラムを追加しました
[2025-06-27 06:48:30] expense_master テーブルに department カラムを追加しました
[2025-06-27 06:48:30] expense_master テーブルに project_status カラムを追加しました
[2025-06-27 06:48:30] expense_master テーブルに project_start_date カラムを追加しました
[2025-06-27 06:48:30] expense_master テーブルに project_end_date カラムを追加しました
[2025-06-27 06:48:30] expense_master テーブルに budget カラムを追加しました
[2025-06-27 06:48:30] expense_master テーブルに approver カラムを追加しました
[2025-06-27 06:48:30] expense_master テーブルに urgency_level カラムを追加しました
[2025-06-27 06:48:30] 支払い先マスターデータベースを初期化しました
[2025-06-27 06:48:30] ヘッダー '状態' がCSVファイルに見つかりません
[2025-06-27 06:48:30] 支払い先マスター更新: クロスイメージング株式会社 -> 023102
[2025-06-27 06:48:30] 支払い先マスター更新: 株式会社浜銀総合研究所 -> 061040
[2025-06-27 06:48:30] 支払い先マスター更新: 有限会社日曜日 -> 065061
[2025-06-27 06:48:30] 支払い先マスター更新: 株式会社アクロスエンタテインメント -> 011053
[2025-06-27 06:48:30] 支払い先マスター更新: 森本　啓介 -> 075032
[2025-06-27 06:48:30] 支払い先マスター更新: 宮澤光邦 -> 072057
[2025-06-27 06:48:30] 支払い先マスター更新: ユニバーサルミュージック合同会社 -> 083008
[2025-06-27 06:48:30] 支払い先マスター更新: 株式会社プランテック -> 063157
[2025-06-27 06:48:30] 支払い先マスター更新: 山本　陽介 -> 081077
[2025-06-27 06:48:30] 支払い先マスター更新: リズミック -> 092011
[2025-06-27 06:48:30] 支払い先マスター更新: 株式会社プラスプラス -> 063174
[2025-06-27 06:48:30] 支払い先マスター更新: 有限会社チャプター -> 042001
[2025-06-27 06:48:30] 支払い先マスター更新: 有限会社さくら -> 031003
[2025-06-27 06:48:30] 支払い先マスター更新: 宮澤　光邦 -> 072057
[2025-06-27 06:48:30] 支払い先マスター更新: 鈴木　宗孝 -> 033114
[2025-06-27 06:48:30] 支払い先マスター更新: 吉本興業株式会社　東京本部 -> 085068
[2025-06-27 06:48:30] 支払い先マスター更新: 松原　さと子 -> 071005
[2025-06-27 06:48:30] 支払い先マスター更新: 株式会社ホリプロ -> 065005
[2025-06-27 06:48:30] 支払い先マスター更新: 株式会社ワンダーワーカーズ -> 096021
[2025-06-27 06:48:30] 支払い先マスター更新: 株式会社神奈川新聞社 -> 021027
[2025-06-27 06:48:30] 支払い先マスター更新: 野村　康子 -> 055014
[2025-06-27 06:48:30] 支払い先マスター更新: 浜銀総合研究所 -> 061040
[2025-06-27 06:48:30] 支払い先マスター更新: トップギアインターナショナル -> 045124
[2025-06-27 06:48:30] 支払い先マスター更新: 株式会社LDH　JAPAN -> 014082
[2025-06-27 06:48:30] 支払い先マスター更新: 合同会社山田本家 -> 073025
[2025-06-27 06:48:30] 支払い先マスター更新: 株式会社サウンズネクスト -> 014012
[2025-06-27 06:48:30] 支払い先マスター更新: DI-BOX -> 044108
[2025-06-27 06:48:30] 支払い先マスター更新: 有限会社ウルトラ -> 013005
[2025-06-27 06:48:30] 支払い先マスター更新: 株式会社ジョイスタッフ -> 032039
[2025-06-27 06:48:30] 支払い先マスター更新: トップギア -> 045124
[2025-06-27 06:48:30] 支払い先マスター更新: 有限会社リズミック -> 092011
[2025-06-27 06:48:30] 支払い先マスター更新: 4G -> 032090
[2025-06-27 06:48:30] 支払い先マスター更新: 株式会社ワタナベエンターテインメント -> 096031
[2025-06-27 06:48:30] 支払い先マスター更新: 株式会社スタジオリム -> 033049
[2025-06-27 06:48:30] 支払い先マスター更新: 平松　政俊 -> 062113
[2025-06-27 06:48:30] 支払い先マスター更新: トップギアインターナショナル合同会社 -> 045124
[2025-06-27 06:48:30] 支払い先マスター更新: 株式会社グレープカンパニー -> 023100
[2025-06-27 06:48:30] 支払い先マスター更新: アソビシステム株式会社　本社 -> 011161
[2025-06-27 06:48:30] 支払い先マスター更新: 柴田　聡 -> 032051
[2025-06-27 06:48:30] 支払い先マスター更新: G-インパクト株式会社 -> 032047
[2025-06-27 06:48:30] 支払い先マスター更新: 山本陽介 -> 081077
[2025-06-27 06:48:30] 支払い先マスター更新: 株式会社サンミュージックプロダクション -> 031065
[2025-06-27 06:48:30] 支払い先マスター更新: かせきさいだぁ／加藤丈文 -> 021163
[2025-06-27 06:48:30] 支払い先マスター更新: 藤田観光株式会社　横浜ワシントンホテル -> 063022
[2025-06-27 06:48:30] 支払い先マスター更新: 株式会社FIRST　AGENT -> 012139
[2025-06-27 06:48:30] 支払い先マスター更新: 株式会社セント・フォース -> 034024
[2025-06-27 06:48:30] 支払い先マスター更新: 有限会社ボイスワークス -> 065062
[2025-06-27 06:48:30] 支払い先マスター更新: ＷＵＪエンタテインメント合同会社 -> 072086
[2025-06-27 06:48:30] 支払い先マスター更新: 株式会社圭三プロダクション -> 024001
[2025-06-27 06:48:30] 支払い先マスター更新: 株式会社エス・オー・プロモーション -> 014002
[2025-06-27 06:48:30] 支払い先マスター更新: 城山　光正 -> 032179
[2025-06-27 06:48:30] 支払い先マスター更新: 公益財団法人日本道路交通情報センター -> 052003
[2025-06-27 06:48:30] 支払い先マスター更新: 株式会社ジェイタス -> 032071
[2025-06-27 06:48:30] 支払い先マスター更新: 株式会社浅井企画 -> 011044
[2025-06-27 06:48:30] 支払い先マスター更新: 株式会社レスキューナウ -> 094025
[2025-06-27 06:48:30] 支払い先マスター更新: 株式会社ウェザーニューズ -> 013002
[2025-06-27 06:48:30] 支払い先マスター更新: 株式会社エッグパラダイス　本社 -> 014195
[2025-06-27 06:48:30] 支払い先マスター更新: 株式会社ライムライト -> 091016
[2025-06-27 06:48:30] 支払い先マスター更新: 高田　由基 -> 041157
[2025-06-27 06:48:30] 支払い先マスター更新: 龍口健太郎 -> 094019
[2025-06-27 06:48:31] 支払い先マスター更新: 塚越　竣 -> 043022
[2025-06-27 06:48:31] 支払い先マスター更新: 一般社団法人共同通信社 -> 022004
[2025-06-27 06:48:31] 支払い先マスター更新: 株式会社アルスコード -> 014122
[2025-06-27 06:48:31] 支払い先マスター更新: 神奈川都市交通株式会社 -> 021003
[2025-06-27 06:48:31] 支払い先マスター更新: ユニバーサル -> 083008
[2025-06-27 06:48:31] 支払い先マスター更新: 株式会社ジェー・プラネット -> 032001
[2025-06-27 06:48:31] 支払い先マスター同期完了: 66件
[2025-06-27 06:48:31] 117件のデータをCSVからインポートしました: AccountingApprovalList_20250618.csv
[2025-06-27 06:48:31] 支払いデータの更新が完了しました
[2025-06-27 06:48:31] 取得した支払い月: 4件
[2025-06-27 06:48:31] 不正な月フォーマット: 2025/6/
[2025-06-27 06:48:31] 月フィルタ追加: 2025年07月 -> 2025-07
[2025-06-27 06:48:31] 月フィルタ追加: 2025年06月 -> 2025-06
[2025-06-27 06:48:31] 月フィルタ追加: 2025年05月 -> 2025-05
[2025-06-27 06:48:31] 費用データの更新が完了しました
[2025-06-27 06:48:31] 費用マスターデータの更新が完了しました
[2025-06-27 06:51:59] フォントサイズ計算: DPI=72.0, scale=0.75, 結果=10px
[2025-06-27 06:51:59] payments テーブルを再作成しました
[2025-06-27 06:51:59] 支払い先マスターデータベースを初期化しました
[2025-06-27 06:52:00] ヘッダー '状態' がCSVファイルに見つかりません
[2025-06-27 06:52:00] 支払い先マスター更新: 有限会社リズミック -> 092011
[2025-06-27 06:52:00] 支払い先マスター更新: 株式会社プラスプラス -> 063174
[2025-06-27 06:52:00] 支払い先マスター更新: 松原　さと子 -> 071005
[2025-06-27 06:52:00] 支払い先マスター更新: 株式会社神奈川新聞社 -> 021027
[2025-06-27 06:52:00] 支払い先マスター更新: 4G -> 032090
[2025-06-27 06:52:00] 支払い先マスター更新: 神奈川都市交通株式会社 -> 021003
[2025-06-27 06:52:00] 支払い先マスター更新: 株式会社ワタナベエンターテインメント -> 096031
[2025-06-27 06:52:00] 支払い先マスター更新: 株式会社アルスコード -> 014122
[2025-06-27 06:52:00] 支払い先マスター更新: 合同会社山田本家 -> 073025
[2025-06-27 06:52:00] 支払い先マスター更新: 吉本興業株式会社　東京本部 -> 085068
[2025-06-27 06:52:00] 支払い先マスター更新: 宮澤　光邦 -> 072057
[2025-06-27 06:52:00] 支払い先マスター更新: 株式会社ワンダーワーカーズ -> 096021
[2025-06-27 06:52:00] 支払い先マスター更新: 有限会社チャプター -> 042001
[2025-06-27 06:52:00] 支払い先マスター更新: ユニバーサルミュージック合同会社 -> 083008
[2025-06-27 06:52:00] 支払い先マスター更新: リズミック -> 092011
[2025-06-27 06:52:00] 支払い先マスター更新: 柴田　聡 -> 032051
[2025-06-27 06:52:00] 支払い先マスター更新: 浜銀総合研究所 -> 061040
[2025-06-27 06:52:00] 支払い先マスター更新: 株式会社浜銀総合研究所 -> 061040
[2025-06-27 06:52:00] 支払い先マスター更新: 一般社団法人共同通信社 -> 022004
[2025-06-27 06:52:00] 支払い先マスター更新: 株式会社LDH　JAPAN -> 014082
[2025-06-27 06:52:00] 支払い先マスター更新: 株式会社浅井企画 -> 011044
[2025-06-27 06:52:00] 支払い先マスター更新: 龍口健太郎 -> 094019
[2025-06-27 06:52:00] 支払い先マスター更新: 城山　光正 -> 032179
[2025-06-27 06:52:00] 支払い先マスター更新: 株式会社アクロスエンタテインメント -> 011053
[2025-06-27 06:52:00] 支払い先マスター更新: 株式会社グレープカンパニー -> 023100
[2025-06-27 06:52:00] 支払い先マスター更新: 株式会社エッグパラダイス　本社 -> 014195
[2025-06-27 06:52:00] 支払い先マスター更新: 平松　政俊 -> 062113
[2025-06-27 06:52:00] 支払い先マスター更新: 株式会社サンミュージックプロダクション -> 031065
[2025-06-27 06:52:00] 支払い先マスター更新: 株式会社ホリプロ -> 065005
[2025-06-27 06:52:00] 支払い先マスター更新: トップギアインターナショナル合同会社 -> 045124
[2025-06-27 06:52:00] 支払い先マスター更新: 株式会社レスキューナウ -> 094025
[2025-06-27 06:52:00] 支払い先マスター更新: かせきさいだぁ／加藤丈文 -> 021163
[2025-06-27 06:52:00] 支払い先マスター更新: G-インパクト株式会社 -> 032047
[2025-06-27 06:52:00] 支払い先マスター更新: トップギア -> 045124
[2025-06-27 06:52:00] 支払い先マスター更新: 有限会社日曜日 -> 065061
[2025-06-27 06:52:00] 支払い先マスター更新: トップギアインターナショナル -> 045124
[2025-06-27 06:52:00] 支払い先マスター更新: 株式会社ウェザーニューズ -> 013002
[2025-06-27 06:52:00] 支払い先マスター更新: 野村　康子 -> 055014
[2025-06-27 06:52:00] 支払い先マスター更新: 公益財団法人日本道路交通情報センター -> 052003
[2025-06-27 06:52:00] 支払い先マスター更新: 有限会社さくら -> 031003
[2025-06-27 06:52:00] 支払い先マスター更新: 株式会社エス・オー・プロモーション -> 014002
[2025-06-27 06:52:00] 支払い先マスター更新: 高田　由基 -> 041157
[2025-06-27 06:52:00] 支払い先マスター更新: 株式会社ジェイタス -> 032071
[2025-06-27 06:52:00] 支払い先マスター更新: 有限会社ボイスワークス -> 065062
[2025-06-27 06:52:00] 支払い先マスター更新: 株式会社圭三プロダクション -> 024001
[2025-06-27 06:52:00] 支払い先マスター更新: 株式会社ライムライト -> 091016
[2025-06-27 06:52:00] 支払い先マスター更新: ユニバーサル -> 083008
[2025-06-27 06:52:00] 支払い先マスター更新: クロスイメージング株式会社 -> 023102
[2025-06-27 06:52:00] 支払い先マスター更新: 有限会社ウルトラ -> 013005
[2025-06-27 06:52:00] 支払い先マスター更新: ＷＵＪエンタテインメント合同会社 -> 072086
[2025-06-27 06:52:00] 支払い先マスター更新: 森本　啓介 -> 075032
[2025-06-27 06:52:00] 支払い先マスター更新: DI-BOX -> 044108
[2025-06-27 06:52:00] 支払い先マスター更新: 株式会社ジェー・プラネット -> 032001
[2025-06-27 06:52:00] 支払い先マスター更新: 藤田観光株式会社　横浜ワシントンホテル -> 063022
[2025-06-27 06:52:00] 支払い先マスター更新: 塚越　竣 -> 043022
[2025-06-27 06:52:00] 支払い先マスター更新: 鈴木　宗孝 -> 033114
[2025-06-27 06:52:00] 支払い先マスター更新: 株式会社プランテック -> 063157
[2025-06-27 06:52:00] 支払い先マスター更新: 山本陽介 -> 081077
[2025-06-27 06:52:00] 支払い先マスター更新: 山本　陽介 -> 081077
[2025-06-27 06:52:00] 支払い先マスター更新: 株式会社ジョイスタッフ -> 032039
[2025-06-27 06:52:00] 支払い先マスター更新: 株式会社セント・フォース -> 034024
[2025-06-27 06:52:00] 支払い先マスター更新: 株式会社サウンズネクスト -> 014012
[2025-06-27 06:52:00] 支払い先マスター更新: 宮澤光邦 -> 072057
[2025-06-27 06:52:00] 支払い先マスター更新: 株式会社スタジオリム -> 033049
[2025-06-27 06:52:00] 支払い先マスター更新: アソビシステム株式会社　本社 -> 011161
[2025-06-27 06:52:00] 支払い先マスター更新: 株式会社FIRST　AGENT -> 012139
[2025-06-27 06:52:00] 支払い先マスター同期完了: 66件
[2025-06-27 06:52:00] 117件のデータをCSVからインポートしました: AccountingApprovalList_20250618.csv
[2025-06-27 06:52:00] 支払いデータの更新が完了しました
[2025-06-27 06:52:00] 取得した支払い月: 4件
[2025-06-27 06:52:00] 不正な月フォーマット: 2025/6/
[2025-06-27 06:52:00] 月フィルタ追加: 2025年07月 -> 2025-07
[2025-06-27 06:52:00] 月フィルタ追加: 2025年06月 -> 2025-06
[2025-06-27 06:52:00] 月フィルタ追加: 2025年05月 -> 2025-05
[2025-06-27 06:52:00] 費用データの更新が完了しました
[2025-06-27 06:52:00] 費用マスターデータの更新が完了しました
[2025-06-27 06:52:27] フォントサイズ計算: DPI=72.0, scale=0.75, 結果=10px
[2025-06-27 06:52:27] payments テーブルを再作成しました
[2025-06-27 06:52:27] 支払い先マスターデータベースを初期化しました
[2025-06-27 06:52:27] ヘッダー '状態' がCSVファイルに見つかりません
[2025-06-27 06:52:28] 支払い先マスター更新: 公益財団法人日本道路交通情報センター -> 052003
[2025-06-27 06:52:28] 支払い先マスター更新: 藤田観光株式会社　横浜ワシントンホテル -> 063022
[2025-06-27 06:52:28] 支払い先マスター更新: 株式会社スタジオリム -> 033049
[2025-06-27 06:52:28] 支払い先マスター更新: 株式会社神奈川新聞社 -> 021027
[2025-06-27 06:52:28] 支払い先マスター更新: 野村　康子 -> 055014
[2025-06-27 06:52:28] 支払い先マスター更新: 株式会社FIRST　AGENT -> 012139
[2025-06-27 06:52:28] 支払い先マスター更新: クロスイメージング株式会社 -> 023102
[2025-06-27 06:52:28] 支払い先マスター更新: 有限会社さくら -> 031003
[2025-06-27 06:52:28] 支払い先マスター更新: ＷＵＪエンタテインメント合同会社 -> 072086
[2025-06-27 06:52:28] 支払い先マスター更新: G-インパクト株式会社 -> 032047
[2025-06-27 06:52:28] 支払い先マスター更新: 株式会社ライムライト -> 091016
[2025-06-27 06:52:28] 支払い先マスター更新: 有限会社チャプター -> 042001
[2025-06-27 06:52:28] 支払い先マスター更新: DI-BOX -> 044108
[2025-06-27 06:52:28] 支払い先マスター更新: 株式会社アルスコード -> 014122
[2025-06-27 06:52:28] 支払い先マスター更新: 有限会社リズミック -> 092011
[2025-06-27 06:52:28] 支払い先マスター更新: 株式会社ホリプロ -> 065005
[2025-06-27 06:52:28] 支払い先マスター更新: リズミック -> 092011
[2025-06-27 06:52:28] 支払い先マスター更新: 株式会社グレープカンパニー -> 023100
[2025-06-27 06:52:28] 支払い先マスター更新: 宮澤光邦 -> 072057
[2025-06-27 06:52:28] 支払い先マスター更新: 株式会社ジョイスタッフ -> 032039
[2025-06-27 06:52:28] 支払い先マスター更新: 松原　さと子 -> 071005
[2025-06-27 06:52:28] 支払い先マスター更新: 有限会社ウルトラ -> 013005
[2025-06-27 06:52:28] 支払い先マスター更新: トップギア -> 045124
[2025-06-27 06:52:28] 支払い先マスター更新: 一般社団法人共同通信社 -> 022004
[2025-06-27 06:52:28] 支払い先マスター更新: 株式会社セント・フォース -> 034024
[2025-06-27 06:52:28] 支払い先マスター更新: 株式会社ジェー・プラネット -> 032001
[2025-06-27 06:52:28] 支払い先マスター更新: 株式会社ワンダーワーカーズ -> 096021
[2025-06-27 06:52:28] 支払い先マスター更新: トップギアインターナショナル合同会社 -> 045124
[2025-06-27 06:52:28] 支払い先マスター更新: かせきさいだぁ／加藤丈文 -> 021163
[2025-06-27 06:52:28] 支払い先マスター更新: 龍口健太郎 -> 094019
[2025-06-27 06:52:28] 支払い先マスター更新: 株式会社プラスプラス -> 063174
[2025-06-27 06:52:28] 支払い先マスター更新: 株式会社圭三プロダクション -> 024001
[2025-06-27 06:52:28] 支払い先マスター更新: アソビシステム株式会社　本社 -> 011161
[2025-06-27 06:52:28] 支払い先マスター更新: 株式会社浅井企画 -> 011044
[2025-06-27 06:52:28] 支払い先マスター更新: 株式会社ワタナベエンターテインメント -> 096031
[2025-06-27 06:52:28] 支払い先マスター更新: 株式会社レスキューナウ -> 094025
[2025-06-27 06:52:28] 支払い先マスター更新: 塚越　竣 -> 043022
[2025-06-27 06:52:28] 支払い先マスター更新: トップギアインターナショナル -> 045124
[2025-06-27 06:52:28] 支払い先マスター更新: 株式会社サウンズネクスト -> 014012
[2025-06-27 06:52:28] 支払い先マスター更新: 有限会社ボイスワークス -> 065062
[2025-06-27 06:52:28] 支払い先マスター更新: 山本陽介 -> 081077
[2025-06-27 06:52:28] 支払い先マスター更新: ユニバーサルミュージック合同会社 -> 083008
[2025-06-27 06:52:28] 支払い先マスター更新: 鈴木　宗孝 -> 033114
[2025-06-27 06:52:28] 支払い先マスター更新: 株式会社ジェイタス -> 032071
[2025-06-27 06:52:28] 支払い先マスター更新: 株式会社プランテック -> 063157
[2025-06-27 06:52:28] 支払い先マスター更新: 柴田　聡 -> 032051
[2025-06-27 06:52:28] 支払い先マスター更新: 株式会社エス・オー・プロモーション -> 014002
[2025-06-27 06:52:28] 支払い先マスター更新: 山本　陽介 -> 081077
[2025-06-27 06:52:28] 支払い先マスター更新: 高田　由基 -> 041157
[2025-06-27 06:52:28] 支払い先マスター更新: 株式会社アクロスエンタテインメント -> 011053
[2025-06-27 06:52:28] 支払い先マスター更新: 株式会社LDH　JAPAN -> 014082
[2025-06-27 06:52:28] 支払い先マスター更新: 城山　光正 -> 032179
[2025-06-27 06:52:28] 支払い先マスター更新: 株式会社サンミュージックプロダクション -> 031065
[2025-06-27 06:52:28] 支払い先マスター更新: ユニバーサル -> 083008
[2025-06-27 06:52:28] 支払い先マスター更新: 吉本興業株式会社　東京本部 -> 085068
[2025-06-27 06:52:28] 支払い先マスター更新: 宮澤　光邦 -> 072057
[2025-06-27 06:52:28] 支払い先マスター更新: 株式会社エッグパラダイス　本社 -> 014195
[2025-06-27 06:52:28] 支払い先マスター更新: 神奈川都市交通株式会社 -> 021003
[2025-06-27 06:52:28] 支払い先マスター更新: 株式会社浜銀総合研究所 -> 061040
[2025-06-27 06:52:28] 支払い先マスター更新: 4G -> 032090
[2025-06-27 06:52:28] 支払い先マスター更新: 森本　啓介 -> 075032
[2025-06-27 06:52:28] 支払い先マスター更新: 浜銀総合研究所 -> 061040
[2025-06-27 06:52:28] 支払い先マスター更新: 株式会社ウェザーニューズ -> 013002
[2025-06-27 06:52:28] 支払い先マスター更新: 有限会社日曜日 -> 065061
[2025-06-27 06:52:28] 支払い先マスター更新: 平松　政俊 -> 062113
[2025-06-27 06:52:28] 支払い先マスター更新: 合同会社山田本家 -> 073025
[2025-06-27 06:52:28] 支払い先マスター同期完了: 66件
[2025-06-27 06:52:28] 117件のデータをCSVからインポートしました: AccountingApprovalList_20250618.csv
[2025-06-27 06:52:28] 支払いデータの更新が完了しました
[2025-06-27 06:52:28] 取得した支払い月: 4件
[2025-06-27 06:52:28] 不正な月フォーマット: 2025/6/
[2025-06-27 06:52:28] 月フィルタ追加: 2025年07月 -> 2025-07
[2025-06-27 06:52:28] 月フィルタ追加: 2025年06月 -> 2025-06
[2025-06-27 06:52:28] 月フィルタ追加: 2025年05月 -> 2025-05
[2025-06-27 06:52:28] 費用データの更新が完了しました
[2025-06-27 06:52:28] 費用マスターデータの更新が完了しました
[2025-06-27 07:00:33] フォントサイズ計算: DPI=72.0, scale=0.75, 結果=10px
[2025-06-27 07:00:33] payments テーブルを再作成しました
[2025-06-27 07:00:33] 支払い先マスターデータベースを初期化しました
[2025-06-27 07:00:33] ヘッダー '状態' がCSVファイルに見つかりません
[2025-06-27 07:00:33] 支払い先マスター更新: トップギアインターナショナル -> 045124
[2025-06-27 07:00:33] 支払い先マスター更新: かせきさいだぁ／加藤丈文 -> 021163
[2025-06-27 07:00:33] 支払い先マスター更新: 株式会社スタジオリム -> 033049
[2025-06-27 07:00:33] 支払い先マスター更新: 有限会社さくら -> 031003
[2025-06-27 07:00:33] 支払い先マスター更新: 4G -> 032090
[2025-06-27 07:00:33] 支払い先マスター更新: 塚越　竣 -> 043022
[2025-06-27 07:00:33] 支払い先マスター更新: ＷＵＪエンタテインメント合同会社 -> 072086
[2025-06-27 07:00:33] 支払い先マスター更新: 有限会社チャプター -> 042001
[2025-06-27 07:00:33] 支払い先マスター更新: 野村　康子 -> 055014
[2025-06-27 07:00:33] 支払い先マスター更新: 浜銀総合研究所 -> 061040
[2025-06-27 07:00:33] 支払い先マスター更新: 株式会社LDH　JAPAN -> 014082
[2025-06-27 07:00:33] 支払い先マスター更新: 株式会社浅井企画 -> 011044
[2025-06-27 07:00:33] 支払い先マスター更新: 龍口健太郎 -> 094019
[2025-06-27 07:00:33] 支払い先マスター更新: DI-BOX -> 044108
[2025-06-27 07:00:33] 支払い先マスター更新: リズミック -> 092011
[2025-06-27 07:00:33] 支払い先マスター更新: 柴田　聡 -> 032051
[2025-06-27 07:00:33] 支払い先マスター更新: アソビシステム株式会社　本社 -> 011161
[2025-06-27 07:00:33] 支払い先マスター更新: 株式会社ライムライト -> 091016
[2025-06-27 07:00:33] 支払い先マスター更新: 神奈川都市交通株式会社 -> 021003
[2025-06-27 07:00:33] 支払い先マスター更新: 山本陽介 -> 081077
[2025-06-27 07:00:33] 支払い先マスター更新: ユニバーサル -> 083008
[2025-06-27 07:00:33] 支払い先マスター更新: 高田　由基 -> 041157
[2025-06-27 07:00:33] 支払い先マスター更新: 有限会社ボイスワークス -> 065062
[2025-06-27 07:00:33] 支払い先マスター更新: 鈴木　宗孝 -> 033114
[2025-06-27 07:00:33] 支払い先マスター更新: 森本　啓介 -> 075032
[2025-06-27 07:00:33] 支払い先マスター更新: 株式会社エス・オー・プロモーション -> 014002
[2025-06-27 07:00:33] 支払い先マスター更新: 株式会社グレープカンパニー -> 023100
[2025-06-27 07:00:33] 支払い先マスター更新: 公益財団法人日本道路交通情報センター -> 052003
[2025-06-27 07:00:33] 支払い先マスター更新: 株式会社ホリプロ -> 065005
[2025-06-27 07:00:33] 支払い先マスター更新: 山本　陽介 -> 081077
[2025-06-27 07:00:33] 支払い先マスター更新: クロスイメージング株式会社 -> 023102
[2025-06-27 07:00:33] 支払い先マスター更新: 株式会社浜銀総合研究所 -> 061040
[2025-06-27 07:00:33] 支払い先マスター更新: G-インパクト株式会社 -> 032047
[2025-06-27 07:00:33] 支払い先マスター更新: 有限会社リズミック -> 092011
[2025-06-27 07:00:33] 支払い先マスター更新: 城山　光正 -> 032179
[2025-06-27 07:00:33] 支払い先マスター更新: 株式会社ジェイタス -> 032071
[2025-06-27 07:00:33] 支払い先マスター更新: 株式会社ワンダーワーカーズ -> 096021
[2025-06-27 07:00:33] 支払い先マスター更新: 株式会社ウェザーニューズ -> 013002
[2025-06-27 07:00:33] 支払い先マスター更新: 株式会社エッグパラダイス　本社 -> 014195
[2025-06-27 07:00:33] 支払い先マスター更新: 株式会社神奈川新聞社 -> 021027
[2025-06-27 07:00:33] 支払い先マスター更新: 株式会社プランテック -> 063157
[2025-06-27 07:00:33] 支払い先マスター更新: ユニバーサルミュージック合同会社 -> 083008
[2025-06-27 07:00:33] 支払い先マスター更新: トップギアインターナショナル合同会社 -> 045124
[2025-06-27 07:00:33] 支払い先マスター更新: 株式会社FIRST　AGENT -> 012139
[2025-06-27 07:00:33] 支払い先マスター更新: 有限会社日曜日 -> 065061
[2025-06-27 07:00:33] 支払い先マスター更新: 株式会社圭三プロダクション -> 024001
[2025-06-27 07:00:34] 支払い先マスター更新: 株式会社ワタナベエンターテインメント -> 096031
[2025-06-27 07:00:34] 支払い先マスター更新: トップギア -> 045124
[2025-06-27 07:00:34] 支払い先マスター更新: 株式会社サウンズネクスト -> 014012
[2025-06-27 07:00:34] 支払い先マスター更新: 株式会社ジェー・プラネット -> 032001
[2025-06-27 07:00:34] 支払い先マスター更新: 一般社団法人共同通信社 -> 022004
[2025-06-27 07:00:34] 支払い先マスター更新: 宮澤　光邦 -> 072057
[2025-06-27 07:00:34] 支払い先マスター更新: 合同会社山田本家 -> 073025
[2025-06-27 07:00:34] 支払い先マスター更新: 吉本興業株式会社　東京本部 -> 085068
[2025-06-27 07:00:34] 支払い先マスター更新: 株式会社サンミュージックプロダクション -> 031065
[2025-06-27 07:00:34] 支払い先マスター更新: 有限会社ウルトラ -> 013005
[2025-06-27 07:00:34] 支払い先マスター更新: 株式会社アルスコード -> 014122
[2025-06-27 07:00:34] 支払い先マスター更新: 株式会社アクロスエンタテインメント -> 011053
[2025-06-27 07:00:34] 支払い先マスター更新: 株式会社ジョイスタッフ -> 032039
[2025-06-27 07:00:34] 支払い先マスター更新: 松原　さと子 -> 071005
[2025-06-27 07:00:34] 支払い先マスター更新: 株式会社セント・フォース -> 034024
[2025-06-27 07:00:34] 支払い先マスター更新: 株式会社レスキューナウ -> 094025
[2025-06-27 07:00:34] 支払い先マスター更新: 宮澤光邦 -> 072057
[2025-06-27 07:00:34] 支払い先マスター更新: 株式会社プラスプラス -> 063174
[2025-06-27 07:00:34] 支払い先マスター更新: 藤田観光株式会社　横浜ワシントンホテル -> 063022
[2025-06-27 07:00:34] 支払い先マスター更新: 平松　政俊 -> 062113
[2025-06-27 07:00:34] 支払い先マスター同期完了: 66件
[2025-06-27 07:00:34] 117件のデータをCSVからインポートしました: AccountingApprovalList_20250618.csv
[2025-06-27 07:00:34] 支払いデータの更新が完了しました
[2025-06-27 07:00:34] 取得した支払い月: 4件
[2025-06-27 07:00:34] 不正な月フォーマット: 2025/6/
[2025-06-27 07:00:34] 月フィルタ追加: 2025年07月 -> 2025-07
[2025-06-27 07:00:34] 月フィルタ追加: 2025年06月 -> 2025-06
[2025-06-27 07:00:34] 月フィルタ追加: 2025年05月 -> 2025-05
[2025-06-27 07:00:34] 費用データの更新が完了しました
[2025-06-27 07:00:34] 費用マスターデータの更新が完了しました
[2025-06-27 07:01:32] 月フィルタ実行: 選択テキスト='2025年06月'
[2025-06-27 07:01:32] 月フィルタ: インデックス=2, データ='2025-06'
[2025-06-27 07:01:32] フィルタリング実行: 対象月='2025-06'
[2025-06-27 07:01:32] フィルタリング結果: 89件
[2025-06-27 07:01:32] 月フィルタ完了: 2025年06月 - 89件表示
[2025-06-27 07:07:55] フォントサイズ計算: DPI=72.0, scale=0.75, 結果=10px
[2025-06-27 07:07:55] payments テーブルを再作成しました
[2025-06-27 07:07:55] 支払い先マスターデータベースを初期化しました
[2025-06-27 07:07:55] ヘッダー '状態' がCSVファイルに見つかりません
[2025-06-27 07:07:55] 支払い先マスター更新: 株式会社ワタナベエンターテインメント -> 096031
[2025-06-27 07:07:55] 支払い先マスター更新: 藤田観光株式会社　横浜ワシントンホテル -> 063022
[2025-06-27 07:07:55] 支払い先マスター更新: 株式会社ジェイタス -> 032071
[2025-06-27 07:07:55] 支払い先マスター更新: 有限会社チャプター -> 042001
[2025-06-27 07:07:55] 支払い先マスター更新: 株式会社セント・フォース -> 034024
[2025-06-27 07:07:55] 支払い先マスター更新: 一般社団法人共同通信社 -> 022004
[2025-06-27 07:07:55] 支払い先マスター更新: 神奈川都市交通株式会社 -> 021003
[2025-06-27 07:07:55] 支払い先マスター更新: 山本　陽介 -> 081077
[2025-06-27 07:07:55] 支払い先マスター更新: 株式会社スタジオリム -> 033049
[2025-06-27 07:07:55] 支払い先マスター更新: 株式会社エッグパラダイス　本社 -> 014195
[2025-06-27 07:07:55] 支払い先マスター更新: 4G -> 032090
[2025-06-27 07:07:55] 支払い先マスター更新: 有限会社さくら -> 031003
[2025-06-27 07:07:55] 支払い先マスター更新: 株式会社アクロスエンタテインメント -> 011053
[2025-06-27 07:07:55] 支払い先マスター更新: 株式会社ホリプロ -> 065005
[2025-06-27 07:07:55] 支払い先マスター更新: 株式会社LDH　JAPAN -> 014082
[2025-06-27 07:07:55] 支払い先マスター更新: 山本陽介 -> 081077
[2025-06-27 07:07:55] 支払い先マスター更新: 城山　光正 -> 032179
[2025-06-27 07:07:55] 支払い先マスター更新: 吉本興業株式会社　東京本部 -> 085068
[2025-06-27 07:07:55] 支払い先マスター更新: 株式会社ウェザーニューズ -> 013002
[2025-06-27 07:07:55] 支払い先マスター更新: ユニバーサルミュージック合同会社 -> 083008
[2025-06-27 07:07:55] 支払い先マスター更新: トップギア -> 045124
[2025-06-27 07:07:55] 支払い先マスター更新: 株式会社浜銀総合研究所 -> 061040
[2025-06-27 07:07:55] 支払い先マスター更新: 有限会社リズミック -> 092011
[2025-06-27 07:07:55] 支払い先マスター更新: 株式会社FIRST　AGENT -> 012139
[2025-06-27 07:07:55] 支払い先マスター更新: ユニバーサル -> 083008
[2025-06-27 07:07:55] 支払い先マスター更新: アソビシステム株式会社　本社 -> 011161
[2025-06-27 07:07:55] 支払い先マスター更新: 平松　政俊 -> 062113
[2025-06-27 07:07:55] 支払い先マスター更新: 有限会社ウルトラ -> 013005
[2025-06-27 07:07:55] 支払い先マスター更新: 株式会社圭三プロダクション -> 024001
[2025-06-27 07:07:55] 支払い先マスター更新: トップギアインターナショナル -> 045124
[2025-06-27 07:07:55] 支払い先マスター更新: かせきさいだぁ／加藤丈文 -> 021163
[2025-06-27 07:07:55] 支払い先マスター更新: 公益財団法人日本道路交通情報センター -> 052003
[2025-06-27 07:07:55] 支払い先マスター更新: 有限会社ボイスワークス -> 065062
[2025-06-27 07:07:55] 支払い先マスター更新: 株式会社アルスコード -> 014122
[2025-06-27 07:07:55] 支払い先マスター更新: 森本　啓介 -> 075032
[2025-06-27 07:07:55] 支払い先マスター更新: G-インパクト株式会社 -> 032047
[2025-06-27 07:07:55] 支払い先マスター更新: 株式会社ジョイスタッフ -> 032039
[2025-06-27 07:07:55] 支払い先マスター更新: 鈴木　宗孝 -> 033114
[2025-06-27 07:07:55] 支払い先マスター更新: 株式会社レスキューナウ -> 094025
[2025-06-27 07:07:55] 支払い先マスター更新: 合同会社山田本家 -> 073025
[2025-06-27 07:07:55] 支払い先マスター更新: 有限会社日曜日 -> 065061
[2025-06-27 07:07:55] 支払い先マスター更新: 柴田　聡 -> 032051
[2025-06-27 07:07:55] 支払い先マスター更新: ＷＵＪエンタテインメント合同会社 -> 072086
[2025-06-27 07:07:55] 支払い先マスター更新: 株式会社サウンズネクスト -> 014012
[2025-06-27 07:07:55] 支払い先マスター更新: 株式会社プラスプラス -> 063174
[2025-06-27 07:07:55] 支払い先マスター更新: 株式会社サンミュージックプロダクション -> 031065
[2025-06-27 07:07:55] 支払い先マスター更新: クロスイメージング株式会社 -> 023102
[2025-06-27 07:07:55] 支払い先マスター更新: 宮澤　光邦 -> 072057
[2025-06-27 07:07:55] 支払い先マスター更新: 株式会社神奈川新聞社 -> 021027
[2025-06-27 07:07:55] 支払い先マスター更新: 野村　康子 -> 055014
[2025-06-27 07:07:55] 支払い先マスター更新: 浜銀総合研究所 -> 061040
[2025-06-27 07:07:55] 支払い先マスター更新: リズミック -> 092011
[2025-06-27 07:07:55] 支払い先マスター更新: 株式会社グレープカンパニー -> 023100
[2025-06-27 07:07:55] 支払い先マスター更新: 株式会社ライムライト -> 091016
[2025-06-27 07:07:55] 支払い先マスター更新: 高田　由基 -> 041157
[2025-06-27 07:07:55] 支払い先マスター更新: 株式会社エス・オー・プロモーション -> 014002
[2025-06-27 07:07:55] 支払い先マスター更新: トップギアインターナショナル合同会社 -> 045124
[2025-06-27 07:07:55] 支払い先マスター更新: 株式会社プランテック -> 063157
[2025-06-27 07:07:55] 支払い先マスター更新: 株式会社浅井企画 -> 011044
[2025-06-27 07:07:55] 支払い先マスター更新: 宮澤光邦 -> 072057
[2025-06-27 07:07:55] 支払い先マスター更新: 株式会社ジェー・プラネット -> 032001
[2025-06-27 07:07:55] 支払い先マスター更新: 塚越　竣 -> 043022
[2025-06-27 07:07:55] 支払い先マスター更新: 龍口健太郎 -> 094019
[2025-06-27 07:07:55] 支払い先マスター更新: DI-BOX -> 044108
[2025-06-27 07:07:55] 支払い先マスター更新: 株式会社ワンダーワーカーズ -> 096021
[2025-06-27 07:07:55] 支払い先マスター更新: 松原　さと子 -> 071005
[2025-06-27 07:07:55] 支払い先マスター同期完了: 66件
[2025-06-27 07:07:55] 117件のデータをCSVからインポートしました: AccountingApprovalList_20250618.csv
[2025-06-27 07:07:55] 支払いデータの更新が完了しました
[2025-06-27 07:07:55] 取得した支払い月: 4件
[2025-06-27 07:07:55] 不正な月フォーマット: 2025/6/
[2025-06-27 07:07:55] 月フィルタ追加: 2025年07月 -> 2025-07
[2025-06-27 07:07:55] 月フィルタ追加: 2025年06月 -> 2025-06
[2025-06-27 07:07:55] 月フィルタ追加: 2025年05月 -> 2025-05
[2025-06-27 07:07:55] 費用データの更新が完了しました
[2025-06-27 07:07:55] 費用マスターデータの更新が完了しました
[2025-06-27 07:08:13] 月フィルタ実行: 選択テキスト='2025年07月'
[2025-06-27 07:08:13] 月フィルタ: インデックス=1, データ='2025-07'
[2025-06-27 07:08:13] フィルタリング実行: 対象月='2025-07'
[2025-06-27 07:08:13] フィルタリング結果: 73件
[2025-06-27 07:08:13] 月フィルタ完了: 2025年07月 - 73件表示
[2025-06-27 07:18:28] フォントサイズ計算: DPI=72.0, scale=0.75, 結果=10px
[2025-06-27 07:18:28] payments テーブルを再作成しました
[2025-06-27 07:18:28] 支払い先マスターデータベースを初期化しました
[2025-06-27 07:18:28] フィルターオプションの更新を開始
[2025-06-27 07:18:28] フィルターオプション取得結果:
[2025-06-27 07:18:28]   進行状況: 0件
[2025-06-27 07:18:28]   担当部門: 0件
[2025-06-27 07:18:28]   クライアント: 0件
[2025-06-27 07:18:28]   支払い月: 0件 - []
[2025-06-27 07:18:28] 取得したオプション: ['status_options', 'department_options', 'client_options', 'payment_month_options']
[2025-06-27 07:18:28] 支払い月オプション: 0件 - []
[2025-06-27 07:18:28] 支払い月フィルターに0件の選択肢を追加
[2025-06-27 07:18:28] ヘッダー '状態' がCSVファイルに見つかりません
[2025-06-27 07:18:28] 支払い先マスター更新: 株式会社圭三プロダクション -> 024001
[2025-06-27 07:18:28] 支払い先マスター更新: 株式会社ジョイスタッフ -> 032039
[2025-06-27 07:18:28] 支払い先マスター更新: 株式会社プラスプラス -> 063174
[2025-06-27 07:18:28] 支払い先マスター更新: 宮澤　光邦 -> 072057
[2025-06-27 07:18:28] 支払い先マスター更新: 株式会社アルスコード -> 014122
[2025-06-27 07:18:28] 支払い先マスター更新: 株式会社ジェイタス -> 032071
[2025-06-27 07:18:28] 支払い先マスター更新: 株式会社浜銀総合研究所 -> 061040
[2025-06-27 07:18:28] 支払い先マスター更新: 神奈川都市交通株式会社 -> 021003
[2025-06-27 07:18:28] 支払い先マスター更新: 宮澤光邦 -> 072057
[2025-06-27 07:18:28] 支払い先マスター更新: 有限会社チャプター -> 042001
[2025-06-27 07:18:28] 支払い先マスター更新: 塚越　竣 -> 043022
[2025-06-27 07:18:28] 支払い先マスター更新: 株式会社ワタナベエンターテインメント -> 096031
[2025-06-27 07:18:28] 支払い先マスター更新: クロスイメージング株式会社 -> 023102
[2025-06-27 07:18:28] 支払い先マスター更新: 公益財団法人日本道路交通情報センター -> 052003
[2025-06-27 07:18:28] 支払い先マスター更新: かせきさいだぁ／加藤丈文 -> 021163
[2025-06-27 07:18:28] 支払い先マスター更新: 株式会社アクロスエンタテインメント -> 011053
[2025-06-27 07:18:28] 支払い先マスター更新: ユニバーサルミュージック合同会社 -> 083008
[2025-06-27 07:18:28] 支払い先マスター更新: 藤田観光株式会社　横浜ワシントンホテル -> 063022
[2025-06-27 07:18:28] 支払い先マスター更新: 有限会社日曜日 -> 065061
[2025-06-27 07:18:28] 支払い先マスター更新: 株式会社ライムライト -> 091016
[2025-06-27 07:18:28] 支払い先マスター更新: リズミック -> 092011
[2025-06-27 07:18:28] 支払い先マスター更新: ＷＵＪエンタテインメント合同会社 -> 072086
[2025-06-27 07:18:28] 支払い先マスター更新: 株式会社LDH　JAPAN -> 014082
[2025-06-27 07:18:28] 支払い先マスター更新: 松原　さと子 -> 071005
[2025-06-27 07:18:28] 支払い先マスター更新: 株式会社浅井企画 -> 011044
[2025-06-27 07:18:28] 支払い先マスター更新: 有限会社リズミック -> 092011
[2025-06-27 07:18:28] 支払い先マスター更新: DI-BOX -> 044108
[2025-06-27 07:18:28] 支払い先マスター更新: 株式会社ホリプロ -> 065005
[2025-06-27 07:18:28] 支払い先マスター更新: 株式会社エス・オー・プロモーション -> 014002
[2025-06-27 07:18:28] 支払い先マスター更新: 株式会社プランテック -> 063157
[2025-06-27 07:18:28] 支払い先マスター更新: トップギアインターナショナル -> 045124
[2025-06-27 07:18:28] 支払い先マスター更新: 鈴木　宗孝 -> 033114
[2025-06-27 07:18:28] 支払い先マスター更新: 柴田　聡 -> 032051
[2025-06-27 07:18:28] 支払い先マスター更新: ユニバーサル -> 083008
[2025-06-27 07:18:28] 支払い先マスター更新: 高田　由基 -> 041157
[2025-06-27 07:18:28] 支払い先マスター更新: 株式会社ウェザーニューズ -> 013002
[2025-06-27 07:18:28] 支払い先マスター更新: 城山　光正 -> 032179
[2025-06-27 07:18:28] 支払い先マスター更新: トップギア -> 045124
[2025-06-27 07:18:28] 支払い先マスター更新: 有限会社ボイスワークス -> 065062
[2025-06-27 07:18:28] 支払い先マスター更新: 浜銀総合研究所 -> 061040
[2025-06-27 07:18:28] 支払い先マスター更新: 有限会社ウルトラ -> 013005
[2025-06-27 07:18:28] 支払い先マスター更新: 龍口健太郎 -> 094019
[2025-06-27 07:18:28] 支払い先マスター更新: 株式会社ジェー・プラネット -> 032001
[2025-06-27 07:18:28] 支払い先マスター更新: 4G -> 032090
[2025-06-27 07:18:28] 支払い先マスター更新: アソビシステム株式会社　本社 -> 011161
[2025-06-27 07:18:28] 支払い先マスター更新: 一般社団法人共同通信社 -> 022004
[2025-06-27 07:18:28] 支払い先マスター更新: 山本　陽介 -> 081077
[2025-06-27 07:18:28] 支払い先マスター更新: 株式会社エッグパラダイス　本社 -> 014195
[2025-06-27 07:18:28] 支払い先マスター更新: 合同会社山田本家 -> 073025
[2025-06-27 07:18:28] 支払い先マスター更新: 株式会社セント・フォース -> 034024
[2025-06-27 07:18:28] 支払い先マスター更新: 森本　啓介 -> 075032
[2025-06-27 07:18:28] 支払い先マスター更新: 株式会社神奈川新聞社 -> 021027
[2025-06-27 07:18:28] 支払い先マスター更新: 平松　政俊 -> 062113
[2025-06-27 07:18:28] 支払い先マスター更新: 有限会社さくら -> 031003
[2025-06-27 07:18:28] 支払い先マスター更新: 吉本興業株式会社　東京本部 -> 085068
[2025-06-27 07:18:28] 支払い先マスター更新: 株式会社スタジオリム -> 033049
[2025-06-27 07:18:28] 支払い先マスター更新: 株式会社FIRST　AGENT -> 012139
[2025-06-27 07:18:28] 支払い先マスター更新: 株式会社グレープカンパニー -> 023100
[2025-06-27 07:18:28] 支払い先マスター更新: トップギアインターナショナル合同会社 -> 045124
[2025-06-27 07:18:28] 支払い先マスター更新: 山本陽介 -> 081077
[2025-06-27 07:18:28] 支払い先マスター更新: 株式会社ワンダーワーカーズ -> 096021
[2025-06-27 07:18:28] 支払い先マスター更新: 株式会社サンミュージックプロダクション -> 031065
[2025-06-27 07:18:28] 支払い先マスター更新: 株式会社レスキューナウ -> 094025
[2025-06-27 07:18:28] 支払い先マスター更新: 野村　康子 -> 055014
[2025-06-27 07:18:28] 支払い先マスター更新: G-インパクト株式会社 -> 032047
[2025-06-27 07:18:28] 支払い先マスター更新: 株式会社サウンズネクスト -> 014012
[2025-06-27 07:18:28] 支払い先マスター同期完了: 66件
[2025-06-27 07:18:28] 117件のデータをCSVからインポートしました: AccountingApprovalList_20250618.csv
[2025-06-27 07:18:28] 支払いデータの更新が完了しました
[2025-06-27 07:18:29] 取得した支払い月: 4件
[2025-06-27 07:18:29] 不正な月フォーマット: 2025/6/
[2025-06-27 07:18:29] 月フィルタ追加: 2025年07月 -> 2025-07
[2025-06-27 07:18:29] 月フィルタ追加: 2025年06月 -> 2025-06
[2025-06-27 07:18:29] 月フィルタ追加: 2025年05月 -> 2025-05
[2025-06-27 07:18:29] 費用データの更新が完了しました
[2025-06-27 07:18:29] 費用マスターデータの更新が完了しました
